10:37:23.131 [main                     ] DEBUG Logger               - Configured Logger
10:37:23.140 [main                     ] DEBUG GameApplication      - Logging settings
Title: Teacher Tower Defense
Version: 0.1
Width: 960
Height: 640
Fullscreen: false
Intro: false
Profiling: false
Single step:false
App Mode: DEVELOPER
Menu Key: ESCAPE
Stage Style: DECORATED
Scene Factory: class com.almasb.fxgl.app.scene.SceneFactory

10:37:23.821 [JavaFX Application Thread] DEBUG FXGLApplication      - Initializing FXGL
10:37:23.825 [JavaFX Application Thread] INFO  Engine               - FXGL-17.3 (30.03.2023 11.49) on WINDOWS (J:25.0.2 FX:21.0.6)
10:37:23.826 [JavaFX Application Thread] DEBUG Engine               - JRE Vendor Name: Oracle Corporation
10:37:23.826 [JavaFX Application Thread] DEBUG Engine               - Running on OS: Windows 11 version 10.0
10:37:23.826 [JavaFX Application Thread] DEBUG Engine               - Architecture: amd64
10:37:23.826 [JavaFX Application Thread] INFO  Engine               - Source code and latest versions at: https://github.com/AlmasB/FXGL
10:37:23.826 [JavaFX Application Thread] INFO  Engine               -       Ask questions and discuss at: https://github.com/AlmasB/FXGL/discussions
10:37:23.826 [JavaFX Application Thread] INFO  Engine               -              Join the FXGL chat at: https://gitter.im/AlmasB/FXGL
10:37:23.957 [JavaFX Application Thread] DEBUG PrimaryStageWindow   - Creating a JavaFX scene
10:37:24.012 [JavaFX Application Thread] DEBUG PrimaryStageWindow   - Target settings size: 960.0 x 640.0
10:37:24.013 [JavaFX Application Thread] DEBUG PrimaryStageWindow   - Scaled scene size:    960.0 x 640.0
10:37:24.013 [JavaFX Application Thread] DEBUG PrimaryStageWindow   - Scaled ratio: (1.0, 1.0)
10:37:24.013 [JavaFX Application Thread] DEBUG PrimaryStageWindow   - Set initial scene to FXGLStartupScene
10:37:24.017 [JavaFX Application Thread] DEBUG PrimaryStageWindow   - Opening main window
10:37:24.172 [JavaFX Application Thread] DEBUG PrimaryStageWindow   - Window border size: (14.4000244140625, 37.5999755859375)
10:37:24.173 [JavaFX Application Thread] DEBUG PrimaryStageWindow   - Scaled size: 960.0 x 640.0
10:37:24.173 [JavaFX Application Thread] DEBUG PrimaryStageWindow   - Scaled ratio: (1.0, 1.0)
10:37:24.173 [JavaFX Application Thread] DEBUG PrimaryStageWindow   - Scene size: 960.0 x 640.0
10:37:24.173 [JavaFX Application Thread] DEBUG PrimaryStageWindow   - Stage size: 974.4000244140625 x 677.5999755859375
10:37:24.182 [FXGL Background Thread 1 ] DEBUG Engine               - Initializing environment variables
10:37:24.230 [FXGL Background Thread 1 ] DEBUG FXGLAssetLoaderServi - User app class for loading assets: class at.htl.teachertowerdefense.TeacherTowerDefenseApp
10:37:24.231 [FXGL Background Thread 1 ] DEBUG GameApplicationServi - Applying CSS: fxgl_dark.css
10:37:24.231 [FXGL Background Thread 1 ] DEBUG FXGLAssetLoaderServi - Loading from file system: jar:file:/C:/Users/lucaa/.m2/repository/com/github/almasb/fxgl/17.3/fxgl-17.3.jar!/fxglassets/ui/css/fxgl_dark.css
10:37:24.288 [FXGL Background Thread 1 ] DEBUG GameApplicationServi - Initializing application scenes
10:37:24.331 [FXGL Background Thread 1 ] DEBUG GameWorld            - Game world initialized
10:37:24.380 [FXGL Background Thread 1 ] DEBUG PhysicsWorld         - Physics world initialized: appHeight=640, physics.ppm=50,0
10:37:24.380 [FXGL Background Thread 1 ] DEBUG PhysicsWorld         - Using strategy: BRUTE_FORCE
10:37:24.384 [FXGL Background Thread 1 ] DEBUG GameScene            - Game scene initialized: 960x640
10:37:24.396 [FXGL Background Thread 1 ] DEBUG FXGL.DefaultMenu     - createMenuBodyGameMenu()
10:37:24.411 [FXGL Background Thread 1 ] DEBUG FXGL.DefaultMenu     - createOptionsMenu()
10:37:24.428 [FXGL Background Thread 1 ] DEBUG FXGLAssetLoaderServi - Loading from file system: jar:file:/C:/Users/lucaa/.m2/repository/com/github/almasb/fxgl/17.3/fxgl-17.3.jar!/fxglassets/textures/particles/smoke.png
10:37:24.531 [FXGL Background Thread 1 ] DEBUG FXGLAssetLoaderServi - Loading from file system: jar:file:/C:/Users/lucaa/.m2/repository/com/github/almasb/fxgl/17.3/fxgl-17.3.jar!/fxglassets/textures/particles/trace_horizontal.png
10:37:24.555 [FXGL Background Thread 1 ] DEBUG GameApplicationServi - Application scenes initialized
10:37:24.568 [FXGL Background Thread 1 ] DEBUG SystemBundleService  - Loading FXGL system data
10:37:24.569 [FXGL Background Thread 1 ] DEBUG FileSystemAccess     - Reading from: C:\Users\lucaa\OneDrive - HTL Saalfelden\POS\Workspace\IntelliJ\FXGL\TeacherTowerDefense\system\fxgl.bundle
10:37:24.571 [FXGL Background Thread 1 ] DEBUG SystemBundleService  - Bundle FXGL: {}
10:37:24.571 [FXGL Background Thread 1 ] DEBUG UpdaterService       - Checking for updates
10:37:24.575 [FXGL Background Thread 4 ] DEBUG FXGLApplication      - Loading fonts
10:37:24.576 [FXGL Background Thread 1 ] DEBUG FXGLApplication      - Loading default localization
10:37:24.576 [FXGL Background Thread 4 ] DEBUG FXGLAssetLoaderServi - Loading from file system: jar:file:/C:/Users/lucaa/.m2/repository/com/github/almasb/fxgl/17.3/fxgl-17.3.jar!/fxglassets/ui/fonts/VarelaRound-Regular.ttf
10:37:24.576 [FXGL Background Thread 1 ] DEBUG FXGLAssetLoaderServi - Loading from file system: jar:file:/C:/Users/lucaa/.m2/repository/com/github/almasb/fxgl/17.3/fxgl-17.3.jar!/fxglassets/languages/english.lang
10:37:24.595 [FXGL Background Thread 1 ] INFO  FXGLApplication      - FXGL initialization took: 0,414 sec
10:37:24.597 [JavaFX Application Thread] DEBUG FXGLAssetLoaderServi - Loading from file system: jar:file:/C:/Users/lucaa/.m2/repository/com/github/almasb/fxgl/17.3/fxgl-17.3.jar!/fxglassets/textures/fxgl_icon.png
10:37:24.604 [FXGL Background Thread 4 ] DEBUG FXGLAssetLoaderServi - Loading from file system: jar:file:/C:/Users/lucaa/.m2/repository/com/github/almasb/fxgl/17.3/fxgl-17.3.jar!/fxglassets/ui/fonts/Abel-Regular.ttf
10:37:24.624 [FXGL Background Thread 4 ] DEBUG FXGLAssetLoaderServi - Loading from file system: jar:file:/C:/Users/lucaa/.m2/repository/com/github/almasb/fxgl/17.3/fxgl-17.3.jar!/fxglassets/ui/fonts/TerminalLandMono-Regular.otf
10:37:24.631 [JavaFX Application Thread] DEBUG FXGLAssetLoaderServi - Loading from file system: jar:file:/C:/Users/lucaa/.m2/repository/com/github/almasb/fxgl/17.3/fxgl-17.3.jar!/fxglassets/textures/fxgl_default_cursor.png
10:37:24.644 [JavaFX Application Thread] DEBUG Input                - Registered new binding: Screenshot - CTRL+8
10:37:24.645 [JavaFX Application Thread] DEBUG Input                - Registered new binding: System info dump - CTRL+9
10:37:24.643 [FXGL Background Thread 4 ] DEBUG FXGLAssetLoaderServi - Loading from file system: jar:file:/C:/Users/lucaa/.m2/repository/com/github/almasb/fxgl/17.3/fxgl-17.3.jar!/fxglassets/ui/fonts/Courier-Prime.ttf
10:37:24.645 [JavaFX Application Thread] DEBUG Input                - Registered new binding: Restart - CTRL+R
10:37:24.646 [JavaFX Application Thread] DEBUG Input                - Registered new binding: Toggle Debug Camera - CTRL+7
10:37:24.651 [JavaFX Application Thread] DEBUG LoopRunner           - Starting loop
10:37:24.651 [JavaFX Application Thread] DEBUG LoopRunner           - Initializing JavaFX AnimationTimerLoop
10:37:24.653 [JavaFX Application Thread] DEBUG GameApplicationServi - Starting new game
10:37:24.654 [JavaFX Application Thread] DEBUG Input                - Clearing active input actions
10:37:24.667 [JavaFX Application Thread] DEBUG GameApplicationServi - Removing overlay from FXGLStartupScene and adding to FXGLLoadingScene
10:37:24.667 [JavaFX Application Thread] DEBUG PrimaryStageWindow   - FXGLStartupScene -> FXGLLoadingScene
10:37:24.668 [JavaFX Application Thread] DEBUG GameApplicationServi - Clearing previous game
10:37:24.668 [JavaFX Application Thread] DEBUG GameScene            - Clearing game scene
10:37:24.668 [JavaFX Application Thread] DEBUG GameWorld            - Clearing game world
10:37:24.668 [JavaFX Application Thread] DEBUG PhysicsWorld         - Clearing physics world
10:37:24.669 [FXGL Background Thread 4 ] DEBUG FXGLApplication      - Initializing game
10:37:24.669 [JavaFX Application Thread] DEBUG FXGLApplication      - Registering font factories with UI factory
10:37:24.711 [FXGL Background Thread 4 ] WARN  TMXLevelLoader       - TiledMap generated from 1.11.2. Supported version: 1.9.0. Some features may not be parsed fully.
10:37:24.733 [FXGL Background Thread 4 ] DEBUG TMXLevelLoader       - Parsed TiledMap: file:/C:/Users/lucaa/OneDrive%20-%20HTL%20Saalfelden/POS/Workspace/IntelliJ/FXGL/TeacherTowerDefense/target/classes/assets/levels/Map1.tmx
10:37:24.734 [FXGL Background Thread 4 ] DEBUG TMXLevelLoader       - Creating tile layer entities
10:37:24.735 [FXGL Background Thread 4 ] DEBUG TilesetLoader        - Loading view for layer Kachelebene 0
10:37:24.736 [FXGL Background Thread 4 ] DEBUG TilesetLoader        - Created buffer with size 960.0x640.0
10:37:24.788 [FXGL Background Thread 4 ] DEBUG TilesetLoader        - Loading view for layer Kachelebene 1
10:37:24.790 [FXGL Background Thread 4 ] DEBUG TilesetLoader        - Created buffer with size 960.0x640.0
10:37:24.794 [FXGL Background Thread 4 ] DEBUG TilesetLoader        - Loading view for layer Kachelebene 2
10:37:24.796 [FXGL Background Thread 4 ] DEBUG TilesetLoader        - Created buffer with size 960.0x640.0
10:37:24.798 [FXGL Background Thread 4 ] DEBUG TilesetLoader        - Loading view for layer Kachelebene 4
10:37:24.800 [FXGL Background Thread 4 ] DEBUG TilesetLoader        - Created buffer with size 960.0x640.0
10:37:24.801 [FXGL Background Thread 4 ] DEBUG TMXLevelLoader       - Creating object layer entities
10:37:24.829 [FXGL Background Thread 4 ] DEBUG GameWorld            - Clearing removable entities
10:37:24.829 [FXGL Background Thread 4 ] DEBUG GameWorld            - Setting level: com.almasb.fxgl.entity.level.Level@1909d7c5
10:37:24.848 [FXGL Background Thread 4 ] INFO  FXGLApplication      - Game initialization took: 0,178 sec
10:37:24.930 [JavaFX Application Thread] DEBUG Input                - Clearing active input actions
10:37:24.942 [JavaFX Application Thread] DEBUG GameApplicationServi - Removing overlay from FXGLLoadingScene and adding to GameScene
10:37:24.942 [JavaFX Application Thread] DEBUG PrimaryStageWindow   - FXGLLoadingScene -> GameScene
10:37:25.140 [FXGL Background Thread 2 ] INFO  UpdaterService       - Your current version:  17.3
10:37:25.140 [FXGL Background Thread 2 ] INFO  UpdaterService       - Latest stable version: 25
10:37:27.574 [FXGL Background Thread 3 ] DEBUG Engine               - Logging environment variables
10:37:27.579 [FXGL Background Thread 3 ] DEBUG Engine               - achievements: []
10:37:27.580 [FXGL Background Thread 3 ] DEBUG Engine               - actualHeight: 640.0
10:37:27.580 [FXGL Background Thread 3 ] DEBUG Engine               - actualHeightProperty: ReadOnlyDoubleProperty [value: 640.0]
10:37:27.582 [FXGL Background Thread 3 ] DEBUG Engine               - actualWidth: 960.0
10:37:27.583 [FXGL Background Thread 3 ] DEBUG Engine               - actualWidthProperty: ReadOnlyDoubleProperty [value: 960.0]
10:37:27.583 [FXGL Background Thread 3 ] DEBUG Engine               - appIcon: fxgl_icon.png
10:37:27.583 [FXGL Background Thread 3 ] DEBUG Engine               - applicationMode: DEVELOPER
10:37:27.584 [FXGL Background Thread 3 ] DEBUG Engine               - cSSList: [fxgl_dark.css]
10:37:27.584 [FXGL Background Thread 3 ] DEBUG Engine               - collisionDetectionStrategy: BRUTE_FORCE
10:37:27.584 [FXGL Background Thread 3 ] DEBUG Engine               - configClass: Optional.empty
10:37:27.584 [FXGL Background Thread 3 ] DEBUG Engine               - credits: []
10:37:27.586 [FXGL Background Thread 3 ] DEBUG Engine               - defaultCursor: CursorInfo(imageName=fxgl_default_cursor.png, hotspotX=7.0, hotspotY=6.0)
10:37:27.586 [FXGL Background Thread 3 ] DEBUG Engine               - devBBoxColorProperty: ObjectProperty [value: 0xff0000ff]
10:37:27.587 [FXGL Background Thread 3 ] DEBUG Engine               - devEnableDebugCameraProperty: BooleanProperty [value: false]
10:37:27.587 [FXGL Background Thread 3 ] DEBUG Engine               - devSensorColorProperty: ObjectProperty [value: 0xffff00ff]
10:37:27.587 [FXGL Background Thread 3 ] DEBUG Engine               - devShowBBoxProperty: BooleanProperty [value: false]
10:37:27.587 [FXGL Background Thread 3 ] DEBUG Engine               - devShowPositionProperty: BooleanProperty [value: false]
10:37:27.587 [FXGL Background Thread 3 ] DEBUG Engine               - enabledMenuItems: []
10:37:27.588 [FXGL Background Thread 3 ] DEBUG Engine               - engineServices: [class com.almasb.fxgl.app.services.FXGLAssetLoaderService, class com.almasb.fxgl.app.FXGLApplication$GameApplicationService, class com.almasb.fxgl.app.services.FXGLDialogService, class com.almasb.fxgl.app.services.IOTaskExecutorService, class com.almasb.fxgl.io.FileSystemService, class com.almasb.fxgl.localization.LocalizationService, class com.almasb.fxgl.app.services.SystemBundleService, class com.almasb.fxgl.profile.SaveLoadService, class com.almasb.fxgl.ui.FXGLUIFactoryServiceProvider, class com.almasb.fxgl.ui.FXGLDialogFactoryServiceProvider, class com.almasb.fxgl.audio.AudioPlayer, class com.almasb.fxgl.notification.impl.NotificationServiceProvider, class com.almasb.fxgl.achievement.AchievementService, class com.almasb.fxgl.cutscene.CutsceneService, class com.almasb.fxgl.minigames.MiniGameService, class com.almasb.fxgl.net.NetService, class com.almasb.fxgl.app.services.UpdaterService, class com.almasb.fxgl.dev.DevService]
10:37:27.588 [FXGL Background Thread 3 ] DEBUG Engine               - fontGame: Abel-Regular.ttf
10:37:27.589 [FXGL Background Thread 3 ] DEBUG Engine               - fontMono: TerminalLandMono-Regular.otf
10:37:27.589 [FXGL Background Thread 3 ] DEBUG Engine               - fontSizeScaleUI: 1.0
10:37:27.589 [FXGL Background Thread 3 ] DEBUG Engine               - fontText: Courier-Prime.ttf
10:37:27.589 [FXGL Background Thread 3 ] DEBUG Engine               - fontUI: VarelaRound-Regular.ttf
10:37:27.589 [FXGL Background Thread 3 ] DEBUG Engine               - fullScreen: BooleanProperty [value: false]
10:37:27.589 [FXGL Background Thread 3 ] DEBUG Engine               - gameDifficulty: MEDIUM
10:37:27.590 [FXGL Background Thread 3 ] DEBUG Engine               - gameDifficultyProperty: ObjectProperty [value: MEDIUM]
10:37:27.590 [FXGL Background Thread 3 ] DEBUG Engine               - globalMusicVolume: 0.5
10:37:27.590 [FXGL Background Thread 3 ] DEBUG Engine               - globalMusicVolumeProperty: DoubleProperty [value: 0.5]
10:37:27.590 [FXGL Background Thread 3 ] DEBUG Engine               - globalSoundVolume: 0.5
10:37:27.591 [FXGL Background Thread 3 ] DEBUG Engine               - globalSoundVolumeProperty: DoubleProperty [value: 0.5]
10:37:27.592 [FXGL Background Thread 3 ] DEBUG Engine               - height: 640
10:37:27.592 [FXGL Background Thread 3 ] DEBUG Engine               - is3D: false
10:37:27.593 [FXGL Background Thread 3 ] DEBUG Engine               - isAndroid: false
10:37:27.593 [FXGL Background Thread 3 ] DEBUG Engine               - isBrowser: false
10:37:27.595 [FXGL Background Thread 3 ] DEBUG Engine               - isClickFeedbackEnabled: false
10:37:27.595 [FXGL Background Thread 3 ] DEBUG Engine               - isCloseConfirmation: false
10:37:27.596 [FXGL Background Thread 3 ] DEBUG Engine               - isDesktop: true
10:37:27.597 [FXGL Background Thread 3 ] DEBUG Engine               - isDeveloperMenuEnabled: false
10:37:27.597 [FXGL Background Thread 3 ] DEBUG Engine               - isEmbedded: false
10:37:27.597 [FXGL Background Thread 3 ] DEBUG Engine               - isEntityPreloadEnabled: true
10:37:27.597 [FXGL Background Thread 3 ] DEBUG Engine               - isExperimentalTiledLargeMap: false
10:37:27.598 [FXGL Background Thread 3 ] DEBUG Engine               - isFileSystemWriteAllowed: true
10:37:27.598 [FXGL Background Thread 3 ] DEBUG Engine               - isFullScreenAllowed: false
10:37:27.598 [FXGL Background Thread 3 ] DEBUG Engine               - isFullScreenFromStart: false
10:37:27.598 [FXGL Background Thread 3 ] DEBUG Engine               - isGameMenuEnabled: true
10:37:27.598 [FXGL Background Thread 3 ] DEBUG Engine               - isIOS: false
10:37:27.598 [FXGL Background Thread 3 ] DEBUG Engine               - isIntroEnabled: false
10:37:27.598 [FXGL Background Thread 3 ] DEBUG Engine               - isLinux: false
10:37:27.598 [FXGL Background Thread 3 ] DEBUG Engine               - isMac: false
10:37:27.599 [FXGL Background Thread 3 ] DEBUG Engine               - isMainMenuEnabled: false
10:37:27.599 [FXGL Background Thread 3 ] DEBUG Engine               - isManualResizeEnabled: true
10:37:27.599 [FXGL Background Thread 3 ] DEBUG Engine               - isMobile: false
10:37:27.599 [FXGL Background Thread 3 ] DEBUG Engine               - isNative: false
10:37:27.599 [FXGL Background Thread 3 ] DEBUG Engine               - isPauseMusicWhenMinimized: true
10:37:27.599 [FXGL Background Thread 3 ] DEBUG Engine               - isPreserveResizeRatio: false
10:37:27.600 [FXGL Background Thread 3 ] DEBUG Engine               - isProfilingEnabled: false
10:37:27.600 [FXGL Background Thread 3 ] DEBUG Engine               - isScaleAffectedOnResize: true
10:37:27.600 [FXGL Background Thread 3 ] DEBUG Engine               - isSingleStep: false
10:37:27.600 [FXGL Background Thread 3 ] DEBUG Engine               - isUserProfileEnabled: false
10:37:27.600 [FXGL Background Thread 3 ] DEBUG Engine               - isWindows: true
10:37:27.600 [FXGL Background Thread 3 ] DEBUG Engine               - language: ObjectProperty [value: ENGLISH]
10:37:27.601 [FXGL Background Thread 3 ] DEBUG Engine               - menuKey: ESCAPE
10:37:27.601 [FXGL Background Thread 3 ] DEBUG Engine               - mouseSensitivity: 0.2
10:37:27.601 [FXGL Background Thread 3 ] DEBUG Engine               - notificationViewClass: class com.almasb.fxgl.notification.view.XboxNotificationView
10:37:27.601 [FXGL Background Thread 3 ] DEBUG Engine               - pixelsPerMeter: 50.0
10:37:27.601 [FXGL Background Thread 3 ] DEBUG Engine               - platform: WINDOWS
10:37:27.602 [FXGL Background Thread 3 ] DEBUG Engine               - prefHeightProperty: ReadOnlyDoubleProperty [value: 640.0]
10:37:27.602 [FXGL Background Thread 3 ] DEBUG Engine               - prefWidthProperty: ReadOnlyDoubleProperty [value: 960.0]
10:37:27.602 [FXGL Background Thread 3 ] DEBUG Engine               - profileDir: profiles/
10:37:27.602 [FXGL Background Thread 3 ] DEBUG Engine               - profileName: StringProperty [value: DEFAULT]
10:37:27.602 [FXGL Background Thread 3 ] DEBUG Engine               - randomSeed: -1
10:37:27.604 [FXGL Background Thread 3 ] DEBUG Engine               - runtimeInfo: RuntimeInfo(platform=WINDOWS, version=17.3, build=30.03.2023 11.49)
10:37:27.604 [FXGL Background Thread 3 ] DEBUG Engine               - saveFileExt: sav
10:37:27.604 [FXGL Background Thread 3 ] DEBUG Engine               - scaledHeightProp$fxgl: DoubleProperty [bound, value: 640.0]
10:37:27.604 [FXGL Background Thread 3 ] DEBUG Engine               - scaledWidthProp$fxgl: DoubleProperty [bound, value: 960.0]
10:37:27.605 [FXGL Background Thread 3 ] DEBUG Engine               - sceneFactory: com.almasb.fxgl.app.scene.SceneFactory@7419dde8
10:37:27.605 [FXGL Background Thread 3 ] DEBUG Engine               - secondsIn24h: 60
10:37:27.605 [FXGL Background Thread 3 ] DEBUG Engine               - soundMenuBack: menu/back.wav
10:37:27.605 [FXGL Background Thread 3 ] DEBUG Engine               - soundMenuPress: menu/press.wav
10:37:27.605 [FXGL Background Thread 3 ] DEBUG Engine               - soundMenuSelect: menu/select.wav
10:37:27.605 [FXGL Background Thread 3 ] DEBUG Engine               - soundNotification: core/notification.wav
10:37:27.606 [FXGL Background Thread 3 ] DEBUG Engine               - stageStyle: DECORATED
10:37:27.606 [FXGL Background Thread 3 ] DEBUG Engine               - supportedLanguages: [ENGLISH, FRENCH, GERMAN, HUNGARIAN, RUSSIAN]
10:37:27.606 [FXGL Background Thread 3 ] DEBUG Engine               - ticksPerSecond: -1
10:37:27.606 [FXGL Background Thread 3 ] DEBUG Engine               - title: Teacher Tower Defense
10:37:27.606 [FXGL Background Thread 3 ] DEBUG Engine               - urlGithub: https://github.com/AlmasB/FXGL
10:37:27.606 [FXGL Background Thread 3 ] DEBUG Engine               - urlLeaderboard: http://fxgl-top.herokuapp.com/
10:37:27.606 [FXGL Background Thread 3 ] DEBUG Engine               - urlPOM: https://raw.githubusercontent.com/AlmasB/FXGL/release/README.md
10:37:27.607 [FXGL Background Thread 3 ] DEBUG Engine               - userAppClass: class at.htl.teachertowerdefense.TeacherTowerDefenseApp
10:37:27.607 [FXGL Background Thread 3 ] DEBUG Engine               - version: 0.1
10:37:27.607 [FXGL Background Thread 3 ] DEBUG Engine               - versionCheckDays: 7
10:37:27.607 [FXGL Background Thread 3 ] DEBUG Engine               - width: 960
10:37:27.607 [FXGL Background Thread 3 ] DEBUG Engine               - Logging services
10:37:27.607 [FXGL Background Thread 3 ] DEBUG Engine               - class com.almasb.fxgl.app.services.FXGLAssetLoaderService
10:37:27.607 [FXGL Background Thread 3 ] DEBUG Engine               - class com.almasb.fxgl.app.FXGLApplication$GameApplicationService
10:37:27.607 [FXGL Background Thread 3 ] DEBUG Engine               - class com.almasb.fxgl.app.services.FXGLDialogService
10:37:27.607 [FXGL Background Thread 3 ] DEBUG Engine               - class com.almasb.fxgl.app.services.IOTaskExecutorService
10:37:27.607 [FXGL Background Thread 3 ] DEBUG Engine               - class com.almasb.fxgl.io.FileSystemService
10:37:27.607 [FXGL Background Thread 3 ] DEBUG Engine               - class com.almasb.fxgl.localization.LocalizationService
10:37:27.607 [FXGL Background Thread 3 ] DEBUG Engine               - class com.almasb.fxgl.app.services.SystemBundleService
10:37:27.608 [FXGL Background Thread 3 ] DEBUG Engine               - class com.almasb.fxgl.profile.SaveLoadService
10:37:27.608 [FXGL Background Thread 3 ] DEBUG Engine               - class com.almasb.fxgl.ui.FXGLUIFactoryServiceProvider
10:37:27.608 [FXGL Background Thread 3 ] DEBUG Engine               - class com.almasb.fxgl.ui.FXGLDialogFactoryServiceProvider
10:37:27.608 [FXGL Background Thread 3 ] DEBUG Engine               - class com.almasb.fxgl.audio.AudioPlayer
10:37:27.608 [FXGL Background Thread 3 ] DEBUG Engine               - class com.almasb.fxgl.notification.impl.NotificationServiceProvider
10:37:27.608 [FXGL Background Thread 3 ] DEBUG Engine               - class com.almasb.fxgl.achievement.AchievementService
10:37:27.608 [FXGL Background Thread 3 ] DEBUG Engine               - class com.almasb.fxgl.cutscene.CutsceneService
10:37:27.609 [FXGL Background Thread 3 ] DEBUG Engine               - class com.almasb.fxgl.minigames.MiniGameService
10:37:27.609 [FXGL Background Thread 3 ] DEBUG Engine               - class com.almasb.fxgl.net.NetService
10:37:27.609 [FXGL Background Thread 3 ] DEBUG Engine               - class com.almasb.fxgl.app.services.UpdaterService
10:37:27.609 [FXGL Background Thread 3 ] DEBUG Engine               - class com.almasb.fxgl.dev.DevService
10:37:50.988 [JavaFX Application Thread] DEBUG LoopRunner           - Pausing loop
10:38:20.663 [JavaFX Application Thread] DEBUG LoopRunner           - Resuming loop
10:38:21.945 [JavaFX Application Thread] DEBUG PrimaryStageWindow   - Push state: FXGLDefaultMenu
10:38:21.971 [JavaFX Application Thread] DEBUG Input                - Clearing active input actions
10:38:21.986 [JavaFX Application Thread] DEBUG GameApplicationServi - Removing overlay from GameScene and adding to FXGLDefaultMenu
10:38:21.986 [JavaFX Application Thread] DEBUG PrimaryStageWindow   - GameScene -> FXGLDefaultMenu
10:38:25.329 [JavaFX Application Thread] DEBUG PrimaryStageWindow   - Pop state: FXGLDefaultMenu
10:38:25.330 [JavaFX Application Thread] DEBUG Input                - Clearing active input actions
10:38:25.333 [JavaFX Application Thread] DEBUG GameApplicationServi - Removing overlay from FXGLDefaultMenu and adding to GameScene
10:38:25.335 [JavaFX Application Thread] DEBUG PrimaryStageWindow   - GameScene <- FXGLDefaultMenu
10:38:27.455 [JavaFX Application Thread] DEBUG FXGLApplication      - Exiting FXGL
10:38:27.455 [JavaFX Application Thread] DEBUG LoopRunner           - Stopping loop
10:38:27.455 [JavaFX Application Thread] DEBUG SystemBundleService  - Saving FXGL system data
10:38:27.458 [JavaFX Application Thread] DEBUG FileSystemAccess     - Writing to: C:\Users\lucaa\OneDrive - HTL Saalfelden\POS\Workspace\IntelliJ\FXGL\TeacherTowerDefense\system\fxgl.bundle
10:38:27.460 [JavaFX Application Thread] DEBUG Async                - Shutting down background threads
10:38:27.460 [JavaFX Application Thread] DEBUG PrimaryStageWindow   - Closing main window
10:38:27.487 [JavaFX Application Thread] DEBUG Logger               - Closing Logger
