17:55:12.249 [main                     ] DEBUG Logger               - Configured Logger
17:55:12.259 [main                     ] DEBUG GameApplication      - Logging settings
Title: Teacher Tower Defense
Version: 0.1
Width: 1200
Height: 640
Fullscreen: true
Intro: false
Profiling: false
Single step:false
App Mode: DEVELOPER
Menu Key: ESCAPE
Stage Style: DECORATED
Scene Factory: class com.almasb.fxgl.app.scene.SceneFactory

17:55:12.914 [JavaFX Application Thread] DEBUG FXGLApplication      - Initializing FXGL
17:55:12.919 [JavaFX Application Thread] INFO  Engine               - FXGL-17.3 (30.03.2023 11.49) on WINDOWS (J:25.0.2 FX:21.0.6)
17:55:12.919 [JavaFX Application Thread] DEBUG Engine               - JRE Vendor Name: Oracle Corporation
17:55:12.919 [JavaFX Application Thread] DEBUG Engine               - Running on OS: Windows 11 version 10.0
17:55:12.919 [JavaFX Application Thread] DEBUG Engine               - Architecture: amd64
17:55:12.919 [JavaFX Application Thread] INFO  Engine               - Source code and latest versions at: https://github.com/AlmasB/FXGL
17:55:12.919 [JavaFX Application Thread] INFO  Engine               -       Ask questions and discuss at: https://github.com/AlmasB/FXGL/discussions
17:55:12.919 [JavaFX Application Thread] INFO  Engine               -              Join the FXGL chat at: https://gitter.im/AlmasB/FXGL
17:55:13.084 [JavaFX Application Thread] DEBUG PrimaryStageWindow   - Creating a JavaFX scene
17:55:13.168 [JavaFX Application Thread] DEBUG PrimaryStageWindow   - Target settings size: 1200.0 x 640.0
17:55:13.169 [JavaFX Application Thread] DEBUG PrimaryStageWindow   - Scaled scene size:    1200.0 x 640.0
17:55:13.169 [JavaFX Application Thread] DEBUG PrimaryStageWindow   - Scaled ratio: (1.0, 1.0)
17:55:13.171 [JavaFX Application Thread] DEBUG PrimaryStageWindow   - Set initial scene to FXGLStartupScene
17:55:13.179 [JavaFX Application Thread] DEBUG PrimaryStageWindow   - Opening main window
17:55:13.311 [JavaFX Application Thread] DEBUG PrimaryStageWindow   - Window border size: (14.4000244140625, 37.5999755859375)
17:55:13.311 [JavaFX Application Thread] DEBUG PrimaryStageWindow   - Scaled size: 1200.0 x 640.0
17:55:13.311 [JavaFX Application Thread] DEBUG PrimaryStageWindow   - Scaled ratio: (1.0, 1.0)
17:55:13.311 [JavaFX Application Thread] DEBUG PrimaryStageWindow   - Scene size: 1200.0 x 640.0
17:55:13.311 [JavaFX Application Thread] DEBUG PrimaryStageWindow   - Stage size: 1214.4000244140625 x 677.5999755859375
17:55:13.394 [JavaFX Application Thread] DEBUG PrimaryStageWindow   - Going fullscreen
17:55:13.403 [FXGL Background Thread 1 ] DEBUG Engine               - Initializing environment variables
17:55:13.452 [FXGL Background Thread 1 ] DEBUG FXGLAssetLoaderServi - User app class for loading assets: class at.htl.teachertowerdefense.TeacherTowerDefenseApp
17:55:13.453 [FXGL Background Thread 1 ] DEBUG GameApplicationServi - Applying CSS: fxgl_dark.css
17:55:13.454 [FXGL Background Thread 1 ] DEBUG FXGLAssetLoaderServi - Loading from file system: jar:file:/C:/Users/lucaa/.m2/repository/com/github/almasb/fxgl/17.3/fxgl-17.3.jar!/fxglassets/ui/css/fxgl_dark.css
17:55:13.496 [FXGL Background Thread 1 ] DEBUG GameApplicationServi - Initializing application scenes
17:55:13.542 [FXGL Background Thread 1 ] DEBUG GameWorld            - Game world initialized
17:55:13.585 [FXGL Background Thread 1 ] DEBUG PhysicsWorld         - Physics world initialized: appHeight=640, physics.ppm=50,0
17:55:13.586 [FXGL Background Thread 1 ] DEBUG PhysicsWorld         - Using strategy: BRUTE_FORCE
17:55:13.590 [FXGL Background Thread 1 ] DEBUG GameScene            - Game scene initialized: 1200x640
17:55:13.605 [FXGL Background Thread 1 ] DEBUG FXGL.DefaultMenu     - createMenuBodyGameMenu()
17:55:13.624 [FXGL Background Thread 1 ] DEBUG FXGL.DefaultMenu     - createOptionsMenu()
17:55:13.635 [FXGL Background Thread 1 ] DEBUG FXGLAssetLoaderServi - Loading from file system: jar:file:/C:/Users/lucaa/.m2/repository/com/github/almasb/fxgl/17.3/fxgl-17.3.jar!/fxglassets/textures/particles/smoke.png
17:55:13.725 [FXGL Background Thread 1 ] DEBUG FXGLAssetLoaderServi - Loading from file system: jar:file:/C:/Users/lucaa/.m2/repository/com/github/almasb/fxgl/17.3/fxgl-17.3.jar!/fxglassets/textures/particles/trace_horizontal.png
17:55:13.747 [FXGL Background Thread 1 ] DEBUG GameApplicationServi - Application scenes initialized
17:55:13.758 [FXGL Background Thread 1 ] DEBUG SystemBundleService  - Loading FXGL system data
17:55:13.759 [FXGL Background Thread 1 ] DEBUG FileSystemAccess     - Reading from: C:\Users\lucaa\OneDrive - HTL Saalfelden\POS\Workspace\IntelliJ\FXGL\TeacherTowerDefense\system\fxgl.bundle
17:55:13.762 [FXGL Background Thread 1 ] DEBUG SystemBundleService  - Bundle FXGL: {}
17:55:13.762 [FXGL Background Thread 1 ] DEBUG UpdaterService       - Checking for updates
17:55:13.790 [FXGL Background Thread 4 ] DEBUG FXGLApplication      - Loading fonts
17:55:13.790 [FXGL Background Thread 1 ] DEBUG FXGLApplication      - Loading default localization
17:55:13.790 [FXGL Background Thread 4 ] DEBUG FXGLAssetLoaderServi - Loading from file system: jar:file:/C:/Users/lucaa/.m2/repository/com/github/almasb/fxgl/17.3/fxgl-17.3.jar!/fxglassets/ui/fonts/VarelaRound-Regular.ttf
17:55:13.791 [FXGL Background Thread 1 ] DEBUG FXGLAssetLoaderServi - Loading from file system: jar:file:/C:/Users/lucaa/.m2/repository/com/github/almasb/fxgl/17.3/fxgl-17.3.jar!/fxglassets/languages/english.lang
17:55:13.814 [FXGL Background Thread 4 ] DEBUG FXGLAssetLoaderServi - Loading from file system: jar:file:/C:/Users/lucaa/.m2/repository/com/github/almasb/fxgl/17.3/fxgl-17.3.jar!/fxglassets/ui/fonts/Abel-Regular.ttf
17:55:13.816 [FXGL Background Thread 1 ] INFO  FXGLApplication      - FXGL initialization took: 0,413 sec
17:55:13.818 [JavaFX Application Thread] DEBUG FXGLAssetLoaderServi - Loading from file system: jar:file:/C:/Users/lucaa/.m2/repository/com/github/almasb/fxgl/17.3/fxgl-17.3.jar!/fxglassets/textures/fxgl_icon.png
17:55:13.830 [FXGL Background Thread 4 ] DEBUG FXGLAssetLoaderServi - Loading from file system: jar:file:/C:/Users/lucaa/.m2/repository/com/github/almasb/fxgl/17.3/fxgl-17.3.jar!/fxglassets/ui/fonts/TerminalLandMono-Regular.otf
17:55:13.834 [JavaFX Application Thread] DEBUG FXGLAssetLoaderServi - Loading from file system: jar:file:/C:/Users/lucaa/.m2/repository/com/github/almasb/fxgl/17.3/fxgl-17.3.jar!/fxglassets/textures/fxgl_default_cursor.png
17:55:13.841 [JavaFX Application Thread] DEBUG Input                - Registered new binding: Screenshot - CTRL+8
17:55:13.843 [JavaFX Application Thread] DEBUG Input                - Registered new binding: Dev Options - 1
17:55:13.843 [JavaFX Application Thread] DEBUG Input                - Registered new binding: Dev Console - 2
17:55:13.844 [JavaFX Application Thread] DEBUG Input                - Registered new binding: System info dump - CTRL+9
17:55:13.844 [JavaFX Application Thread] DEBUG Input                - Registered new binding: Restart - CTRL+R
17:55:13.844 [FXGL Background Thread 4 ] DEBUG FXGLAssetLoaderServi - Loading from file system: jar:file:/C:/Users/lucaa/.m2/repository/com/github/almasb/fxgl/17.3/fxgl-17.3.jar!/fxglassets/ui/fonts/Courier-Prime.ttf
17:55:13.844 [JavaFX Application Thread] DEBUG Input                - Registered new binding: Toggle Debug Camera - CTRL+7
17:55:13.849 [JavaFX Application Thread] DEBUG LoopRunner           - Starting loop
17:55:13.864 [JavaFX Application Thread] DEBUG LoopRunner           - Initializing JavaFX AnimationTimerLoop
17:55:13.866 [JavaFX Application Thread] DEBUG GameApplicationServi - Starting new game
17:55:13.866 [JavaFX Application Thread] DEBUG Input                - Clearing active input actions
17:55:13.874 [JavaFX Application Thread] DEBUG GameApplicationServi - Removing overlay from FXGLStartupScene and adding to FXGLLoadingScene
17:55:13.877 [JavaFX Application Thread] DEBUG PrimaryStageWindow   - FXGLStartupScene -> FXGLLoadingScene
17:55:13.877 [JavaFX Application Thread] DEBUG GameApplicationServi - Clearing previous game
17:55:13.877 [JavaFX Application Thread] DEBUG GameScene            - Clearing game scene
17:55:13.877 [JavaFX Application Thread] DEBUG GameWorld            - Clearing game world
17:55:13.877 [JavaFX Application Thread] DEBUG PhysicsWorld         - Clearing physics world
17:55:13.878 [JavaFX Application Thread] DEBUG FXGLApplication      - Registering font factories with UI factory
17:55:13.878 [FXGL Background Thread 4 ] DEBUG FXGLApplication      - Initializing game
17:55:13.920 [FXGL Background Thread 4 ] WARN  TMXLevelLoader       - TiledMap generated from 1.11.2. Supported version: 1.9.0. Some features may not be parsed fully.
17:55:13.944 [FXGL Background Thread 4 ] DEBUG TMXLevelLoader       - Parsed TiledMap: file:/C:/Users/lucaa/OneDrive%20-%20HTL%20Saalfelden/POS/Workspace/IntelliJ/FXGL/TeacherTowerDefense/target/classes/assets/levels/Map1.tmx
17:55:13.945 [FXGL Background Thread 4 ] DEBUG TMXLevelLoader       - Creating tile layer entities
17:55:13.948 [FXGL Background Thread 4 ] DEBUG TilesetLoader        - Loading view for layer Kachelebene 0
17:55:13.949 [FXGL Background Thread 4 ] DEBUG TilesetLoader        - Created buffer with size 960.0x640.0
17:55:13.980 [FXGL Background Thread 4 ] DEBUG TilesetLoader        - Loading view for layer Kachelebene 1
17:55:13.981 [FXGL Background Thread 4 ] DEBUG TilesetLoader        - Created buffer with size 960.0x640.0
17:55:13.992 [FXGL Background Thread 4 ] DEBUG TilesetLoader        - Loading view for layer Kachelebene 2
17:55:13.993 [FXGL Background Thread 4 ] DEBUG TilesetLoader        - Created buffer with size 960.0x640.0
17:55:13.997 [FXGL Background Thread 4 ] DEBUG TilesetLoader        - Loading view for layer Kachelebene 4
17:55:13.999 [FXGL Background Thread 4 ] DEBUG TilesetLoader        - Created buffer with size 960.0x640.0
17:55:13.999 [FXGL Background Thread 4 ] DEBUG TMXLevelLoader       - Creating object layer entities
17:55:14.052 [FXGL Background Thread 4 ] DEBUG GameWorld            - Clearing removable entities
17:55:14.053 [FXGL Background Thread 4 ] DEBUG GameWorld            - Setting level: com.almasb.fxgl.entity.level.Level@1c9db9d
17:55:14.066 [FXGL Background Thread 4 ] INFO  FXGLApplication      - Game initialization took: 0,188 sec
17:55:14.114 [JavaFX Application Thread] DEBUG Input                - Clearing active input actions
17:55:14.124 [JavaFX Application Thread] DEBUG GameApplicationServi - Removing overlay from FXGLLoadingScene and adding to GameScene
17:55:14.127 [JavaFX Application Thread] DEBUG PrimaryStageWindow   - FXGLLoadingScene -> GameScene
17:55:14.355 [FXGL Background Thread 2 ] INFO  UpdaterService       - Your current version:  17.3
17:55:14.355 [FXGL Background Thread 2 ] INFO  UpdaterService       - Latest stable version: 25
17:55:16.788 [FXGL Background Thread 3 ] DEBUG Engine               - Logging environment variables
17:55:16.789 [FXGL Background Thread 3 ] DEBUG Engine               - achievements: []
17:55:16.790 [FXGL Background Thread 3 ] DEBUG Engine               - actualHeight: 864.0
17:55:16.790 [FXGL Background Thread 3 ] DEBUG Engine               - actualHeightProperty: ReadOnlyDoubleProperty [value: 864.0]
17:55:16.790 [FXGL Background Thread 3 ] DEBUG Engine               - actualWidth: 1536.0
17:55:16.790 [FXGL Background Thread 3 ] DEBUG Engine               - actualWidthProperty: ReadOnlyDoubleProperty [value: 1536.0]
17:55:16.790 [FXGL Background Thread 3 ] DEBUG Engine               - appIcon: fxgl_icon.png
17:55:16.790 [FXGL Background Thread 3 ] DEBUG Engine               - applicationMode: DEVELOPER
17:55:16.790 [FXGL Background Thread 3 ] DEBUG Engine               - cSSList: [fxgl_dark.css]
17:55:16.790 [FXGL Background Thread 3 ] DEBUG Engine               - collisionDetectionStrategy: BRUTE_FORCE
17:55:16.790 [FXGL Background Thread 3 ] DEBUG Engine               - configClass: Optional.empty
17:55:16.790 [FXGL Background Thread 3 ] DEBUG Engine               - credits: []
17:55:16.791 [FXGL Background Thread 3 ] DEBUG Engine               - defaultCursor: CursorInfo(imageName=fxgl_default_cursor.png, hotspotX=7.0, hotspotY=6.0)
17:55:16.791 [FXGL Background Thread 3 ] DEBUG Engine               - devBBoxColorProperty: ObjectProperty [value: 0xff0000ff]
17:55:16.791 [FXGL Background Thread 3 ] DEBUG Engine               - devEnableDebugCameraProperty: BooleanProperty [value: false]
17:55:16.791 [FXGL Background Thread 3 ] DEBUG Engine               - devSensorColorProperty: ObjectProperty [value: 0xffff00ff]
17:55:16.791 [FXGL Background Thread 3 ] DEBUG Engine               - devShowBBoxProperty: BooleanProperty [value: false]
17:55:16.791 [FXGL Background Thread 3 ] DEBUG Engine               - devShowPositionProperty: BooleanProperty [value: false]
17:55:16.791 [FXGL Background Thread 3 ] DEBUG Engine               - enabledMenuItems: []
17:55:16.791 [FXGL Background Thread 3 ] DEBUG Engine               - engineServices: [class com.almasb.fxgl.app.services.FXGLAssetLoaderService, class com.almasb.fxgl.app.FXGLApplication$GameApplicationService, class com.almasb.fxgl.app.services.FXGLDialogService, class com.almasb.fxgl.app.services.IOTaskExecutorService, class com.almasb.fxgl.io.FileSystemService, class com.almasb.fxgl.localization.LocalizationService, class com.almasb.fxgl.app.services.SystemBundleService, class com.almasb.fxgl.profile.SaveLoadService, class com.almasb.fxgl.ui.FXGLUIFactoryServiceProvider, class com.almasb.fxgl.ui.FXGLDialogFactoryServiceProvider, class com.almasb.fxgl.audio.AudioPlayer, class com.almasb.fxgl.notification.impl.NotificationServiceProvider, class com.almasb.fxgl.achievement.AchievementService, class com.almasb.fxgl.cutscene.CutsceneService, class com.almasb.fxgl.minigames.MiniGameService, class com.almasb.fxgl.net.NetService, class com.almasb.fxgl.app.services.UpdaterService, class com.almasb.fxgl.dev.DevService]
17:55:16.791 [FXGL Background Thread 3 ] DEBUG Engine               - fontGame: Abel-Regular.ttf
17:55:16.791 [FXGL Background Thread 3 ] DEBUG Engine               - fontMono: TerminalLandMono-Regular.otf
17:55:16.791 [FXGL Background Thread 3 ] DEBUG Engine               - fontSizeScaleUI: 1.0
17:55:16.791 [FXGL Background Thread 3 ] DEBUG Engine               - fontText: Courier-Prime.ttf
17:55:16.791 [FXGL Background Thread 3 ] DEBUG Engine               - fontUI: VarelaRound-Regular.ttf
17:55:16.791 [FXGL Background Thread 3 ] DEBUG Engine               - fullScreen: BooleanProperty [value: true]
17:55:16.792 [FXGL Background Thread 3 ] DEBUG Engine               - gameDifficulty: MEDIUM
17:55:16.792 [FXGL Background Thread 3 ] DEBUG Engine               - gameDifficultyProperty: ObjectProperty [value: MEDIUM]
17:55:16.792 [FXGL Background Thread 3 ] DEBUG Engine               - globalMusicVolume: 0.5
17:55:16.792 [FXGL Background Thread 3 ] DEBUG Engine               - globalMusicVolumeProperty: DoubleProperty [value: 0.5]
17:55:16.792 [FXGL Background Thread 3 ] DEBUG Engine               - globalSoundVolume: 0.5
17:55:16.792 [FXGL Background Thread 3 ] DEBUG Engine               - globalSoundVolumeProperty: DoubleProperty [value: 0.5]
17:55:16.792 [FXGL Background Thread 3 ] DEBUG Engine               - height: 640
17:55:16.792 [FXGL Background Thread 3 ] DEBUG Engine               - is3D: false
17:55:16.792 [FXGL Background Thread 3 ] DEBUG Engine               - isAndroid: false
17:55:16.792 [FXGL Background Thread 3 ] DEBUG Engine               - isBrowser: false
17:55:16.792 [FXGL Background Thread 3 ] DEBUG Engine               - isClickFeedbackEnabled: false
17:55:16.792 [FXGL Background Thread 3 ] DEBUG Engine               - isCloseConfirmation: false
17:55:16.792 [FXGL Background Thread 3 ] DEBUG Engine               - isDesktop: true
17:55:16.792 [FXGL Background Thread 3 ] DEBUG Engine               - isDeveloperMenuEnabled: true
17:55:16.793 [FXGL Background Thread 3 ] DEBUG Engine               - isEmbedded: false
17:55:16.793 [FXGL Background Thread 3 ] DEBUG Engine               - isEntityPreloadEnabled: true
17:55:16.793 [FXGL Background Thread 3 ] DEBUG Engine               - isExperimentalTiledLargeMap: false
17:55:16.793 [FXGL Background Thread 3 ] DEBUG Engine               - isFileSystemWriteAllowed: true
17:55:16.793 [FXGL Background Thread 3 ] DEBUG Engine               - isFullScreenAllowed: true
17:55:16.793 [FXGL Background Thread 3 ] DEBUG Engine               - isFullScreenFromStart: true
17:55:16.793 [FXGL Background Thread 3 ] DEBUG Engine               - isGameMenuEnabled: true
17:55:16.793 [FXGL Background Thread 3 ] DEBUG Engine               - isIOS: false
17:55:16.793 [FXGL Background Thread 3 ] DEBUG Engine               - isIntroEnabled: false
17:55:16.793 [FXGL Background Thread 3 ] DEBUG Engine               - isLinux: false
17:55:16.793 [FXGL Background Thread 3 ] DEBUG Engine               - isMac: false
17:55:16.794 [FXGL Background Thread 3 ] DEBUG Engine               - isMainMenuEnabled: false
17:55:16.794 [FXGL Background Thread 3 ] DEBUG Engine               - isManualResizeEnabled: false
17:55:16.794 [FXGL Background Thread 3 ] DEBUG Engine               - isMobile: false
17:55:16.794 [FXGL Background Thread 3 ] DEBUG Engine               - isNative: false
17:55:16.794 [FXGL Background Thread 3 ] DEBUG Engine               - isPauseMusicWhenMinimized: true
17:55:16.794 [FXGL Background Thread 3 ] DEBUG Engine               - isPreserveResizeRatio: true
17:55:16.794 [FXGL Background Thread 3 ] DEBUG Engine               - isProfilingEnabled: false
17:55:16.794 [FXGL Background Thread 3 ] DEBUG Engine               - isScaleAffectedOnResize: true
17:55:16.794 [FXGL Background Thread 3 ] DEBUG Engine               - isSingleStep: false
17:55:16.794 [FXGL Background Thread 3 ] DEBUG Engine               - isUserProfileEnabled: false
17:55:16.794 [FXGL Background Thread 3 ] DEBUG Engine               - isWindows: true
17:55:16.794 [FXGL Background Thread 3 ] DEBUG Engine               - language: ObjectProperty [value: ENGLISH]
17:55:16.794 [FXGL Background Thread 3 ] DEBUG Engine               - menuKey: ESCAPE
17:55:16.794 [FXGL Background Thread 3 ] DEBUG Engine               - mouseSensitivity: 0.2
17:55:16.795 [FXGL Background Thread 3 ] DEBUG Engine               - notificationViewClass: class com.almasb.fxgl.notification.view.XboxNotificationView
17:55:16.795 [FXGL Background Thread 3 ] DEBUG Engine               - pixelsPerMeter: 50.0
17:55:16.795 [FXGL Background Thread 3 ] DEBUG Engine               - platform: WINDOWS
17:55:16.795 [FXGL Background Thread 3 ] DEBUG Engine               - prefHeightProperty: ReadOnlyDoubleProperty [value: 640.0]
17:55:16.795 [FXGL Background Thread 3 ] DEBUG Engine               - prefWidthProperty: ReadOnlyDoubleProperty [value: 1200.0]
17:55:16.795 [FXGL Background Thread 3 ] DEBUG Engine               - profileDir: profiles/
17:55:16.795 [FXGL Background Thread 3 ] DEBUG Engine               - profileName: StringProperty [value: DEFAULT]
17:55:16.795 [FXGL Background Thread 3 ] DEBUG Engine               - randomSeed: -1
17:55:16.795 [FXGL Background Thread 3 ] DEBUG Engine               - runtimeInfo: RuntimeInfo(platform=WINDOWS, version=17.3, build=30.03.2023 11.49)
17:55:16.795 [FXGL Background Thread 3 ] DEBUG Engine               - saveFileExt: sav
17:55:16.795 [FXGL Background Thread 3 ] DEBUG Engine               - scaledHeightProp$fxgl: DoubleProperty [bound, value: 864.0]
17:55:16.796 [FXGL Background Thread 3 ] DEBUG Engine               - scaledWidthProp$fxgl: DoubleProperty [bound, value: 1536.0]
17:55:16.796 [FXGL Background Thread 3 ] DEBUG Engine               - sceneFactory: com.almasb.fxgl.app.scene.SceneFactory@42506182
17:55:16.796 [FXGL Background Thread 3 ] DEBUG Engine               - secondsIn24h: 60
17:55:16.796 [FXGL Background Thread 3 ] DEBUG Engine               - soundMenuBack: menu/back.wav
17:55:16.796 [FXGL Background Thread 3 ] DEBUG Engine               - soundMenuPress: menu/press.wav
17:55:16.796 [FXGL Background Thread 3 ] DEBUG Engine               - soundMenuSelect: menu/select.wav
17:55:16.796 [FXGL Background Thread 3 ] DEBUG Engine               - soundNotification: core/notification.wav
17:55:16.796 [FXGL Background Thread 3 ] DEBUG Engine               - stageStyle: DECORATED
17:55:16.796 [FXGL Background Thread 3 ] DEBUG Engine               - supportedLanguages: [ENGLISH, FRENCH, GERMAN, HUNGARIAN, RUSSIAN]
17:55:16.796 [FXGL Background Thread 3 ] DEBUG Engine               - ticksPerSecond: -1
17:55:16.796 [FXGL Background Thread 3 ] DEBUG Engine               - title: Teacher Tower Defense
17:55:16.796 [FXGL Background Thread 3 ] DEBUG Engine               - urlGithub: https://github.com/AlmasB/FXGL
17:55:16.796 [FXGL Background Thread 3 ] DEBUG Engine               - urlLeaderboard: http://fxgl-top.herokuapp.com/
17:55:16.796 [FXGL Background Thread 3 ] DEBUG Engine               - urlPOM: https://raw.githubusercontent.com/AlmasB/FXGL/release/README.md
17:55:16.797 [FXGL Background Thread 3 ] DEBUG Engine               - userAppClass: class at.htl.teachertowerdefense.TeacherTowerDefenseApp
17:55:16.797 [FXGL Background Thread 3 ] DEBUG Engine               - version: 0.1
17:55:16.797 [FXGL Background Thread 3 ] DEBUG Engine               - versionCheckDays: 7
17:55:16.797 [FXGL Background Thread 3 ] DEBUG Engine               - width: 1200
17:55:16.797 [FXGL Background Thread 3 ] DEBUG Engine               - Logging services
17:55:16.797 [FXGL Background Thread 3 ] DEBUG Engine               - class com.almasb.fxgl.app.services.FXGLAssetLoaderService
17:55:16.797 [FXGL Background Thread 3 ] DEBUG Engine               - class com.almasb.fxgl.app.FXGLApplication$GameApplicationService
17:55:16.797 [FXGL Background Thread 3 ] DEBUG Engine               - class com.almasb.fxgl.app.services.FXGLDialogService
17:55:16.797 [FXGL Background Thread 3 ] DEBUG Engine               - class com.almasb.fxgl.app.services.IOTaskExecutorService
17:55:16.797 [FXGL Background Thread 3 ] DEBUG Engine               - class com.almasb.fxgl.io.FileSystemService
17:55:16.797 [FXGL Background Thread 3 ] DEBUG Engine               - class com.almasb.fxgl.localization.LocalizationService
17:55:16.797 [FXGL Background Thread 3 ] DEBUG Engine               - class com.almasb.fxgl.app.services.SystemBundleService
17:55:16.797 [FXGL Background Thread 3 ] DEBUG Engine               - class com.almasb.fxgl.profile.SaveLoadService
17:55:16.797 [FXGL Background Thread 3 ] DEBUG Engine               - class com.almasb.fxgl.ui.FXGLUIFactoryServiceProvider
17:55:16.799 [FXGL Background Thread 3 ] DEBUG Engine               - class com.almasb.fxgl.ui.FXGLDialogFactoryServiceProvider
17:55:16.799 [FXGL Background Thread 3 ] DEBUG Engine               - class com.almasb.fxgl.audio.AudioPlayer
17:55:16.799 [FXGL Background Thread 3 ] DEBUG Engine               - class com.almasb.fxgl.notification.impl.NotificationServiceProvider
17:55:16.799 [FXGL Background Thread 3 ] DEBUG Engine               - class com.almasb.fxgl.achievement.AchievementService
17:55:16.799 [FXGL Background Thread 3 ] DEBUG Engine               - class com.almasb.fxgl.cutscene.CutsceneService
17:55:16.799 [FXGL Background Thread 3 ] DEBUG Engine               - class com.almasb.fxgl.minigames.MiniGameService
17:55:16.799 [FXGL Background Thread 3 ] DEBUG Engine               - class com.almasb.fxgl.net.NetService
17:55:16.799 [FXGL Background Thread 3 ] DEBUG Engine               - class com.almasb.fxgl.app.services.UpdaterService
17:55:16.799 [FXGL Background Thread 3 ] DEBUG Engine               - class com.almasb.fxgl.dev.DevService
17:55:28.472 [JavaFX Application Thread] DEBUG PrimaryStageWindow   - Push state: FXGLDefaultMenu
17:55:28.490 [JavaFX Application Thread] DEBUG Input                - Clearing active input actions
17:55:28.496 [JavaFX Application Thread] DEBUG GameApplicationServi - Removing overlay from GameScene and adding to FXGLDefaultMenu
17:55:28.503 [JavaFX Application Thread] DEBUG PrimaryStageWindow   - GameScene -> FXGLDefaultMenu
17:55:29.884 [JavaFX Application Thread] DEBUG Menu                 - fireExit()
17:55:29.887 [JavaFX Application Thread] DEBUG PrimaryStageWindow   - Push state: DialogSubScene
17:55:29.887 [JavaFX Application Thread] DEBUG Input                - Clearing active input actions
17:55:29.887 [JavaFX Application Thread] DEBUG GameApplicationServi - Removing overlay from FXGLDefaultMenu and adding to DialogSubScene
17:55:29.888 [JavaFX Application Thread] DEBUG PrimaryStageWindow   - FXGLDefaultMenu -> DialogSubScene
17:55:30.339 [JavaFX Application Thread] DEBUG PrimaryStageWindow   - Pop state: DialogSubScene
17:55:30.339 [JavaFX Application Thread] DEBUG Input                - Clearing active input actions
17:55:30.340 [JavaFX Application Thread] DEBUG GameApplicationServi - Removing overlay from DialogSubScene and adding to FXGLDefaultMenu
17:55:30.342 [JavaFX Application Thread] DEBUG PrimaryStageWindow   - FXGLDefaultMenu <- DialogSubScene
17:55:30.342 [JavaFX Application Thread] DEBUG FXGLApplication      - Exiting FXGL
17:55:30.342 [JavaFX Application Thread] DEBUG LoopRunner           - Stopping loop
17:55:30.342 [JavaFX Application Thread] DEBUG SystemBundleService  - Saving FXGL system data
17:55:30.344 [JavaFX Application Thread] DEBUG FileSystemAccess     - Writing to: C:\Users\lucaa\OneDrive - HTL Saalfelden\POS\Workspace\IntelliJ\FXGL\TeacherTowerDefense\system\fxgl.bundle
17:55:30.345 [JavaFX Application Thread] DEBUG Async                - Shutting down background threads
17:55:30.345 [JavaFX Application Thread] DEBUG PrimaryStageWindow   - Closing main window
17:55:30.445 [JavaFX Application Thread] DEBUG Logger               - Closing Logger
