07:54:12.351 [main                     ] DEBUG Logger               - Configured Logger
07:54:12.359 [main                     ] DEBUG GameApplication      - Logging settings
Title: Teacher Tower Defense
Version: 0.1
Width: 960
Height: 640
Fullscreen: false
Intro: false
Profiling: false
Single step:false
App Mode: DEVELOPER
Menu Key: ESCAPE
Stage Style: DECORATED
Scene Factory: class com.almasb.fxgl.app.scene.SceneFactory

07:54:13.122 [JavaFX Application Thread] DEBUG FXGLApplication      - Initializing FXGL
07:54:13.126 [JavaFX Application Thread] INFO  Engine               - FXGL-17.3 (30.03.2023 11.49) on WINDOWS (J:25.0.2 FX:21.0.6)
07:54:13.126 [JavaFX Application Thread] DEBUG Engine               - JRE Vendor Name: Oracle Corporation
07:54:13.126 [JavaFX Application Thread] DEBUG Engine               - Running on OS: Windows 11 version 10.0
07:54:13.126 [JavaFX Application Thread] DEBUG Engine               - Architecture: amd64
07:54:13.126 [JavaFX Application Thread] INFO  Engine               - Source code and latest versions at: https://github.com/AlmasB/FXGL
07:54:13.126 [JavaFX Application Thread] INFO  Engine               -       Ask questions and discuss at: https://github.com/AlmasB/FXGL/discussions
07:54:13.126 [JavaFX Application Thread] INFO  Engine               -              Join the FXGL chat at: https://gitter.im/AlmasB/FXGL
07:54:13.284 [JavaFX Application Thread] DEBUG PrimaryStageWindow   - Creating a JavaFX scene
07:54:13.357 [JavaFX Application Thread] DEBUG PrimaryStageWindow   - Target settings size: 960.0 x 640.0
07:54:13.357 [JavaFX Application Thread] DEBUG PrimaryStageWindow   - Scaled scene size:    960.0 x 640.0
07:54:13.358 [JavaFX Application Thread] DEBUG PrimaryStageWindow   - Scaled ratio: (1.0, 1.0)
07:54:13.359 [JavaFX Application Thread] DEBUG PrimaryStageWindow   - Set initial scene to FXGLStartupScene
07:54:13.365 [JavaFX Application Thread] DEBUG PrimaryStageWindow   - Opening main window
07:54:13.527 [JavaFX Application Thread] DEBUG PrimaryStageWindow   - Window border size: (14.4000244140625, 37.5999755859375)
07:54:13.528 [JavaFX Application Thread] DEBUG PrimaryStageWindow   - Scaled size: 960.0 x 640.0
07:54:13.528 [JavaFX Application Thread] DEBUG PrimaryStageWindow   - Scaled ratio: (1.0, 1.0)
07:54:13.529 [JavaFX Application Thread] DEBUG PrimaryStageWindow   - Scene size: 960.0 x 640.0
07:54:13.529 [JavaFX Application Thread] DEBUG PrimaryStageWindow   - Stage size: 974.4000244140625 x 677.5999755859375
07:54:13.543 [FXGL Background Thread 1 ] DEBUG Engine               - Initializing environment variables
07:54:13.610 [FXGL Background Thread 1 ] DEBUG FXGLAssetLoaderServi - User app class for loading assets: class at.htl.teachertowerdefense.TeacherTowerDefenseApp
07:54:13.610 [FXGL Background Thread 1 ] DEBUG GameApplicationServi - Applying CSS: fxgl_dark.css
07:54:13.611 [FXGL Background Thread 1 ] DEBUG FXGLAssetLoaderServi - Loading from file system: jar:file:/C:/Users/lucaa/.m2/repository/com/github/almasb/fxgl/17.3/fxgl-17.3.jar!/fxglassets/ui/css/fxgl_dark.css
07:54:13.668 [FXGL Background Thread 1 ] DEBUG GameApplicationServi - Initializing application scenes
07:54:13.720 [FXGL Background Thread 1 ] DEBUG GameWorld            - Game world initialized
07:54:13.778 [FXGL Background Thread 1 ] DEBUG PhysicsWorld         - Physics world initialized: appHeight=640, physics.ppm=50,0
07:54:13.778 [FXGL Background Thread 1 ] DEBUG PhysicsWorld         - Using strategy: BRUTE_FORCE
07:54:13.781 [FXGL Background Thread 1 ] DEBUG GameScene            - Game scene initialized: 960x640
07:54:13.807 [FXGL Background Thread 1 ] DEBUG FXGL.DefaultMenu     - createMenuBodyGameMenu()
07:54:13.828 [FXGL Background Thread 1 ] DEBUG FXGL.DefaultMenu     - createOptionsMenu()
07:54:13.844 [FXGL Background Thread 1 ] DEBUG FXGLAssetLoaderServi - Loading from file system: jar:file:/C:/Users/lucaa/.m2/repository/com/github/almasb/fxgl/17.3/fxgl-17.3.jar!/fxglassets/textures/particles/smoke.png
07:54:13.963 [FXGL Background Thread 1 ] DEBUG FXGLAssetLoaderServi - Loading from file system: jar:file:/C:/Users/lucaa/.m2/repository/com/github/almasb/fxgl/17.3/fxgl-17.3.jar!/fxglassets/textures/particles/trace_horizontal.png
07:54:14.005 [FXGL Background Thread 1 ] DEBUG GameApplicationServi - Application scenes initialized
07:54:14.019 [FXGL Background Thread 1 ] DEBUG SystemBundleService  - Loading FXGL system data
07:54:14.021 [FXGL Background Thread 1 ] DEBUG FileSystemAccess     - Reading from: C:\Users\lucaa\OneDrive - HTL Saalfelden\POS\Workspace\IntelliJ\FXGL\TeacherTowerDefense\system\fxgl.bundle
07:54:14.024 [FXGL Background Thread 1 ] DEBUG SystemBundleService  - Bundle FXGL: {}
07:54:14.024 [FXGL Background Thread 1 ] DEBUG UpdaterService       - Checking for updates
07:54:14.028 [FXGL Background Thread 4 ] DEBUG FXGLApplication      - Loading fonts
07:54:14.029 [FXGL Background Thread 4 ] DEBUG FXGLAssetLoaderServi - Loading from file system: jar:file:/C:/Users/lucaa/.m2/repository/com/github/almasb/fxgl/17.3/fxgl-17.3.jar!/fxglassets/ui/fonts/VarelaRound-Regular.ttf
07:54:14.029 [FXGL Background Thread 1 ] DEBUG FXGLApplication      - Loading default localization
07:54:14.031 [FXGL Background Thread 1 ] DEBUG FXGLAssetLoaderServi - Loading from file system: jar:file:/C:/Users/lucaa/.m2/repository/com/github/almasb/fxgl/17.3/fxgl-17.3.jar!/fxglassets/languages/english.lang
07:54:14.056 [FXGL Background Thread 1 ] INFO  FXGLApplication      - FXGL initialization took: 0,513 sec
07:54:14.058 [JavaFX Application Thread] DEBUG FXGLAssetLoaderServi - Loading from file system: jar:file:/C:/Users/lucaa/.m2/repository/com/github/almasb/fxgl/17.3/fxgl-17.3.jar!/fxglassets/textures/fxgl_icon.png
07:54:14.059 [FXGL Background Thread 4 ] DEBUG FXGLAssetLoaderServi - Loading from file system: jar:file:/C:/Users/lucaa/.m2/repository/com/github/almasb/fxgl/17.3/fxgl-17.3.jar!/fxglassets/ui/fonts/Abel-Regular.ttf
07:54:14.076 [FXGL Background Thread 4 ] DEBUG FXGLAssetLoaderServi - Loading from file system: jar:file:/C:/Users/lucaa/.m2/repository/com/github/almasb/fxgl/17.3/fxgl-17.3.jar!/fxglassets/ui/fonts/TerminalLandMono-Regular.otf
07:54:14.095 [FXGL Background Thread 4 ] DEBUG FXGLAssetLoaderServi - Loading from file system: jar:file:/C:/Users/lucaa/.m2/repository/com/github/almasb/fxgl/17.3/fxgl-17.3.jar!/fxglassets/ui/fonts/Courier-Prime.ttf
07:54:14.107 [JavaFX Application Thread] DEBUG FXGLAssetLoaderServi - Loading from file system: jar:file:/C:/Users/lucaa/.m2/repository/com/github/almasb/fxgl/17.3/fxgl-17.3.jar!/fxglassets/textures/fxgl_default_cursor.png
07:54:14.122 [JavaFX Application Thread] DEBUG Input                - Registered new binding: Screenshot - CTRL+8
07:54:14.123 [JavaFX Application Thread] DEBUG Input                - Registered new binding: System info dump - CTRL+9
07:54:14.123 [JavaFX Application Thread] DEBUG Input                - Registered new binding: Restart - CTRL+R
07:54:14.124 [JavaFX Application Thread] DEBUG Input                - Registered new binding: Toggle Debug Camera - CTRL+7
07:54:14.127 [JavaFX Application Thread] DEBUG LoopRunner           - Starting loop
07:54:14.127 [JavaFX Application Thread] DEBUG LoopRunner           - Initializing JavaFX AnimationTimerLoop
07:54:14.128 [JavaFX Application Thread] DEBUG GameApplicationServi - Starting new game
07:54:14.129 [JavaFX Application Thread] DEBUG Input                - Clearing active input actions
07:54:14.143 [JavaFX Application Thread] DEBUG GameApplicationServi - Removing overlay from FXGLStartupScene and adding to FXGLLoadingScene
07:54:14.143 [JavaFX Application Thread] DEBUG PrimaryStageWindow   - FXGLStartupScene -> FXGLLoadingScene
07:54:14.143 [JavaFX Application Thread] DEBUG GameApplicationServi - Clearing previous game
07:54:14.143 [JavaFX Application Thread] DEBUG GameScene            - Clearing game scene
07:54:14.143 [JavaFX Application Thread] DEBUG GameWorld            - Clearing game world
07:54:14.143 [JavaFX Application Thread] DEBUG PhysicsWorld         - Clearing physics world
07:54:14.145 [FXGL Background Thread 4 ] DEBUG FXGLApplication      - Initializing game
07:54:14.145 [JavaFX Application Thread] DEBUG FXGLApplication      - Registering font factories with UI factory
07:54:14.200 [FXGL Background Thread 4 ] WARN  TMXLevelLoader       - TiledMap generated from 1.11.2. Supported version: 1.9.0. Some features may not be parsed fully.
07:54:14.229 [FXGL Background Thread 4 ] DEBUG TMXLevelLoader       - Parsed TiledMap: file:/C:/Users/lucaa/OneDrive%20-%20HTL%20Saalfelden/POS/Workspace/IntelliJ/FXGL/TeacherTowerDefense/target/classes/assets/levels/Map1.tmx
07:54:14.230 [FXGL Background Thread 4 ] DEBUG TMXLevelLoader       - Creating tile layer entities
07:54:14.232 [FXGL Background Thread 4 ] DEBUG TilesetLoader        - Loading view for layer Kachelebene 0
07:54:14.233 [FXGL Background Thread 4 ] DEBUG TilesetLoader        - Created buffer with size 960.0x640.0
07:54:14.286 [FXGL Background Thread 4 ] DEBUG TilesetLoader        - Loading view for layer Kachelebene 1
07:54:14.291 [FXGL Background Thread 4 ] DEBUG TilesetLoader        - Created buffer with size 960.0x640.0
07:54:14.360 [FXGL Background Thread 4 ] DEBUG TilesetLoader        - Loading view for layer Kachelebene 2
07:54:14.361 [FXGL Background Thread 4 ] DEBUG TilesetLoader        - Created buffer with size 960.0x640.0
07:54:14.362 [FXGL Background Thread 4 ] WARN  TilesetLoader        - Diagonally flipped tiles are not currently supported
07:54:14.363 [FXGL Background Thread 4 ] WARN  TilesetLoader        - Diagonally flipped tiles are not currently supported
07:54:14.365 [FXGL Background Thread 4 ] DEBUG TilesetLoader        - Loading view for layer Kachelebene 4
07:54:14.365 [FXGL Background Thread 4 ] DEBUG TilesetLoader        - Created buffer with size 960.0x640.0
07:54:14.367 [FXGL Background Thread 4 ] DEBUG TMXLevelLoader       - Creating object layer entities
07:54:14.396 [FXGL Background Thread 4 ] DEBUG GameWorld            - Clearing removable entities
07:54:14.397 [FXGL Background Thread 4 ] DEBUG GameWorld            - Setting level: com.almasb.fxgl.entity.level.Level@776bd571
07:54:14.405 [FXGL Background Thread 4 ] INFO  FXGLApplication      - Game initialization took: 0,260 sec
07:54:14.422 [JavaFX Application Thread] DEBUG Input                - Clearing active input actions
07:54:14.433 [JavaFX Application Thread] DEBUG GameApplicationServi - Removing overlay from FXGLLoadingScene and adding to GameScene
07:54:14.433 [JavaFX Application Thread] DEBUG PrimaryStageWindow   - FXGLLoadingScene -> GameScene
07:54:14.604 [FXGL Background Thread 2 ] INFO  UpdaterService       - Your current version:  17.3
07:54:14.605 [FXGL Background Thread 2 ] INFO  UpdaterService       - Latest stable version: 25
07:54:17.028 [FXGL Background Thread 3 ] DEBUG Engine               - Logging environment variables
07:54:17.031 [FXGL Background Thread 3 ] DEBUG Engine               - achievements: []
07:54:17.032 [FXGL Background Thread 3 ] DEBUG Engine               - actualHeight: 640.0
07:54:17.032 [FXGL Background Thread 3 ] DEBUG Engine               - actualHeightProperty: ReadOnlyDoubleProperty [value: 640.0]
07:54:17.033 [FXGL Background Thread 3 ] DEBUG Engine               - actualWidth: 960.0
07:54:17.033 [FXGL Background Thread 3 ] DEBUG Engine               - actualWidthProperty: ReadOnlyDoubleProperty [value: 960.0]
07:54:17.034 [FXGL Background Thread 3 ] DEBUG Engine               - appIcon: fxgl_icon.png
07:54:17.035 [FXGL Background Thread 3 ] DEBUG Engine               - applicationMode: DEVELOPER
07:54:17.035 [FXGL Background Thread 3 ] DEBUG Engine               - cSSList: [fxgl_dark.css]
07:54:17.036 [FXGL Background Thread 3 ] DEBUG Engine               - collisionDetectionStrategy: BRUTE_FORCE
07:54:17.038 [FXGL Background Thread 3 ] DEBUG Engine               - configClass: Optional.empty
07:54:17.038 [FXGL Background Thread 3 ] DEBUG Engine               - credits: []
07:54:17.040 [FXGL Background Thread 3 ] DEBUG Engine               - defaultCursor: CursorInfo(imageName=fxgl_default_cursor.png, hotspotX=7.0, hotspotY=6.0)
07:54:17.040 [FXGL Background Thread 3 ] DEBUG Engine               - devBBoxColorProperty: ObjectProperty [value: 0xff0000ff]
07:54:17.041 [FXGL Background Thread 3 ] DEBUG Engine               - devEnableDebugCameraProperty: BooleanProperty [value: false]
07:54:17.041 [FXGL Background Thread 3 ] DEBUG Engine               - devSensorColorProperty: ObjectProperty [value: 0xffff00ff]
07:54:17.042 [FXGL Background Thread 3 ] DEBUG Engine               - devShowBBoxProperty: BooleanProperty [value: false]
07:54:17.042 [FXGL Background Thread 3 ] DEBUG Engine               - devShowPositionProperty: BooleanProperty [value: false]
07:54:17.042 [FXGL Background Thread 3 ] DEBUG Engine               - enabledMenuItems: []
07:54:17.042 [FXGL Background Thread 3 ] DEBUG Engine               - engineServices: [class com.almasb.fxgl.app.services.FXGLAssetLoaderService, class com.almasb.fxgl.app.FXGLApplication$GameApplicationService, class com.almasb.fxgl.app.services.FXGLDialogService, class com.almasb.fxgl.app.services.IOTaskExecutorService, class com.almasb.fxgl.io.FileSystemService, class com.almasb.fxgl.localization.LocalizationService, class com.almasb.fxgl.app.services.SystemBundleService, class com.almasb.fxgl.profile.SaveLoadService, class com.almasb.fxgl.ui.FXGLUIFactoryServiceProvider, class com.almasb.fxgl.ui.FXGLDialogFactoryServiceProvider, class com.almasb.fxgl.audio.AudioPlayer, class com.almasb.fxgl.notification.impl.NotificationServiceProvider, class com.almasb.fxgl.achievement.AchievementService, class com.almasb.fxgl.cutscene.CutsceneService, class com.almasb.fxgl.minigames.MiniGameService, class com.almasb.fxgl.net.NetService, class com.almasb.fxgl.app.services.UpdaterService, class com.almasb.fxgl.dev.DevService]
07:54:17.043 [FXGL Background Thread 3 ] DEBUG Engine               - fontGame: Abel-Regular.ttf
07:54:17.045 [FXGL Background Thread 3 ] DEBUG Engine               - fontMono: TerminalLandMono-Regular.otf
07:54:17.045 [FXGL Background Thread 3 ] DEBUG Engine               - fontSizeScaleUI: 1.0
07:54:17.045 [FXGL Background Thread 3 ] DEBUG Engine               - fontText: Courier-Prime.ttf
07:54:17.045 [FXGL Background Thread 3 ] DEBUG Engine               - fontUI: VarelaRound-Regular.ttf
07:54:17.045 [FXGL Background Thread 3 ] DEBUG Engine               - fullScreen: BooleanProperty [value: false]
07:54:17.046 [FXGL Background Thread 3 ] DEBUG Engine               - gameDifficulty: MEDIUM
07:54:17.046 [FXGL Background Thread 3 ] DEBUG Engine               - gameDifficultyProperty: ObjectProperty [value: MEDIUM]
07:54:17.046 [FXGL Background Thread 3 ] DEBUG Engine               - globalMusicVolume: 0.5
07:54:17.047 [FXGL Background Thread 3 ] DEBUG Engine               - globalMusicVolumeProperty: DoubleProperty [value: 0.5]
07:54:17.047 [FXGL Background Thread 3 ] DEBUG Engine               - globalSoundVolume: 0.5
07:54:17.047 [FXGL Background Thread 3 ] DEBUG Engine               - globalSoundVolumeProperty: DoubleProperty [value: 0.5]
07:54:17.047 [FXGL Background Thread 3 ] DEBUG Engine               - height: 640
07:54:17.047 [FXGL Background Thread 3 ] DEBUG Engine               - is3D: false
07:54:17.047 [FXGL Background Thread 3 ] DEBUG Engine               - isAndroid: false
07:54:17.047 [FXGL Background Thread 3 ] DEBUG Engine               - isBrowser: false
07:54:17.048 [FXGL Background Thread 3 ] DEBUG Engine               - isClickFeedbackEnabled: false
07:54:17.048 [FXGL Background Thread 3 ] DEBUG Engine               - isCloseConfirmation: false
07:54:17.048 [FXGL Background Thread 3 ] DEBUG Engine               - isDesktop: true
07:54:17.048 [FXGL Background Thread 3 ] DEBUG Engine               - isDeveloperMenuEnabled: false
07:54:17.048 [FXGL Background Thread 3 ] DEBUG Engine               - isEmbedded: false
07:54:17.048 [FXGL Background Thread 3 ] DEBUG Engine               - isEntityPreloadEnabled: true
07:54:17.048 [FXGL Background Thread 3 ] DEBUG Engine               - isExperimentalTiledLargeMap: false
07:54:17.048 [FXGL Background Thread 3 ] DEBUG Engine               - isFileSystemWriteAllowed: true
07:54:17.050 [FXGL Background Thread 3 ] DEBUG Engine               - isFullScreenAllowed: false
07:54:17.050 [FXGL Background Thread 3 ] DEBUG Engine               - isFullScreenFromStart: false
07:54:17.051 [FXGL Background Thread 3 ] DEBUG Engine               - isGameMenuEnabled: true
07:54:17.051 [FXGL Background Thread 3 ] DEBUG Engine               - isIOS: false
07:54:17.053 [FXGL Background Thread 3 ] DEBUG Engine               - isIntroEnabled: false
07:54:17.054 [FXGL Background Thread 3 ] DEBUG Engine               - isLinux: false
07:54:17.054 [FXGL Background Thread 3 ] DEBUG Engine               - isMac: false
07:54:17.054 [FXGL Background Thread 3 ] DEBUG Engine               - isMainMenuEnabled: false
07:54:17.055 [FXGL Background Thread 3 ] DEBUG Engine               - isManualResizeEnabled: true
07:54:17.055 [FXGL Background Thread 3 ] DEBUG Engine               - isMobile: false
07:54:17.055 [FXGL Background Thread 3 ] DEBUG Engine               - isNative: false
07:54:17.056 [FXGL Background Thread 3 ] DEBUG Engine               - isPauseMusicWhenMinimized: true
07:54:17.056 [FXGL Background Thread 3 ] DEBUG Engine               - isPreserveResizeRatio: false
07:54:17.056 [FXGL Background Thread 3 ] DEBUG Engine               - isProfilingEnabled: false
07:54:17.057 [FXGL Background Thread 3 ] DEBUG Engine               - isScaleAffectedOnResize: true
07:54:17.057 [FXGL Background Thread 3 ] DEBUG Engine               - isSingleStep: false
07:54:17.057 [FXGL Background Thread 3 ] DEBUG Engine               - isUserProfileEnabled: false
07:54:17.058 [FXGL Background Thread 3 ] DEBUG Engine               - isWindows: true
07:54:17.058 [FXGL Background Thread 3 ] DEBUG Engine               - language: ObjectProperty [value: ENGLISH]
07:54:17.060 [FXGL Background Thread 3 ] DEBUG Engine               - menuKey: ESCAPE
07:54:17.060 [FXGL Background Thread 3 ] DEBUG Engine               - mouseSensitivity: 0.2
07:54:17.061 [FXGL Background Thread 3 ] DEBUG Engine               - notificationViewClass: class com.almasb.fxgl.notification.view.XboxNotificationView
07:54:17.061 [FXGL Background Thread 3 ] DEBUG Engine               - pixelsPerMeter: 50.0
07:54:17.061 [FXGL Background Thread 3 ] DEBUG Engine               - platform: WINDOWS
07:54:17.062 [FXGL Background Thread 3 ] DEBUG Engine               - prefHeightProperty: ReadOnlyDoubleProperty [value: 640.0]
07:54:17.062 [FXGL Background Thread 3 ] DEBUG Engine               - prefWidthProperty: ReadOnlyDoubleProperty [value: 960.0]
07:54:17.062 [FXGL Background Thread 3 ] DEBUG Engine               - profileDir: profiles/
07:54:17.063 [FXGL Background Thread 3 ] DEBUG Engine               - profileName: StringProperty [value: DEFAULT]
07:54:17.063 [FXGL Background Thread 3 ] DEBUG Engine               - randomSeed: -1
07:54:17.064 [FXGL Background Thread 3 ] DEBUG Engine               - runtimeInfo: RuntimeInfo(platform=WINDOWS, version=17.3, build=30.03.2023 11.49)
07:54:17.064 [FXGL Background Thread 3 ] DEBUG Engine               - saveFileExt: sav
07:54:17.064 [FXGL Background Thread 3 ] DEBUG Engine               - scaledHeightProp$fxgl: DoubleProperty [bound, value: 640.0]
07:54:17.064 [FXGL Background Thread 3 ] DEBUG Engine               - scaledWidthProp$fxgl: DoubleProperty [bound, value: 960.0]
07:54:17.064 [FXGL Background Thread 3 ] DEBUG Engine               - sceneFactory: com.almasb.fxgl.app.scene.SceneFactory@25aa3f56
07:54:17.064 [FXGL Background Thread 3 ] DEBUG Engine               - secondsIn24h: 60
07:54:17.064 [FXGL Background Thread 3 ] DEBUG Engine               - soundMenuBack: menu/back.wav
07:54:17.064 [FXGL Background Thread 3 ] DEBUG Engine               - soundMenuPress: menu/press.wav
07:54:17.065 [FXGL Background Thread 3 ] DEBUG Engine               - soundMenuSelect: menu/select.wav
07:54:17.065 [FXGL Background Thread 3 ] DEBUG Engine               - soundNotification: core/notification.wav
07:54:17.065 [FXGL Background Thread 3 ] DEBUG Engine               - stageStyle: DECORATED
07:54:17.065 [FXGL Background Thread 3 ] DEBUG Engine               - supportedLanguages: [ENGLISH, FRENCH, GERMAN, HUNGARIAN, RUSSIAN]
07:54:17.065 [FXGL Background Thread 3 ] DEBUG Engine               - ticksPerSecond: -1
07:54:17.065 [FXGL Background Thread 3 ] DEBUG Engine               - title: Teacher Tower Defense
07:54:17.065 [FXGL Background Thread 3 ] DEBUG Engine               - urlGithub: https://github.com/AlmasB/FXGL
07:54:17.065 [FXGL Background Thread 3 ] DEBUG Engine               - urlLeaderboard: http://fxgl-top.herokuapp.com/
07:54:17.065 [FXGL Background Thread 3 ] DEBUG Engine               - urlPOM: https://raw.githubusercontent.com/AlmasB/FXGL/release/README.md
07:54:17.065 [FXGL Background Thread 3 ] DEBUG Engine               - userAppClass: class at.htl.teachertowerdefense.TeacherTowerDefenseApp
07:54:17.065 [FXGL Background Thread 3 ] DEBUG Engine               - version: 0.1
07:54:17.065 [FXGL Background Thread 3 ] DEBUG Engine               - versionCheckDays: 7
07:54:17.065 [FXGL Background Thread 3 ] DEBUG Engine               - width: 960
07:54:17.065 [FXGL Background Thread 3 ] DEBUG Engine               - Logging services
07:54:17.065 [FXGL Background Thread 3 ] DEBUG Engine               - class com.almasb.fxgl.app.services.FXGLAssetLoaderService
07:54:17.066 [FXGL Background Thread 3 ] DEBUG Engine               - class com.almasb.fxgl.app.FXGLApplication$GameApplicationService
07:54:17.066 [FXGL Background Thread 3 ] DEBUG Engine               - class com.almasb.fxgl.app.services.FXGLDialogService
07:54:17.066 [FXGL Background Thread 3 ] DEBUG Engine               - class com.almasb.fxgl.app.services.IOTaskExecutorService
07:54:17.066 [FXGL Background Thread 3 ] DEBUG Engine               - class com.almasb.fxgl.io.FileSystemService
07:54:17.067 [FXGL Background Thread 3 ] DEBUG Engine               - class com.almasb.fxgl.localization.LocalizationService
07:54:17.067 [FXGL Background Thread 3 ] DEBUG Engine               - class com.almasb.fxgl.app.services.SystemBundleService
07:54:17.068 [FXGL Background Thread 3 ] DEBUG Engine               - class com.almasb.fxgl.profile.SaveLoadService
07:54:17.068 [FXGL Background Thread 3 ] DEBUG Engine               - class com.almasb.fxgl.ui.FXGLUIFactoryServiceProvider
07:54:17.068 [FXGL Background Thread 3 ] DEBUG Engine               - class com.almasb.fxgl.ui.FXGLDialogFactoryServiceProvider
07:54:17.068 [FXGL Background Thread 3 ] DEBUG Engine               - class com.almasb.fxgl.audio.AudioPlayer
07:54:17.068 [FXGL Background Thread 3 ] DEBUG Engine               - class com.almasb.fxgl.notification.impl.NotificationServiceProvider
07:54:17.070 [FXGL Background Thread 3 ] DEBUG Engine               - class com.almasb.fxgl.achievement.AchievementService
07:54:17.070 [FXGL Background Thread 3 ] DEBUG Engine               - class com.almasb.fxgl.cutscene.CutsceneService
07:54:17.070 [FXGL Background Thread 3 ] DEBUG Engine               - class com.almasb.fxgl.minigames.MiniGameService
07:54:17.070 [FXGL Background Thread 3 ] DEBUG Engine               - class com.almasb.fxgl.net.NetService
07:54:17.070 [FXGL Background Thread 3 ] DEBUG Engine               - class com.almasb.fxgl.app.services.UpdaterService
07:54:17.071 [FXGL Background Thread 3 ] DEBUG Engine               - class com.almasb.fxgl.dev.DevService
07:54:19.691 [JavaFX Application Thread] DEBUG FXGLApplication      - Exiting FXGL
07:54:19.691 [JavaFX Application Thread] DEBUG LoopRunner           - Stopping loop
07:54:19.691 [JavaFX Application Thread] DEBUG SystemBundleService  - Saving FXGL system data
07:54:19.701 [JavaFX Application Thread] DEBUG FileSystemAccess     - Writing to: C:\Users\lucaa\OneDrive - HTL Saalfelden\POS\Workspace\IntelliJ\FXGL\TeacherTowerDefense\system\fxgl.bundle
07:54:19.702 [JavaFX Application Thread] DEBUG Async                - Shutting down background threads
07:54:19.703 [JavaFX Application Thread] DEBUG PrimaryStageWindow   - Closing main window
07:54:19.729 [JavaFX Application Thread] DEBUG Logger               - Closing Logger
