11:28:46.661 [main                     ] DEBUG Logger               - Configured Logger
11:28:46.669 [main                     ] DEBUG GameApplication      - Logging settings
Title: Teacher Tower Defense
Version: 0.1
Width: 960
Height: 640
Fullscreen: true
Intro: false
Profiling: false
Single step:false
App Mode: DEVELOPER
Menu Key: ESCAPE
Stage Style: DECORATED
Scene Factory: class com.almasb.fxgl.app.scene.SceneFactory

11:28:47.159 [JavaFX Application Thread] DEBUG FXGLApplication      - Initializing FXGL
11:28:47.163 [JavaFX Application Thread] INFO  Engine               - FXGL-17.3 (30.03.2023 11.49) on WINDOWS (J:25 FX:21.0.6)
11:28:47.163 [JavaFX Application Thread] DEBUG Engine               - JRE Vendor Name: Oracle Corporation
11:28:47.163 [JavaFX Application Thread] DEBUG Engine               - Running on OS: Windows 11 version 10.0
11:28:47.163 [JavaFX Application Thread] DEBUG Engine               - Architecture: amd64
11:28:47.163 [JavaFX Application Thread] INFO  Engine               - Source code and latest versions at: https://github.com/AlmasB/FXGL
11:28:47.163 [JavaFX Application Thread] INFO  Engine               -       Ask questions and discuss at: https://github.com/AlmasB/FXGL/discussions
11:28:47.165 [JavaFX Application Thread] INFO  Engine               -              Join the FXGL chat at: https://gitter.im/AlmasB/FXGL
11:28:47.289 [JavaFX Application Thread] DEBUG PrimaryStageWindow   - Creating a JavaFX scene
11:28:47.346 [JavaFX Application Thread] DEBUG PrimaryStageWindow   - Target settings size: 960.0 x 640.0
11:28:47.346 [JavaFX Application Thread] DEBUG PrimaryStageWindow   - Scaled scene size:    960.0 x 640.0
11:28:47.346 [JavaFX Application Thread] DEBUG PrimaryStageWindow   - Scaled ratio: (1.0, 1.0)
11:28:47.348 [JavaFX Application Thread] DEBUG PrimaryStageWindow   - Set initial scene to FXGLStartupScene
11:28:47.353 [JavaFX Application Thread] DEBUG PrimaryStageWindow   - Opening main window
11:28:47.444 [JavaFX Application Thread] DEBUG PrimaryStageWindow   - Window border size: (14.4000244140625, 37.5999755859375)
11:28:47.444 [JavaFX Application Thread] DEBUG PrimaryStageWindow   - Scaled size: 960.0 x 640.0
11:28:47.445 [JavaFX Application Thread] DEBUG PrimaryStageWindow   - Scaled ratio: (1.0, 1.0)
11:28:47.445 [JavaFX Application Thread] DEBUG PrimaryStageWindow   - Scene size: 960.0 x 640.0
11:28:47.445 [JavaFX Application Thread] DEBUG PrimaryStageWindow   - Stage size: 974.4000244140625 x 677.5999755859375
11:28:47.555 [JavaFX Application Thread] DEBUG PrimaryStageWindow   - Going fullscreen
11:28:47.575 [FXGL Background Thread 1 ] DEBUG Engine               - Initializing environment variables
11:28:47.653 [FXGL Background Thread 1 ] DEBUG FXGLAssetLoaderServi - User app class for loading assets: class at.htl.teachertowerdefense.TeacherTowerDefenseApp
11:28:47.653 [FXGL Background Thread 1 ] DEBUG GameApplicationServi - Applying CSS: fxgl_dark.css
11:28:47.654 [FXGL Background Thread 1 ] DEBUG FXGLAssetLoaderServi - Loading from file system: jar:file:/C:/Users/lucaa/.m2/repository/com/github/almasb/fxgl/17.3/fxgl-17.3.jar!/fxglassets/ui/css/fxgl_dark.css
11:28:47.716 [FXGL Background Thread 1 ] DEBUG GameApplicationServi - Initializing application scenes
11:28:47.753 [FXGL Background Thread 1 ] DEBUG GameWorld            - Game world initialized
11:28:47.803 [FXGL Background Thread 1 ] DEBUG PhysicsWorld         - Physics world initialized: appHeight=640, physics.ppm=50,0
11:28:47.804 [FXGL Background Thread 1 ] DEBUG PhysicsWorld         - Using strategy: BRUTE_FORCE
11:28:47.807 [FXGL Background Thread 1 ] DEBUG GameScene            - Game scene initialized: 960x640
11:28:47.818 [FXGL Background Thread 1 ] DEBUG FXGL.DefaultMenu     - createMenuBodyGameMenu()
11:28:47.832 [FXGL Background Thread 1 ] DEBUG FXGL.DefaultMenu     - createOptionsMenu()
11:28:47.846 [FXGL Background Thread 1 ] DEBUG FXGLAssetLoaderServi - Loading from file system: jar:file:/C:/Users/lucaa/.m2/repository/com/github/almasb/fxgl/17.3/fxgl-17.3.jar!/fxglassets/textures/particles/smoke.png
11:28:47.921 [FXGL Background Thread 1 ] DEBUG FXGLAssetLoaderServi - Loading from file system: jar:file:/C:/Users/lucaa/.m2/repository/com/github/almasb/fxgl/17.3/fxgl-17.3.jar!/fxglassets/textures/particles/trace_horizontal.png
11:28:47.945 [FXGL Background Thread 1 ] DEBUG GameApplicationServi - Application scenes initialized
11:28:47.955 [FXGL Background Thread 1 ] DEBUG SystemBundleService  - Loading FXGL system data
11:28:47.958 [FXGL Background Thread 1 ] DEBUG FileSystemAccess     - Reading from: C:\Users\lucaa\OneDrive - HTL Saalfelden\POS\Workspace\IntelliJ\FXGL\TeacherTowerDefense\system\fxgl.bundle
11:28:47.963 [FXGL Background Thread 1 ] DEBUG SystemBundleService  - Bundle FXGL: {}
11:28:47.963 [FXGL Background Thread 1 ] DEBUG UpdaterService       - Checking for updates
11:28:47.967 [FXGL Background Thread 4 ] DEBUG FXGLApplication      - Loading fonts
11:28:47.967 [FXGL Background Thread 4 ] DEBUG FXGLAssetLoaderServi - Loading from file system: jar:file:/C:/Users/lucaa/.m2/repository/com/github/almasb/fxgl/17.3/fxgl-17.3.jar!/fxglassets/ui/fonts/VarelaRound-Regular.ttf
11:28:47.968 [FXGL Background Thread 1 ] DEBUG FXGLApplication      - Loading default localization
11:28:47.968 [FXGL Background Thread 1 ] DEBUG FXGLAssetLoaderServi - Loading from file system: jar:file:/C:/Users/lucaa/.m2/repository/com/github/almasb/fxgl/17.3/fxgl-17.3.jar!/fxglassets/languages/english.lang
11:28:47.983 [FXGL Background Thread 1 ] INFO  FXGLApplication      - FXGL initialization took: 0,408 sec
11:28:47.984 [JavaFX Application Thread] DEBUG FXGLAssetLoaderServi - Loading from file system: jar:file:/C:/Users/lucaa/.m2/repository/com/github/almasb/fxgl/17.3/fxgl-17.3.jar!/fxglassets/textures/fxgl_icon.png
11:28:48.002 [JavaFX Application Thread] DEBUG FXGLAssetLoaderServi - Loading from file system: jar:file:/C:/Users/lucaa/.m2/repository/com/github/almasb/fxgl/17.3/fxgl-17.3.jar!/fxglassets/textures/fxgl_default_cursor.png
11:28:48.015 [JavaFX Application Thread] DEBUG Input                - Registered new binding: Screenshot - CTRL+8
11:28:48.015 [JavaFX Application Thread] DEBUG Input                - Registered new binding: System info dump - CTRL+9
11:28:48.016 [JavaFX Application Thread] DEBUG Input                - Registered new binding: Restart - CTRL+R
11:28:48.016 [JavaFX Application Thread] DEBUG Input                - Registered new binding: Toggle Debug Camera - CTRL+7
11:28:48.019 [JavaFX Application Thread] DEBUG LoopRunner           - Starting loop
11:28:48.019 [JavaFX Application Thread] DEBUG LoopRunner           - Initializing JavaFX AnimationTimerLoop
11:28:48.020 [JavaFX Application Thread] DEBUG GameApplicationServi - Starting new game
11:28:48.021 [JavaFX Application Thread] DEBUG Input                - Clearing active input actions
11:28:48.025 [FXGL Background Thread 4 ] DEBUG FXGLAssetLoaderServi - Loading from file system: jar:file:/C:/Users/lucaa/.m2/repository/com/github/almasb/fxgl/17.3/fxgl-17.3.jar!/fxglassets/ui/fonts/Abel-Regular.ttf
11:28:48.032 [JavaFX Application Thread] DEBUG GameApplicationServi - Removing overlay from FXGLStartupScene and adding to FXGLLoadingScene
11:28:48.032 [JavaFX Application Thread] DEBUG PrimaryStageWindow   - FXGLStartupScene -> FXGLLoadingScene
11:28:48.032 [JavaFX Application Thread] DEBUG GameApplicationServi - Clearing previous game
11:28:48.032 [JavaFX Application Thread] DEBUG GameScene            - Clearing game scene
11:28:48.032 [JavaFX Application Thread] DEBUG GameWorld            - Clearing game world
11:28:48.032 [JavaFX Application Thread] DEBUG PhysicsWorld         - Clearing physics world
11:28:48.034 [FXGL Background Thread 1 ] DEBUG FXGLApplication      - Initializing game
11:28:48.040 [FXGL Background Thread 4 ] DEBUG FXGLAssetLoaderServi - Loading from file system: jar:file:/C:/Users/lucaa/.m2/repository/com/github/almasb/fxgl/17.3/fxgl-17.3.jar!/fxglassets/ui/fonts/TerminalLandMono-Regular.otf
11:28:48.056 [FXGL Background Thread 4 ] DEBUG FXGLAssetLoaderServi - Loading from file system: jar:file:/C:/Users/lucaa/.m2/repository/com/github/almasb/fxgl/17.3/fxgl-17.3.jar!/fxglassets/ui/fonts/Courier-Prime.ttf
11:28:48.083 [FXGL Background Thread 1 ] WARN  TMXLevelLoader       - TiledMap generated from 1.11.2. Supported version: 1.9.0. Some features may not be parsed fully.
11:28:48.084 [JavaFX Application Thread] DEBUG FXGLApplication      - Registering font factories with UI factory
11:28:48.106 [FXGL Background Thread 1 ] DEBUG TMXLevelLoader       - Parsed TiledMap: file:/C:/Users/lucaa/OneDrive%20-%20HTL%20Saalfelden/POS/Workspace/IntelliJ/FXGL/TeacherTowerDefense/target/classes/assets/levels/Map1.tmx
11:28:48.107 [FXGL Background Thread 1 ] DEBUG TMXLevelLoader       - Creating tile layer entities
11:28:48.108 [FXGL Background Thread 1 ] DEBUG TilesetLoader        - Loading view for layer Kachelebene 0
11:28:48.109 [FXGL Background Thread 1 ] DEBUG TilesetLoader        - Created buffer with size 960.0x640.0
11:28:48.143 [FXGL Background Thread 1 ] DEBUG TilesetLoader        - Loading view for layer Kachelebene 1
11:28:48.144 [FXGL Background Thread 1 ] DEBUG TilesetLoader        - Created buffer with size 960.0x640.0
11:28:48.166 [FXGL Background Thread 1 ] DEBUG TilesetLoader        - Loading view for layer Kachelebene 2
11:28:48.167 [FXGL Background Thread 1 ] DEBUG TilesetLoader        - Created buffer with size 960.0x640.0
11:28:48.167 [FXGL Background Thread 1 ] WARN  TilesetLoader        - Diagonally flipped tiles are not currently supported
11:28:48.168 [FXGL Background Thread 1 ] WARN  TilesetLoader        - Diagonally flipped tiles are not currently supported
11:28:48.169 [FXGL Background Thread 1 ] DEBUG TilesetLoader        - Loading view for layer Kachelebene 4
11:28:48.170 [FXGL Background Thread 1 ] DEBUG TilesetLoader        - Created buffer with size 960.0x640.0
11:28:48.170 [FXGL Background Thread 1 ] DEBUG TMXLevelLoader       - Creating object layer entities
11:28:48.197 [FXGL Background Thread 1 ] DEBUG GameWorld            - Clearing removable entities
11:28:48.200 [FXGL Background Thread 1 ] DEBUG GameWorld            - Setting level: com.almasb.fxgl.entity.level.Level@6c017b90
11:28:48.202 [FXGL Background Thread 1 ] INFO  FXGLApplication      - Game initialization took: 0,167 sec
11:28:48.209 [JavaFX Application Thread] DEBUG Input                - Clearing active input actions
11:28:48.215 [JavaFX Application Thread] DEBUG GameApplicationServi - Removing overlay from FXGLLoadingScene and adding to GameScene
11:28:48.216 [JavaFX Application Thread] DEBUG PrimaryStageWindow   - FXGLLoadingScene -> GameScene
11:28:48.336 [FXGL Background Thread 2 ] INFO  UpdaterService       - Your current version:  17.3
11:28:48.336 [FXGL Background Thread 2 ] INFO  UpdaterService       - Latest stable version: 25
11:28:50.972 [FXGL Background Thread 3 ] DEBUG Engine               - Logging environment variables
11:28:50.972 [FXGL Background Thread 3 ] DEBUG Engine               - achievements: []
11:28:50.972 [FXGL Background Thread 3 ] DEBUG Engine               - actualHeight: 864.0
11:28:50.972 [FXGL Background Thread 3 ] DEBUG Engine               - actualHeightProperty: ReadOnlyDoubleProperty [value: 864.0]
11:28:50.972 [FXGL Background Thread 3 ] DEBUG Engine               - actualWidth: 1536.0
11:28:50.972 [FXGL Background Thread 3 ] DEBUG Engine               - actualWidthProperty: ReadOnlyDoubleProperty [value: 1536.0]
11:28:50.972 [FXGL Background Thread 3 ] DEBUG Engine               - appIcon: fxgl_icon.png
11:28:50.972 [FXGL Background Thread 3 ] DEBUG Engine               - applicationMode: DEVELOPER
11:28:50.973 [FXGL Background Thread 3 ] DEBUG Engine               - cSSList: [fxgl_dark.css]
11:28:50.973 [FXGL Background Thread 3 ] DEBUG Engine               - collisionDetectionStrategy: BRUTE_FORCE
11:28:50.973 [FXGL Background Thread 3 ] DEBUG Engine               - configClass: Optional.empty
11:28:50.973 [FXGL Background Thread 3 ] DEBUG Engine               - credits: []
11:28:50.973 [FXGL Background Thread 3 ] DEBUG Engine               - defaultCursor: CursorInfo(imageName=fxgl_default_cursor.png, hotspotX=7.0, hotspotY=6.0)
11:28:50.973 [FXGL Background Thread 3 ] DEBUG Engine               - devBBoxColorProperty: ObjectProperty [value: 0xff0000ff]
11:28:50.973 [FXGL Background Thread 3 ] DEBUG Engine               - devEnableDebugCameraProperty: BooleanProperty [value: false]
11:28:50.973 [FXGL Background Thread 3 ] DEBUG Engine               - devSensorColorProperty: ObjectProperty [value: 0xffff00ff]
11:28:50.973 [FXGL Background Thread 3 ] DEBUG Engine               - devShowBBoxProperty: BooleanProperty [value: false]
11:28:50.973 [FXGL Background Thread 3 ] DEBUG Engine               - devShowPositionProperty: BooleanProperty [value: false]
11:28:50.973 [FXGL Background Thread 3 ] DEBUG Engine               - enabledMenuItems: []
11:28:50.973 [FXGL Background Thread 3 ] DEBUG Engine               - engineServices: [class com.almasb.fxgl.app.services.FXGLAssetLoaderService, class com.almasb.fxgl.app.FXGLApplication$GameApplicationService, class com.almasb.fxgl.app.services.FXGLDialogService, class com.almasb.fxgl.app.services.IOTaskExecutorService, class com.almasb.fxgl.io.FileSystemService, class com.almasb.fxgl.localization.LocalizationService, class com.almasb.fxgl.app.services.SystemBundleService, class com.almasb.fxgl.profile.SaveLoadService, class com.almasb.fxgl.ui.FXGLUIFactoryServiceProvider, class com.almasb.fxgl.ui.FXGLDialogFactoryServiceProvider, class com.almasb.fxgl.audio.AudioPlayer, class com.almasb.fxgl.notification.impl.NotificationServiceProvider, class com.almasb.fxgl.achievement.AchievementService, class com.almasb.fxgl.cutscene.CutsceneService, class com.almasb.fxgl.minigames.MiniGameService, class com.almasb.fxgl.net.NetService, class com.almasb.fxgl.app.services.UpdaterService, class com.almasb.fxgl.dev.DevService]
11:28:50.973 [FXGL Background Thread 3 ] DEBUG Engine               - fontGame: Abel-Regular.ttf
11:28:50.973 [FXGL Background Thread 3 ] DEBUG Engine               - fontMono: TerminalLandMono-Regular.otf
11:28:50.973 [FXGL Background Thread 3 ] DEBUG Engine               - fontSizeScaleUI: 1.0
11:28:50.973 [FXGL Background Thread 3 ] DEBUG Engine               - fontText: Courier-Prime.ttf
11:28:50.973 [FXGL Background Thread 3 ] DEBUG Engine               - fontUI: VarelaRound-Regular.ttf
11:28:50.973 [FXGL Background Thread 3 ] DEBUG Engine               - fullScreen: BooleanProperty [value: true]
11:28:50.973 [FXGL Background Thread 3 ] DEBUG Engine               - gameDifficulty: MEDIUM
11:28:50.973 [FXGL Background Thread 3 ] DEBUG Engine               - gameDifficultyProperty: ObjectProperty [value: MEDIUM]
11:28:50.973 [FXGL Background Thread 3 ] DEBUG Engine               - globalMusicVolume: 0.5
11:28:50.973 [FXGL Background Thread 3 ] DEBUG Engine               - globalMusicVolumeProperty: DoubleProperty [value: 0.5]
11:28:50.973 [FXGL Background Thread 3 ] DEBUG Engine               - globalSoundVolume: 0.5
11:28:50.973 [FXGL Background Thread 3 ] DEBUG Engine               - globalSoundVolumeProperty: DoubleProperty [value: 0.5]
11:28:50.973 [FXGL Background Thread 3 ] DEBUG Engine               - height: 640
11:28:50.973 [FXGL Background Thread 3 ] DEBUG Engine               - is3D: false
11:28:50.973 [FXGL Background Thread 3 ] DEBUG Engine               - isAndroid: false
11:28:50.973 [FXGL Background Thread 3 ] DEBUG Engine               - isBrowser: false
11:28:50.973 [FXGL Background Thread 3 ] DEBUG Engine               - isClickFeedbackEnabled: false
11:28:50.973 [FXGL Background Thread 3 ] DEBUG Engine               - isCloseConfirmation: false
11:28:50.973 [FXGL Background Thread 3 ] DEBUG Engine               - isDesktop: true
11:28:50.973 [FXGL Background Thread 3 ] DEBUG Engine               - isDeveloperMenuEnabled: false
11:28:50.973 [FXGL Background Thread 3 ] DEBUG Engine               - isEmbedded: false
11:28:50.975 [FXGL Background Thread 3 ] DEBUG Engine               - isEntityPreloadEnabled: true
11:28:50.975 [FXGL Background Thread 3 ] DEBUG Engine               - isExperimentalTiledLargeMap: false
11:28:50.975 [FXGL Background Thread 3 ] DEBUG Engine               - isFileSystemWriteAllowed: true
11:28:50.975 [FXGL Background Thread 3 ] DEBUG Engine               - isFullScreenAllowed: true
11:28:50.975 [FXGL Background Thread 3 ] DEBUG Engine               - isFullScreenFromStart: true
11:28:50.975 [FXGL Background Thread 3 ] DEBUG Engine               - isGameMenuEnabled: true
11:28:50.975 [FXGL Background Thread 3 ] DEBUG Engine               - isIOS: false
11:28:50.975 [FXGL Background Thread 3 ] DEBUG Engine               - isIntroEnabled: false
11:28:50.975 [FXGL Background Thread 3 ] DEBUG Engine               - isLinux: false
11:28:50.975 [FXGL Background Thread 3 ] DEBUG Engine               - isMac: false
11:28:50.975 [FXGL Background Thread 3 ] DEBUG Engine               - isMainMenuEnabled: false
11:28:50.975 [FXGL Background Thread 3 ] DEBUG Engine               - isManualResizeEnabled: false
11:28:50.975 [FXGL Background Thread 3 ] DEBUG Engine               - isMobile: false
11:28:50.975 [FXGL Background Thread 3 ] DEBUG Engine               - isNative: false
11:28:50.975 [FXGL Background Thread 3 ] DEBUG Engine               - isPauseMusicWhenMinimized: true
11:28:50.975 [FXGL Background Thread 3 ] DEBUG Engine               - isPreserveResizeRatio: false
11:28:50.975 [FXGL Background Thread 3 ] DEBUG Engine               - isProfilingEnabled: false
11:28:50.975 [FXGL Background Thread 3 ] DEBUG Engine               - isScaleAffectedOnResize: true
11:28:50.975 [FXGL Background Thread 3 ] DEBUG Engine               - isSingleStep: false
11:28:50.975 [FXGL Background Thread 3 ] DEBUG Engine               - isUserProfileEnabled: false
11:28:50.975 [FXGL Background Thread 3 ] DEBUG Engine               - isWindows: true
11:28:50.975 [FXGL Background Thread 3 ] DEBUG Engine               - language: ObjectProperty [value: ENGLISH]
11:28:50.976 [FXGL Background Thread 3 ] DEBUG Engine               - menuKey: ESCAPE
11:28:50.976 [FXGL Background Thread 3 ] DEBUG Engine               - mouseSensitivity: 0.2
11:28:50.976 [FXGL Background Thread 3 ] DEBUG Engine               - notificationViewClass: class com.almasb.fxgl.notification.view.XboxNotificationView
11:28:50.976 [FXGL Background Thread 3 ] DEBUG Engine               - pixelsPerMeter: 50.0
11:28:50.976 [FXGL Background Thread 3 ] DEBUG Engine               - platform: WINDOWS
11:28:50.976 [FXGL Background Thread 3 ] DEBUG Engine               - prefHeightProperty: ReadOnlyDoubleProperty [value: 640.0]
11:28:50.976 [FXGL Background Thread 3 ] DEBUG Engine               - prefWidthProperty: ReadOnlyDoubleProperty [value: 960.0]
11:28:50.976 [FXGL Background Thread 3 ] DEBUG Engine               - profileDir: profiles/
11:28:50.976 [FXGL Background Thread 3 ] DEBUG Engine               - profileName: StringProperty [value: DEFAULT]
11:28:50.976 [FXGL Background Thread 3 ] DEBUG Engine               - randomSeed: -1
11:28:50.976 [FXGL Background Thread 3 ] DEBUG Engine               - runtimeInfo: RuntimeInfo(platform=WINDOWS, version=17.3, build=30.03.2023 11.49)
11:28:50.976 [FXGL Background Thread 3 ] DEBUG Engine               - saveFileExt: sav
11:28:50.976 [FXGL Background Thread 3 ] DEBUG Engine               - scaledHeightProp$fxgl: DoubleProperty [bound, value: 864.0]
11:28:50.976 [FXGL Background Thread 3 ] DEBUG Engine               - scaledWidthProp$fxgl: DoubleProperty [bound, value: 1536.0]
11:28:50.978 [FXGL Background Thread 3 ] DEBUG Engine               - sceneFactory: com.almasb.fxgl.app.scene.SceneFactory@2261b8a2
11:28:50.978 [FXGL Background Thread 3 ] DEBUG Engine               - secondsIn24h: 60
11:28:50.978 [FXGL Background Thread 3 ] DEBUG Engine               - soundMenuBack: menu/back.wav
11:28:50.978 [FXGL Background Thread 3 ] DEBUG Engine               - soundMenuPress: menu/press.wav
11:28:50.978 [FXGL Background Thread 3 ] DEBUG Engine               - soundMenuSelect: menu/select.wav
11:28:50.978 [FXGL Background Thread 3 ] DEBUG Engine               - soundNotification: core/notification.wav
11:28:50.978 [FXGL Background Thread 3 ] DEBUG Engine               - stageStyle: DECORATED
11:28:50.978 [FXGL Background Thread 3 ] DEBUG Engine               - supportedLanguages: [ENGLISH, FRENCH, GERMAN, HUNGARIAN, RUSSIAN]
11:28:50.978 [FXGL Background Thread 3 ] DEBUG Engine               - ticksPerSecond: -1
11:28:50.979 [FXGL Background Thread 3 ] DEBUG Engine               - title: Teacher Tower Defense
11:28:50.979 [FXGL Background Thread 3 ] DEBUG Engine               - urlGithub: https://github.com/AlmasB/FXGL
11:28:50.979 [FXGL Background Thread 3 ] DEBUG Engine               - urlLeaderboard: http://fxgl-top.herokuapp.com/
11:28:50.979 [FXGL Background Thread 3 ] DEBUG Engine               - urlPOM: https://raw.githubusercontent.com/AlmasB/FXGL/release/README.md
11:28:50.979 [FXGL Background Thread 3 ] DEBUG Engine               - userAppClass: class at.htl.teachertowerdefense.TeacherTowerDefenseApp
11:28:50.979 [FXGL Background Thread 3 ] DEBUG Engine               - version: 0.1
11:28:50.979 [FXGL Background Thread 3 ] DEBUG Engine               - versionCheckDays: 7
11:28:50.979 [FXGL Background Thread 3 ] DEBUG Engine               - width: 960
11:28:50.979 [FXGL Background Thread 3 ] DEBUG Engine               - Logging services
11:28:50.979 [FXGL Background Thread 3 ] DEBUG Engine               - class com.almasb.fxgl.app.services.FXGLAssetLoaderService
11:28:50.979 [FXGL Background Thread 3 ] DEBUG Engine               - class com.almasb.fxgl.app.FXGLApplication$GameApplicationService
11:28:50.979 [FXGL Background Thread 3 ] DEBUG Engine               - class com.almasb.fxgl.app.services.FXGLDialogService
11:28:50.979 [FXGL Background Thread 3 ] DEBUG Engine               - class com.almasb.fxgl.app.services.IOTaskExecutorService
11:28:50.979 [FXGL Background Thread 3 ] DEBUG Engine               - class com.almasb.fxgl.io.FileSystemService
11:28:50.979 [FXGL Background Thread 3 ] DEBUG Engine               - class com.almasb.fxgl.localization.LocalizationService
11:28:50.979 [FXGL Background Thread 3 ] DEBUG Engine               - class com.almasb.fxgl.app.services.SystemBundleService
11:28:50.979 [FXGL Background Thread 3 ] DEBUG Engine               - class com.almasb.fxgl.profile.SaveLoadService
11:28:50.979 [FXGL Background Thread 3 ] DEBUG Engine               - class com.almasb.fxgl.ui.FXGLUIFactoryServiceProvider
11:28:50.979 [FXGL Background Thread 3 ] DEBUG Engine               - class com.almasb.fxgl.ui.FXGLDialogFactoryServiceProvider
11:28:50.979 [FXGL Background Thread 3 ] DEBUG Engine               - class com.almasb.fxgl.audio.AudioPlayer
11:28:50.979 [FXGL Background Thread 3 ] DEBUG Engine               - class com.almasb.fxgl.notification.impl.NotificationServiceProvider
11:28:50.979 [FXGL Background Thread 3 ] DEBUG Engine               - class com.almasb.fxgl.achievement.AchievementService
11:28:50.979 [FXGL Background Thread 3 ] DEBUG Engine               - class com.almasb.fxgl.cutscene.CutsceneService
11:28:50.979 [FXGL Background Thread 3 ] DEBUG Engine               - class com.almasb.fxgl.minigames.MiniGameService
11:28:50.979 [FXGL Background Thread 3 ] DEBUG Engine               - class com.almasb.fxgl.net.NetService
11:28:50.979 [FXGL Background Thread 3 ] DEBUG Engine               - class com.almasb.fxgl.app.services.UpdaterService
11:28:50.979 [FXGL Background Thread 3 ] DEBUG Engine               - class com.almasb.fxgl.dev.DevService
11:28:53.015 [JavaFX Application Thread] DEBUG FXGLApplication      - Exiting FXGL
11:28:53.016 [JavaFX Application Thread] DEBUG LoopRunner           - Stopping loop
11:28:53.016 [JavaFX Application Thread] DEBUG SystemBundleService  - Saving FXGL system data
11:28:53.027 [JavaFX Application Thread] DEBUG FileSystemAccess     - Writing to: C:\Users\lucaa\OneDrive - HTL Saalfelden\POS\Workspace\IntelliJ\FXGL\TeacherTowerDefense\system\fxgl.bundle
11:28:53.037 [JavaFX Application Thread] DEBUG Async                - Shutting down background threads
11:28:53.038 [JavaFX Application Thread] DEBUG PrimaryStageWindow   - Closing main window
11:28:53.178 [JavaFX Application Thread] DEBUG Logger               - Closing Logger
