08:35:01.167 [main                     ] DEBUG Logger               - Configured Logger
08:35:01.175 [main                     ] DEBUG GameApplication      - Logging settings
Title: Teacher Tower Defense
Version: 0.1
Width: 960
Height: 640
Fullscreen: false
Intro: false
Profiling: false
Single step:false
App Mode: DEVELOPER
Menu Key: ESCAPE
Stage Style: DECORATED
Scene Factory: class com.almasb.fxgl.app.scene.SceneFactory

08:35:01.857 [JavaFX Application Thread] DEBUG FXGLApplication      - Initializing FXGL
08:35:01.861 [JavaFX Application Thread] INFO  Engine               - FXGL-17.3 (30.03.2023 11.49) on WINDOWS (J:25.0.2 FX:21.0.6)
08:35:01.861 [JavaFX Application Thread] DEBUG Engine               - JRE Vendor Name: Oracle Corporation
08:35:01.861 [JavaFX Application Thread] DEBUG Engine               - Running on OS: Windows 11 version 10.0
08:35:01.861 [JavaFX Application Thread] DEBUG Engine               - Architecture: amd64
08:35:01.861 [JavaFX Application Thread] INFO  Engine               - Source code and latest versions at: https://github.com/AlmasB/FXGL
08:35:01.861 [JavaFX Application Thread] INFO  Engine               -       Ask questions and discuss at: https://github.com/AlmasB/FXGL/discussions
08:35:01.861 [JavaFX Application Thread] INFO  Engine               -              Join the FXGL chat at: https://gitter.im/AlmasB/FXGL
08:35:02.009 [JavaFX Application Thread] DEBUG PrimaryStageWindow   - Creating a JavaFX scene
08:35:02.078 [JavaFX Application Thread] DEBUG PrimaryStageWindow   - Target settings size: 960.0 x 640.0
08:35:02.078 [JavaFX Application Thread] DEBUG PrimaryStageWindow   - Scaled scene size:    960.0 x 640.0
08:35:02.079 [JavaFX Application Thread] DEBUG PrimaryStageWindow   - Scaled ratio: (1.0, 1.0)
08:35:02.080 [JavaFX Application Thread] DEBUG PrimaryStageWindow   - Set initial scene to FXGLStartupScene
08:35:02.086 [JavaFX Application Thread] DEBUG PrimaryStageWindow   - Opening main window
08:35:02.210 [JavaFX Application Thread] DEBUG PrimaryStageWindow   - Window border size: (14.4000244140625, 37.5999755859375)
08:35:02.210 [JavaFX Application Thread] DEBUG PrimaryStageWindow   - Scaled size: 960.0 x 640.0
08:35:02.210 [JavaFX Application Thread] DEBUG PrimaryStageWindow   - Scaled ratio: (1.0, 1.0)
08:35:02.210 [JavaFX Application Thread] DEBUG PrimaryStageWindow   - Scene size: 960.0 x 640.0
08:35:02.211 [JavaFX Application Thread] DEBUG PrimaryStageWindow   - Stage size: 974.4000244140625 x 677.5999755859375
08:35:02.220 [FXGL Background Thread 1 ] DEBUG Engine               - Initializing environment variables
08:35:02.272 [FXGL Background Thread 1 ] DEBUG FXGLAssetLoaderServi - User app class for loading assets: class at.htl.teachertowerdefense.TeacherTowerDefenseApp
08:35:02.272 [FXGL Background Thread 1 ] DEBUG GameApplicationServi - Applying CSS: fxgl_dark.css
08:35:02.272 [FXGL Background Thread 1 ] DEBUG FXGLAssetLoaderServi - Loading from file system: jar:file:/C:/Users/lucaa/.m2/repository/com/github/almasb/fxgl/17.3/fxgl-17.3.jar!/fxglassets/ui/css/fxgl_dark.css
08:35:02.311 [FXGL Background Thread 1 ] DEBUG GameApplicationServi - Initializing application scenes
08:35:02.356 [FXGL Background Thread 1 ] DEBUG GameWorld            - Game world initialized
08:35:02.399 [FXGL Background Thread 1 ] DEBUG PhysicsWorld         - Physics world initialized: appHeight=640, physics.ppm=50,0
08:35:02.401 [FXGL Background Thread 1 ] DEBUG PhysicsWorld         - Using strategy: BRUTE_FORCE
08:35:02.404 [FXGL Background Thread 1 ] DEBUG GameScene            - Game scene initialized: 960x640
08:35:02.417 [FXGL Background Thread 1 ] DEBUG FXGL.DefaultMenu     - createMenuBodyGameMenu()
08:35:02.435 [FXGL Background Thread 1 ] DEBUG FXGL.DefaultMenu     - createOptionsMenu()
08:35:02.446 [FXGL Background Thread 1 ] DEBUG FXGLAssetLoaderServi - Loading from file system: jar:file:/C:/Users/lucaa/.m2/repository/com/github/almasb/fxgl/17.3/fxgl-17.3.jar!/fxglassets/textures/particles/smoke.png
08:35:02.538 [FXGL Background Thread 1 ] DEBUG FXGLAssetLoaderServi - Loading from file system: jar:file:/C:/Users/lucaa/.m2/repository/com/github/almasb/fxgl/17.3/fxgl-17.3.jar!/fxglassets/textures/particles/trace_horizontal.png
08:35:02.563 [FXGL Background Thread 1 ] DEBUG GameApplicationServi - Application scenes initialized
08:35:02.577 [FXGL Background Thread 1 ] DEBUG SystemBundleService  - Loading FXGL system data
08:35:02.579 [FXGL Background Thread 1 ] DEBUG FileSystemAccess     - Reading from: C:\Users\lucaa\OneDrive - HTL Saalfelden\POS\Workspace\IntelliJ\FXGL\TeacherTowerDefense\system\fxgl.bundle
08:35:02.581 [FXGL Background Thread 1 ] DEBUG SystemBundleService  - Bundle FXGL: {}
08:35:02.581 [FXGL Background Thread 1 ] DEBUG UpdaterService       - Checking for updates
08:35:02.585 [FXGL Background Thread 4 ] DEBUG FXGLApplication      - Loading fonts
08:35:02.586 [FXGL Background Thread 4 ] DEBUG FXGLAssetLoaderServi - Loading from file system: jar:file:/C:/Users/lucaa/.m2/repository/com/github/almasb/fxgl/17.3/fxgl-17.3.jar!/fxglassets/ui/fonts/VarelaRound-Regular.ttf
08:35:02.586 [FXGL Background Thread 1 ] DEBUG FXGLApplication      - Loading default localization
08:35:02.586 [FXGL Background Thread 1 ] DEBUG FXGLAssetLoaderServi - Loading from file system: jar:file:/C:/Users/lucaa/.m2/repository/com/github/almasb/fxgl/17.3/fxgl-17.3.jar!/fxglassets/languages/english.lang
08:35:02.607 [FXGL Background Thread 1 ] INFO  FXGLApplication      - FXGL initialization took: 0,387 sec
08:35:02.609 [FXGL Background Thread 4 ] DEBUG FXGLAssetLoaderServi - Loading from file system: jar:file:/C:/Users/lucaa/.m2/repository/com/github/almasb/fxgl/17.3/fxgl-17.3.jar!/fxglassets/ui/fonts/Abel-Regular.ttf
08:35:02.609 [JavaFX Application Thread] DEBUG FXGLAssetLoaderServi - Loading from file system: jar:file:/C:/Users/lucaa/.m2/repository/com/github/almasb/fxgl/17.3/fxgl-17.3.jar!/fxglassets/textures/fxgl_icon.png
08:35:02.622 [FXGL Background Thread 4 ] DEBUG FXGLAssetLoaderServi - Loading from file system: jar:file:/C:/Users/lucaa/.m2/repository/com/github/almasb/fxgl/17.3/fxgl-17.3.jar!/fxglassets/ui/fonts/TerminalLandMono-Regular.otf
08:35:02.633 [JavaFX Application Thread] DEBUG FXGLAssetLoaderServi - Loading from file system: jar:file:/C:/Users/lucaa/.m2/repository/com/github/almasb/fxgl/17.3/fxgl-17.3.jar!/fxglassets/textures/fxgl_default_cursor.png
08:35:02.637 [FXGL Background Thread 4 ] DEBUG FXGLAssetLoaderServi - Loading from file system: jar:file:/C:/Users/lucaa/.m2/repository/com/github/almasb/fxgl/17.3/fxgl-17.3.jar!/fxglassets/ui/fonts/Courier-Prime.ttf
08:35:02.645 [JavaFX Application Thread] DEBUG Input                - Registered new binding: Screenshot - CTRL+8
08:35:02.646 [JavaFX Application Thread] DEBUG Input                - Registered new binding: System info dump - CTRL+9
08:35:02.653 [JavaFX Application Thread] DEBUG Input                - Registered new binding: Restart - CTRL+R
08:35:02.655 [JavaFX Application Thread] DEBUG Input                - Registered new binding: Toggle Debug Camera - CTRL+7
08:35:02.662 [JavaFX Application Thread] DEBUG LoopRunner           - Starting loop
08:35:02.662 [JavaFX Application Thread] DEBUG LoopRunner           - Initializing JavaFX AnimationTimerLoop
08:35:02.665 [JavaFX Application Thread] DEBUG GameApplicationServi - Starting new game
08:35:02.665 [JavaFX Application Thread] DEBUG Input                - Clearing active input actions
08:35:02.677 [JavaFX Application Thread] DEBUG GameApplicationServi - Removing overlay from FXGLStartupScene and adding to FXGLLoadingScene
08:35:02.677 [JavaFX Application Thread] DEBUG PrimaryStageWindow   - FXGLStartupScene -> FXGLLoadingScene
08:35:02.677 [JavaFX Application Thread] DEBUG GameApplicationServi - Clearing previous game
08:35:02.677 [JavaFX Application Thread] DEBUG GameScene            - Clearing game scene
08:35:02.677 [JavaFX Application Thread] DEBUG GameWorld            - Clearing game world
08:35:02.677 [JavaFX Application Thread] DEBUG PhysicsWorld         - Clearing physics world
08:35:02.679 [JavaFX Application Thread] DEBUG FXGLApplication      - Registering font factories with UI factory
08:35:02.679 [FXGL Background Thread 4 ] DEBUG FXGLApplication      - Initializing game
08:35:02.725 [FXGL Background Thread 4 ] WARN  TMXLevelLoader       - TiledMap generated from 1.11.2. Supported version: 1.9.0. Some features may not be parsed fully.
08:35:02.756 [FXGL Background Thread 4 ] DEBUG TMXLevelLoader       - Parsed TiledMap: file:/C:/Users/lucaa/OneDrive%20-%20HTL%20Saalfelden/POS/Workspace/IntelliJ/FXGL/TeacherTowerDefense/target/classes/assets/levels/Level1.tmx
08:35:02.757 [FXGL Background Thread 4 ] DEBUG TMXLevelLoader       - Creating tile layer entities
08:35:02.759 [FXGL Background Thread 4 ] DEBUG TilesetLoader        - Loading view for layer Kachelebene 0
08:35:02.759 [FXGL Background Thread 4 ] DEBUG TilesetLoader        - Created buffer with size 960.0x640.0
08:35:02.798 [FXGL Background Thread 4 ] DEBUG TilesetLoader        - Loading view for layer Kachelebene 1
08:35:02.802 [FXGL Background Thread 4 ] DEBUG TilesetLoader        - Created buffer with size 960.0x640.0
08:35:02.841 [FXGL Background Thread 4 ] DEBUG TilesetLoader        - Loading view for layer Kachelebene 2
08:35:02.841 [FXGL Background Thread 4 ] DEBUG TilesetLoader        - Created buffer with size 960.0x640.0
08:35:02.842 [FXGL Background Thread 4 ] WARN  TilesetLoader        - Diagonally flipped tiles are not currently supported
08:35:02.842 [FXGL Background Thread 4 ] WARN  TilesetLoader        - Diagonally flipped tiles are not currently supported
08:35:02.843 [FXGL Background Thread 4 ] DEBUG TilesetLoader        - Loading view for layer Kachelebene 4
08:35:02.843 [FXGL Background Thread 4 ] DEBUG TilesetLoader        - Created buffer with size 960.0x640.0
08:35:02.845 [FXGL Background Thread 4 ] DEBUG TMXLevelLoader       - Creating object layer entities
08:35:02.872 [FXGL Background Thread 4 ] DEBUG GameWorld            - Clearing removable entities
08:35:02.872 [FXGL Background Thread 4 ] DEBUG GameWorld            - Setting level: com.almasb.fxgl.entity.level.Level@69afc2dd
08:35:02.878 [FXGL Background Thread 4 ] INFO  FXGLApplication      - Game initialization took: 0,200 sec
08:35:02.892 [JavaFX Application Thread] DEBUG Input                - Clearing active input actions
08:35:02.902 [JavaFX Application Thread] DEBUG GameApplicationServi - Removing overlay from FXGLLoadingScene and adding to GameScene
08:35:02.903 [JavaFX Application Thread] DEBUG PrimaryStageWindow   - FXGLLoadingScene -> GameScene
08:35:03.129 [FXGL Background Thread 2 ] INFO  UpdaterService       - Your current version:  17.3
08:35:03.129 [FXGL Background Thread 2 ] INFO  UpdaterService       - Latest stable version: 25
08:35:05.083 [JavaFX Application Thread] DEBUG FXGLApplication      - Exiting FXGL
08:35:05.083 [JavaFX Application Thread] DEBUG LoopRunner           - Stopping loop
08:35:05.083 [JavaFX Application Thread] DEBUG SystemBundleService  - Saving FXGL system data
08:35:05.085 [JavaFX Application Thread] DEBUG FileSystemAccess     - Writing to: C:\Users\lucaa\OneDrive - HTL Saalfelden\POS\Workspace\IntelliJ\FXGL\TeacherTowerDefense\system\fxgl.bundle
08:35:05.087 [JavaFX Application Thread] DEBUG Async                - Shutting down background threads
08:35:05.087 [JavaFX Application Thread] DEBUG PrimaryStageWindow   - Closing main window
08:35:05.123 [JavaFX Application Thread] DEBUG Logger               - Closing Logger
