09:52:00.959 [main                     ] DEBUG Logger               - Configured Logger
09:52:00.979 [main                     ] DEBUG GameApplication      - Logging settings
Title: Teacher Tower Defense
Version: 0.1
Width: 1200
Height: 640
Fullscreen: true
Intro: false
Profiling: false
Single step:false
App Mode: DEVELOPER
Menu Key: ESCAPE
Stage Style: DECORATED
Scene Factory: class at.htl.teachertowerdefense.CustomSceneFactory

09:52:02.461 [JavaFX Application Thread] DEBUG FXGLApplication      - Initializing FXGL
09:52:02.467 [JavaFX Application Thread] INFO  Engine               - FXGL-17.3 (30.03.2023 11.49) on WINDOWS (J:25.0.2 FX:21.0.6)
09:52:02.467 [JavaFX Application Thread] DEBUG Engine               - JRE Vendor Name: Oracle Corporation
09:52:02.468 [JavaFX Application Thread] DEBUG Engine               - Running on OS: Windows 11 version 10.0
09:52:02.468 [JavaFX Application Thread] DEBUG Engine               - Architecture: amd64
09:52:02.468 [JavaFX Application Thread] INFO  Engine               - Source code and latest versions at: https://github.com/AlmasB/FXGL
09:52:02.468 [JavaFX Application Thread] INFO  Engine               -       Ask questions and discuss at: https://github.com/AlmasB/FXGL/discussions
09:52:02.468 [JavaFX Application Thread] INFO  Engine               -              Join the FXGL chat at: https://gitter.im/AlmasB/FXGL
09:52:02.708 [JavaFX Application Thread] DEBUG PrimaryStageWindow   - Creating a JavaFX scene
09:52:02.852 [JavaFX Application Thread] DEBUG PrimaryStageWindow   - Target settings size: 1200.0 x 640.0
09:52:02.853 [JavaFX Application Thread] DEBUG PrimaryStageWindow   - Scaled scene size:    1200.0 x 640.0
09:52:02.853 [JavaFX Application Thread] DEBUG PrimaryStageWindow   - Scaled ratio: (1.0, 1.0)
09:52:02.855 [JavaFX Application Thread] DEBUG PrimaryStageWindow   - Set initial scene to FXGLStartupScene
09:52:02.866 [JavaFX Application Thread] DEBUG PrimaryStageWindow   - Opening main window
09:52:03.084 [JavaFX Application Thread] DEBUG PrimaryStageWindow   - Window border size: (14.4000244140625, 37.5999755859375)
09:52:03.084 [JavaFX Application Thread] DEBUG PrimaryStageWindow   - Scaled size: 1200.0 x 640.0
09:52:03.084 [JavaFX Application Thread] DEBUG PrimaryStageWindow   - Scaled ratio: (1.0, 1.0)
09:52:03.084 [JavaFX Application Thread] DEBUG PrimaryStageWindow   - Scene size: 1200.0 x 640.0
09:52:03.085 [JavaFX Application Thread] DEBUG PrimaryStageWindow   - Stage size: 1214.4000244140625 x 677.5999755859375
09:52:03.302 [JavaFX Application Thread] DEBUG PrimaryStageWindow   - Going fullscreen
09:52:03.314 [FXGL Background Thread 1 ] DEBUG Engine               - Initializing environment variables
09:52:03.378 [FXGL Background Thread 1 ] DEBUG FXGLAssetLoaderServi - User app class for loading assets: class at.htl.teachertowerdefense.TeacherTowerDefenseApp
09:52:03.378 [FXGL Background Thread 1 ] DEBUG GameApplicationServi - Applying CSS: fxgl_dark.css
09:52:03.380 [FXGL Background Thread 1 ] DEBUG FXGLAssetLoaderServi - Loading from file system: jar:file:/C:/Users/lucaa/.m2/repository/com/github/almasb/fxgl/17.3/fxgl-17.3.jar!/fxglassets/ui/css/fxgl_dark.css
09:52:03.442 [FXGL Background Thread 1 ] DEBUG GameApplicationServi - Initializing application scenes
09:52:03.505 [FXGL Background Thread 1 ] DEBUG GameWorld            - Game world initialized
09:52:03.571 [FXGL Background Thread 1 ] DEBUG PhysicsWorld         - Physics world initialized: appHeight=640, physics.ppm=50,0
09:52:03.571 [FXGL Background Thread 1 ] DEBUG PhysicsWorld         - Using strategy: BRUTE_FORCE
09:52:03.577 [FXGL Background Thread 1 ] DEBUG GameScene            - Game scene initialized: 1200x640
09:52:03.584 [FXGL Background Thread 1 ] DEBUG FXGLAssetLoaderServi - Loading from file system: file:/C:/Users/lucaa/OneDrive%20-%20HTL%20Saalfelden/POS/Workspace/IntelliJ/FXGL/TeacherTowerDefense/target/classes/assets/textures/menu_bg.png
09:52:03.715 [FXGL Background Thread 1 ] DEBUG GameApplicationServi - Application scenes initialized
09:52:03.729 [FXGL Background Thread 1 ] DEBUG SystemBundleService  - Loading FXGL system data
09:52:03.740 [FXGL Background Thread 1 ] DEBUG FileSystemAccess     - Reading from: C:\Users\lucaa\OneDrive - HTL Saalfelden\POS\Workspace\IntelliJ\FXGL\TeacherTowerDefense\system\fxgl.bundle
09:52:03.744 [FXGL Background Thread 1 ] DEBUG SystemBundleService  - Bundle FXGL: {}
09:52:03.745 [FXGL Background Thread 1 ] DEBUG UpdaterService       - Checking for updates
09:52:03.795 [FXGL Background Thread 4 ] DEBUG FXGLApplication      - Loading fonts
09:52:03.796 [FXGL Background Thread 4 ] DEBUG FXGLAssetLoaderServi - Loading from file system: jar:file:/C:/Users/lucaa/.m2/repository/com/github/almasb/fxgl/17.3/fxgl-17.3.jar!/fxglassets/ui/fonts/VarelaRound-Regular.ttf
09:52:03.796 [FXGL Background Thread 1 ] DEBUG FXGLApplication      - Loading default localization
09:52:03.797 [FXGL Background Thread 1 ] DEBUG FXGLAssetLoaderServi - Loading from file system: jar:file:/C:/Users/lucaa/.m2/repository/com/github/almasb/fxgl/17.3/fxgl-17.3.jar!/fxglassets/languages/english.lang
09:52:03.822 [FXGL Background Thread 4 ] DEBUG FXGLAssetLoaderServi - Loading from file system: jar:file:/C:/Users/lucaa/.m2/repository/com/github/almasb/fxgl/17.3/fxgl-17.3.jar!/fxglassets/ui/fonts/Abel-Regular.ttf
09:52:03.823 [FXGL Background Thread 1 ] INFO  FXGLApplication      - FXGL initialization took: 0,510 sec
09:52:03.825 [JavaFX Application Thread] DEBUG FXGLAssetLoaderServi - Loading from file system: jar:file:/C:/Users/lucaa/.m2/repository/com/github/almasb/fxgl/17.3/fxgl-17.3.jar!/fxglassets/textures/fxgl_icon.png
09:52:03.842 [FXGL Background Thread 4 ] DEBUG FXGLAssetLoaderServi - Loading from file system: jar:file:/C:/Users/lucaa/.m2/repository/com/github/almasb/fxgl/17.3/fxgl-17.3.jar!/fxglassets/ui/fonts/TerminalLandMono-Regular.otf
09:52:03.861 [FXGL Background Thread 4 ] DEBUG FXGLAssetLoaderServi - Loading from file system: jar:file:/C:/Users/lucaa/.m2/repository/com/github/almasb/fxgl/17.3/fxgl-17.3.jar!/fxglassets/ui/fonts/Courier-Prime.ttf
09:52:03.878 [JavaFX Application Thread] DEBUG FXGLAssetLoaderServi - Loading from file system: jar:file:/C:/Users/lucaa/.m2/repository/com/github/almasb/fxgl/17.3/fxgl-17.3.jar!/fxglassets/textures/fxgl_default_cursor.png
09:52:03.893 [JavaFX Application Thread] DEBUG Input                - Registered new binding: Screenshot - CTRL+8
09:52:03.894 [JavaFX Application Thread] DEBUG Input                - Registered new binding: Dev Options - 1
09:52:03.895 [JavaFX Application Thread] DEBUG Input                - Registered new binding: Dev Console - 2
09:52:03.895 [JavaFX Application Thread] DEBUG Input                - Registered new binding: System info dump - CTRL+9
09:52:03.896 [JavaFX Application Thread] DEBUG Input                - Registered new binding: Restart - CTRL+R
09:52:03.896 [JavaFX Application Thread] DEBUG Input                - Registered new binding: Toggle Debug Camera - CTRL+7
09:52:03.902 [JavaFX Application Thread] DEBUG LoopRunner           - Starting loop
09:52:03.928 [JavaFX Application Thread] DEBUG LoopRunner           - Initializing JavaFX AnimationTimerLoop
09:52:03.931 [JavaFX Application Thread] DEBUG Input                - Clearing active input actions
09:52:03.940 [JavaFX Application Thread] DEBUG GameApplicationServi - Removing overlay from FXGLStartupScene and adding to FXGLMainMenuDummyScene
09:52:03.945 [JavaFX Application Thread] DEBUG PrimaryStageWindow   - FXGLStartupScene -> FXGLMainMenuDummyScene
09:52:03.946 [JavaFX Application Thread] DEBUG PrimaryStageWindow   - Push state: CustomMainMenu
09:52:03.946 [JavaFX Application Thread] DEBUG Input                - Clearing active input actions
09:52:03.952 [JavaFX Application Thread] DEBUG GameApplicationServi - Removing overlay from FXGLMainMenuDummyScene and adding to CustomMainMenu
09:52:03.953 [JavaFX Application Thread] DEBUG PrimaryStageWindow   - FXGLMainMenuDummyScene -> CustomMainMenu
09:52:03.953 [JavaFX Application Thread] DEBUG FXGLApplication      - Registering font factories with UI factory
09:52:04.393 [FXGL Background Thread 2 ] INFO  UpdaterService       - Your current version:  17.3
09:52:04.394 [FXGL Background Thread 2 ] INFO  UpdaterService       - Latest stable version: 25
09:52:06.794 [FXGL Background Thread 3 ] DEBUG Engine               - Logging environment variables
09:52:06.797 [FXGL Background Thread 3 ] DEBUG Engine               - achievements: []
09:52:06.797 [FXGL Background Thread 3 ] DEBUG Engine               - actualHeight: 864.0
09:52:06.798 [FXGL Background Thread 3 ] DEBUG Engine               - actualHeightProperty: ReadOnlyDoubleProperty [value: 864.0]
09:52:06.798 [FXGL Background Thread 3 ] DEBUG Engine               - actualWidth: 1536.0
09:52:06.798 [FXGL Background Thread 3 ] DEBUG Engine               - actualWidthProperty: ReadOnlyDoubleProperty [value: 1536.0]
09:52:06.798 [FXGL Background Thread 3 ] DEBUG Engine               - appIcon: fxgl_icon.png
09:52:06.798 [FXGL Background Thread 3 ] DEBUG Engine               - applicationMode: DEVELOPER
09:52:06.798 [FXGL Background Thread 3 ] DEBUG Engine               - cSSList: [fxgl_dark.css]
09:52:06.799 [FXGL Background Thread 3 ] DEBUG Engine               - collisionDetectionStrategy: BRUTE_FORCE
09:52:06.799 [FXGL Background Thread 3 ] DEBUG Engine               - configClass: Optional.empty
09:52:06.799 [FXGL Background Thread 3 ] DEBUG Engine               - credits: []
09:52:06.804 [FXGL Background Thread 3 ] DEBUG Engine               - defaultCursor: CursorInfo(imageName=fxgl_default_cursor.png, hotspotX=7.0, hotspotY=6.0)
09:52:06.804 [FXGL Background Thread 3 ] DEBUG Engine               - devBBoxColorProperty: ObjectProperty [value: 0xff0000ff]
09:52:06.804 [FXGL Background Thread 3 ] DEBUG Engine               - devEnableDebugCameraProperty: BooleanProperty [value: false]
09:52:06.804 [FXGL Background Thread 3 ] DEBUG Engine               - devSensorColorProperty: ObjectProperty [value: 0xffff00ff]
09:52:06.804 [FXGL Background Thread 3 ] DEBUG Engine               - devShowBBoxProperty: BooleanProperty [value: false]
09:52:06.804 [FXGL Background Thread 3 ] DEBUG Engine               - devShowPositionProperty: BooleanProperty [value: false]
09:52:06.805 [FXGL Background Thread 3 ] DEBUG Engine               - enabledMenuItems: []
09:52:06.805 [FXGL Background Thread 3 ] DEBUG Engine               - engineServices: [class com.almasb.fxgl.app.services.FXGLAssetLoaderService, class com.almasb.fxgl.app.FXGLApplication$GameApplicationService, class com.almasb.fxgl.app.services.FXGLDialogService, class com.almasb.fxgl.app.services.IOTaskExecutorService, class com.almasb.fxgl.io.FileSystemService, class com.almasb.fxgl.localization.LocalizationService, class com.almasb.fxgl.app.services.SystemBundleService, class com.almasb.fxgl.profile.SaveLoadService, class com.almasb.fxgl.ui.FXGLUIFactoryServiceProvider, class com.almasb.fxgl.ui.FXGLDialogFactoryServiceProvider, class com.almasb.fxgl.audio.AudioPlayer, class com.almasb.fxgl.notification.impl.NotificationServiceProvider, class com.almasb.fxgl.achievement.AchievementService, class com.almasb.fxgl.cutscene.CutsceneService, class com.almasb.fxgl.minigames.MiniGameService, class com.almasb.fxgl.net.NetService, class com.almasb.fxgl.app.services.UpdaterService, class com.almasb.fxgl.dev.DevService]
09:52:06.805 [FXGL Background Thread 3 ] DEBUG Engine               - fontGame: Abel-Regular.ttf
09:52:06.805 [FXGL Background Thread 3 ] DEBUG Engine               - fontMono: TerminalLandMono-Regular.otf
09:52:06.805 [FXGL Background Thread 3 ] DEBUG Engine               - fontSizeScaleUI: 1.0
09:52:06.806 [FXGL Background Thread 3 ] DEBUG Engine               - fontText: Courier-Prime.ttf
09:52:06.806 [FXGL Background Thread 3 ] DEBUG Engine               - fontUI: VarelaRound-Regular.ttf
09:52:06.806 [FXGL Background Thread 3 ] DEBUG Engine               - fullScreen: BooleanProperty [value: true]
09:52:06.807 [FXGL Background Thread 3 ] DEBUG Engine               - gameDifficulty: MEDIUM
09:52:06.807 [FXGL Background Thread 3 ] DEBUG Engine               - gameDifficultyProperty: ObjectProperty [value: MEDIUM]
09:52:06.807 [FXGL Background Thread 3 ] DEBUG Engine               - globalMusicVolume: 0.5
09:52:06.808 [FXGL Background Thread 3 ] DEBUG Engine               - globalMusicVolumeProperty: DoubleProperty [value: 0.5]
09:52:06.808 [FXGL Background Thread 3 ] DEBUG Engine               - globalSoundVolume: 0.5
09:52:06.809 [FXGL Background Thread 3 ] DEBUG Engine               - globalSoundVolumeProperty: DoubleProperty [value: 0.5]
09:52:06.809 [FXGL Background Thread 3 ] DEBUG Engine               - height: 640
09:52:06.809 [FXGL Background Thread 3 ] DEBUG Engine               - is3D: false
09:52:06.809 [FXGL Background Thread 3 ] DEBUG Engine               - isAndroid: false
09:52:06.809 [FXGL Background Thread 3 ] DEBUG Engine               - isBrowser: false
09:52:06.809 [FXGL Background Thread 3 ] DEBUG Engine               - isClickFeedbackEnabled: false
09:52:06.809 [FXGL Background Thread 3 ] DEBUG Engine               - isCloseConfirmation: false
09:52:06.810 [FXGL Background Thread 3 ] DEBUG Engine               - isDesktop: true
09:52:06.810 [FXGL Background Thread 3 ] DEBUG Engine               - isDeveloperMenuEnabled: true
09:52:06.810 [FXGL Background Thread 3 ] DEBUG Engine               - isEmbedded: false
09:52:06.810 [FXGL Background Thread 3 ] DEBUG Engine               - isEntityPreloadEnabled: true
09:52:06.810 [FXGL Background Thread 3 ] DEBUG Engine               - isExperimentalTiledLargeMap: false
09:52:06.810 [FXGL Background Thread 3 ] DEBUG Engine               - isFileSystemWriteAllowed: true
09:52:06.810 [FXGL Background Thread 3 ] DEBUG Engine               - isFullScreenAllowed: true
09:52:06.810 [FXGL Background Thread 3 ] DEBUG Engine               - isFullScreenFromStart: true
09:52:06.810 [FXGL Background Thread 3 ] DEBUG Engine               - isGameMenuEnabled: true
09:52:06.810 [FXGL Background Thread 3 ] DEBUG Engine               - isIOS: false
09:52:06.810 [FXGL Background Thread 3 ] DEBUG Engine               - isIntroEnabled: false
09:52:06.810 [FXGL Background Thread 3 ] DEBUG Engine               - isLinux: false
09:52:06.810 [FXGL Background Thread 3 ] DEBUG Engine               - isMac: false
09:52:06.810 [FXGL Background Thread 3 ] DEBUG Engine               - isMainMenuEnabled: true
09:52:06.810 [FXGL Background Thread 3 ] DEBUG Engine               - isManualResizeEnabled: false
09:52:06.810 [FXGL Background Thread 3 ] DEBUG Engine               - isMobile: false
09:52:06.811 [FXGL Background Thread 3 ] DEBUG Engine               - isNative: false
09:52:06.811 [FXGL Background Thread 3 ] DEBUG Engine               - isPauseMusicWhenMinimized: true
09:52:06.811 [FXGL Background Thread 3 ] DEBUG Engine               - isPreserveResizeRatio: true
09:52:06.811 [FXGL Background Thread 3 ] DEBUG Engine               - isProfilingEnabled: false
09:52:06.811 [FXGL Background Thread 3 ] DEBUG Engine               - isScaleAffectedOnResize: true
09:52:06.811 [FXGL Background Thread 3 ] DEBUG Engine               - isSingleStep: false
09:52:06.811 [FXGL Background Thread 3 ] DEBUG Engine               - isUserProfileEnabled: false
09:52:06.811 [FXGL Background Thread 3 ] DEBUG Engine               - isWindows: true
09:52:06.811 [FXGL Background Thread 3 ] DEBUG Engine               - language: ObjectProperty [value: ENGLISH]
09:52:06.811 [FXGL Background Thread 3 ] DEBUG Engine               - menuKey: ESCAPE
09:52:06.811 [FXGL Background Thread 3 ] DEBUG Engine               - mouseSensitivity: 0.2
09:52:06.811 [FXGL Background Thread 3 ] DEBUG Engine               - notificationViewClass: class com.almasb.fxgl.notification.view.XboxNotificationView
09:52:06.811 [FXGL Background Thread 3 ] DEBUG Engine               - pixelsPerMeter: 50.0
09:52:06.811 [FXGL Background Thread 3 ] DEBUG Engine               - platform: WINDOWS
09:52:06.811 [FXGL Background Thread 3 ] DEBUG Engine               - prefHeightProperty: ReadOnlyDoubleProperty [value: 640.0]
09:52:06.812 [FXGL Background Thread 3 ] DEBUG Engine               - prefWidthProperty: ReadOnlyDoubleProperty [value: 1200.0]
09:52:06.812 [FXGL Background Thread 3 ] DEBUG Engine               - profileDir: profiles/
09:52:06.812 [FXGL Background Thread 3 ] DEBUG Engine               - profileName: StringProperty [value: DEFAULT]
09:52:06.812 [FXGL Background Thread 3 ] DEBUG Engine               - randomSeed: -1
09:52:06.812 [FXGL Background Thread 3 ] DEBUG Engine               - runtimeInfo: RuntimeInfo(platform=WINDOWS, version=17.3, build=30.03.2023 11.49)
09:52:06.813 [FXGL Background Thread 3 ] DEBUG Engine               - saveFileExt: sav
09:52:06.813 [FXGL Background Thread 3 ] DEBUG Engine               - scaledHeightProp$fxgl: DoubleProperty [bound, value: 864.0]
09:52:06.814 [FXGL Background Thread 3 ] DEBUG Engine               - scaledWidthProp$fxgl: DoubleProperty [bound, value: 1536.0]
09:52:06.814 [FXGL Background Thread 3 ] DEBUG Engine               - sceneFactory: at.htl.teachertowerdefense.CustomSceneFactory@459f65
09:52:06.814 [FXGL Background Thread 3 ] DEBUG Engine               - secondsIn24h: 60
09:52:06.815 [FXGL Background Thread 3 ] DEBUG Engine               - soundMenuBack: menu/back.wav
09:52:06.815 [FXGL Background Thread 3 ] DEBUG Engine               - soundMenuPress: menu/press.wav
09:52:06.815 [FXGL Background Thread 3 ] DEBUG Engine               - soundMenuSelect: menu/select.wav
09:52:06.815 [FXGL Background Thread 3 ] DEBUG Engine               - soundNotification: core/notification.wav
09:52:06.816 [FXGL Background Thread 3 ] DEBUG Engine               - stageStyle: DECORATED
09:52:06.816 [FXGL Background Thread 3 ] DEBUG Engine               - supportedLanguages: [ENGLISH, FRENCH, GERMAN, HUNGARIAN, RUSSIAN]
09:52:06.816 [FXGL Background Thread 3 ] DEBUG Engine               - ticksPerSecond: -1
09:52:06.816 [FXGL Background Thread 3 ] DEBUG Engine               - title: Teacher Tower Defense
09:52:06.816 [FXGL Background Thread 3 ] DEBUG Engine               - urlGithub: https://github.com/AlmasB/FXGL
09:52:06.816 [FXGL Background Thread 3 ] DEBUG Engine               - urlLeaderboard: http://fxgl-top.herokuapp.com/
09:52:06.816 [FXGL Background Thread 3 ] DEBUG Engine               - urlPOM: https://raw.githubusercontent.com/AlmasB/FXGL/release/README.md
09:52:06.817 [FXGL Background Thread 3 ] DEBUG Engine               - userAppClass: class at.htl.teachertowerdefense.TeacherTowerDefenseApp
09:52:06.817 [FXGL Background Thread 3 ] DEBUG Engine               - version: 0.1
09:52:06.817 [FXGL Background Thread 3 ] DEBUG Engine               - versionCheckDays: 7
09:52:06.817 [FXGL Background Thread 3 ] DEBUG Engine               - width: 1200
09:52:06.817 [FXGL Background Thread 3 ] DEBUG Engine               - Logging services
09:52:06.817 [FXGL Background Thread 3 ] DEBUG Engine               - class com.almasb.fxgl.app.services.FXGLAssetLoaderService
09:52:06.817 [FXGL Background Thread 3 ] DEBUG Engine               - class com.almasb.fxgl.app.FXGLApplication$GameApplicationService
09:52:06.817 [FXGL Background Thread 3 ] DEBUG Engine               - class com.almasb.fxgl.app.services.FXGLDialogService
09:52:06.817 [FXGL Background Thread 3 ] DEBUG Engine               - class com.almasb.fxgl.app.services.IOTaskExecutorService
09:52:06.817 [FXGL Background Thread 3 ] DEBUG Engine               - class com.almasb.fxgl.io.FileSystemService
09:52:06.817 [FXGL Background Thread 3 ] DEBUG Engine               - class com.almasb.fxgl.localization.LocalizationService
09:52:06.817 [FXGL Background Thread 3 ] DEBUG Engine               - class com.almasb.fxgl.app.services.SystemBundleService
09:52:06.817 [FXGL Background Thread 3 ] DEBUG Engine               - class com.almasb.fxgl.profile.SaveLoadService
09:52:06.817 [FXGL Background Thread 3 ] DEBUG Engine               - class com.almasb.fxgl.ui.FXGLUIFactoryServiceProvider
09:52:06.817 [FXGL Background Thread 3 ] DEBUG Engine               - class com.almasb.fxgl.ui.FXGLDialogFactoryServiceProvider
09:52:06.817 [FXGL Background Thread 3 ] DEBUG Engine               - class com.almasb.fxgl.audio.AudioPlayer
09:52:06.817 [FXGL Background Thread 3 ] DEBUG Engine               - class com.almasb.fxgl.notification.impl.NotificationServiceProvider
09:52:06.817 [FXGL Background Thread 3 ] DEBUG Engine               - class com.almasb.fxgl.achievement.AchievementService
09:52:06.817 [FXGL Background Thread 3 ] DEBUG Engine               - class com.almasb.fxgl.cutscene.CutsceneService
09:52:06.817 [FXGL Background Thread 3 ] DEBUG Engine               - class com.almasb.fxgl.minigames.MiniGameService
09:52:06.818 [FXGL Background Thread 3 ] DEBUG Engine               - class com.almasb.fxgl.net.NetService
09:52:06.818 [FXGL Background Thread 3 ] DEBUG Engine               - class com.almasb.fxgl.app.services.UpdaterService
09:52:06.818 [FXGL Background Thread 3 ] DEBUG Engine               - class com.almasb.fxgl.dev.DevService
09:52:06.838 [JavaFX Application Thread] DEBUG Menu                 - fireNewGame()
09:52:06.838 [JavaFX Application Thread] DEBUG GameApplicationServi - Starting new game
09:52:06.838 [JavaFX Application Thread] DEBUG PrimaryStageWindow   - Pop state: CustomMainMenu
09:52:06.838 [JavaFX Application Thread] DEBUG Input                - Clearing active input actions
09:52:06.839 [JavaFX Application Thread] DEBUG GameApplicationServi - Removing overlay from CustomMainMenu and adding to FXGLMainMenuDummyScene
09:52:06.841 [JavaFX Application Thread] DEBUG PrimaryStageWindow   - FXGLMainMenuDummyScene <- CustomMainMenu
09:52:06.841 [JavaFX Application Thread] DEBUG Input                - Clearing active input actions
09:52:06.849 [JavaFX Application Thread] DEBUG GameApplicationServi - Removing overlay from FXGLMainMenuDummyScene and adding to FXGLLoadingScene
09:52:06.850 [JavaFX Application Thread] DEBUG PrimaryStageWindow   - FXGLMainMenuDummyScene -> FXGLLoadingScene
09:52:06.850 [JavaFX Application Thread] DEBUG GameApplicationServi - Clearing previous game
09:52:06.850 [JavaFX Application Thread] DEBUG GameScene            - Clearing game scene
09:52:06.850 [JavaFX Application Thread] DEBUG GameWorld            - Clearing game world
09:52:06.851 [JavaFX Application Thread] DEBUG PhysicsWorld         - Clearing physics world
09:52:06.853 [FXGL Background Thread 2 ] DEBUG FXGLApplication      - Initializing game
09:52:07.010 [FXGL Background Thread 2 ] WARN  TMXLevelLoader       - TiledMap generated from 1.11.2. Supported version: 1.9.0. Some features may not be parsed fully.
09:52:07.052 [FXGL Background Thread 2 ] DEBUG TMXLevelLoader       - Parsed TiledMap: file:/C:/Users/lucaa/OneDrive%20-%20HTL%20Saalfelden/POS/Workspace/IntelliJ/FXGL/TeacherTowerDefense/target/classes/assets/levels/Map1.tmx
09:52:07.054 [FXGL Background Thread 2 ] DEBUG TMXLevelLoader       - Creating tile layer entities
09:52:07.058 [FXGL Background Thread 2 ] DEBUG TilesetLoader        - Loading view for layer Kachelebene 0
09:52:07.061 [FXGL Background Thread 2 ] DEBUG TilesetLoader        - Created buffer with size 960.0x640.0
09:52:07.101 [FXGL Background Thread 2 ] DEBUG TilesetLoader        - Loading view for layer Kachelebene 1
09:52:07.102 [FXGL Background Thread 2 ] DEBUG TilesetLoader        - Created buffer with size 960.0x640.0
09:52:07.112 [FXGL Background Thread 2 ] DEBUG TilesetLoader        - Loading view for layer Kachelebene 2
09:52:07.112 [FXGL Background Thread 2 ] DEBUG TilesetLoader        - Created buffer with size 960.0x640.0
09:52:07.131 [FXGL Background Thread 2 ] DEBUG TilesetLoader        - Loading view for layer Kachelebene 4
09:52:07.132 [FXGL Background Thread 2 ] DEBUG TilesetLoader        - Created buffer with size 960.0x640.0
09:52:07.133 [FXGL Background Thread 2 ] DEBUG TMXLevelLoader       - Creating object layer entities
09:52:07.169 [FXGL Background Thread 2 ] DEBUG GameWorld            - Clearing removable entities
09:52:07.170 [FXGL Background Thread 2 ] DEBUG GameWorld            - Setting level: com.almasb.fxgl.entity.level.Level@69705889
09:52:07.222 [FXGL Background Thread 2 ] DEBUG FXGLAssetLoaderServi - Loading from file system: file:/C:/Users/lucaa/OneDrive%20-%20HTL%20Saalfelden/POS/Workspace/IntelliJ/FXGL/TeacherTowerDefense/target/classes/assets/textures/Groebl.png
09:52:07.241 [FXGL Background Thread 2 ] INFO  FXGLApplication      - Game initialization took: 0,387 sec
09:52:07.242 [JavaFX Application Thread] DEBUG Input                - Clearing active input actions
09:52:07.248 [JavaFX Application Thread] DEBUG GameApplicationServi - Removing overlay from FXGLLoadingScene and adding to GameScene
09:52:07.252 [JavaFX Application Thread] DEBUG PrimaryStageWindow   - FXGLLoadingScene -> GameScene
09:55:24.560 [JavaFX Application Thread] DEBUG PrimaryStageWindow   - Push state: CustomGameMenu
09:55:24.560 [JavaFX Application Thread] DEBUG Input                - Clearing active input actions
09:55:24.561 [JavaFX Application Thread] DEBUG GameApplicationServi - Removing overlay from GameScene and adding to CustomGameMenu
09:55:24.563 [JavaFX Application Thread] DEBUG PrimaryStageWindow   - GameScene -> CustomGameMenu
09:55:24.712 [JavaFX Application Thread] DEBUG PrimaryStageWindow   - Pop state: CustomGameMenu
09:55:24.712 [JavaFX Application Thread] DEBUG Input                - Clearing active input actions
09:55:24.713 [JavaFX Application Thread] DEBUG GameApplicationServi - Removing overlay from CustomGameMenu and adding to GameScene
09:55:24.714 [JavaFX Application Thread] DEBUG PrimaryStageWindow   - GameScene <- CustomGameMenu
09:55:25.090 [JavaFX Application Thread] DEBUG PrimaryStageWindow   - Push state: CustomGameMenu
09:55:25.090 [JavaFX Application Thread] DEBUG Input                - Clearing active input actions
09:55:25.091 [JavaFX Application Thread] DEBUG GameApplicationServi - Removing overlay from GameScene and adding to CustomGameMenu
09:55:25.094 [JavaFX Application Thread] DEBUG PrimaryStageWindow   - GameScene -> CustomGameMenu
09:55:25.544 [JavaFX Application Thread] DEBUG PrimaryStageWindow   - Pop state: CustomGameMenu
09:55:25.544 [JavaFX Application Thread] DEBUG Input                - Clearing active input actions
09:55:25.544 [JavaFX Application Thread] DEBUG GameApplicationServi - Removing overlay from CustomGameMenu and adding to GameScene
09:55:25.546 [JavaFX Application Thread] DEBUG PrimaryStageWindow   - GameScene <- CustomGameMenu
09:55:25.798 [JavaFX Application Thread] DEBUG PrimaryStageWindow   - Push state: CustomGameMenu
09:55:25.798 [JavaFX Application Thread] DEBUG Input                - Clearing active input actions
09:55:25.799 [JavaFX Application Thread] DEBUG GameApplicationServi - Removing overlay from GameScene and adding to CustomGameMenu
09:55:25.804 [JavaFX Application Thread] DEBUG PrimaryStageWindow   - GameScene -> CustomGameMenu
09:55:26.064 [JavaFX Application Thread] DEBUG PrimaryStageWindow   - Pop state: CustomGameMenu
09:55:26.064 [JavaFX Application Thread] DEBUG Input                - Clearing active input actions
09:55:26.065 [JavaFX Application Thread] DEBUG GameApplicationServi - Removing overlay from CustomGameMenu and adding to GameScene
09:55:26.067 [JavaFX Application Thread] DEBUG PrimaryStageWindow   - GameScene <- CustomGameMenu
09:55:26.421 [JavaFX Application Thread] DEBUG PrimaryStageWindow   - Push state: CustomGameMenu
09:55:26.422 [JavaFX Application Thread] DEBUG Input                - Clearing active input actions
09:55:26.423 [JavaFX Application Thread] DEBUG GameApplicationServi - Removing overlay from GameScene and adding to CustomGameMenu
09:55:26.425 [JavaFX Application Thread] DEBUG PrimaryStageWindow   - GameScene -> CustomGameMenu
09:55:26.562 [JavaFX Application Thread] DEBUG PrimaryStageWindow   - Pop state: CustomGameMenu
09:55:26.562 [JavaFX Application Thread] DEBUG Input                - Clearing active input actions
09:55:26.562 [JavaFX Application Thread] DEBUG GameApplicationServi - Removing overlay from CustomGameMenu and adding to GameScene
09:55:26.563 [JavaFX Application Thread] DEBUG PrimaryStageWindow   - GameScene <- CustomGameMenu
09:55:26.735 [JavaFX Application Thread] DEBUG PrimaryStageWindow   - Push state: CustomGameMenu
09:55:26.735 [JavaFX Application Thread] DEBUG Input                - Clearing active input actions
09:55:26.735 [JavaFX Application Thread] DEBUG GameApplicationServi - Removing overlay from GameScene and adding to CustomGameMenu
09:55:26.736 [JavaFX Application Thread] DEBUG PrimaryStageWindow   - GameScene -> CustomGameMenu
09:55:26.914 [JavaFX Application Thread] DEBUG PrimaryStageWindow   - Pop state: CustomGameMenu
09:55:26.914 [JavaFX Application Thread] DEBUG Input                - Clearing active input actions
09:55:26.915 [JavaFX Application Thread] DEBUG GameApplicationServi - Removing overlay from CustomGameMenu and adding to GameScene
09:55:26.915 [JavaFX Application Thread] DEBUG PrimaryStageWindow   - GameScene <- CustomGameMenu
09:55:27.047 [JavaFX Application Thread] DEBUG PrimaryStageWindow   - Push state: CustomGameMenu
09:55:27.048 [JavaFX Application Thread] DEBUG Input                - Clearing active input actions
09:55:27.048 [JavaFX Application Thread] DEBUG GameApplicationServi - Removing overlay from GameScene and adding to CustomGameMenu
09:55:27.048 [JavaFX Application Thread] DEBUG PrimaryStageWindow   - GameScene -> CustomGameMenu
09:55:27.788 [JavaFX Application Thread] DEBUG Menu                 - fireExit()
09:55:27.810 [JavaFX Application Thread] DEBUG PrimaryStageWindow   - Push state: DialogSubScene
09:55:27.810 [JavaFX Application Thread] DEBUG Input                - Clearing active input actions
09:55:27.811 [JavaFX Application Thread] DEBUG GameApplicationServi - Removing overlay from CustomGameMenu and adding to DialogSubScene
09:55:27.811 [JavaFX Application Thread] DEBUG PrimaryStageWindow   - CustomGameMenu -> DialogSubScene
09:55:28.223 [JavaFX Application Thread] DEBUG PrimaryStageWindow   - Pop state: DialogSubScene
09:55:28.223 [JavaFX Application Thread] DEBUG Input                - Clearing active input actions
09:55:28.223 [JavaFX Application Thread] DEBUG GameApplicationServi - Removing overlay from DialogSubScene and adding to CustomGameMenu
09:55:28.224 [JavaFX Application Thread] DEBUG PrimaryStageWindow   - CustomGameMenu <- DialogSubScene
09:55:28.224 [JavaFX Application Thread] DEBUG FXGLApplication      - Exiting FXGL
09:55:28.224 [JavaFX Application Thread] DEBUG LoopRunner           - Stopping loop
09:55:28.224 [JavaFX Application Thread] DEBUG SystemBundleService  - Saving FXGL system data
09:55:28.226 [JavaFX Application Thread] DEBUG FileSystemAccess     - Writing to: C:\Users\lucaa\OneDrive - HTL Saalfelden\POS\Workspace\IntelliJ\FXGL\TeacherTowerDefense\system\fxgl.bundle
09:55:28.227 [JavaFX Application Thread] DEBUG Async                - Shutting down background threads
09:55:28.228 [JavaFX Application Thread] DEBUG PrimaryStageWindow   - Closing main window
09:55:28.267 [JavaFX Application Thread] DEBUG Logger               - Closing Logger
