10:09:18.718 [main                     ] DEBUG Logger               - Configured Logger
10:09:18.725 [main                     ] DEBUG GameApplication      - Logging settings
Title: Teacher Tower Defense
Version: 0.1
Width: 1200
Height: 640
Fullscreen: true
Intro: false
Profiling: false
Single step:false
App Mode: DEVELOPER
Menu Key: ESCAPE
Stage Style: DECORATED
Scene Factory: class at.htl.teachertowerdefense.CustomSceneFactory

10:09:19.243 [JavaFX Application Thread] DEBUG FXGLApplication      - Initializing FXGL
10:09:19.246 [JavaFX Application Thread] INFO  Engine               - FXGL-17.3 (30.03.2023 11.49) on WINDOWS (J:25.0.2 FX:21.0.6)
10:09:19.246 [JavaFX Application Thread] DEBUG Engine               - JRE Vendor Name: Oracle Corporation
10:09:19.246 [JavaFX Application Thread] DEBUG Engine               - Running on OS: Windows 11 version 10.0
10:09:19.246 [JavaFX Application Thread] DEBUG Engine               - Architecture: amd64
10:09:19.246 [JavaFX Application Thread] INFO  Engine               - Source code and latest versions at: https://github.com/AlmasB/FXGL
10:09:19.247 [JavaFX Application Thread] INFO  Engine               -       Ask questions and discuss at: https://github.com/AlmasB/FXGL/discussions
10:09:19.247 [JavaFX Application Thread] INFO  Engine               -              Join the FXGL chat at: https://gitter.im/AlmasB/FXGL
10:09:19.365 [JavaFX Application Thread] DEBUG PrimaryStageWindow   - Creating a JavaFX scene
10:09:19.416 [JavaFX Application Thread] DEBUG PrimaryStageWindow   - Target settings size: 1200.0 x 640.0
10:09:19.417 [JavaFX Application Thread] DEBUG PrimaryStageWindow   - Scaled scene size:    1200.0 x 640.0
10:09:19.417 [JavaFX Application Thread] DEBUG PrimaryStageWindow   - Scaled ratio: (1.0, 1.0)
10:09:19.418 [JavaFX Application Thread] DEBUG PrimaryStageWindow   - Set initial scene to FXGLStartupScene
10:09:19.422 [JavaFX Application Thread] DEBUG PrimaryStageWindow   - Opening main window
10:09:19.558 [JavaFX Application Thread] DEBUG PrimaryStageWindow   - Window border size: (14.4000244140625, 37.5999755859375)
10:09:19.559 [JavaFX Application Thread] DEBUG PrimaryStageWindow   - Scaled size: 1200.0 x 640.0
10:09:19.559 [JavaFX Application Thread] DEBUG PrimaryStageWindow   - Scaled ratio: (1.0, 1.0)
10:09:19.559 [JavaFX Application Thread] DEBUG PrimaryStageWindow   - Scene size: 1200.0 x 640.0
10:09:19.559 [JavaFX Application Thread] DEBUG PrimaryStageWindow   - Stage size: 1214.4000244140625 x 677.5999755859375
10:09:19.634 [JavaFX Application Thread] DEBUG PrimaryStageWindow   - Going fullscreen
10:09:19.641 [FXGL Background Thread 1 ] DEBUG Engine               - Initializing environment variables
10:09:19.697 [FXGL Background Thread 1 ] DEBUG FXGLAssetLoaderServi - User app class for loading assets: class at.htl.teachertowerdefense.TeacherTowerDefenseApp
10:09:19.697 [FXGL Background Thread 1 ] DEBUG GameApplicationServi - Applying CSS: fxgl_dark.css
10:09:19.698 [FXGL Background Thread 1 ] DEBUG FXGLAssetLoaderServi - Loading from file system: jar:file:/C:/Users/lucaa/.m2/repository/com/github/almasb/fxgl/17.3/fxgl-17.3.jar!/fxglassets/ui/css/fxgl_dark.css
10:09:19.741 [FXGL Background Thread 1 ] DEBUG GameApplicationServi - Initializing application scenes
10:09:19.787 [FXGL Background Thread 1 ] DEBUG GameWorld            - Game world initialized
10:09:19.835 [FXGL Background Thread 1 ] DEBUG PhysicsWorld         - Physics world initialized: appHeight=640, physics.ppm=50,0
10:09:19.835 [FXGL Background Thread 1 ] DEBUG PhysicsWorld         - Using strategy: BRUTE_FORCE
10:09:19.840 [FXGL Background Thread 1 ] DEBUG GameScene            - Game scene initialized: 1200x640
10:09:19.856 [FXGL Background Thread 1 ] DEBUG GameApplicationServi - Application scenes initialized
10:09:19.871 [FXGL Background Thread 1 ] DEBUG SystemBundleService  - Loading FXGL system data
10:09:19.872 [FXGL Background Thread 1 ] DEBUG FileSystemAccess     - Reading from: C:\Users\lucaa\OneDrive - HTL Saalfelden\POS\Workspace\IntelliJ\FXGL\TeacherTowerDefense\system\fxgl.bundle
10:09:19.874 [FXGL Background Thread 1 ] DEBUG SystemBundleService  - Bundle FXGL: {}
10:09:19.874 [FXGL Background Thread 1 ] DEBUG UpdaterService       - Checking for updates
10:09:19.879 [FXGL Background Thread 4 ] DEBUG FXGLApplication      - Loading fonts
10:09:19.879 [FXGL Background Thread 4 ] DEBUG FXGLAssetLoaderServi - Loading from file system: jar:file:/C:/Users/lucaa/.m2/repository/com/github/almasb/fxgl/17.3/fxgl-17.3.jar!/fxglassets/ui/fonts/VarelaRound-Regular.ttf
10:09:19.879 [FXGL Background Thread 1 ] DEBUG FXGLApplication      - Loading default localization
10:09:19.880 [FXGL Background Thread 1 ] DEBUG FXGLAssetLoaderServi - Loading from file system: jar:file:/C:/Users/lucaa/.m2/repository/com/github/almasb/fxgl/17.3/fxgl-17.3.jar!/fxglassets/languages/english.lang
10:09:19.894 [FXGL Background Thread 1 ] INFO  FXGLApplication      - FXGL initialization took: 0,253 sec
10:09:19.896 [JavaFX Application Thread] DEBUG FXGLAssetLoaderServi - Loading from file system: jar:file:/C:/Users/lucaa/.m2/repository/com/github/almasb/fxgl/17.3/fxgl-17.3.jar!/fxglassets/textures/fxgl_icon.png
10:09:19.900 [FXGL Background Thread 4 ] DEBUG FXGLAssetLoaderServi - Loading from file system: jar:file:/C:/Users/lucaa/.m2/repository/com/github/almasb/fxgl/17.3/fxgl-17.3.jar!/fxglassets/ui/fonts/Abel-Regular.ttf
10:09:19.915 [FXGL Background Thread 4 ] DEBUG FXGLAssetLoaderServi - Loading from file system: jar:file:/C:/Users/lucaa/.m2/repository/com/github/almasb/fxgl/17.3/fxgl-17.3.jar!/fxglassets/ui/fonts/TerminalLandMono-Regular.otf
10:09:19.927 [FXGL Background Thread 4 ] DEBUG FXGLAssetLoaderServi - Loading from file system: jar:file:/C:/Users/lucaa/.m2/repository/com/github/almasb/fxgl/17.3/fxgl-17.3.jar!/fxglassets/ui/fonts/Courier-Prime.ttf
10:09:19.945 [JavaFX Application Thread] DEBUG FXGLAssetLoaderServi - Loading from file system: jar:file:/C:/Users/lucaa/.m2/repository/com/github/almasb/fxgl/17.3/fxgl-17.3.jar!/fxglassets/textures/fxgl_default_cursor.png
10:09:19.954 [JavaFX Application Thread] DEBUG Input                - Registered new binding: Screenshot - CTRL+8
10:09:19.955 [JavaFX Application Thread] DEBUG Input                - Registered new binding: System info dump - CTRL+9
10:09:19.955 [JavaFX Application Thread] DEBUG Input                - Registered new binding: Restart - CTRL+R
10:09:19.956 [JavaFX Application Thread] DEBUG Input                - Registered new binding: Toggle Debug Camera - CTRL+7
10:09:19.960 [JavaFX Application Thread] DEBUG LoopRunner           - Starting loop
10:09:19.960 [JavaFX Application Thread] DEBUG LoopRunner           - Initializing JavaFX AnimationTimerLoop
10:09:19.961 [JavaFX Application Thread] DEBUG GameApplicationServi - Starting new game
10:09:19.962 [JavaFX Application Thread] DEBUG Input                - Clearing active input actions
10:09:19.973 [JavaFX Application Thread] DEBUG GameApplicationServi - Removing overlay from FXGLStartupScene and adding to FXGLLoadingScene
10:09:19.973 [JavaFX Application Thread] DEBUG PrimaryStageWindow   - FXGLStartupScene -> FXGLLoadingScene
10:09:19.973 [JavaFX Application Thread] DEBUG GameApplicationServi - Clearing previous game
10:09:19.973 [JavaFX Application Thread] DEBUG GameScene            - Clearing game scene
10:09:19.973 [JavaFX Application Thread] DEBUG GameWorld            - Clearing game world
10:09:19.973 [JavaFX Application Thread] DEBUG PhysicsWorld         - Clearing physics world
10:09:19.975 [FXGL Background Thread 4 ] DEBUG FXGLApplication      - Initializing game
10:09:19.975 [JavaFX Application Thread] DEBUG FXGLApplication      - Registering font factories with UI factory
10:09:20.026 [FXGL Background Thread 4 ] WARN  TMXLevelLoader       - TiledMap generated from 1.11.2. Supported version: 1.9.0. Some features may not be parsed fully.
10:09:20.048 [FXGL Background Thread 4 ] DEBUG TMXLevelLoader       - Parsed TiledMap: file:/C:/Users/lucaa/OneDrive%20-%20HTL%20Saalfelden/POS/Workspace/IntelliJ/FXGL/TeacherTowerDefense/target/classes/assets/levels/Map1.tmx
10:09:20.049 [FXGL Background Thread 4 ] DEBUG TMXLevelLoader       - Creating tile layer entities
10:09:20.050 [FXGL Background Thread 4 ] DEBUG TilesetLoader        - Loading view for layer Kachelebene 0
10:09:20.053 [FXGL Background Thread 4 ] DEBUG TilesetLoader        - Created buffer with size 960.0x640.0
10:09:20.103 [FXGL Background Thread 4 ] DEBUG TilesetLoader        - Loading view for layer Kachelebene 1
10:09:20.104 [FXGL Background Thread 4 ] DEBUG TilesetLoader        - Created buffer with size 960.0x640.0
10:09:20.107 [FXGL Background Thread 4 ] DEBUG TilesetLoader        - Loading view for layer Kachelebene 2
10:09:20.108 [FXGL Background Thread 4 ] DEBUG TilesetLoader        - Created buffer with size 960.0x640.0
10:09:20.130 [FXGL Background Thread 4 ] DEBUG TilesetLoader        - Loading view for layer Kachelebene 4
10:09:20.131 [FXGL Background Thread 4 ] DEBUG TilesetLoader        - Created buffer with size 960.0x640.0
10:09:20.131 [FXGL Background Thread 4 ] DEBUG TMXLevelLoader       - Creating object layer entities
10:09:20.158 [FXGL Background Thread 4 ] DEBUG GameWorld            - Clearing removable entities
10:09:20.159 [FXGL Background Thread 4 ] DEBUG GameWorld            - Setting level: com.almasb.fxgl.entity.level.Level@301efb23
10:09:20.171 [FXGL Background Thread 4 ] DEBUG FXGLAssetLoaderServi - Loading from file system: file:/C:/Users/lucaa/OneDrive%20-%20HTL%20Saalfelden/POS/Workspace/IntelliJ/FXGL/TeacherTowerDefense/target/classes/assets/textures/Groebl.png
10:09:20.184 [FXGL Background Thread 4 ] INFO  FXGLApplication      - Game initialization took: 0,209 sec
10:09:20.185 [JavaFX Application Thread] DEBUG Input                - Clearing active input actions
10:09:20.195 [JavaFX Application Thread] DEBUG GameApplicationServi - Removing overlay from FXGLLoadingScene and adding to GameScene
10:09:20.195 [JavaFX Application Thread] DEBUG PrimaryStageWindow   - FXGLLoadingScene -> GameScene
10:09:20.232 [FXGL Background Thread 2 ] INFO  UpdaterService       - Your current version:  17.3
10:09:20.232 [FXGL Background Thread 2 ] INFO  UpdaterService       - Latest stable version: 25
10:09:21.455 [JavaFX Application Thread] DEBUG PrimaryStageWindow   - Push state: CustomGameMenu
10:09:21.456 [JavaFX Application Thread] DEBUG Input                - Clearing active input actions
10:09:21.462 [JavaFX Application Thread] DEBUG GameApplicationServi - Removing overlay from GameScene and adding to CustomGameMenu
10:09:21.464 [JavaFX Application Thread] DEBUG PrimaryStageWindow   - GameScene -> CustomGameMenu
10:09:22.793 [JavaFX Application Thread] DEBUG PrimaryStageWindow   - Pop state: CustomGameMenu
10:09:22.793 [JavaFX Application Thread] DEBUG Input                - Clearing active input actions
10:09:22.794 [JavaFX Application Thread] DEBUG GameApplicationServi - Removing overlay from CustomGameMenu and adding to GameScene
10:09:22.796 [JavaFX Application Thread] DEBUG PrimaryStageWindow   - GameScene <- CustomGameMenu
10:09:22.878 [FXGL Background Thread 3 ] DEBUG Engine               - Logging environment variables
10:09:22.878 [FXGL Background Thread 3 ] DEBUG Engine               - achievements: []
10:09:22.878 [FXGL Background Thread 3 ] DEBUG Engine               - actualHeight: 864.0
10:09:22.879 [FXGL Background Thread 3 ] DEBUG Engine               - actualHeightProperty: ReadOnlyDoubleProperty [value: 864.0]
10:09:22.879 [FXGL Background Thread 3 ] DEBUG Engine               - actualWidth: 1536.0
10:09:22.879 [FXGL Background Thread 3 ] DEBUG Engine               - actualWidthProperty: ReadOnlyDoubleProperty [value: 1536.0]
10:09:22.881 [FXGL Background Thread 3 ] DEBUG Engine               - appIcon: fxgl_icon.png
10:09:22.881 [FXGL Background Thread 3 ] DEBUG Engine               - applicationMode: DEVELOPER
10:09:22.881 [FXGL Background Thread 3 ] DEBUG Engine               - cSSList: [fxgl_dark.css]
10:09:22.881 [FXGL Background Thread 3 ] DEBUG Engine               - collisionDetectionStrategy: BRUTE_FORCE
10:09:22.881 [FXGL Background Thread 3 ] DEBUG Engine               - configClass: Optional.empty
10:09:22.882 [FXGL Background Thread 3 ] DEBUG Engine               - credits: []
10:09:22.889 [FXGL Background Thread 3 ] DEBUG Engine               - defaultCursor: CursorInfo(imageName=fxgl_default_cursor.png, hotspotX=7.0, hotspotY=6.0)
10:09:22.889 [FXGL Background Thread 3 ] DEBUG Engine               - devBBoxColorProperty: ObjectProperty [value: 0xff0000ff]
10:09:22.889 [FXGL Background Thread 3 ] DEBUG Engine               - devEnableDebugCameraProperty: BooleanProperty [value: false]
10:09:22.890 [FXGL Background Thread 3 ] DEBUG Engine               - devSensorColorProperty: ObjectProperty [value: 0xffff00ff]
10:09:22.890 [FXGL Background Thread 3 ] DEBUG Engine               - devShowBBoxProperty: BooleanProperty [value: false]
10:09:22.890 [FXGL Background Thread 3 ] DEBUG Engine               - devShowPositionProperty: BooleanProperty [value: false]
10:09:22.890 [FXGL Background Thread 3 ] DEBUG Engine               - enabledMenuItems: []
10:09:22.892 [FXGL Background Thread 3 ] DEBUG Engine               - engineServices: [class com.almasb.fxgl.app.services.FXGLAssetLoaderService, class com.almasb.fxgl.app.FXGLApplication$GameApplicationService, class com.almasb.fxgl.app.services.FXGLDialogService, class com.almasb.fxgl.app.services.IOTaskExecutorService, class com.almasb.fxgl.io.FileSystemService, class com.almasb.fxgl.localization.LocalizationService, class com.almasb.fxgl.app.services.SystemBundleService, class com.almasb.fxgl.profile.SaveLoadService, class com.almasb.fxgl.ui.FXGLUIFactoryServiceProvider, class com.almasb.fxgl.ui.FXGLDialogFactoryServiceProvider, class com.almasb.fxgl.audio.AudioPlayer, class com.almasb.fxgl.notification.impl.NotificationServiceProvider, class com.almasb.fxgl.achievement.AchievementService, class com.almasb.fxgl.cutscene.CutsceneService, class com.almasb.fxgl.minigames.MiniGameService, class com.almasb.fxgl.net.NetService, class com.almasb.fxgl.app.services.UpdaterService, class com.almasb.fxgl.dev.DevService]
10:09:22.892 [FXGL Background Thread 3 ] DEBUG Engine               - fontGame: Abel-Regular.ttf
10:09:22.892 [FXGL Background Thread 3 ] DEBUG Engine               - fontMono: TerminalLandMono-Regular.otf
10:09:22.892 [FXGL Background Thread 3 ] DEBUG Engine               - fontSizeScaleUI: 1.0
10:09:22.892 [FXGL Background Thread 3 ] DEBUG Engine               - fontText: Courier-Prime.ttf
10:09:22.892 [FXGL Background Thread 3 ] DEBUG Engine               - fontUI: VarelaRound-Regular.ttf
10:09:22.893 [FXGL Background Thread 3 ] DEBUG Engine               - fullScreen: BooleanProperty [value: true]
10:09:22.893 [FXGL Background Thread 3 ] DEBUG Engine               - gameDifficulty: MEDIUM
10:09:22.894 [FXGL Background Thread 3 ] DEBUG Engine               - gameDifficultyProperty: ObjectProperty [value: MEDIUM]
10:09:22.894 [FXGL Background Thread 3 ] DEBUG Engine               - globalMusicVolume: 0.5
10:09:22.896 [FXGL Background Thread 3 ] DEBUG Engine               - globalMusicVolumeProperty: DoubleProperty [value: 0.5]
10:09:22.896 [FXGL Background Thread 3 ] DEBUG Engine               - globalSoundVolume: 0.5
10:09:22.896 [FXGL Background Thread 3 ] DEBUG Engine               - globalSoundVolumeProperty: DoubleProperty [value: 0.5]
10:09:22.897 [FXGL Background Thread 3 ] DEBUG Engine               - height: 640
10:09:22.897 [FXGL Background Thread 3 ] DEBUG Engine               - is3D: false
10:09:22.897 [FXGL Background Thread 3 ] DEBUG Engine               - isAndroid: false
10:09:22.897 [FXGL Background Thread 3 ] DEBUG Engine               - isBrowser: false
10:09:22.898 [FXGL Background Thread 3 ] DEBUG Engine               - isClickFeedbackEnabled: false
10:09:22.898 [FXGL Background Thread 3 ] DEBUG Engine               - isCloseConfirmation: false
10:09:22.899 [FXGL Background Thread 3 ] DEBUG Engine               - isDesktop: true
10:09:22.899 [FXGL Background Thread 3 ] DEBUG Engine               - isDeveloperMenuEnabled: false
10:09:22.899 [FXGL Background Thread 3 ] DEBUG Engine               - isEmbedded: false
10:09:22.899 [FXGL Background Thread 3 ] DEBUG Engine               - isEntityPreloadEnabled: true
10:09:22.899 [FXGL Background Thread 3 ] DEBUG Engine               - isExperimentalTiledLargeMap: false
10:09:22.900 [FXGL Background Thread 3 ] DEBUG Engine               - isFileSystemWriteAllowed: true
10:09:22.900 [FXGL Background Thread 3 ] DEBUG Engine               - isFullScreenAllowed: true
10:09:22.900 [FXGL Background Thread 3 ] DEBUG Engine               - isFullScreenFromStart: true
10:09:22.900 [FXGL Background Thread 3 ] DEBUG Engine               - isGameMenuEnabled: true
10:09:22.900 [FXGL Background Thread 3 ] DEBUG Engine               - isIOS: false
10:09:22.901 [FXGL Background Thread 3 ] DEBUG Engine               - isIntroEnabled: false
10:09:22.901 [FXGL Background Thread 3 ] DEBUG Engine               - isLinux: false
10:09:22.901 [FXGL Background Thread 3 ] DEBUG Engine               - isMac: false
10:09:22.901 [FXGL Background Thread 3 ] DEBUG Engine               - isMainMenuEnabled: false
10:09:22.901 [FXGL Background Thread 3 ] DEBUG Engine               - isManualResizeEnabled: false
10:09:22.901 [FXGL Background Thread 3 ] DEBUG Engine               - isMobile: false
10:09:22.901 [FXGL Background Thread 3 ] DEBUG Engine               - isNative: false
10:09:22.902 [FXGL Background Thread 3 ] DEBUG Engine               - isPauseMusicWhenMinimized: true
10:09:22.902 [FXGL Background Thread 3 ] DEBUG Engine               - isPreserveResizeRatio: true
10:09:22.902 [FXGL Background Thread 3 ] DEBUG Engine               - isProfilingEnabled: false
10:09:22.902 [FXGL Background Thread 3 ] DEBUG Engine               - isScaleAffectedOnResize: true
10:09:22.902 [FXGL Background Thread 3 ] DEBUG Engine               - isSingleStep: false
10:09:22.902 [FXGL Background Thread 3 ] DEBUG Engine               - isUserProfileEnabled: false
10:09:22.902 [FXGL Background Thread 3 ] DEBUG Engine               - isWindows: true
10:09:22.903 [FXGL Background Thread 3 ] DEBUG Engine               - language: ObjectProperty [value: ENGLISH]
10:09:22.903 [FXGL Background Thread 3 ] DEBUG Engine               - menuKey: ESCAPE
10:09:22.903 [FXGL Background Thread 3 ] DEBUG Engine               - mouseSensitivity: 0.2
10:09:22.903 [FXGL Background Thread 3 ] DEBUG Engine               - notificationViewClass: class com.almasb.fxgl.notification.view.XboxNotificationView
10:09:22.903 [FXGL Background Thread 3 ] DEBUG Engine               - pixelsPerMeter: 50.0
10:09:22.903 [FXGL Background Thread 3 ] DEBUG Engine               - platform: WINDOWS
10:09:22.904 [FXGL Background Thread 3 ] DEBUG Engine               - prefHeightProperty: ReadOnlyDoubleProperty [value: 640.0]
10:09:22.904 [FXGL Background Thread 3 ] DEBUG Engine               - prefWidthProperty: ReadOnlyDoubleProperty [value: 1200.0]
10:09:22.904 [FXGL Background Thread 3 ] DEBUG Engine               - profileDir: profiles/
10:09:22.904 [FXGL Background Thread 3 ] DEBUG Engine               - profileName: StringProperty [value: DEFAULT]
10:09:22.905 [FXGL Background Thread 3 ] DEBUG Engine               - randomSeed: -1
10:09:22.906 [FXGL Background Thread 3 ] DEBUG Engine               - runtimeInfo: RuntimeInfo(platform=WINDOWS, version=17.3, build=30.03.2023 11.49)
10:09:22.907 [FXGL Background Thread 3 ] DEBUG Engine               - saveFileExt: sav
10:09:22.908 [FXGL Background Thread 3 ] DEBUG Engine               - scaledHeightProp$fxgl: DoubleProperty [bound, value: 864.0]
10:09:22.908 [FXGL Background Thread 3 ] DEBUG Engine               - scaledWidthProp$fxgl: DoubleProperty [bound, value: 1536.0]
10:09:22.908 [FXGL Background Thread 3 ] DEBUG Engine               - sceneFactory: at.htl.teachertowerdefense.CustomSceneFactory@2e62806a
10:09:22.909 [FXGL Background Thread 3 ] DEBUG Engine               - secondsIn24h: 60
10:09:22.909 [FXGL Background Thread 3 ] DEBUG Engine               - soundMenuBack: menu/back.wav
10:09:22.909 [FXGL Background Thread 3 ] DEBUG Engine               - soundMenuPress: menu/press.wav
10:09:22.909 [FXGL Background Thread 3 ] DEBUG Engine               - soundMenuSelect: menu/select.wav
10:09:22.909 [FXGL Background Thread 3 ] DEBUG Engine               - soundNotification: core/notification.wav
10:09:22.910 [FXGL Background Thread 3 ] DEBUG Engine               - stageStyle: DECORATED
10:09:22.910 [FXGL Background Thread 3 ] DEBUG Engine               - supportedLanguages: [ENGLISH, FRENCH, GERMAN, HUNGARIAN, RUSSIAN]
10:09:22.910 [FXGL Background Thread 3 ] DEBUG Engine               - ticksPerSecond: -1
10:09:22.911 [FXGL Background Thread 3 ] DEBUG Engine               - title: Teacher Tower Defense
10:09:22.911 [FXGL Background Thread 3 ] DEBUG Engine               - urlGithub: https://github.com/AlmasB/FXGL
10:09:22.911 [FXGL Background Thread 3 ] DEBUG Engine               - urlLeaderboard: http://fxgl-top.herokuapp.com/
10:09:22.911 [FXGL Background Thread 3 ] DEBUG Engine               - urlPOM: https://raw.githubusercontent.com/AlmasB/FXGL/release/README.md
10:09:22.911 [FXGL Background Thread 3 ] DEBUG Engine               - userAppClass: class at.htl.teachertowerdefense.TeacherTowerDefenseApp
10:09:22.912 [FXGL Background Thread 3 ] DEBUG Engine               - version: 0.1
10:09:22.912 [FXGL Background Thread 3 ] DEBUG Engine               - versionCheckDays: 7
10:09:22.912 [FXGL Background Thread 3 ] DEBUG Engine               - width: 1200
10:09:22.912 [FXGL Background Thread 3 ] DEBUG Engine               - Logging services
10:09:22.913 [FXGL Background Thread 3 ] DEBUG Engine               - class com.almasb.fxgl.app.services.FXGLAssetLoaderService
10:09:22.913 [FXGL Background Thread 3 ] DEBUG Engine               - class com.almasb.fxgl.app.FXGLApplication$GameApplicationService
10:09:22.913 [FXGL Background Thread 3 ] DEBUG Engine               - class com.almasb.fxgl.app.services.FXGLDialogService
10:09:22.913 [FXGL Background Thread 3 ] DEBUG Engine               - class com.almasb.fxgl.app.services.IOTaskExecutorService
10:09:22.913 [FXGL Background Thread 3 ] DEBUG Engine               - class com.almasb.fxgl.io.FileSystemService
10:09:22.913 [FXGL Background Thread 3 ] DEBUG Engine               - class com.almasb.fxgl.localization.LocalizationService
10:09:22.914 [FXGL Background Thread 3 ] DEBUG Engine               - class com.almasb.fxgl.app.services.SystemBundleService
10:09:22.914 [FXGL Background Thread 3 ] DEBUG Engine               - class com.almasb.fxgl.profile.SaveLoadService
10:09:22.914 [FXGL Background Thread 3 ] DEBUG Engine               - class com.almasb.fxgl.ui.FXGLUIFactoryServiceProvider
10:09:22.914 [FXGL Background Thread 3 ] DEBUG Engine               - class com.almasb.fxgl.ui.FXGLDialogFactoryServiceProvider
10:09:22.915 [FXGL Background Thread 3 ] DEBUG Engine               - class com.almasb.fxgl.audio.AudioPlayer
10:09:22.915 [FXGL Background Thread 3 ] DEBUG Engine               - class com.almasb.fxgl.notification.impl.NotificationServiceProvider
10:09:22.915 [FXGL Background Thread 3 ] DEBUG Engine               - class com.almasb.fxgl.achievement.AchievementService
10:09:22.915 [FXGL Background Thread 3 ] DEBUG Engine               - class com.almasb.fxgl.cutscene.CutsceneService
10:09:22.915 [FXGL Background Thread 3 ] DEBUG Engine               - class com.almasb.fxgl.minigames.MiniGameService
10:09:22.916 [FXGL Background Thread 3 ] DEBUG Engine               - class com.almasb.fxgl.net.NetService
10:09:22.917 [FXGL Background Thread 3 ] DEBUG Engine               - class com.almasb.fxgl.app.services.UpdaterService
10:09:22.917 [FXGL Background Thread 3 ] DEBUG Engine               - class com.almasb.fxgl.dev.DevService
10:09:58.480 [JavaFX Application Thread] DEBUG PrimaryStageWindow   - Push state: CustomGameMenu
10:09:58.481 [JavaFX Application Thread] DEBUG Input                - Clearing active input actions
10:09:58.484 [JavaFX Application Thread] DEBUG GameApplicationServi - Removing overlay from GameScene and adding to CustomGameMenu
10:09:58.485 [JavaFX Application Thread] DEBUG PrimaryStageWindow   - GameScene -> CustomGameMenu
10:09:59.802 [JavaFX Application Thread] DEBUG PrimaryStageWindow   - Pop state: CustomGameMenu
10:09:59.803 [JavaFX Application Thread] DEBUG Input                - Clearing active input actions
10:09:59.804 [JavaFX Application Thread] DEBUG GameApplicationServi - Removing overlay from CustomGameMenu and adding to GameScene
10:09:59.805 [JavaFX Application Thread] DEBUG PrimaryStageWindow   - GameScene <- CustomGameMenu
10:10:00.224 [JavaFX Application Thread] DEBUG PrimaryStageWindow   - Push state: CustomGameMenu
10:10:00.225 [JavaFX Application Thread] DEBUG Input                - Clearing active input actions
10:10:00.227 [JavaFX Application Thread] DEBUG GameApplicationServi - Removing overlay from GameScene and adding to CustomGameMenu
10:10:00.227 [JavaFX Application Thread] DEBUG PrimaryStageWindow   - GameScene -> CustomGameMenu
10:10:00.973 [JavaFX Application Thread] DEBUG Menu                 - fireExit()
10:10:01.024 [JavaFX Application Thread] DEBUG PrimaryStageWindow   - Push state: DialogSubScene
10:10:01.026 [JavaFX Application Thread] DEBUG Input                - Clearing active input actions
10:10:01.039 [JavaFX Application Thread] DEBUG GameApplicationServi - Removing overlay from CustomGameMenu and adding to DialogSubScene
10:10:01.040 [JavaFX Application Thread] DEBUG PrimaryStageWindow   - CustomGameMenu -> DialogSubScene
10:10:01.802 [JavaFX Application Thread] DEBUG PrimaryStageWindow   - Pop state: DialogSubScene
10:10:01.803 [JavaFX Application Thread] DEBUG Input                - Clearing active input actions
10:10:01.805 [JavaFX Application Thread] DEBUG GameApplicationServi - Removing overlay from DialogSubScene and adding to CustomGameMenu
10:10:01.806 [JavaFX Application Thread] DEBUG PrimaryStageWindow   - CustomGameMenu <- DialogSubScene
10:10:01.807 [JavaFX Application Thread] DEBUG FXGLApplication      - Exiting FXGL
10:10:01.808 [JavaFX Application Thread] DEBUG LoopRunner           - Stopping loop
10:10:01.808 [JavaFX Application Thread] DEBUG SystemBundleService  - Saving FXGL system data
10:10:01.815 [JavaFX Application Thread] DEBUG FileSystemAccess     - Writing to: C:\Users\lucaa\OneDrive - HTL Saalfelden\POS\Workspace\IntelliJ\FXGL\TeacherTowerDefense\system\fxgl.bundle
10:10:01.820 [JavaFX Application Thread] DEBUG Async                - Shutting down background threads
10:10:01.820 [JavaFX Application Thread] DEBUG PrimaryStageWindow   - Closing main window
10:10:01.986 [JavaFX Application Thread] DEBUG Logger               - Closing Logger
