09:56:03.249 [main                     ] DEBUG Logger               - Configured Logger
09:56:03.262 [main                     ] DEBUG GameApplication      - Logging settings
Title: Teacher Tower Defense
Version: 0.1
Width: 1200
Height: 640
Fullscreen: true
Intro: false
Profiling: false
Single step:false
App Mode: DEVELOPER
Menu Key: ESCAPE
Stage Style: DECORATED
Scene Factory: class at.htl.teachertowerdefense.CustomSceneFactory

09:56:04.002 [JavaFX Application Thread] DEBUG FXGLApplication      - Initializing FXGL
09:56:04.007 [JavaFX Application Thread] INFO  Engine               - FXGL-17.3 (30.03.2023 11.49) on WINDOWS (J:25.0.2 FX:21.0.6)
09:56:04.007 [JavaFX Application Thread] DEBUG Engine               - JRE Vendor Name: Oracle Corporation
09:56:04.007 [JavaFX Application Thread] DEBUG Engine               - Running on OS: Windows 11 version 10.0
09:56:04.007 [JavaFX Application Thread] DEBUG Engine               - Architecture: amd64
09:56:04.007 [JavaFX Application Thread] INFO  Engine               - Source code and latest versions at: https://github.com/AlmasB/FXGL
09:56:04.008 [JavaFX Application Thread] INFO  Engine               -       Ask questions and discuss at: https://github.com/AlmasB/FXGL/discussions
09:56:04.008 [JavaFX Application Thread] INFO  Engine               -              Join the FXGL chat at: https://gitter.im/AlmasB/FXGL
09:56:04.154 [JavaFX Application Thread] DEBUG PrimaryStageWindow   - Creating a JavaFX scene
09:56:04.215 [JavaFX Application Thread] DEBUG PrimaryStageWindow   - Target settings size: 1200.0 x 640.0
09:56:04.216 [JavaFX Application Thread] DEBUG PrimaryStageWindow   - Scaled scene size:    1200.0 x 640.0
09:56:04.216 [JavaFX Application Thread] DEBUG PrimaryStageWindow   - Scaled ratio: (1.0, 1.0)
09:56:04.217 [JavaFX Application Thread] DEBUG PrimaryStageWindow   - Set initial scene to FXGLStartupScene
09:56:04.225 [JavaFX Application Thread] DEBUG PrimaryStageWindow   - Opening main window
09:56:04.447 [JavaFX Application Thread] DEBUG PrimaryStageWindow   - Window border size: (14.4000244140625, 37.5999755859375)
09:56:04.448 [JavaFX Application Thread] DEBUG PrimaryStageWindow   - Scaled size: 1200.0 x 640.0
09:56:04.448 [JavaFX Application Thread] DEBUG PrimaryStageWindow   - Scaled ratio: (1.0, 1.0)
09:56:04.448 [JavaFX Application Thread] DEBUG PrimaryStageWindow   - Scene size: 1200.0 x 640.0
09:56:04.448 [JavaFX Application Thread] DEBUG PrimaryStageWindow   - Stage size: 1214.4000244140625 x 677.5999755859375
09:56:04.546 [JavaFX Application Thread] DEBUG PrimaryStageWindow   - Going fullscreen
09:56:04.556 [FXGL Background Thread 1 ] DEBUG Engine               - Initializing environment variables
09:56:04.610 [FXGL Background Thread 1 ] DEBUG FXGLAssetLoaderServi - User app class for loading assets: class at.htl.teachertowerdefense.TeacherTowerDefenseApp
09:56:04.610 [FXGL Background Thread 1 ] DEBUG GameApplicationServi - Applying CSS: fxgl_dark.css
09:56:04.611 [FXGL Background Thread 1 ] DEBUG FXGLAssetLoaderServi - Loading from file system: jar:file:/C:/Users/lucaa/.m2/repository/com/github/almasb/fxgl/17.3/fxgl-17.3.jar!/fxglassets/ui/css/fxgl_dark.css
09:56:04.663 [FXGL Background Thread 1 ] DEBUG GameApplicationServi - Initializing application scenes
09:56:04.717 [FXGL Background Thread 1 ] DEBUG GameWorld            - Game world initialized
09:56:04.801 [FXGL Background Thread 1 ] DEBUG PhysicsWorld         - Physics world initialized: appHeight=640, physics.ppm=50,0
09:56:04.802 [FXGL Background Thread 1 ] DEBUG PhysicsWorld         - Using strategy: BRUTE_FORCE
09:56:04.807 [FXGL Background Thread 1 ] DEBUG GameScene            - Game scene initialized: 1200x640
09:56:04.815 [FXGL Background Thread 1 ] DEBUG FXGLAssetLoaderServi - Loading from file system: file:/C:/Users/lucaa/OneDrive%20-%20HTL%20Saalfelden/POS/Workspace/IntelliJ/FXGL/TeacherTowerDefense/target/classes/assets/textures/menu_bg.png
09:56:04.962 [FXGL Background Thread 1 ] DEBUG GameApplicationServi - Application scenes initialized
09:56:04.976 [FXGL Background Thread 1 ] DEBUG SystemBundleService  - Loading FXGL system data
09:56:04.978 [FXGL Background Thread 1 ] DEBUG FileSystemAccess     - Reading from: C:\Users\lucaa\OneDrive - HTL Saalfelden\POS\Workspace\IntelliJ\FXGL\TeacherTowerDefense\system\fxgl.bundle
09:56:04.982 [FXGL Background Thread 1 ] DEBUG SystemBundleService  - Bundle FXGL: {}
09:56:04.982 [FXGL Background Thread 1 ] DEBUG UpdaterService       - Checking for updates
09:56:05.033 [FXGL Background Thread 1 ] DEBUG FXGLApplication      - Loading default localization
09:56:05.034 [FXGL Background Thread 1 ] DEBUG FXGLAssetLoaderServi - Loading from file system: jar:file:/C:/Users/lucaa/.m2/repository/com/github/almasb/fxgl/17.3/fxgl-17.3.jar!/fxglassets/languages/english.lang
09:56:05.058 [FXGL Background Thread 4 ] DEBUG FXGLApplication      - Loading fonts
09:56:05.059 [FXGL Background Thread 4 ] DEBUG FXGLAssetLoaderServi - Loading from file system: jar:file:/C:/Users/lucaa/.m2/repository/com/github/almasb/fxgl/17.3/fxgl-17.3.jar!/fxglassets/ui/fonts/VarelaRound-Regular.ttf
09:56:05.077 [FXGL Background Thread 1 ] INFO  FXGLApplication      - FXGL initialization took: 0,522 sec
09:56:05.081 [JavaFX Application Thread] DEBUG FXGLAssetLoaderServi - Loading from file system: jar:file:/C:/Users/lucaa/.m2/repository/com/github/almasb/fxgl/17.3/fxgl-17.3.jar!/fxglassets/textures/fxgl_icon.png
09:56:05.095 [FXGL Background Thread 4 ] DEBUG FXGLAssetLoaderServi - Loading from file system: jar:file:/C:/Users/lucaa/.m2/repository/com/github/almasb/fxgl/17.3/fxgl-17.3.jar!/fxglassets/ui/fonts/Abel-Regular.ttf
09:56:05.117 [FXGL Background Thread 4 ] DEBUG FXGLAssetLoaderServi - Loading from file system: jar:file:/C:/Users/lucaa/.m2/repository/com/github/almasb/fxgl/17.3/fxgl-17.3.jar!/fxglassets/ui/fonts/TerminalLandMono-Regular.otf
09:56:05.142 [JavaFX Application Thread] DEBUG FXGLAssetLoaderServi - Loading from file system: jar:file:/C:/Users/lucaa/.m2/repository/com/github/almasb/fxgl/17.3/fxgl-17.3.jar!/fxglassets/textures/fxgl_default_cursor.png
09:56:05.145 [FXGL Background Thread 4 ] DEBUG FXGLAssetLoaderServi - Loading from file system: jar:file:/C:/Users/lucaa/.m2/repository/com/github/almasb/fxgl/17.3/fxgl-17.3.jar!/fxglassets/ui/fonts/Courier-Prime.ttf
09:56:05.162 [JavaFX Application Thread] DEBUG Input                - Registered new binding: Screenshot - CTRL+8
09:56:05.163 [JavaFX Application Thread] DEBUG Input                - Registered new binding: Dev Options - 1
09:56:05.164 [JavaFX Application Thread] DEBUG Input                - Registered new binding: Dev Console - 2
09:56:05.165 [JavaFX Application Thread] DEBUG Input                - Registered new binding: System info dump - CTRL+9
09:56:05.165 [JavaFX Application Thread] DEBUG Input                - Registered new binding: Restart - CTRL+R
09:56:05.166 [JavaFX Application Thread] DEBUG Input                - Registered new binding: Toggle Debug Camera - CTRL+7
09:56:05.174 [JavaFX Application Thread] DEBUG LoopRunner           - Starting loop
09:56:05.209 [JavaFX Application Thread] DEBUG LoopRunner           - Initializing JavaFX AnimationTimerLoop
09:56:05.214 [JavaFX Application Thread] DEBUG Input                - Clearing active input actions
09:56:05.228 [JavaFX Application Thread] DEBUG GameApplicationServi - Removing overlay from FXGLStartupScene and adding to FXGLMainMenuDummyScene
09:56:05.234 [JavaFX Application Thread] DEBUG PrimaryStageWindow   - FXGLStartupScene -> FXGLMainMenuDummyScene
09:56:05.235 [JavaFX Application Thread] DEBUG PrimaryStageWindow   - Push state: CustomMainMenu
09:56:05.235 [JavaFX Application Thread] DEBUG Input                - Clearing active input actions
09:56:05.246 [JavaFX Application Thread] DEBUG GameApplicationServi - Removing overlay from FXGLMainMenuDummyScene and adding to CustomMainMenu
09:56:05.247 [JavaFX Application Thread] DEBUG PrimaryStageWindow   - FXGLMainMenuDummyScene -> CustomMainMenu
09:56:05.248 [JavaFX Application Thread] DEBUG FXGLApplication      - Registering font factories with UI factory
09:56:05.536 [FXGL Background Thread 2 ] INFO  UpdaterService       - Your current version:  17.3
09:56:05.536 [FXGL Background Thread 2 ] INFO  UpdaterService       - Latest stable version: 25
09:56:07.870 [JavaFX Application Thread] DEBUG Menu                 - fireNewGame()
09:56:07.872 [JavaFX Application Thread] DEBUG GameApplicationServi - Starting new game
09:56:07.872 [JavaFX Application Thread] DEBUG PrimaryStageWindow   - Pop state: CustomMainMenu
09:56:07.872 [JavaFX Application Thread] DEBUG Input                - Clearing active input actions
09:56:07.872 [JavaFX Application Thread] DEBUG GameApplicationServi - Removing overlay from CustomMainMenu and adding to FXGLMainMenuDummyScene
09:56:07.874 [JavaFX Application Thread] DEBUG PrimaryStageWindow   - FXGLMainMenuDummyScene <- CustomMainMenu
09:56:07.874 [JavaFX Application Thread] DEBUG Input                - Clearing active input actions
09:56:07.881 [JavaFX Application Thread] DEBUG GameApplicationServi - Removing overlay from FXGLMainMenuDummyScene and adding to FXGLLoadingScene
09:56:07.882 [JavaFX Application Thread] DEBUG PrimaryStageWindow   - FXGLMainMenuDummyScene -> FXGLLoadingScene
09:56:07.882 [JavaFX Application Thread] DEBUG GameApplicationServi - Clearing previous game
09:56:07.882 [JavaFX Application Thread] DEBUG GameScene            - Clearing game scene
09:56:07.882 [JavaFX Application Thread] DEBUG GameWorld            - Clearing game world
09:56:07.882 [JavaFX Application Thread] DEBUG PhysicsWorld         - Clearing physics world
09:56:07.885 [FXGL Background Thread 2 ] DEBUG FXGLApplication      - Initializing game
09:56:08.031 [FXGL Background Thread 3 ] DEBUG Engine               - Logging environment variables
09:56:08.032 [FXGL Background Thread 3 ] DEBUG Engine               - achievements: []
09:56:08.032 [FXGL Background Thread 3 ] DEBUG Engine               - actualHeight: 864.0
09:56:08.032 [FXGL Background Thread 3 ] DEBUG Engine               - actualHeightProperty: ReadOnlyDoubleProperty [value: 864.0]
09:56:08.033 [FXGL Background Thread 3 ] DEBUG Engine               - actualWidth: 1536.0
09:56:08.033 [FXGL Background Thread 3 ] DEBUG Engine               - actualWidthProperty: ReadOnlyDoubleProperty [value: 1536.0]
09:56:08.033 [FXGL Background Thread 3 ] DEBUG Engine               - appIcon: fxgl_icon.png
09:56:08.033 [FXGL Background Thread 3 ] DEBUG Engine               - applicationMode: DEVELOPER
09:56:08.033 [FXGL Background Thread 3 ] DEBUG Engine               - cSSList: [fxgl_dark.css]
09:56:08.034 [FXGL Background Thread 3 ] DEBUG Engine               - collisionDetectionStrategy: BRUTE_FORCE
09:56:08.034 [FXGL Background Thread 3 ] DEBUG Engine               - configClass: Optional.empty
09:56:08.034 [FXGL Background Thread 3 ] DEBUG Engine               - credits: []
09:56:08.041 [FXGL Background Thread 3 ] DEBUG Engine               - defaultCursor: CursorInfo(imageName=fxgl_default_cursor.png, hotspotX=7.0, hotspotY=6.0)
09:56:08.042 [FXGL Background Thread 3 ] DEBUG Engine               - devBBoxColorProperty: ObjectProperty [value: 0xff0000ff]
09:56:08.042 [FXGL Background Thread 3 ] DEBUG Engine               - devEnableDebugCameraProperty: BooleanProperty [value: false]
09:56:08.042 [FXGL Background Thread 3 ] DEBUG Engine               - devSensorColorProperty: ObjectProperty [value: 0xffff00ff]
09:56:08.043 [FXGL Background Thread 3 ] DEBUG Engine               - devShowBBoxProperty: BooleanProperty [value: false]
09:56:08.043 [FXGL Background Thread 2 ] WARN  TMXLevelLoader       - TiledMap generated from 1.11.2. Supported version: 1.9.0. Some features may not be parsed fully.
09:56:08.043 [FXGL Background Thread 3 ] DEBUG Engine               - devShowPositionProperty: BooleanProperty [value: false]
09:56:08.043 [FXGL Background Thread 3 ] DEBUG Engine               - enabledMenuItems: []
09:56:08.043 [FXGL Background Thread 3 ] DEBUG Engine               - engineServices: [class com.almasb.fxgl.app.services.FXGLAssetLoaderService, class com.almasb.fxgl.app.FXGLApplication$GameApplicationService, class com.almasb.fxgl.app.services.FXGLDialogService, class com.almasb.fxgl.app.services.IOTaskExecutorService, class com.almasb.fxgl.io.FileSystemService, class com.almasb.fxgl.localization.LocalizationService, class com.almasb.fxgl.app.services.SystemBundleService, class com.almasb.fxgl.profile.SaveLoadService, class com.almasb.fxgl.ui.FXGLUIFactoryServiceProvider, class com.almasb.fxgl.ui.FXGLDialogFactoryServiceProvider, class com.almasb.fxgl.audio.AudioPlayer, class com.almasb.fxgl.notification.impl.NotificationServiceProvider, class com.almasb.fxgl.achievement.AchievementService, class com.almasb.fxgl.cutscene.CutsceneService, class com.almasb.fxgl.minigames.MiniGameService, class com.almasb.fxgl.net.NetService, class com.almasb.fxgl.app.services.UpdaterService, class com.almasb.fxgl.dev.DevService]
09:56:08.043 [FXGL Background Thread 3 ] DEBUG Engine               - fontGame: Abel-Regular.ttf
09:56:08.043 [FXGL Background Thread 3 ] DEBUG Engine               - fontMono: TerminalLandMono-Regular.otf
09:56:08.043 [FXGL Background Thread 3 ] DEBUG Engine               - fontSizeScaleUI: 1.0
09:56:08.044 [FXGL Background Thread 3 ] DEBUG Engine               - fontText: Courier-Prime.ttf
09:56:08.044 [FXGL Background Thread 3 ] DEBUG Engine               - fontUI: VarelaRound-Regular.ttf
09:56:08.044 [FXGL Background Thread 3 ] DEBUG Engine               - fullScreen: BooleanProperty [value: true]
09:56:08.044 [FXGL Background Thread 3 ] DEBUG Engine               - gameDifficulty: MEDIUM
09:56:08.044 [FXGL Background Thread 3 ] DEBUG Engine               - gameDifficultyProperty: ObjectProperty [value: MEDIUM]
09:56:08.044 [FXGL Background Thread 3 ] DEBUG Engine               - globalMusicVolume: 0.5
09:56:08.045 [FXGL Background Thread 3 ] DEBUG Engine               - globalMusicVolumeProperty: DoubleProperty [value: 0.5]
09:56:08.045 [FXGL Background Thread 3 ] DEBUG Engine               - globalSoundVolume: 0.5
09:56:08.045 [FXGL Background Thread 3 ] DEBUG Engine               - globalSoundVolumeProperty: DoubleProperty [value: 0.5]
09:56:08.045 [FXGL Background Thread 3 ] DEBUG Engine               - height: 640
09:56:08.045 [FXGL Background Thread 3 ] DEBUG Engine               - is3D: false
09:56:08.045 [FXGL Background Thread 3 ] DEBUG Engine               - isAndroid: false
09:56:08.045 [FXGL Background Thread 3 ] DEBUG Engine               - isBrowser: false
09:56:08.045 [FXGL Background Thread 3 ] DEBUG Engine               - isClickFeedbackEnabled: false
09:56:08.045 [FXGL Background Thread 3 ] DEBUG Engine               - isCloseConfirmation: false
09:56:08.046 [FXGL Background Thread 3 ] DEBUG Engine               - isDesktop: true
09:56:08.046 [FXGL Background Thread 3 ] DEBUG Engine               - isDeveloperMenuEnabled: true
09:56:08.046 [FXGL Background Thread 3 ] DEBUG Engine               - isEmbedded: false
09:56:08.046 [FXGL Background Thread 3 ] DEBUG Engine               - isEntityPreloadEnabled: true
09:56:08.047 [FXGL Background Thread 3 ] DEBUG Engine               - isExperimentalTiledLargeMap: false
09:56:08.047 [FXGL Background Thread 3 ] DEBUG Engine               - isFileSystemWriteAllowed: true
09:56:08.047 [FXGL Background Thread 3 ] DEBUG Engine               - isFullScreenAllowed: true
09:56:08.047 [FXGL Background Thread 3 ] DEBUG Engine               - isFullScreenFromStart: true
09:56:08.047 [FXGL Background Thread 3 ] DEBUG Engine               - isGameMenuEnabled: true
09:56:08.047 [FXGL Background Thread 3 ] DEBUG Engine               - isIOS: false
09:56:08.047 [FXGL Background Thread 3 ] DEBUG Engine               - isIntroEnabled: false
09:56:08.047 [FXGL Background Thread 3 ] DEBUG Engine               - isLinux: false
09:56:08.048 [FXGL Background Thread 3 ] DEBUG Engine               - isMac: false
09:56:08.048 [FXGL Background Thread 3 ] DEBUG Engine               - isMainMenuEnabled: true
09:56:08.048 [FXGL Background Thread 3 ] DEBUG Engine               - isManualResizeEnabled: false
09:56:08.048 [FXGL Background Thread 3 ] DEBUG Engine               - isMobile: false
09:56:08.048 [FXGL Background Thread 3 ] DEBUG Engine               - isNative: false
09:56:08.048 [FXGL Background Thread 3 ] DEBUG Engine               - isPauseMusicWhenMinimized: true
09:56:08.048 [FXGL Background Thread 3 ] DEBUG Engine               - isPreserveResizeRatio: true
09:56:08.049 [FXGL Background Thread 3 ] DEBUG Engine               - isProfilingEnabled: false
09:56:08.049 [FXGL Background Thread 3 ] DEBUG Engine               - isScaleAffectedOnResize: true
09:56:08.049 [FXGL Background Thread 3 ] DEBUG Engine               - isSingleStep: false
09:56:08.049 [FXGL Background Thread 3 ] DEBUG Engine               - isUserProfileEnabled: false
09:56:08.049 [FXGL Background Thread 3 ] DEBUG Engine               - isWindows: true
09:56:08.049 [FXGL Background Thread 3 ] DEBUG Engine               - language: ObjectProperty [value: ENGLISH]
09:56:08.049 [FXGL Background Thread 3 ] DEBUG Engine               - menuKey: ESCAPE
09:56:08.049 [FXGL Background Thread 3 ] DEBUG Engine               - mouseSensitivity: 0.2
09:56:08.050 [FXGL Background Thread 3 ] DEBUG Engine               - notificationViewClass: class com.almasb.fxgl.notification.view.XboxNotificationView
09:56:08.050 [FXGL Background Thread 3 ] DEBUG Engine               - pixelsPerMeter: 50.0
09:56:08.050 [FXGL Background Thread 3 ] DEBUG Engine               - platform: WINDOWS
09:56:08.050 [FXGL Background Thread 3 ] DEBUG Engine               - prefHeightProperty: ReadOnlyDoubleProperty [value: 640.0]
09:56:08.050 [FXGL Background Thread 3 ] DEBUG Engine               - prefWidthProperty: ReadOnlyDoubleProperty [value: 1200.0]
09:56:08.050 [FXGL Background Thread 3 ] DEBUG Engine               - profileDir: profiles/
09:56:08.051 [FXGL Background Thread 3 ] DEBUG Engine               - profileName: StringProperty [value: DEFAULT]
09:56:08.051 [FXGL Background Thread 3 ] DEBUG Engine               - randomSeed: -1
09:56:08.051 [FXGL Background Thread 3 ] DEBUG Engine               - runtimeInfo: RuntimeInfo(platform=WINDOWS, version=17.3, build=30.03.2023 11.49)
09:56:08.051 [FXGL Background Thread 3 ] DEBUG Engine               - saveFileExt: sav
09:56:08.051 [FXGL Background Thread 3 ] DEBUG Engine               - scaledHeightProp$fxgl: DoubleProperty [bound, value: 864.0]
09:56:08.051 [FXGL Background Thread 3 ] DEBUG Engine               - scaledWidthProp$fxgl: DoubleProperty [bound, value: 1536.0]
09:56:08.051 [FXGL Background Thread 3 ] DEBUG Engine               - sceneFactory: at.htl.teachertowerdefense.CustomSceneFactory@146d9edb
09:56:08.051 [FXGL Background Thread 3 ] DEBUG Engine               - secondsIn24h: 60
09:56:08.051 [FXGL Background Thread 3 ] DEBUG Engine               - soundMenuBack: menu/back.wav
09:56:08.051 [FXGL Background Thread 3 ] DEBUG Engine               - soundMenuPress: menu/press.wav
09:56:08.051 [FXGL Background Thread 3 ] DEBUG Engine               - soundMenuSelect: menu/select.wav
09:56:08.051 [FXGL Background Thread 3 ] DEBUG Engine               - soundNotification: core/notification.wav
09:56:08.051 [FXGL Background Thread 3 ] DEBUG Engine               - stageStyle: DECORATED
09:56:08.052 [FXGL Background Thread 3 ] DEBUG Engine               - supportedLanguages: [ENGLISH, FRENCH, GERMAN, HUNGARIAN, RUSSIAN]
09:56:08.052 [FXGL Background Thread 3 ] DEBUG Engine               - ticksPerSecond: -1
09:56:08.052 [FXGL Background Thread 3 ] DEBUG Engine               - title: Teacher Tower Defense
09:56:08.052 [FXGL Background Thread 3 ] DEBUG Engine               - urlGithub: https://github.com/AlmasB/FXGL
09:56:08.052 [FXGL Background Thread 3 ] DEBUG Engine               - urlLeaderboard: http://fxgl-top.herokuapp.com/
09:56:08.052 [FXGL Background Thread 3 ] DEBUG Engine               - urlPOM: https://raw.githubusercontent.com/AlmasB/FXGL/release/README.md
09:56:08.052 [FXGL Background Thread 3 ] DEBUG Engine               - userAppClass: class at.htl.teachertowerdefense.TeacherTowerDefenseApp
09:56:08.052 [FXGL Background Thread 3 ] DEBUG Engine               - version: 0.1
09:56:08.052 [FXGL Background Thread 3 ] DEBUG Engine               - versionCheckDays: 7
09:56:08.052 [FXGL Background Thread 3 ] DEBUG Engine               - width: 1200
09:56:08.052 [FXGL Background Thread 3 ] DEBUG Engine               - Logging services
09:56:08.052 [FXGL Background Thread 3 ] DEBUG Engine               - class com.almasb.fxgl.app.services.FXGLAssetLoaderService
09:56:08.052 [FXGL Background Thread 3 ] DEBUG Engine               - class com.almasb.fxgl.app.FXGLApplication$GameApplicationService
09:56:08.052 [FXGL Background Thread 3 ] DEBUG Engine               - class com.almasb.fxgl.app.services.FXGLDialogService
09:56:08.052 [FXGL Background Thread 3 ] DEBUG Engine               - class com.almasb.fxgl.app.services.IOTaskExecutorService
09:56:08.052 [FXGL Background Thread 3 ] DEBUG Engine               - class com.almasb.fxgl.io.FileSystemService
09:56:08.052 [FXGL Background Thread 3 ] DEBUG Engine               - class com.almasb.fxgl.localization.LocalizationService
09:56:08.052 [FXGL Background Thread 3 ] DEBUG Engine               - class com.almasb.fxgl.app.services.SystemBundleService
09:56:08.053 [FXGL Background Thread 3 ] DEBUG Engine               - class com.almasb.fxgl.profile.SaveLoadService
09:56:08.053 [FXGL Background Thread 3 ] DEBUG Engine               - class com.almasb.fxgl.ui.FXGLUIFactoryServiceProvider
09:56:08.053 [FXGL Background Thread 3 ] DEBUG Engine               - class com.almasb.fxgl.ui.FXGLDialogFactoryServiceProvider
09:56:08.053 [FXGL Background Thread 3 ] DEBUG Engine               - class com.almasb.fxgl.audio.AudioPlayer
09:56:08.053 [FXGL Background Thread 3 ] DEBUG Engine               - class com.almasb.fxgl.notification.impl.NotificationServiceProvider
09:56:08.053 [FXGL Background Thread 3 ] DEBUG Engine               - class com.almasb.fxgl.achievement.AchievementService
09:56:08.053 [FXGL Background Thread 3 ] DEBUG Engine               - class com.almasb.fxgl.cutscene.CutsceneService
09:56:08.053 [FXGL Background Thread 3 ] DEBUG Engine               - class com.almasb.fxgl.minigames.MiniGameService
09:56:08.053 [FXGL Background Thread 3 ] DEBUG Engine               - class com.almasb.fxgl.net.NetService
09:56:08.053 [FXGL Background Thread 3 ] DEBUG Engine               - class com.almasb.fxgl.app.services.UpdaterService
09:56:08.053 [FXGL Background Thread 3 ] DEBUG Engine               - class com.almasb.fxgl.dev.DevService
09:56:08.077 [FXGL Background Thread 2 ] DEBUG TMXLevelLoader       - Parsed TiledMap: file:/C:/Users/lucaa/OneDrive%20-%20HTL%20Saalfelden/POS/Workspace/IntelliJ/FXGL/TeacherTowerDefense/target/classes/assets/levels/Map1.tmx
09:56:08.079 [FXGL Background Thread 2 ] DEBUG TMXLevelLoader       - Creating tile layer entities
09:56:08.081 [FXGL Background Thread 2 ] DEBUG TilesetLoader        - Loading view for layer Kachelebene 0
09:56:08.084 [FXGL Background Thread 2 ] DEBUG TilesetLoader        - Created buffer with size 960.0x640.0
09:56:08.124 [FXGL Background Thread 2 ] DEBUG TilesetLoader        - Loading view for layer Kachelebene 1
09:56:08.124 [FXGL Background Thread 2 ] DEBUG TilesetLoader        - Created buffer with size 960.0x640.0
09:56:08.130 [FXGL Background Thread 2 ] DEBUG TilesetLoader        - Loading view for layer Kachelebene 2
09:56:08.130 [FXGL Background Thread 2 ] DEBUG TilesetLoader        - Created buffer with size 960.0x640.0
09:56:08.144 [FXGL Background Thread 2 ] DEBUG TilesetLoader        - Loading view for layer Kachelebene 4
09:56:08.145 [FXGL Background Thread 2 ] DEBUG TilesetLoader        - Created buffer with size 960.0x640.0
09:56:08.146 [FXGL Background Thread 2 ] DEBUG TMXLevelLoader       - Creating object layer entities
09:56:08.196 [FXGL Background Thread 2 ] DEBUG GameWorld            - Clearing removable entities
09:56:08.198 [FXGL Background Thread 2 ] DEBUG GameWorld            - Setting level: com.almasb.fxgl.entity.level.Level@69abb704
09:56:08.206 [FXGL Background Thread 2 ] DEBUG FXGLAssetLoaderServi - Loading from file system: file:/C:/Users/lucaa/OneDrive%20-%20HTL%20Saalfelden/POS/Workspace/IntelliJ/FXGL/TeacherTowerDefense/target/classes/assets/textures/Groebl.png
09:56:08.215 [FXGL Background Thread 2 ] INFO  FXGLApplication      - Game initialization took: 0,329 sec
09:56:08.217 [JavaFX Application Thread] DEBUG Input                - Clearing active input actions
09:56:08.224 [JavaFX Application Thread] DEBUG GameApplicationServi - Removing overlay from FXGLLoadingScene and adding to GameScene
09:56:08.229 [JavaFX Application Thread] DEBUG PrimaryStageWindow   - FXGLLoadingScene -> GameScene
09:56:12.807 [JavaFX Application Thread] DEBUG FXGLAssetLoaderServi - Loading from file system: file:/C:/Users/lucaa/OneDrive%20-%20HTL%20Saalfelden/POS/Workspace/IntelliJ/FXGL/TeacherTowerDefense/target/classes/assets/textures/Groebl.png
09:56:38.901 [JavaFX Application Thread] DEBUG PrimaryStageWindow   - Push state: CustomGameMenu
09:56:38.902 [JavaFX Application Thread] DEBUG Input                - Clearing active input actions
09:56:38.906 [JavaFX Application Thread] DEBUG GameApplicationServi - Removing overlay from GameScene and adding to CustomGameMenu
09:56:38.909 [JavaFX Application Thread] DEBUG PrimaryStageWindow   - GameScene -> CustomGameMenu
09:56:39.823 [JavaFX Application Thread] DEBUG Menu                 - fireExit()
09:56:39.829 [JavaFX Application Thread] DEBUG PrimaryStageWindow   - Push state: DialogSubScene
09:56:39.830 [JavaFX Application Thread] DEBUG Input                - Clearing active input actions
09:56:39.830 [JavaFX Application Thread] DEBUG GameApplicationServi - Removing overlay from CustomGameMenu and adding to DialogSubScene
09:56:39.831 [JavaFX Application Thread] DEBUG PrimaryStageWindow   - CustomGameMenu -> DialogSubScene
09:56:40.263 [JavaFX Application Thread] DEBUG PrimaryStageWindow   - Pop state: DialogSubScene
09:56:40.263 [JavaFX Application Thread] DEBUG Input                - Clearing active input actions
09:56:40.264 [JavaFX Application Thread] DEBUG GameApplicationServi - Removing overlay from DialogSubScene and adding to CustomGameMenu
09:56:40.265 [JavaFX Application Thread] DEBUG PrimaryStageWindow   - CustomGameMenu <- DialogSubScene
09:56:40.265 [JavaFX Application Thread] DEBUG FXGLApplication      - Exiting FXGL
09:56:40.265 [JavaFX Application Thread] DEBUG LoopRunner           - Stopping loop
09:56:40.265 [JavaFX Application Thread] DEBUG SystemBundleService  - Saving FXGL system data
09:56:40.267 [JavaFX Application Thread] DEBUG FileSystemAccess     - Writing to: C:\Users\lucaa\OneDrive - HTL Saalfelden\POS\Workspace\IntelliJ\FXGL\TeacherTowerDefense\system\fxgl.bundle
09:56:40.268 [JavaFX Application Thread] DEBUG Async                - Shutting down background threads
09:56:40.269 [JavaFX Application Thread] DEBUG PrimaryStageWindow   - Closing main window
09:56:40.410 [JavaFX Application Thread] DEBUG Logger               - Closing Logger
