17:59:04.242 [main                     ] DEBUG Logger               - Configured Logger
17:59:04.248 [main                     ] DEBUG GameApplication      - Logging settings
Title: Teacher Tower Defense
Version: 0.1
Width: 1200
Height: 640
Fullscreen: true
Intro: false
Profiling: false
Single step:false
App Mode: DEVELOPER
Menu Key: ESCAPE
Stage Style: DECORATED
Scene Factory: class com.almasb.fxgl.app.scene.SceneFactory

17:59:04.820 [JavaFX Application Thread] DEBUG FXGLApplication      - Initializing FXGL
17:59:04.824 [JavaFX Application Thread] INFO  Engine               - FXGL-17.3 (30.03.2023 11.49) on WINDOWS (J:25.0.2 FX:21.0.6)
17:59:04.824 [JavaFX Application Thread] DEBUG Engine               - JRE Vendor Name: Oracle Corporation
17:59:04.824 [JavaFX Application Thread] DEBUG Engine               - Running on OS: Windows 11 version 10.0
17:59:04.824 [JavaFX Application Thread] DEBUG Engine               - Architecture: amd64
17:59:04.824 [JavaFX Application Thread] INFO  Engine               - Source code and latest versions at: https://github.com/AlmasB/FXGL
17:59:04.824 [JavaFX Application Thread] INFO  Engine               -       Ask questions and discuss at: https://github.com/AlmasB/FXGL/discussions
17:59:04.824 [JavaFX Application Thread] INFO  Engine               -              Join the FXGL chat at: https://gitter.im/AlmasB/FXGL
17:59:04.964 [JavaFX Application Thread] DEBUG PrimaryStageWindow   - Creating a JavaFX scene
17:59:05.016 [JavaFX Application Thread] DEBUG PrimaryStageWindow   - Target settings size: 1200.0 x 640.0
17:59:05.016 [JavaFX Application Thread] DEBUG PrimaryStageWindow   - Scaled scene size:    1200.0 x 640.0
17:59:05.016 [JavaFX Application Thread] DEBUG PrimaryStageWindow   - Scaled ratio: (1.0, 1.0)
17:59:05.018 [JavaFX Application Thread] DEBUG PrimaryStageWindow   - Set initial scene to FXGLStartupScene
17:59:05.023 [JavaFX Application Thread] DEBUG PrimaryStageWindow   - Opening main window
17:59:05.154 [JavaFX Application Thread] DEBUG PrimaryStageWindow   - Window border size: (14.4000244140625, 37.5999755859375)
17:59:05.154 [JavaFX Application Thread] DEBUG PrimaryStageWindow   - Scaled size: 1200.0 x 640.0
17:59:05.154 [JavaFX Application Thread] DEBUG PrimaryStageWindow   - Scaled ratio: (1.0, 1.0)
17:59:05.154 [JavaFX Application Thread] DEBUG PrimaryStageWindow   - Scene size: 1200.0 x 640.0
17:59:05.155 [JavaFX Application Thread] DEBUG PrimaryStageWindow   - Stage size: 1214.4000244140625 x 677.5999755859375
17:59:05.227 [JavaFX Application Thread] DEBUG PrimaryStageWindow   - Going fullscreen
17:59:05.234 [FXGL Background Thread 1 ] DEBUG Engine               - Initializing environment variables
17:59:05.280 [FXGL Background Thread 1 ] DEBUG FXGLAssetLoaderServi - User app class for loading assets: class at.htl.teachertowerdefense.TeacherTowerDefenseApp
17:59:05.281 [FXGL Background Thread 1 ] DEBUG GameApplicationServi - Applying CSS: fxgl_dark.css
17:59:05.281 [FXGL Background Thread 1 ] DEBUG FXGLAssetLoaderServi - Loading from file system: jar:file:/C:/Users/lucaa/.m2/repository/com/github/almasb/fxgl/17.3/fxgl-17.3.jar!/fxglassets/ui/css/fxgl_dark.css
17:59:05.320 [FXGL Background Thread 1 ] DEBUG GameApplicationServi - Initializing application scenes
17:59:05.360 [FXGL Background Thread 1 ] DEBUG GameWorld            - Game world initialized
17:59:05.411 [FXGL Background Thread 1 ] DEBUG PhysicsWorld         - Physics world initialized: appHeight=640, physics.ppm=50,0
17:59:05.411 [FXGL Background Thread 1 ] DEBUG PhysicsWorld         - Using strategy: BRUTE_FORCE
17:59:05.415 [FXGL Background Thread 1 ] DEBUG GameScene            - Game scene initialized: 1200x640
17:59:05.432 [FXGL Background Thread 1 ] DEBUG FXGL.DefaultMenu     - createMenuBodyGameMenu()
17:59:05.449 [FXGL Background Thread 1 ] DEBUG FXGL.DefaultMenu     - createOptionsMenu()
17:59:05.460 [FXGL Background Thread 1 ] DEBUG FXGLAssetLoaderServi - Loading from file system: jar:file:/C:/Users/lucaa/.m2/repository/com/github/almasb/fxgl/17.3/fxgl-17.3.jar!/fxglassets/textures/particles/smoke.png
17:59:05.533 [FXGL Background Thread 1 ] DEBUG FXGLAssetLoaderServi - Loading from file system: jar:file:/C:/Users/lucaa/.m2/repository/com/github/almasb/fxgl/17.3/fxgl-17.3.jar!/fxglassets/textures/particles/trace_horizontal.png
17:59:05.556 [FXGL Background Thread 1 ] DEBUG GameApplicationServi - Application scenes initialized
17:59:05.568 [FXGL Background Thread 1 ] DEBUG SystemBundleService  - Loading FXGL system data
17:59:05.569 [FXGL Background Thread 1 ] DEBUG FileSystemAccess     - Reading from: C:\Users\lucaa\OneDrive - HTL Saalfelden\POS\Workspace\IntelliJ\FXGL\TeacherTowerDefense\system\fxgl.bundle
17:59:05.570 [FXGL Background Thread 1 ] DEBUG SystemBundleService  - Bundle FXGL: {}
17:59:05.570 [FXGL Background Thread 1 ] DEBUG UpdaterService       - Checking for updates
17:59:05.595 [FXGL Background Thread 4 ] DEBUG FXGLApplication      - Loading fonts
17:59:05.596 [FXGL Background Thread 1 ] DEBUG FXGLApplication      - Loading default localization
17:59:05.596 [FXGL Background Thread 4 ] DEBUG FXGLAssetLoaderServi - Loading from file system: jar:file:/C:/Users/lucaa/.m2/repository/com/github/almasb/fxgl/17.3/fxgl-17.3.jar!/fxglassets/ui/fonts/VarelaRound-Regular.ttf
17:59:05.596 [FXGL Background Thread 1 ] DEBUG FXGLAssetLoaderServi - Loading from file system: jar:file:/C:/Users/lucaa/.m2/repository/com/github/almasb/fxgl/17.3/fxgl-17.3.jar!/fxglassets/languages/english.lang
17:59:05.626 [FXGL Background Thread 1 ] INFO  FXGLApplication      - FXGL initialization took: 0,391 sec
17:59:05.627 [JavaFX Application Thread] DEBUG FXGLAssetLoaderServi - Loading from file system: jar:file:/C:/Users/lucaa/.m2/repository/com/github/almasb/fxgl/17.3/fxgl-17.3.jar!/fxglassets/textures/fxgl_icon.png
17:59:05.632 [FXGL Background Thread 4 ] DEBUG FXGLAssetLoaderServi - Loading from file system: jar:file:/C:/Users/lucaa/.m2/repository/com/github/almasb/fxgl/17.3/fxgl-17.3.jar!/fxglassets/ui/fonts/Abel-Regular.ttf
17:59:05.643 [FXGL Background Thread 4 ] DEBUG FXGLAssetLoaderServi - Loading from file system: jar:file:/C:/Users/lucaa/.m2/repository/com/github/almasb/fxgl/17.3/fxgl-17.3.jar!/fxglassets/ui/fonts/TerminalLandMono-Regular.otf
17:59:05.652 [JavaFX Application Thread] DEBUG FXGLAssetLoaderServi - Loading from file system: jar:file:/C:/Users/lucaa/.m2/repository/com/github/almasb/fxgl/17.3/fxgl-17.3.jar!/fxglassets/textures/fxgl_default_cursor.png
17:59:05.654 [FXGL Background Thread 4 ] DEBUG FXGLAssetLoaderServi - Loading from file system: jar:file:/C:/Users/lucaa/.m2/repository/com/github/almasb/fxgl/17.3/fxgl-17.3.jar!/fxglassets/ui/fonts/Courier-Prime.ttf
17:59:05.661 [JavaFX Application Thread] DEBUG Input                - Registered new binding: Screenshot - CTRL+8
17:59:05.662 [JavaFX Application Thread] DEBUG Input                - Registered new binding: Dev Options - 1
17:59:05.662 [JavaFX Application Thread] DEBUG Input                - Registered new binding: Dev Console - 2
17:59:05.662 [JavaFX Application Thread] DEBUG Input                - Registered new binding: System info dump - CTRL+9
17:59:05.662 [JavaFX Application Thread] DEBUG Input                - Registered new binding: Restart - CTRL+R
17:59:05.663 [JavaFX Application Thread] DEBUG Input                - Registered new binding: Toggle Debug Camera - CTRL+7
17:59:05.667 [JavaFX Application Thread] DEBUG LoopRunner           - Starting loop
17:59:05.680 [JavaFX Application Thread] DEBUG LoopRunner           - Initializing JavaFX AnimationTimerLoop
17:59:05.681 [JavaFX Application Thread] DEBUG GameApplicationServi - Starting new game
17:59:05.682 [JavaFX Application Thread] DEBUG Input                - Clearing active input actions
17:59:05.690 [JavaFX Application Thread] DEBUG GameApplicationServi - Removing overlay from FXGLStartupScene and adding to FXGLLoadingScene
17:59:05.692 [JavaFX Application Thread] DEBUG PrimaryStageWindow   - FXGLStartupScene -> FXGLLoadingScene
17:59:05.693 [JavaFX Application Thread] DEBUG GameApplicationServi - Clearing previous game
17:59:05.693 [JavaFX Application Thread] DEBUG GameScene            - Clearing game scene
17:59:05.693 [JavaFX Application Thread] DEBUG GameWorld            - Clearing game world
17:59:05.693 [JavaFX Application Thread] DEBUG PhysicsWorld         - Clearing physics world
17:59:05.694 [FXGL Background Thread 4 ] DEBUG FXGLApplication      - Initializing game
17:59:05.694 [JavaFX Application Thread] DEBUG FXGLApplication      - Registering font factories with UI factory
17:59:05.738 [FXGL Background Thread 4 ] WARN  TMXLevelLoader       - TiledMap generated from 1.11.2. Supported version: 1.9.0. Some features may not be parsed fully.
17:59:05.759 [FXGL Background Thread 4 ] DEBUG TMXLevelLoader       - Parsed TiledMap: file:/C:/Users/lucaa/OneDrive%20-%20HTL%20Saalfelden/POS/Workspace/IntelliJ/FXGL/TeacherTowerDefense/target/classes/assets/levels/Map1.tmx
17:59:05.760 [FXGL Background Thread 4 ] DEBUG TMXLevelLoader       - Creating tile layer entities
17:59:05.761 [FXGL Background Thread 4 ] DEBUG TilesetLoader        - Loading view for layer Kachelebene 0
17:59:05.762 [FXGL Background Thread 4 ] DEBUG TilesetLoader        - Created buffer with size 960.0x640.0
17:59:05.793 [FXGL Background Thread 4 ] DEBUG TilesetLoader        - Loading view for layer Kachelebene 1
17:59:05.794 [FXGL Background Thread 4 ] DEBUG TilesetLoader        - Created buffer with size 960.0x640.0
17:59:05.800 [FXGL Background Thread 4 ] DEBUG TilesetLoader        - Loading view for layer Kachelebene 2
17:59:05.801 [FXGL Background Thread 4 ] DEBUG TilesetLoader        - Created buffer with size 960.0x640.0
17:59:05.804 [FXGL Background Thread 4 ] DEBUG TilesetLoader        - Loading view for layer Kachelebene 4
17:59:05.805 [FXGL Background Thread 4 ] DEBUG TilesetLoader        - Created buffer with size 960.0x640.0
17:59:05.806 [FXGL Background Thread 4 ] DEBUG TMXLevelLoader       - Creating object layer entities
17:59:05.842 [FXGL Background Thread 4 ] DEBUG GameWorld            - Clearing removable entities
17:59:05.842 [FXGL Background Thread 4 ] DEBUG GameWorld            - Setting level: com.almasb.fxgl.entity.level.Level@5a3f531
17:59:05.854 [FXGL Background Thread 4 ] INFO  FXGLApplication      - Game initialization took: 0,160 sec
17:59:05.935 [JavaFX Application Thread] DEBUG Input                - Clearing active input actions
17:59:05.943 [FXGL Background Thread 2 ] INFO  UpdaterService       - Your current version:  17.3
17:59:05.943 [FXGL Background Thread 2 ] INFO  UpdaterService       - Latest stable version: 25
17:59:05.944 [JavaFX Application Thread] DEBUG GameApplicationServi - Removing overlay from FXGLLoadingScene and adding to GameScene
17:59:05.948 [JavaFX Application Thread] DEBUG PrimaryStageWindow   - FXGLLoadingScene -> GameScene
17:59:08.596 [FXGL Background Thread 3 ] DEBUG Engine               - Logging environment variables
17:59:08.604 [FXGL Background Thread 3 ] DEBUG Engine               - achievements: []
17:59:08.608 [FXGL Background Thread 3 ] DEBUG Engine               - actualHeight: 864.0
17:59:08.609 [FXGL Background Thread 3 ] DEBUG Engine               - actualHeightProperty: ReadOnlyDoubleProperty [value: 864.0]
17:59:08.616 [FXGL Background Thread 3 ] DEBUG Engine               - actualWidth: 1536.0
17:59:08.616 [FXGL Background Thread 3 ] DEBUG Engine               - actualWidthProperty: ReadOnlyDoubleProperty [value: 1536.0]
17:59:08.619 [FXGL Background Thread 3 ] DEBUG Engine               - appIcon: fxgl_icon.png
17:59:08.636 [FXGL Background Thread 3 ] DEBUG Engine               - applicationMode: DEVELOPER
17:59:08.637 [FXGL Background Thread 3 ] DEBUG Engine               - cSSList: [fxgl_dark.css]
17:59:08.637 [FXGL Background Thread 3 ] DEBUG Engine               - collisionDetectionStrategy: BRUTE_FORCE
17:59:08.638 [FXGL Background Thread 3 ] DEBUG Engine               - configClass: Optional.empty
17:59:08.652 [FXGL Background Thread 3 ] DEBUG Engine               - credits: []
17:59:08.660 [FXGL Background Thread 3 ] DEBUG Engine               - defaultCursor: CursorInfo(imageName=fxgl_default_cursor.png, hotspotX=7.0, hotspotY=6.0)
17:59:08.671 [FXGL Background Thread 3 ] DEBUG Engine               - devBBoxColorProperty: ObjectProperty [value: 0xff0000ff]
17:59:08.672 [FXGL Background Thread 3 ] DEBUG Engine               - devEnableDebugCameraProperty: BooleanProperty [value: false]
17:59:08.672 [FXGL Background Thread 3 ] DEBUG Engine               - devSensorColorProperty: ObjectProperty [value: 0xffff00ff]
17:59:08.674 [FXGL Background Thread 3 ] DEBUG Engine               - devShowBBoxProperty: BooleanProperty [value: false]
17:59:08.675 [FXGL Background Thread 3 ] DEBUG Engine               - devShowPositionProperty: BooleanProperty [value: false]
17:59:08.675 [FXGL Background Thread 3 ] DEBUG Engine               - enabledMenuItems: []
17:59:08.675 [FXGL Background Thread 3 ] DEBUG Engine               - engineServices: [class com.almasb.fxgl.app.services.FXGLAssetLoaderService, class com.almasb.fxgl.app.FXGLApplication$GameApplicationService, class com.almasb.fxgl.app.services.FXGLDialogService, class com.almasb.fxgl.app.services.IOTaskExecutorService, class com.almasb.fxgl.io.FileSystemService, class com.almasb.fxgl.localization.LocalizationService, class com.almasb.fxgl.app.services.SystemBundleService, class com.almasb.fxgl.profile.SaveLoadService, class com.almasb.fxgl.ui.FXGLUIFactoryServiceProvider, class com.almasb.fxgl.ui.FXGLDialogFactoryServiceProvider, class com.almasb.fxgl.audio.AudioPlayer, class com.almasb.fxgl.notification.impl.NotificationServiceProvider, class com.almasb.fxgl.achievement.AchievementService, class com.almasb.fxgl.cutscene.CutsceneService, class com.almasb.fxgl.minigames.MiniGameService, class com.almasb.fxgl.net.NetService, class com.almasb.fxgl.app.services.UpdaterService, class com.almasb.fxgl.dev.DevService]
17:59:08.675 [FXGL Background Thread 3 ] DEBUG Engine               - fontGame: Abel-Regular.ttf
17:59:08.677 [FXGL Background Thread 3 ] DEBUG Engine               - fontMono: TerminalLandMono-Regular.otf
17:59:08.681 [FXGL Background Thread 3 ] DEBUG Engine               - fontSizeScaleUI: 1.0
17:59:08.681 [FXGL Background Thread 3 ] DEBUG Engine               - fontText: Courier-Prime.ttf
17:59:08.682 [FXGL Background Thread 3 ] DEBUG Engine               - fontUI: VarelaRound-Regular.ttf
17:59:08.682 [FXGL Background Thread 3 ] DEBUG Engine               - fullScreen: BooleanProperty [value: true]
17:59:08.686 [FXGL Background Thread 3 ] DEBUG Engine               - gameDifficulty: MEDIUM
17:59:08.686 [FXGL Background Thread 3 ] DEBUG Engine               - gameDifficultyProperty: ObjectProperty [value: MEDIUM]
17:59:08.686 [FXGL Background Thread 3 ] DEBUG Engine               - globalMusicVolume: 0.5
17:59:08.689 [FXGL Background Thread 3 ] DEBUG Engine               - globalMusicVolumeProperty: DoubleProperty [value: 0.5]
17:59:08.689 [FXGL Background Thread 3 ] DEBUG Engine               - globalSoundVolume: 0.5
17:59:08.689 [FXGL Background Thread 3 ] DEBUG Engine               - globalSoundVolumeProperty: DoubleProperty [value: 0.5]
17:59:08.689 [FXGL Background Thread 3 ] DEBUG Engine               - height: 640
17:59:08.690 [FXGL Background Thread 3 ] DEBUG Engine               - is3D: false
17:59:08.690 [FXGL Background Thread 3 ] DEBUG Engine               - isAndroid: false
17:59:08.690 [FXGL Background Thread 3 ] DEBUG Engine               - isBrowser: false
17:59:08.690 [FXGL Background Thread 3 ] DEBUG Engine               - isClickFeedbackEnabled: false
17:59:08.690 [FXGL Background Thread 3 ] DEBUG Engine               - isCloseConfirmation: false
17:59:08.690 [FXGL Background Thread 3 ] DEBUG Engine               - isDesktop: true
17:59:08.690 [FXGL Background Thread 3 ] DEBUG Engine               - isDeveloperMenuEnabled: true
17:59:08.693 [FXGL Background Thread 3 ] DEBUG Engine               - isEmbedded: false
17:59:08.693 [FXGL Background Thread 3 ] DEBUG Engine               - isEntityPreloadEnabled: true
17:59:08.694 [FXGL Background Thread 3 ] DEBUG Engine               - isExperimentalTiledLargeMap: false
17:59:08.694 [FXGL Background Thread 3 ] DEBUG Engine               - isFileSystemWriteAllowed: true
17:59:08.694 [FXGL Background Thread 3 ] DEBUG Engine               - isFullScreenAllowed: true
17:59:08.694 [FXGL Background Thread 3 ] DEBUG Engine               - isFullScreenFromStart: true
17:59:08.694 [FXGL Background Thread 3 ] DEBUG Engine               - isGameMenuEnabled: true
17:59:08.694 [FXGL Background Thread 3 ] DEBUG Engine               - isIOS: false
17:59:08.694 [FXGL Background Thread 3 ] DEBUG Engine               - isIntroEnabled: false
17:59:08.694 [FXGL Background Thread 3 ] DEBUG Engine               - isLinux: false
17:59:08.694 [FXGL Background Thread 3 ] DEBUG Engine               - isMac: false
17:59:08.695 [FXGL Background Thread 3 ] DEBUG Engine               - isMainMenuEnabled: false
17:59:08.695 [FXGL Background Thread 3 ] DEBUG Engine               - isManualResizeEnabled: false
17:59:08.695 [FXGL Background Thread 3 ] DEBUG Engine               - isMobile: false
17:59:08.696 [FXGL Background Thread 3 ] DEBUG Engine               - isNative: false
17:59:08.696 [FXGL Background Thread 3 ] DEBUG Engine               - isPauseMusicWhenMinimized: true
17:59:08.697 [FXGL Background Thread 3 ] DEBUG Engine               - isPreserveResizeRatio: true
17:59:08.697 [FXGL Background Thread 3 ] DEBUG Engine               - isProfilingEnabled: false
17:59:08.697 [FXGL Background Thread 3 ] DEBUG Engine               - isScaleAffectedOnResize: true
17:59:08.699 [FXGL Background Thread 3 ] DEBUG Engine               - isSingleStep: false
17:59:08.699 [FXGL Background Thread 3 ] DEBUG Engine               - isUserProfileEnabled: false
17:59:08.699 [FXGL Background Thread 3 ] DEBUG Engine               - isWindows: true
17:59:08.699 [FXGL Background Thread 3 ] DEBUG Engine               - language: ObjectProperty [value: ENGLISH]
17:59:08.699 [FXGL Background Thread 3 ] DEBUG Engine               - menuKey: ESCAPE
17:59:08.699 [FXGL Background Thread 3 ] DEBUG Engine               - mouseSensitivity: 0.2
17:59:08.699 [FXGL Background Thread 3 ] DEBUG Engine               - notificationViewClass: class com.almasb.fxgl.notification.view.XboxNotificationView
17:59:08.699 [FXGL Background Thread 3 ] DEBUG Engine               - pixelsPerMeter: 50.0
17:59:08.699 [FXGL Background Thread 3 ] DEBUG Engine               - platform: WINDOWS
17:59:08.699 [FXGL Background Thread 3 ] DEBUG Engine               - prefHeightProperty: ReadOnlyDoubleProperty [value: 640.0]
17:59:08.700 [FXGL Background Thread 3 ] DEBUG Engine               - prefWidthProperty: ReadOnlyDoubleProperty [value: 1200.0]
17:59:08.700 [FXGL Background Thread 3 ] DEBUG Engine               - profileDir: profiles/
17:59:08.700 [FXGL Background Thread 3 ] DEBUG Engine               - profileName: StringProperty [value: DEFAULT]
17:59:08.700 [FXGL Background Thread 3 ] DEBUG Engine               - randomSeed: -1
17:59:08.701 [FXGL Background Thread 3 ] DEBUG Engine               - runtimeInfo: RuntimeInfo(platform=WINDOWS, version=17.3, build=30.03.2023 11.49)
17:59:08.701 [FXGL Background Thread 3 ] DEBUG Engine               - saveFileExt: sav
17:59:08.701 [FXGL Background Thread 3 ] DEBUG Engine               - scaledHeightProp$fxgl: DoubleProperty [bound, value: 864.0]
17:59:08.701 [FXGL Background Thread 3 ] DEBUG Engine               - scaledWidthProp$fxgl: DoubleProperty [bound, value: 1536.0]
17:59:08.701 [FXGL Background Thread 3 ] DEBUG Engine               - sceneFactory: com.almasb.fxgl.app.scene.SceneFactory@27705b42
17:59:08.702 [FXGL Background Thread 3 ] DEBUG Engine               - secondsIn24h: 60
17:59:08.702 [FXGL Background Thread 3 ] DEBUG Engine               - soundMenuBack: menu/back.wav
17:59:08.702 [FXGL Background Thread 3 ] DEBUG Engine               - soundMenuPress: menu/press.wav
17:59:08.702 [FXGL Background Thread 3 ] DEBUG Engine               - soundMenuSelect: menu/select.wav
17:59:08.702 [FXGL Background Thread 3 ] DEBUG Engine               - soundNotification: core/notification.wav
17:59:08.702 [FXGL Background Thread 3 ] DEBUG Engine               - stageStyle: DECORATED
17:59:08.702 [FXGL Background Thread 3 ] DEBUG Engine               - supportedLanguages: [ENGLISH, FRENCH, GERMAN, HUNGARIAN, RUSSIAN]
17:59:08.703 [FXGL Background Thread 3 ] DEBUG Engine               - ticksPerSecond: -1
17:59:08.703 [FXGL Background Thread 3 ] DEBUG Engine               - title: Teacher Tower Defense
17:59:08.703 [FXGL Background Thread 3 ] DEBUG Engine               - urlGithub: https://github.com/AlmasB/FXGL
17:59:08.703 [FXGL Background Thread 3 ] DEBUG Engine               - urlLeaderboard: http://fxgl-top.herokuapp.com/
17:59:08.703 [FXGL Background Thread 3 ] DEBUG Engine               - urlPOM: https://raw.githubusercontent.com/AlmasB/FXGL/release/README.md
17:59:08.703 [FXGL Background Thread 3 ] DEBUG Engine               - userAppClass: class at.htl.teachertowerdefense.TeacherTowerDefenseApp
17:59:08.703 [FXGL Background Thread 3 ] DEBUG Engine               - version: 0.1
17:59:08.703 [FXGL Background Thread 3 ] DEBUG Engine               - versionCheckDays: 7
17:59:08.703 [FXGL Background Thread 3 ] DEBUG Engine               - width: 1200
17:59:08.703 [FXGL Background Thread 3 ] DEBUG Engine               - Logging services
17:59:08.704 [FXGL Background Thread 3 ] DEBUG Engine               - class com.almasb.fxgl.app.services.FXGLAssetLoaderService
17:59:08.704 [FXGL Background Thread 3 ] DEBUG Engine               - class com.almasb.fxgl.app.FXGLApplication$GameApplicationService
17:59:08.704 [FXGL Background Thread 3 ] DEBUG Engine               - class com.almasb.fxgl.app.services.FXGLDialogService
17:59:08.704 [FXGL Background Thread 3 ] DEBUG Engine               - class com.almasb.fxgl.app.services.IOTaskExecutorService
17:59:08.704 [FXGL Background Thread 3 ] DEBUG Engine               - class com.almasb.fxgl.io.FileSystemService
17:59:08.704 [FXGL Background Thread 3 ] DEBUG Engine               - class com.almasb.fxgl.localization.LocalizationService
17:59:08.704 [FXGL Background Thread 3 ] DEBUG Engine               - class com.almasb.fxgl.app.services.SystemBundleService
17:59:08.704 [FXGL Background Thread 3 ] DEBUG Engine               - class com.almasb.fxgl.profile.SaveLoadService
17:59:08.704 [FXGL Background Thread 3 ] DEBUG Engine               - class com.almasb.fxgl.ui.FXGLUIFactoryServiceProvider
17:59:08.704 [FXGL Background Thread 3 ] DEBUG Engine               - class com.almasb.fxgl.ui.FXGLDialogFactoryServiceProvider
17:59:08.704 [FXGL Background Thread 3 ] DEBUG Engine               - class com.almasb.fxgl.audio.AudioPlayer
17:59:08.704 [FXGL Background Thread 3 ] DEBUG Engine               - class com.almasb.fxgl.notification.impl.NotificationServiceProvider
17:59:08.705 [FXGL Background Thread 3 ] DEBUG Engine               - class com.almasb.fxgl.achievement.AchievementService
17:59:08.705 [FXGL Background Thread 3 ] DEBUG Engine               - class com.almasb.fxgl.cutscene.CutsceneService
17:59:08.705 [FXGL Background Thread 3 ] DEBUG Engine               - class com.almasb.fxgl.minigames.MiniGameService
17:59:08.705 [FXGL Background Thread 3 ] DEBUG Engine               - class com.almasb.fxgl.net.NetService
17:59:08.705 [FXGL Background Thread 3 ] DEBUG Engine               - class com.almasb.fxgl.app.services.UpdaterService
17:59:08.705 [FXGL Background Thread 3 ] DEBUG Engine               - class com.almasb.fxgl.dev.DevService
17:59:11.759 [JavaFX Application Thread] DEBUG PrimaryStageWindow   - Push state: FXGLDefaultMenu
17:59:11.782 [JavaFX Application Thread] DEBUG Input                - Clearing active input actions
17:59:11.786 [JavaFX Application Thread] DEBUG GameApplicationServi - Removing overlay from GameScene and adding to FXGLDefaultMenu
17:59:11.790 [JavaFX Application Thread] DEBUG PrimaryStageWindow   - GameScene -> FXGLDefaultMenu
17:59:12.583 [JavaFX Application Thread] DEBUG Menu                 - fireExit()
17:59:12.586 [JavaFX Application Thread] DEBUG PrimaryStageWindow   - Push state: DialogSubScene
17:59:12.586 [JavaFX Application Thread] DEBUG Input                - Clearing active input actions
17:59:12.586 [JavaFX Application Thread] DEBUG GameApplicationServi - Removing overlay from FXGLDefaultMenu and adding to DialogSubScene
17:59:12.588 [JavaFX Application Thread] DEBUG PrimaryStageWindow   - FXGLDefaultMenu -> DialogSubScene
17:59:13.301 [JavaFX Application Thread] DEBUG PrimaryStageWindow   - Pop state: DialogSubScene
17:59:13.301 [JavaFX Application Thread] DEBUG Input                - Clearing active input actions
17:59:13.302 [JavaFX Application Thread] DEBUG GameApplicationServi - Removing overlay from DialogSubScene and adding to FXGLDefaultMenu
17:59:13.303 [JavaFX Application Thread] DEBUG PrimaryStageWindow   - FXGLDefaultMenu <- DialogSubScene
17:59:13.303 [JavaFX Application Thread] DEBUG FXGLApplication      - Exiting FXGL
17:59:13.303 [JavaFX Application Thread] DEBUG LoopRunner           - Stopping loop
17:59:13.303 [JavaFX Application Thread] DEBUG SystemBundleService  - Saving FXGL system data
17:59:13.305 [JavaFX Application Thread] DEBUG FileSystemAccess     - Writing to: C:\Users\lucaa\OneDrive - HTL Saalfelden\POS\Workspace\IntelliJ\FXGL\TeacherTowerDefense\system\fxgl.bundle
17:59:13.306 [JavaFX Application Thread] DEBUG Async                - Shutting down background threads
17:59:13.306 [JavaFX Application Thread] DEBUG PrimaryStageWindow   - Closing main window
17:59:13.416 [JavaFX Application Thread] DEBUG Logger               - Closing Logger
