11:27:04.927 [main                     ] DEBUG Logger               - Configured Logger
11:27:04.934 [main                     ] DEBUG GameApplication      - Logging settings
Title: Teacher Tower Defense
Version: 0.1
Width: 960
Height: 640
Fullscreen: false
Intro: false
Profiling: false
Single step:false
App Mode: DEVELOPER
Menu Key: ESCAPE
Stage Style: DECORATED
Scene Factory: class com.almasb.fxgl.app.scene.SceneFactory

11:27:05.435 [JavaFX Application Thread] DEBUG FXGLApplication      - Initializing FXGL
11:27:05.440 [JavaFX Application Thread] INFO  Engine               - FXGL-17.3 (30.03.2023 11.49) on WINDOWS (J:25 FX:21.0.6)
11:27:05.441 [JavaFX Application Thread] DEBUG Engine               - JRE Vendor Name: Oracle Corporation
11:27:05.441 [JavaFX Application Thread] DEBUG Engine               - Running on OS: Windows 11 version 10.0
11:27:05.441 [JavaFX Application Thread] DEBUG Engine               - Architecture: amd64
11:27:05.441 [JavaFX Application Thread] INFO  Engine               - Source code and latest versions at: https://github.com/AlmasB/FXGL
11:27:05.441 [JavaFX Application Thread] INFO  Engine               -       Ask questions and discuss at: https://github.com/AlmasB/FXGL/discussions
11:27:05.441 [JavaFX Application Thread] INFO  Engine               -              Join the FXGL chat at: https://gitter.im/AlmasB/FXGL
11:27:05.545 [JavaFX Application Thread] DEBUG PrimaryStageWindow   - Creating a JavaFX scene
11:27:05.592 [JavaFX Application Thread] DEBUG PrimaryStageWindow   - Target settings size: 960.0 x 640.0
11:27:05.592 [JavaFX Application Thread] DEBUG PrimaryStageWindow   - Scaled scene size:    960.0 x 640.0
11:27:05.592 [JavaFX Application Thread] DEBUG PrimaryStageWindow   - Scaled ratio: (1.0, 1.0)
11:27:05.593 [JavaFX Application Thread] DEBUG PrimaryStageWindow   - Set initial scene to FXGLStartupScene
11:27:05.596 [JavaFX Application Thread] DEBUG PrimaryStageWindow   - Opening main window
11:27:05.763 [JavaFX Application Thread] DEBUG PrimaryStageWindow   - Window border size: (14.4000244140625, 37.5999755859375)
11:27:05.764 [JavaFX Application Thread] DEBUG PrimaryStageWindow   - Scaled size: 960.0 x 640.0
11:27:05.764 [JavaFX Application Thread] DEBUG PrimaryStageWindow   - Scaled ratio: (1.0, 1.0)
11:27:05.764 [JavaFX Application Thread] DEBUG PrimaryStageWindow   - Scene size: 960.0 x 640.0
11:27:05.764 [JavaFX Application Thread] DEBUG PrimaryStageWindow   - Stage size: 974.4000244140625 x 677.5999755859375
11:27:05.778 [FXGL Background Thread 1 ] DEBUG Engine               - Initializing environment variables
11:27:05.842 [FXGL Background Thread 1 ] DEBUG FXGLAssetLoaderServi - User app class for loading assets: class at.htl.teachertowerdefense.TeacherTowerDefenseApp
11:27:05.842 [FXGL Background Thread 1 ] DEBUG GameApplicationServi - Applying CSS: fxgl_dark.css
11:27:05.843 [FXGL Background Thread 1 ] DEBUG FXGLAssetLoaderServi - Loading from file system: jar:file:/C:/Users/lucaa/.m2/repository/com/github/almasb/fxgl/17.3/fxgl-17.3.jar!/fxglassets/ui/css/fxgl_dark.css
11:27:05.883 [FXGL Background Thread 1 ] DEBUG GameApplicationServi - Initializing application scenes
11:27:05.921 [FXGL Background Thread 1 ] DEBUG GameWorld            - Game world initialized
11:27:05.977 [FXGL Background Thread 1 ] DEBUG PhysicsWorld         - Physics world initialized: appHeight=640, physics.ppm=50,0
11:27:05.977 [FXGL Background Thread 1 ] DEBUG PhysicsWorld         - Using strategy: BRUTE_FORCE
11:27:05.982 [FXGL Background Thread 1 ] DEBUG GameScene            - Game scene initialized: 960x640
11:27:05.996 [FXGL Background Thread 1 ] DEBUG FXGL.DefaultMenu     - createMenuBodyGameMenu()
11:27:06.014 [FXGL Background Thread 1 ] DEBUG FXGL.DefaultMenu     - createOptionsMenu()
11:27:06.028 [FXGL Background Thread 1 ] DEBUG FXGLAssetLoaderServi - Loading from file system: jar:file:/C:/Users/lucaa/.m2/repository/com/github/almasb/fxgl/17.3/fxgl-17.3.jar!/fxglassets/textures/particles/smoke.png
11:27:06.114 [FXGL Background Thread 1 ] DEBUG FXGLAssetLoaderServi - Loading from file system: jar:file:/C:/Users/lucaa/.m2/repository/com/github/almasb/fxgl/17.3/fxgl-17.3.jar!/fxglassets/textures/particles/trace_horizontal.png
11:27:06.139 [FXGL Background Thread 1 ] DEBUG GameApplicationServi - Application scenes initialized
11:27:06.153 [FXGL Background Thread 1 ] DEBUG SystemBundleService  - Loading FXGL system data
11:27:06.156 [FXGL Background Thread 1 ] DEBUG FileSystemAccess     - Reading from: C:\Users\lucaa\OneDrive - HTL Saalfelden\POS\Workspace\IntelliJ\FXGL\TeacherTowerDefense\system\fxgl.bundle
11:27:06.162 [FXGL Background Thread 1 ] DEBUG SystemBundleService  - Bundle FXGL: {}
11:27:06.162 [FXGL Background Thread 1 ] DEBUG UpdaterService       - Checking for updates
11:27:06.166 [FXGL Background Thread 4 ] DEBUG FXGLApplication      - Loading fonts
11:27:06.167 [FXGL Background Thread 4 ] DEBUG FXGLAssetLoaderServi - Loading from file system: jar:file:/C:/Users/lucaa/.m2/repository/com/github/almasb/fxgl/17.3/fxgl-17.3.jar!/fxglassets/ui/fonts/VarelaRound-Regular.ttf
11:27:06.167 [FXGL Background Thread 1 ] DEBUG FXGLApplication      - Loading default localization
11:27:06.168 [FXGL Background Thread 1 ] DEBUG FXGLAssetLoaderServi - Loading from file system: jar:file:/C:/Users/lucaa/.m2/repository/com/github/almasb/fxgl/17.3/fxgl-17.3.jar!/fxglassets/languages/english.lang
11:27:06.185 [FXGL Background Thread 1 ] INFO  FXGLApplication      - FXGL initialization took: 0,407 sec
11:27:06.186 [JavaFX Application Thread] DEBUG FXGLAssetLoaderServi - Loading from file system: jar:file:/C:/Users/lucaa/.m2/repository/com/github/almasb/fxgl/17.3/fxgl-17.3.jar!/fxglassets/textures/fxgl_icon.png
11:27:06.205 [JavaFX Application Thread] DEBUG FXGLAssetLoaderServi - Loading from file system: jar:file:/C:/Users/lucaa/.m2/repository/com/github/almasb/fxgl/17.3/fxgl-17.3.jar!/fxglassets/textures/fxgl_default_cursor.png
11:27:06.217 [JavaFX Application Thread] DEBUG Input                - Registered new binding: Screenshot - CTRL+8
11:27:06.217 [JavaFX Application Thread] DEBUG Input                - Registered new binding: System info dump - CTRL+9
11:27:06.218 [FXGL Background Thread 4 ] DEBUG FXGLAssetLoaderServi - Loading from file system: jar:file:/C:/Users/lucaa/.m2/repository/com/github/almasb/fxgl/17.3/fxgl-17.3.jar!/fxglassets/ui/fonts/Abel-Regular.ttf
11:27:06.218 [JavaFX Application Thread] DEBUG Input                - Registered new binding: Restart - CTRL+R
11:27:06.219 [JavaFX Application Thread] DEBUG Input                - Registered new binding: Toggle Debug Camera - CTRL+7
11:27:06.222 [JavaFX Application Thread] DEBUG LoopRunner           - Starting loop
11:27:06.222 [JavaFX Application Thread] DEBUG LoopRunner           - Initializing JavaFX AnimationTimerLoop
11:27:06.224 [JavaFX Application Thread] DEBUG GameApplicationServi - Starting new game
11:27:06.225 [JavaFX Application Thread] DEBUG Input                - Clearing active input actions
11:27:06.229 [FXGL Background Thread 4 ] DEBUG FXGLAssetLoaderServi - Loading from file system: jar:file:/C:/Users/lucaa/.m2/repository/com/github/almasb/fxgl/17.3/fxgl-17.3.jar!/fxglassets/ui/fonts/TerminalLandMono-Regular.otf
11:27:06.235 [JavaFX Application Thread] DEBUG GameApplicationServi - Removing overlay from FXGLStartupScene and adding to FXGLLoadingScene
11:27:06.235 [JavaFX Application Thread] DEBUG PrimaryStageWindow   - FXGLStartupScene -> FXGLLoadingScene
11:27:06.235 [JavaFX Application Thread] DEBUG GameApplicationServi - Clearing previous game
11:27:06.235 [JavaFX Application Thread] DEBUG GameScene            - Clearing game scene
11:27:06.236 [JavaFX Application Thread] DEBUG GameWorld            - Clearing game world
11:27:06.236 [JavaFX Application Thread] DEBUG PhysicsWorld         - Clearing physics world
11:27:06.238 [FXGL Background Thread 1 ] DEBUG FXGLApplication      - Initializing game
11:27:06.240 [FXGL Background Thread 4 ] DEBUG FXGLAssetLoaderServi - Loading from file system: jar:file:/C:/Users/lucaa/.m2/repository/com/github/almasb/fxgl/17.3/fxgl-17.3.jar!/fxglassets/ui/fonts/Courier-Prime.ttf
11:27:06.273 [FXGL Background Thread 1 ] WARN  TMXLevelLoader       - TiledMap generated from 1.11.2. Supported version: 1.9.0. Some features may not be parsed fully.
11:27:06.294 [JavaFX Application Thread] DEBUG FXGLApplication      - Registering font factories with UI factory
11:27:06.304 [FXGL Background Thread 1 ] DEBUG TMXLevelLoader       - Parsed TiledMap: file:/C:/Users/lucaa/OneDrive%20-%20HTL%20Saalfelden/POS/Workspace/IntelliJ/FXGL/TeacherTowerDefense/target/classes/assets/levels/Map1.tmx
11:27:06.305 [FXGL Background Thread 1 ] DEBUG TMXLevelLoader       - Creating tile layer entities
11:27:06.308 [FXGL Background Thread 1 ] DEBUG TilesetLoader        - Loading view for layer Kachelebene 0
11:27:06.309 [FXGL Background Thread 1 ] DEBUG TilesetLoader        - Created buffer with size 960.0x640.0
11:27:06.344 [FXGL Background Thread 1 ] DEBUG TilesetLoader        - Loading view for layer Kachelebene 1
11:27:06.348 [FXGL Background Thread 1 ] DEBUG TilesetLoader        - Created buffer with size 960.0x640.0
11:27:06.382 [FXGL Background Thread 1 ] DEBUG TilesetLoader        - Loading view for layer Kachelebene 2
11:27:06.384 [FXGL Background Thread 1 ] DEBUG TilesetLoader        - Created buffer with size 960.0x640.0
11:27:06.384 [FXGL Background Thread 1 ] WARN  TilesetLoader        - Diagonally flipped tiles are not currently supported
11:27:06.384 [FXGL Background Thread 1 ] WARN  TilesetLoader        - Diagonally flipped tiles are not currently supported
11:27:06.386 [FXGL Background Thread 1 ] DEBUG TilesetLoader        - Loading view for layer Kachelebene 4
11:27:06.387 [FXGL Background Thread 1 ] DEBUG TilesetLoader        - Created buffer with size 960.0x640.0
11:27:06.388 [FXGL Background Thread 1 ] DEBUG TMXLevelLoader       - Creating object layer entities
11:27:06.413 [FXGL Background Thread 1 ] DEBUG GameWorld            - Clearing removable entities
11:27:06.416 [FXGL Background Thread 1 ] DEBUG GameWorld            - Setting level: com.almasb.fxgl.entity.level.Level@43e2a0e1
11:27:06.420 [FXGL Background Thread 1 ] INFO  FXGLApplication      - Game initialization took: 0,182 sec
11:27:06.474 [JavaFX Application Thread] DEBUG Input                - Clearing active input actions
11:27:06.486 [JavaFX Application Thread] DEBUG GameApplicationServi - Removing overlay from FXGLLoadingScene and adding to GameScene
11:27:06.486 [JavaFX Application Thread] DEBUG PrimaryStageWindow   - FXGLLoadingScene -> GameScene
11:27:06.735 [FXGL Background Thread 2 ] INFO  UpdaterService       - Your current version:  17.3
11:27:06.735 [FXGL Background Thread 2 ] INFO  UpdaterService       - Latest stable version: 25
11:27:07.918 [JavaFX Application Thread] DEBUG FXGLApplication      - Exiting FXGL
11:27:07.919 [JavaFX Application Thread] DEBUG LoopRunner           - Stopping loop
11:27:07.919 [JavaFX Application Thread] DEBUG SystemBundleService  - Saving FXGL system data
11:27:07.926 [JavaFX Application Thread] DEBUG FileSystemAccess     - Writing to: C:\Users\lucaa\OneDrive - HTL Saalfelden\POS\Workspace\IntelliJ\FXGL\TeacherTowerDefense\system\fxgl.bundle
11:27:07.937 [JavaFX Application Thread] DEBUG Async                - Shutting down background threads
11:27:07.938 [JavaFX Application Thread] DEBUG PrimaryStageWindow   - Closing main window
11:27:08.011 [JavaFX Application Thread] DEBUG Logger               - Closing Logger
