15:44:10.557 [main                     ] DEBUG Logger               - Configured Logger
15:44:10.567 [main                     ] DEBUG GameApplication      - Logging settings
Title: Teacher Tower Defense
Version: 0.1
Width: 1200
Height: 640
Fullscreen: true
Intro: false
Profiling: false
Single step:false
App Mode: DEVELOPER
Menu Key: ESCAPE
Stage Style: DECORATED
Scene Factory: class com.almasb.fxgl.app.scene.SceneFactory

15:44:11.680 [JavaFX Application Thread] DEBUG FXGLApplication      - Initializing FXGL
15:44:11.684 [JavaFX Application Thread] INFO  Engine               - FXGL-17.3 (30.03.2023 11.49) on WINDOWS (J:25.0.2 FX:21.0.6)
15:44:11.684 [JavaFX Application Thread] DEBUG Engine               - JRE Vendor Name: Oracle Corporation
15:44:11.684 [JavaFX Application Thread] DEBUG Engine               - Running on OS: Windows 11 version 10.0
15:44:11.684 [JavaFX Application Thread] DEBUG Engine               - Architecture: amd64
15:44:11.684 [JavaFX Application Thread] INFO  Engine               - Source code and latest versions at: https://github.com/AlmasB/FXGL
15:44:11.685 [JavaFX Application Thread] INFO  Engine               -       Ask questions and discuss at: https://github.com/AlmasB/FXGL/discussions
15:44:11.685 [JavaFX Application Thread] INFO  Engine               -              Join the FXGL chat at: https://gitter.im/AlmasB/FXGL
15:44:11.895 [JavaFX Application Thread] DEBUG PrimaryStageWindow   - Creating a JavaFX scene
15:44:12.064 [JavaFX Application Thread] DEBUG PrimaryStageWindow   - Target settings size: 1200.0 x 640.0
15:44:12.065 [JavaFX Application Thread] DEBUG PrimaryStageWindow   - Scaled scene size:    1200.0 x 640.0
15:44:12.065 [JavaFX Application Thread] DEBUG PrimaryStageWindow   - Scaled ratio: (1.0, 1.0)
15:44:12.068 [JavaFX Application Thread] DEBUG PrimaryStageWindow   - Set initial scene to FXGLStartupScene
15:44:12.076 [JavaFX Application Thread] DEBUG PrimaryStageWindow   - Opening main window
15:44:12.467 [JavaFX Application Thread] DEBUG PrimaryStageWindow   - Window border size: (14.4000244140625, 37.5999755859375)
15:44:12.467 [JavaFX Application Thread] DEBUG PrimaryStageWindow   - Scaled size: 1200.0 x 640.0
15:44:12.467 [JavaFX Application Thread] DEBUG PrimaryStageWindow   - Scaled ratio: (1.0, 1.0)
15:44:12.468 [JavaFX Application Thread] DEBUG PrimaryStageWindow   - Scene size: 1200.0 x 640.0
15:44:12.468 [JavaFX Application Thread] DEBUG PrimaryStageWindow   - Stage size: 1214.4000244140625 x 677.5999755859375
15:44:12.674 [JavaFX Application Thread] DEBUG PrimaryStageWindow   - Going fullscreen
15:44:12.686 [FXGL Background Thread 1 ] DEBUG Engine               - Initializing environment variables
15:44:12.763 [FXGL Background Thread 1 ] DEBUG FXGLAssetLoaderServi - User app class for loading assets: class at.htl.teachertowerdefense.TeacherTowerDefenseApp
15:44:12.763 [FXGL Background Thread 1 ] DEBUG GameApplicationServi - Applying CSS: fxgl_dark.css
15:44:12.765 [FXGL Background Thread 1 ] DEBUG FXGLAssetLoaderServi - Loading from file system: jar:file:/C:/Users/lucaa/.m2/repository/com/github/almasb/fxgl/17.3/fxgl-17.3.jar!/fxglassets/ui/css/fxgl_dark.css
15:44:12.829 [FXGL Background Thread 1 ] DEBUG GameApplicationServi - Initializing application scenes
15:44:12.912 [FXGL Background Thread 1 ] DEBUG GameWorld            - Game world initialized
15:44:12.979 [FXGL Background Thread 1 ] DEBUG PhysicsWorld         - Physics world initialized: appHeight=640, physics.ppm=50,0
15:44:12.979 [FXGL Background Thread 1 ] DEBUG PhysicsWorld         - Using strategy: BRUTE_FORCE
15:44:12.986 [FXGL Background Thread 1 ] DEBUG GameScene            - Game scene initialized: 1200x640
15:44:13.007 [FXGL Background Thread 1 ] DEBUG FXGL.DefaultMenu     - createMenuBodyGameMenu()
15:44:13.027 [FXGL Background Thread 1 ] DEBUG FXGL.DefaultMenu     - createOptionsMenu()
15:44:13.040 [FXGL Background Thread 1 ] DEBUG FXGLAssetLoaderServi - Loading from file system: jar:file:/C:/Users/lucaa/.m2/repository/com/github/almasb/fxgl/17.3/fxgl-17.3.jar!/fxglassets/textures/particles/smoke.png
15:44:13.143 [FXGL Background Thread 1 ] DEBUG FXGLAssetLoaderServi - Loading from file system: jar:file:/C:/Users/lucaa/.m2/repository/com/github/almasb/fxgl/17.3/fxgl-17.3.jar!/fxglassets/textures/particles/trace_horizontal.png
15:44:13.170 [FXGL Background Thread 1 ] DEBUG GameApplicationServi - Application scenes initialized
15:44:13.185 [FXGL Background Thread 1 ] DEBUG SystemBundleService  - Loading FXGL system data
15:44:13.187 [FXGL Background Thread 1 ] DEBUG FileSystemAccess     - Reading from: C:\Users\lucaa\OneDrive - HTL Saalfelden\POS\Workspace\IntelliJ\FXGL\TeacherTowerDefense\system\fxgl.bundle
15:44:13.190 [FXGL Background Thread 1 ] DEBUG SystemBundleService  - Bundle FXGL: {}
15:44:13.190 [FXGL Background Thread 1 ] DEBUG UpdaterService       - Checking for updates
15:44:13.228 [FXGL Background Thread 4 ] DEBUG FXGLApplication      - Loading fonts
15:44:13.229 [FXGL Background Thread 4 ] DEBUG FXGLAssetLoaderServi - Loading from file system: jar:file:/C:/Users/lucaa/.m2/repository/com/github/almasb/fxgl/17.3/fxgl-17.3.jar!/fxglassets/ui/fonts/VarelaRound-Regular.ttf
15:44:13.229 [FXGL Background Thread 1 ] DEBUG FXGLApplication      - Loading default localization
15:44:13.229 [FXGL Background Thread 1 ] DEBUG FXGLAssetLoaderServi - Loading from file system: jar:file:/C:/Users/lucaa/.m2/repository/com/github/almasb/fxgl/17.3/fxgl-17.3.jar!/fxglassets/languages/english.lang
15:44:13.262 [FXGL Background Thread 4 ] DEBUG FXGLAssetLoaderServi - Loading from file system: jar:file:/C:/Users/lucaa/.m2/repository/com/github/almasb/fxgl/17.3/fxgl-17.3.jar!/fxglassets/ui/fonts/Abel-Regular.ttf
15:44:13.265 [FXGL Background Thread 1 ] INFO  FXGLApplication      - FXGL initialization took: 0,578 sec
15:44:13.267 [JavaFX Application Thread] DEBUG FXGLAssetLoaderServi - Loading from file system: jar:file:/C:/Users/lucaa/.m2/repository/com/github/almasb/fxgl/17.3/fxgl-17.3.jar!/fxglassets/textures/fxgl_icon.png
15:44:13.279 [FXGL Background Thread 4 ] DEBUG FXGLAssetLoaderServi - Loading from file system: jar:file:/C:/Users/lucaa/.m2/repository/com/github/almasb/fxgl/17.3/fxgl-17.3.jar!/fxglassets/ui/fonts/TerminalLandMono-Regular.otf
15:44:13.292 [JavaFX Application Thread] DEBUG FXGLAssetLoaderServi - Loading from file system: jar:file:/C:/Users/lucaa/.m2/repository/com/github/almasb/fxgl/17.3/fxgl-17.3.jar!/fxglassets/textures/fxgl_default_cursor.png
15:44:13.294 [FXGL Background Thread 4 ] DEBUG FXGLAssetLoaderServi - Loading from file system: jar:file:/C:/Users/lucaa/.m2/repository/com/github/almasb/fxgl/17.3/fxgl-17.3.jar!/fxglassets/ui/fonts/Courier-Prime.ttf
15:44:13.308 [JavaFX Application Thread] DEBUG Input                - Registered new binding: Screenshot - CTRL+8
15:44:13.309 [JavaFX Application Thread] DEBUG Input                - Registered new binding: Dev Options - 1
15:44:13.309 [JavaFX Application Thread] DEBUG Input                - Registered new binding: Dev Console - 2
15:44:13.311 [JavaFX Application Thread] DEBUG Input                - Registered new binding: System info dump - CTRL+9
15:44:13.311 [JavaFX Application Thread] DEBUG Input                - Registered new binding: Restart - CTRL+R
15:44:13.312 [JavaFX Application Thread] DEBUG Input                - Registered new binding: Toggle Debug Camera - CTRL+7
15:44:13.319 [JavaFX Application Thread] DEBUG LoopRunner           - Starting loop
15:44:13.339 [JavaFX Application Thread] DEBUG LoopRunner           - Initializing JavaFX AnimationTimerLoop
15:44:13.341 [JavaFX Application Thread] DEBUG GameApplicationServi - Starting new game
15:44:13.342 [JavaFX Application Thread] DEBUG Input                - Clearing active input actions
15:44:13.355 [JavaFX Application Thread] DEBUG GameApplicationServi - Removing overlay from FXGLStartupScene and adding to FXGLLoadingScene
15:44:13.359 [JavaFX Application Thread] DEBUG PrimaryStageWindow   - FXGLStartupScene -> FXGLLoadingScene
15:44:13.359 [JavaFX Application Thread] DEBUG GameApplicationServi - Clearing previous game
15:44:13.359 [JavaFX Application Thread] DEBUG GameScene            - Clearing game scene
15:44:13.359 [JavaFX Application Thread] DEBUG GameWorld            - Clearing game world
15:44:13.360 [JavaFX Application Thread] DEBUG PhysicsWorld         - Clearing physics world
15:44:13.361 [JavaFX Application Thread] DEBUG FXGLApplication      - Registering font factories with UI factory
15:44:13.361 [FXGL Background Thread 4 ] DEBUG FXGLApplication      - Initializing game
15:44:13.446 [FXGL Background Thread 4 ] WARN  TMXLevelLoader       - TiledMap generated from 1.11.2. Supported version: 1.9.0. Some features may not be parsed fully.
15:44:13.478 [FXGL Background Thread 4 ] DEBUG TMXLevelLoader       - Parsed TiledMap: file:/C:/Users/lucaa/OneDrive%20-%20HTL%20Saalfelden/POS/Workspace/IntelliJ/FXGL/TeacherTowerDefense/target/classes/assets/levels/Map1.tmx
15:44:13.479 [FXGL Background Thread 4 ] DEBUG TMXLevelLoader       - Creating tile layer entities
15:44:13.483 [FXGL Background Thread 4 ] DEBUG TilesetLoader        - Loading view for layer Kachelebene 0
15:44:13.484 [FXGL Background Thread 4 ] DEBUG TilesetLoader        - Created buffer with size 960.0x640.0
15:44:13.558 [FXGL Background Thread 4 ] DEBUG TilesetLoader        - Loading view for layer Kachelebene 1
15:44:13.559 [FXGL Background Thread 4 ] DEBUG TilesetLoader        - Created buffer with size 960.0x640.0
15:44:13.566 [FXGL Background Thread 4 ] DEBUG TilesetLoader        - Loading view for layer Kachelebene 2
15:44:13.567 [FXGL Background Thread 4 ] DEBUG TilesetLoader        - Created buffer with size 960.0x640.0
15:44:13.570 [FXGL Background Thread 4 ] DEBUG TilesetLoader        - Loading view for layer Kachelebene 4
15:44:13.571 [FXGL Background Thread 4 ] DEBUG TilesetLoader        - Created buffer with size 960.0x640.0
15:44:13.572 [FXGL Background Thread 4 ] DEBUG TMXLevelLoader       - Creating object layer entities
15:44:13.606 [FXGL Background Thread 4 ] DEBUG GameWorld            - Clearing removable entities
15:44:13.607 [FXGL Background Thread 4 ] DEBUG GameWorld            - Setting level: com.almasb.fxgl.entity.level.Level@7be0660b
15:44:13.619 [FXGL Background Thread 4 ] INFO  FXGLApplication      - Game initialization took: 0,257 sec
15:44:13.666 [JavaFX Application Thread] DEBUG Input                - Clearing active input actions
15:44:13.677 [JavaFX Application Thread] DEBUG GameApplicationServi - Removing overlay from FXGLLoadingScene and adding to GameScene
15:44:13.684 [JavaFX Application Thread] DEBUG PrimaryStageWindow   - FXGLLoadingScene -> GameScene
15:44:14.076 [FXGL Background Thread 2 ] INFO  UpdaterService       - Your current version:  17.3
15:44:14.077 [FXGL Background Thread 2 ] INFO  UpdaterService       - Latest stable version: 25
15:44:16.226 [FXGL Background Thread 3 ] DEBUG Engine               - Logging environment variables
15:44:16.227 [FXGL Background Thread 3 ] DEBUG Engine               - achievements: []
15:44:16.228 [FXGL Background Thread 3 ] DEBUG Engine               - actualHeight: 864.0
15:44:16.228 [FXGL Background Thread 3 ] DEBUG Engine               - actualHeightProperty: ReadOnlyDoubleProperty [value: 864.0]
15:44:16.228 [FXGL Background Thread 3 ] DEBUG Engine               - actualWidth: 1536.0
15:44:16.228 [FXGL Background Thread 3 ] DEBUG Engine               - actualWidthProperty: ReadOnlyDoubleProperty [value: 1536.0]
15:44:16.229 [FXGL Background Thread 3 ] DEBUG Engine               - appIcon: fxgl_icon.png
15:44:16.229 [FXGL Background Thread 3 ] DEBUG Engine               - applicationMode: DEVELOPER
15:44:16.230 [FXGL Background Thread 3 ] DEBUG Engine               - cSSList: [fxgl_dark.css]
15:44:16.230 [FXGL Background Thread 3 ] DEBUG Engine               - collisionDetectionStrategy: BRUTE_FORCE
15:44:16.230 [FXGL Background Thread 3 ] DEBUG Engine               - configClass: Optional.empty
15:44:16.230 [FXGL Background Thread 3 ] DEBUG Engine               - credits: []
15:44:16.231 [FXGL Background Thread 3 ] DEBUG Engine               - defaultCursor: CursorInfo(imageName=fxgl_default_cursor.png, hotspotX=7.0, hotspotY=6.0)
15:44:16.232 [FXGL Background Thread 3 ] DEBUG Engine               - devBBoxColorProperty: ObjectProperty [value: 0xff0000ff]
15:44:16.232 [FXGL Background Thread 3 ] DEBUG Engine               - devEnableDebugCameraProperty: BooleanProperty [value: false]
15:44:16.233 [FXGL Background Thread 3 ] DEBUG Engine               - devSensorColorProperty: ObjectProperty [value: 0xffff00ff]
15:44:16.233 [FXGL Background Thread 3 ] DEBUG Engine               - devShowBBoxProperty: BooleanProperty [value: false]
15:44:16.233 [FXGL Background Thread 3 ] DEBUG Engine               - devShowPositionProperty: BooleanProperty [value: false]
15:44:16.234 [FXGL Background Thread 3 ] DEBUG Engine               - enabledMenuItems: []
15:44:16.234 [FXGL Background Thread 3 ] DEBUG Engine               - engineServices: [class com.almasb.fxgl.app.services.FXGLAssetLoaderService, class com.almasb.fxgl.app.FXGLApplication$GameApplicationService, class com.almasb.fxgl.app.services.FXGLDialogService, class com.almasb.fxgl.app.services.IOTaskExecutorService, class com.almasb.fxgl.io.FileSystemService, class com.almasb.fxgl.localization.LocalizationService, class com.almasb.fxgl.app.services.SystemBundleService, class com.almasb.fxgl.profile.SaveLoadService, class com.almasb.fxgl.ui.FXGLUIFactoryServiceProvider, class com.almasb.fxgl.ui.FXGLDialogFactoryServiceProvider, class com.almasb.fxgl.audio.AudioPlayer, class com.almasb.fxgl.notification.impl.NotificationServiceProvider, class com.almasb.fxgl.achievement.AchievementService, class com.almasb.fxgl.cutscene.CutsceneService, class com.almasb.fxgl.minigames.MiniGameService, class com.almasb.fxgl.net.NetService, class com.almasb.fxgl.app.services.UpdaterService, class com.almasb.fxgl.dev.DevService]
15:44:16.234 [FXGL Background Thread 3 ] DEBUG Engine               - fontGame: Abel-Regular.ttf
15:44:16.234 [FXGL Background Thread 3 ] DEBUG Engine               - fontMono: TerminalLandMono-Regular.otf
15:44:16.234 [FXGL Background Thread 3 ] DEBUG Engine               - fontSizeScaleUI: 1.0
15:44:16.235 [FXGL Background Thread 3 ] DEBUG Engine               - fontText: Courier-Prime.ttf
15:44:16.235 [FXGL Background Thread 3 ] DEBUG Engine               - fontUI: VarelaRound-Regular.ttf
15:44:16.236 [FXGL Background Thread 3 ] DEBUG Engine               - fullScreen: BooleanProperty [value: true]
15:44:16.236 [FXGL Background Thread 3 ] DEBUG Engine               - gameDifficulty: MEDIUM
15:44:16.236 [FXGL Background Thread 3 ] DEBUG Engine               - gameDifficultyProperty: ObjectProperty [value: MEDIUM]
15:44:16.236 [FXGL Background Thread 3 ] DEBUG Engine               - globalMusicVolume: 0.5
15:44:16.237 [FXGL Background Thread 3 ] DEBUG Engine               - globalMusicVolumeProperty: DoubleProperty [value: 0.5]
15:44:16.237 [FXGL Background Thread 3 ] DEBUG Engine               - globalSoundVolume: 0.5
15:44:16.237 [FXGL Background Thread 3 ] DEBUG Engine               - globalSoundVolumeProperty: DoubleProperty [value: 0.5]
15:44:16.237 [FXGL Background Thread 3 ] DEBUG Engine               - height: 640
15:44:16.237 [FXGL Background Thread 3 ] DEBUG Engine               - is3D: false
15:44:16.238 [FXGL Background Thread 3 ] DEBUG Engine               - isAndroid: false
15:44:16.238 [FXGL Background Thread 3 ] DEBUG Engine               - isBrowser: false
15:44:16.238 [FXGL Background Thread 3 ] DEBUG Engine               - isClickFeedbackEnabled: false
15:44:16.238 [FXGL Background Thread 3 ] DEBUG Engine               - isCloseConfirmation: false
15:44:16.238 [FXGL Background Thread 3 ] DEBUG Engine               - isDesktop: true
15:44:16.238 [FXGL Background Thread 3 ] DEBUG Engine               - isDeveloperMenuEnabled: true
15:44:16.238 [FXGL Background Thread 3 ] DEBUG Engine               - isEmbedded: false
15:44:16.239 [FXGL Background Thread 3 ] DEBUG Engine               - isEntityPreloadEnabled: true
15:44:16.239 [FXGL Background Thread 3 ] DEBUG Engine               - isExperimentalTiledLargeMap: false
15:44:16.239 [FXGL Background Thread 3 ] DEBUG Engine               - isFileSystemWriteAllowed: true
15:44:16.239 [FXGL Background Thread 3 ] DEBUG Engine               - isFullScreenAllowed: true
15:44:16.239 [FXGL Background Thread 3 ] DEBUG Engine               - isFullScreenFromStart: true
15:44:16.239 [FXGL Background Thread 3 ] DEBUG Engine               - isGameMenuEnabled: true
15:44:16.239 [FXGL Background Thread 3 ] DEBUG Engine               - isIOS: false
15:44:16.239 [FXGL Background Thread 3 ] DEBUG Engine               - isIntroEnabled: false
15:44:16.239 [FXGL Background Thread 3 ] DEBUG Engine               - isLinux: false
15:44:16.240 [FXGL Background Thread 3 ] DEBUG Engine               - isMac: false
15:44:16.240 [FXGL Background Thread 3 ] DEBUG Engine               - isMainMenuEnabled: false
15:44:16.240 [FXGL Background Thread 3 ] DEBUG Engine               - isManualResizeEnabled: false
15:44:16.240 [FXGL Background Thread 3 ] DEBUG Engine               - isMobile: false
15:44:16.240 [FXGL Background Thread 3 ] DEBUG Engine               - isNative: false
15:44:16.240 [FXGL Background Thread 3 ] DEBUG Engine               - isPauseMusicWhenMinimized: true
15:44:16.240 [FXGL Background Thread 3 ] DEBUG Engine               - isPreserveResizeRatio: true
15:44:16.240 [FXGL Background Thread 3 ] DEBUG Engine               - isProfilingEnabled: false
15:44:16.240 [FXGL Background Thread 3 ] DEBUG Engine               - isScaleAffectedOnResize: true
15:44:16.241 [FXGL Background Thread 3 ] DEBUG Engine               - isSingleStep: false
15:44:16.241 [FXGL Background Thread 3 ] DEBUG Engine               - isUserProfileEnabled: false
15:44:16.241 [FXGL Background Thread 3 ] DEBUG Engine               - isWindows: true
15:44:16.241 [FXGL Background Thread 3 ] DEBUG Engine               - language: ObjectProperty [value: ENGLISH]
15:44:16.241 [FXGL Background Thread 3 ] DEBUG Engine               - menuKey: ESCAPE
15:44:16.241 [FXGL Background Thread 3 ] DEBUG Engine               - mouseSensitivity: 0.2
15:44:16.242 [FXGL Background Thread 3 ] DEBUG Engine               - notificationViewClass: class com.almasb.fxgl.notification.view.XboxNotificationView
15:44:16.242 [FXGL Background Thread 3 ] DEBUG Engine               - pixelsPerMeter: 50.0
15:44:16.242 [FXGL Background Thread 3 ] DEBUG Engine               - platform: WINDOWS
15:44:16.242 [FXGL Background Thread 3 ] DEBUG Engine               - prefHeightProperty: ReadOnlyDoubleProperty [value: 640.0]
15:44:16.242 [FXGL Background Thread 3 ] DEBUG Engine               - prefWidthProperty: ReadOnlyDoubleProperty [value: 1200.0]
15:44:16.242 [FXGL Background Thread 3 ] DEBUG Engine               - profileDir: profiles/
15:44:16.243 [FXGL Background Thread 3 ] DEBUG Engine               - profileName: StringProperty [value: DEFAULT]
15:44:16.243 [FXGL Background Thread 3 ] DEBUG Engine               - randomSeed: -1
15:44:16.243 [FXGL Background Thread 3 ] DEBUG Engine               - runtimeInfo: RuntimeInfo(platform=WINDOWS, version=17.3, build=30.03.2023 11.49)
15:44:16.243 [FXGL Background Thread 3 ] DEBUG Engine               - saveFileExt: sav
15:44:16.244 [FXGL Background Thread 3 ] DEBUG Engine               - scaledHeightProp$fxgl: DoubleProperty [bound, value: 864.0]
15:44:16.244 [FXGL Background Thread 3 ] DEBUG Engine               - scaledWidthProp$fxgl: DoubleProperty [bound, value: 1536.0]
15:44:16.244 [FXGL Background Thread 3 ] DEBUG Engine               - sceneFactory: com.almasb.fxgl.app.scene.SceneFactory@696e5eff
15:44:16.244 [FXGL Background Thread 3 ] DEBUG Engine               - secondsIn24h: 60
15:44:16.244 [FXGL Background Thread 3 ] DEBUG Engine               - soundMenuBack: menu/back.wav
15:44:16.245 [FXGL Background Thread 3 ] DEBUG Engine               - soundMenuPress: menu/press.wav
15:44:16.245 [FXGL Background Thread 3 ] DEBUG Engine               - soundMenuSelect: menu/select.wav
15:44:16.245 [FXGL Background Thread 3 ] DEBUG Engine               - soundNotification: core/notification.wav
15:44:16.245 [FXGL Background Thread 3 ] DEBUG Engine               - stageStyle: DECORATED
15:44:16.245 [FXGL Background Thread 3 ] DEBUG Engine               - supportedLanguages: [ENGLISH, FRENCH, GERMAN, HUNGARIAN, RUSSIAN]
15:44:16.246 [FXGL Background Thread 3 ] DEBUG Engine               - ticksPerSecond: -1
15:44:16.246 [FXGL Background Thread 3 ] DEBUG Engine               - title: Teacher Tower Defense
15:44:16.246 [FXGL Background Thread 3 ] DEBUG Engine               - urlGithub: https://github.com/AlmasB/FXGL
15:44:16.247 [FXGL Background Thread 3 ] DEBUG Engine               - urlLeaderboard: http://fxgl-top.herokuapp.com/
15:44:16.247 [FXGL Background Thread 3 ] DEBUG Engine               - urlPOM: https://raw.githubusercontent.com/AlmasB/FXGL/release/README.md
15:44:16.247 [FXGL Background Thread 3 ] DEBUG Engine               - userAppClass: class at.htl.teachertowerdefense.TeacherTowerDefenseApp
15:44:16.247 [FXGL Background Thread 3 ] DEBUG Engine               - version: 0.1
15:44:16.247 [FXGL Background Thread 3 ] DEBUG Engine               - versionCheckDays: 7
15:44:16.247 [FXGL Background Thread 3 ] DEBUG Engine               - width: 1200
15:44:16.247 [FXGL Background Thread 3 ] DEBUG Engine               - Logging services
15:44:16.248 [FXGL Background Thread 3 ] DEBUG Engine               - class com.almasb.fxgl.app.services.FXGLAssetLoaderService
15:44:16.248 [FXGL Background Thread 3 ] DEBUG Engine               - class com.almasb.fxgl.app.FXGLApplication$GameApplicationService
15:44:16.249 [FXGL Background Thread 3 ] DEBUG Engine               - class com.almasb.fxgl.app.services.FXGLDialogService
15:44:16.249 [FXGL Background Thread 3 ] DEBUG Engine               - class com.almasb.fxgl.app.services.IOTaskExecutorService
15:44:16.249 [FXGL Background Thread 3 ] DEBUG Engine               - class com.almasb.fxgl.io.FileSystemService
15:44:16.250 [FXGL Background Thread 3 ] DEBUG Engine               - class com.almasb.fxgl.localization.LocalizationService
15:44:16.250 [FXGL Background Thread 3 ] DEBUG Engine               - class com.almasb.fxgl.app.services.SystemBundleService
15:44:16.250 [FXGL Background Thread 3 ] DEBUG Engine               - class com.almasb.fxgl.profile.SaveLoadService
15:44:16.250 [FXGL Background Thread 3 ] DEBUG Engine               - class com.almasb.fxgl.ui.FXGLUIFactoryServiceProvider
15:44:16.250 [FXGL Background Thread 3 ] DEBUG Engine               - class com.almasb.fxgl.ui.FXGLDialogFactoryServiceProvider
15:44:16.251 [FXGL Background Thread 3 ] DEBUG Engine               - class com.almasb.fxgl.audio.AudioPlayer
15:44:16.251 [FXGL Background Thread 3 ] DEBUG Engine               - class com.almasb.fxgl.notification.impl.NotificationServiceProvider
15:44:16.251 [FXGL Background Thread 3 ] DEBUG Engine               - class com.almasb.fxgl.achievement.AchievementService
15:44:16.251 [FXGL Background Thread 3 ] DEBUG Engine               - class com.almasb.fxgl.cutscene.CutsceneService
15:44:16.251 [FXGL Background Thread 3 ] DEBUG Engine               - class com.almasb.fxgl.minigames.MiniGameService
15:44:16.251 [FXGL Background Thread 3 ] DEBUG Engine               - class com.almasb.fxgl.net.NetService
15:44:16.252 [FXGL Background Thread 3 ] DEBUG Engine               - class com.almasb.fxgl.app.services.UpdaterService
15:44:16.252 [FXGL Background Thread 3 ] DEBUG Engine               - class com.almasb.fxgl.dev.DevService
15:45:02.191 [JavaFX Application Thread] DEBUG PrimaryStageWindow   - Push state: FXGLDefaultMenu
15:45:02.198 [JavaFX Application Thread] DEBUG Input                - Clearing active input actions
15:45:02.201 [JavaFX Application Thread] DEBUG GameApplicationServi - Removing overlay from GameScene and adding to FXGLDefaultMenu
15:45:02.203 [JavaFX Application Thread] DEBUG PrimaryStageWindow   - GameScene -> FXGLDefaultMenu
15:45:03.067 [JavaFX Application Thread] DEBUG Menu                 - fireExit()
15:45:03.069 [JavaFX Application Thread] DEBUG PrimaryStageWindow   - Push state: DialogSubScene
15:45:03.070 [JavaFX Application Thread] DEBUG Input                - Clearing active input actions
15:45:03.070 [JavaFX Application Thread] DEBUG GameApplicationServi - Removing overlay from FXGLDefaultMenu and adding to DialogSubScene
15:45:03.071 [JavaFX Application Thread] DEBUG PrimaryStageWindow   - FXGLDefaultMenu -> DialogSubScene
15:45:03.580 [JavaFX Application Thread] DEBUG PrimaryStageWindow   - Pop state: DialogSubScene
15:45:03.580 [JavaFX Application Thread] DEBUG Input                - Clearing active input actions
15:45:03.581 [JavaFX Application Thread] DEBUG GameApplicationServi - Removing overlay from DialogSubScene and adding to FXGLDefaultMenu
15:45:03.581 [JavaFX Application Thread] DEBUG PrimaryStageWindow   - FXGLDefaultMenu <- DialogSubScene
15:45:03.582 [JavaFX Application Thread] DEBUG FXGLApplication      - Exiting FXGL
15:45:03.582 [JavaFX Application Thread] DEBUG LoopRunner           - Stopping loop
15:45:03.582 [JavaFX Application Thread] DEBUG SystemBundleService  - Saving FXGL system data
15:45:03.584 [JavaFX Application Thread] DEBUG FileSystemAccess     - Writing to: C:\Users\lucaa\OneDrive - HTL Saalfelden\POS\Workspace\IntelliJ\FXGL\TeacherTowerDefense\system\fxgl.bundle
15:45:03.585 [JavaFX Application Thread] DEBUG Async                - Shutting down background threads
15:45:03.585 [JavaFX Application Thread] DEBUG PrimaryStageWindow   - Closing main window
15:45:03.677 [JavaFX Application Thread] DEBUG Logger               - Closing Logger
