18:25:08.461 [main                     ] DEBUG Logger               - Configured Logger
18:25:08.466 [main                     ] DEBUG GameApplication      - Logging settings
Title: Teacher Tower Defense
Version: 0.1
Width: 1200
Height: 640
Fullscreen: true
Intro: false
Profiling: false
Single step:false
App Mode: DEVELOPER
Menu Key: ESCAPE
Stage Style: DECORATED
Scene Factory: class com.almasb.fxgl.app.scene.SceneFactory

18:25:08.967 [JavaFX Application Thread] DEBUG FXGLApplication      - Initializing FXGL
18:25:08.970 [JavaFX Application Thread] INFO  Engine               - FXGL-17.3 (30.03.2023 11.49) on WINDOWS (J:25.0.2 FX:21.0.6)
18:25:08.970 [JavaFX Application Thread] DEBUG Engine               - JRE Vendor Name: Oracle Corporation
18:25:08.970 [JavaFX Application Thread] DEBUG Engine               - Running on OS: Windows 11 version 10.0
18:25:08.970 [JavaFX Application Thread] DEBUG Engine               - Architecture: amd64
18:25:08.970 [JavaFX Application Thread] INFO  Engine               - Source code and latest versions at: https://github.com/AlmasB/FXGL
18:25:08.970 [JavaFX Application Thread] INFO  Engine               -       Ask questions and discuss at: https://github.com/AlmasB/FXGL/discussions
18:25:08.970 [JavaFX Application Thread] INFO  Engine               -              Join the FXGL chat at: https://gitter.im/AlmasB/FXGL
18:25:09.079 [JavaFX Application Thread] DEBUG PrimaryStageWindow   - Creating a JavaFX scene
18:25:09.124 [JavaFX Application Thread] DEBUG PrimaryStageWindow   - Target settings size: 1200.0 x 640.0
18:25:09.125 [JavaFX Application Thread] DEBUG PrimaryStageWindow   - Scaled scene size:    1200.0 x 640.0
18:25:09.125 [JavaFX Application Thread] DEBUG PrimaryStageWindow   - Scaled ratio: (1.0, 1.0)
18:25:09.126 [JavaFX Application Thread] DEBUG PrimaryStageWindow   - Set initial scene to FXGLStartupScene
18:25:09.130 [JavaFX Application Thread] DEBUG PrimaryStageWindow   - Opening main window
18:25:09.256 [JavaFX Application Thread] DEBUG PrimaryStageWindow   - Window border size: (14.4000244140625, 37.5999755859375)
18:25:09.256 [JavaFX Application Thread] DEBUG PrimaryStageWindow   - Scaled size: 1200.0 x 640.0
18:25:09.257 [JavaFX Application Thread] DEBUG PrimaryStageWindow   - Scaled ratio: (1.0, 1.0)
18:25:09.257 [JavaFX Application Thread] DEBUG PrimaryStageWindow   - Scene size: 1200.0 x 640.0
18:25:09.257 [JavaFX Application Thread] DEBUG PrimaryStageWindow   - Stage size: 1214.4000244140625 x 677.5999755859375
18:25:09.326 [JavaFX Application Thread] DEBUG PrimaryStageWindow   - Going fullscreen
18:25:09.334 [FXGL Background Thread 1 ] DEBUG Engine               - Initializing environment variables
18:25:09.377 [FXGL Background Thread 1 ] DEBUG FXGLAssetLoaderServi - User app class for loading assets: class at.htl.teachertowerdefense.TeacherTowerDefenseApp
18:25:09.377 [FXGL Background Thread 1 ] DEBUG GameApplicationServi - Applying CSS: fxgl_dark.css
18:25:09.378 [FXGL Background Thread 1 ] DEBUG FXGLAssetLoaderServi - Loading from file system: jar:file:/C:/Users/lucaa/.m2/repository/com/github/almasb/fxgl/17.3/fxgl-17.3.jar!/fxglassets/ui/css/fxgl_dark.css
18:25:09.420 [FXGL Background Thread 1 ] DEBUG GameApplicationServi - Initializing application scenes
18:25:09.463 [FXGL Background Thread 1 ] DEBUG GameWorld            - Game world initialized
18:25:09.512 [FXGL Background Thread 1 ] DEBUG PhysicsWorld         - Physics world initialized: appHeight=640, physics.ppm=50,0
18:25:09.512 [FXGL Background Thread 1 ] DEBUG PhysicsWorld         - Using strategy: BRUTE_FORCE
18:25:09.515 [FXGL Background Thread 1 ] DEBUG GameScene            - Game scene initialized: 1200x640
18:25:09.528 [FXGL Background Thread 1 ] DEBUG FXGL.DefaultMenu     - createMenuBodyGameMenu()
18:25:09.547 [FXGL Background Thread 1 ] DEBUG FXGL.DefaultMenu     - createOptionsMenu()
18:25:09.557 [FXGL Background Thread 1 ] DEBUG FXGLAssetLoaderServi - Loading from file system: jar:file:/C:/Users/lucaa/.m2/repository/com/github/almasb/fxgl/17.3/fxgl-17.3.jar!/fxglassets/textures/particles/smoke.png
18:25:09.631 [FXGL Background Thread 1 ] DEBUG FXGLAssetLoaderServi - Loading from file system: jar:file:/C:/Users/lucaa/.m2/repository/com/github/almasb/fxgl/17.3/fxgl-17.3.jar!/fxglassets/textures/particles/trace_horizontal.png
18:25:09.652 [FXGL Background Thread 1 ] DEBUG GameApplicationServi - Application scenes initialized
18:25:09.664 [FXGL Background Thread 1 ] DEBUG SystemBundleService  - Loading FXGL system data
18:25:09.665 [FXGL Background Thread 1 ] DEBUG FileSystemAccess     - Reading from: C:\Users\lucaa\OneDrive - HTL Saalfelden\POS\Workspace\IntelliJ\FXGL\TeacherTowerDefense\system\fxgl.bundle
18:25:09.667 [FXGL Background Thread 1 ] DEBUG SystemBundleService  - Bundle FXGL: {}
18:25:09.667 [FXGL Background Thread 1 ] DEBUG UpdaterService       - Checking for updates
18:25:09.693 [FXGL Background Thread 4 ] DEBUG FXGLApplication      - Loading fonts
18:25:09.693 [FXGL Background Thread 4 ] DEBUG FXGLAssetLoaderServi - Loading from file system: jar:file:/C:/Users/lucaa/.m2/repository/com/github/almasb/fxgl/17.3/fxgl-17.3.jar!/fxglassets/ui/fonts/VarelaRound-Regular.ttf
18:25:09.693 [FXGL Background Thread 1 ] DEBUG FXGLApplication      - Loading default localization
18:25:09.694 [FXGL Background Thread 1 ] DEBUG FXGLAssetLoaderServi - Loading from file system: jar:file:/C:/Users/lucaa/.m2/repository/com/github/almasb/fxgl/17.3/fxgl-17.3.jar!/fxglassets/languages/english.lang
18:25:09.722 [FXGL Background Thread 1 ] INFO  FXGLApplication      - FXGL initialization took: 0,387 sec
18:25:09.724 [FXGL Background Thread 4 ] DEBUG FXGLAssetLoaderServi - Loading from file system: jar:file:/C:/Users/lucaa/.m2/repository/com/github/almasb/fxgl/17.3/fxgl-17.3.jar!/fxglassets/ui/fonts/Abel-Regular.ttf
18:25:09.724 [JavaFX Application Thread] DEBUG FXGLAssetLoaderServi - Loading from file system: jar:file:/C:/Users/lucaa/.m2/repository/com/github/almasb/fxgl/17.3/fxgl-17.3.jar!/fxglassets/textures/fxgl_icon.png
18:25:09.735 [FXGL Background Thread 4 ] DEBUG FXGLAssetLoaderServi - Loading from file system: jar:file:/C:/Users/lucaa/.m2/repository/com/github/almasb/fxgl/17.3/fxgl-17.3.jar!/fxglassets/ui/fonts/TerminalLandMono-Regular.otf
18:25:09.743 [JavaFX Application Thread] DEBUG FXGLAssetLoaderServi - Loading from file system: jar:file:/C:/Users/lucaa/.m2/repository/com/github/almasb/fxgl/17.3/fxgl-17.3.jar!/fxglassets/textures/fxgl_default_cursor.png
18:25:09.747 [FXGL Background Thread 4 ] DEBUG FXGLAssetLoaderServi - Loading from file system: jar:file:/C:/Users/lucaa/.m2/repository/com/github/almasb/fxgl/17.3/fxgl-17.3.jar!/fxglassets/ui/fonts/Courier-Prime.ttf
18:25:09.754 [JavaFX Application Thread] DEBUG Input                - Registered new binding: Screenshot - CTRL+8
18:25:09.755 [JavaFX Application Thread] DEBUG Input                - Registered new binding: Dev Options - 1
18:25:09.756 [JavaFX Application Thread] DEBUG Input                - Registered new binding: Dev Console - 2
18:25:09.756 [JavaFX Application Thread] DEBUG Input                - Registered new binding: System info dump - CTRL+9
18:25:09.757 [JavaFX Application Thread] DEBUG Input                - Registered new binding: Restart - CTRL+R
18:25:09.758 [JavaFX Application Thread] DEBUG Input                - Registered new binding: Toggle Debug Camera - CTRL+7
18:25:09.762 [JavaFX Application Thread] DEBUG LoopRunner           - Starting loop
18:25:09.777 [JavaFX Application Thread] DEBUG LoopRunner           - Initializing JavaFX AnimationTimerLoop
18:25:09.778 [JavaFX Application Thread] DEBUG GameApplicationServi - Starting new game
18:25:09.778 [JavaFX Application Thread] DEBUG Input                - Clearing active input actions
18:25:09.787 [JavaFX Application Thread] DEBUG GameApplicationServi - Removing overlay from FXGLStartupScene and adding to FXGLLoadingScene
18:25:09.790 [JavaFX Application Thread] DEBUG PrimaryStageWindow   - FXGLStartupScene -> FXGLLoadingScene
18:25:09.790 [JavaFX Application Thread] DEBUG GameApplicationServi - Clearing previous game
18:25:09.790 [JavaFX Application Thread] DEBUG GameScene            - Clearing game scene
18:25:09.790 [JavaFX Application Thread] DEBUG GameWorld            - Clearing game world
18:25:09.790 [JavaFX Application Thread] DEBUG PhysicsWorld         - Clearing physics world
18:25:09.792 [FXGL Background Thread 4 ] DEBUG FXGLApplication      - Initializing game
18:25:09.792 [JavaFX Application Thread] DEBUG FXGLApplication      - Registering font factories with UI factory
18:25:09.828 [FXGL Background Thread 4 ] WARN  TMXLevelLoader       - TiledMap generated from 1.11.2. Supported version: 1.9.0. Some features may not be parsed fully.
18:25:09.850 [FXGL Background Thread 4 ] DEBUG TMXLevelLoader       - Parsed TiledMap: file:/C:/Users/lucaa/OneDrive%20-%20HTL%20Saalfelden/POS/Workspace/IntelliJ/FXGL/TeacherTowerDefense/target/classes/assets/levels/Map1.tmx
18:25:09.851 [FXGL Background Thread 4 ] DEBUG TMXLevelLoader       - Creating tile layer entities
18:25:09.853 [FXGL Background Thread 4 ] DEBUG TilesetLoader        - Loading view for layer Kachelebene 0
18:25:09.854 [FXGL Background Thread 4 ] DEBUG TilesetLoader        - Created buffer with size 960.0x640.0
18:25:09.884 [FXGL Background Thread 4 ] DEBUG TilesetLoader        - Loading view for layer Kachelebene 1
18:25:09.885 [FXGL Background Thread 4 ] DEBUG TilesetLoader        - Created buffer with size 960.0x640.0
18:25:09.888 [FXGL Background Thread 4 ] DEBUG TilesetLoader        - Loading view for layer Kachelebene 2
18:25:09.889 [FXGL Background Thread 4 ] DEBUG TilesetLoader        - Created buffer with size 960.0x640.0
18:25:09.893 [FXGL Background Thread 4 ] DEBUG TilesetLoader        - Loading view for layer Kachelebene 4
18:25:09.894 [FXGL Background Thread 4 ] DEBUG TilesetLoader        - Created buffer with size 960.0x640.0
18:25:09.902 [FXGL Background Thread 4 ] DEBUG TMXLevelLoader       - Creating object layer entities
18:25:09.932 [FXGL Background Thread 4 ] DEBUG GameWorld            - Clearing removable entities
18:25:09.932 [FXGL Background Thread 4 ] DEBUG GameWorld            - Setting level: com.almasb.fxgl.entity.level.Level@1d190df7
18:25:09.952 [FXGL Background Thread 4 ] INFO  FXGLApplication      - Game initialization took: 0,160 sec
18:25:10.019 [JavaFX Application Thread] DEBUG Input                - Clearing active input actions
18:25:10.027 [JavaFX Application Thread] DEBUG GameApplicationServi - Removing overlay from FXGLLoadingScene and adding to GameScene
18:25:10.031 [JavaFX Application Thread] DEBUG PrimaryStageWindow   - FXGLLoadingScene -> GameScene
18:25:10.215 [FXGL Background Thread 2 ] INFO  UpdaterService       - Your current version:  17.3
18:25:10.215 [FXGL Background Thread 2 ] INFO  UpdaterService       - Latest stable version: 25
18:25:12.692 [FXGL Background Thread 3 ] DEBUG Engine               - Logging environment variables
18:25:12.694 [FXGL Background Thread 3 ] DEBUG Engine               - achievements: []
18:25:12.694 [FXGL Background Thread 3 ] DEBUG Engine               - actualHeight: 864.0
18:25:12.695 [FXGL Background Thread 3 ] DEBUG Engine               - actualHeightProperty: ReadOnlyDoubleProperty [value: 864.0]
18:25:12.695 [FXGL Background Thread 3 ] DEBUG Engine               - actualWidth: 1536.0
18:25:12.695 [FXGL Background Thread 3 ] DEBUG Engine               - actualWidthProperty: ReadOnlyDoubleProperty [value: 1536.0]
18:25:12.695 [FXGL Background Thread 3 ] DEBUG Engine               - appIcon: fxgl_icon.png
18:25:12.698 [FXGL Background Thread 3 ] DEBUG Engine               - applicationMode: DEVELOPER
18:25:12.698 [FXGL Background Thread 3 ] DEBUG Engine               - cSSList: [fxgl_dark.css]
18:25:12.698 [FXGL Background Thread 3 ] DEBUG Engine               - collisionDetectionStrategy: BRUTE_FORCE
18:25:12.699 [FXGL Background Thread 3 ] DEBUG Engine               - configClass: Optional.empty
18:25:12.699 [FXGL Background Thread 3 ] DEBUG Engine               - credits: []
18:25:12.701 [FXGL Background Thread 3 ] DEBUG Engine               - defaultCursor: CursorInfo(imageName=fxgl_default_cursor.png, hotspotX=7.0, hotspotY=6.0)
18:25:12.702 [FXGL Background Thread 3 ] DEBUG Engine               - devBBoxColorProperty: ObjectProperty [value: 0xff0000ff]
18:25:12.702 [FXGL Background Thread 3 ] DEBUG Engine               - devEnableDebugCameraProperty: BooleanProperty [value: false]
18:25:12.704 [FXGL Background Thread 3 ] DEBUG Engine               - devSensorColorProperty: ObjectProperty [value: 0xffff00ff]
18:25:12.705 [FXGL Background Thread 3 ] DEBUG Engine               - devShowBBoxProperty: BooleanProperty [value: false]
18:25:12.705 [FXGL Background Thread 3 ] DEBUG Engine               - devShowPositionProperty: BooleanProperty [value: false]
18:25:12.705 [FXGL Background Thread 3 ] DEBUG Engine               - enabledMenuItems: []
18:25:12.706 [FXGL Background Thread 3 ] DEBUG Engine               - engineServices: [class com.almasb.fxgl.app.services.FXGLAssetLoaderService, class com.almasb.fxgl.app.FXGLApplication$GameApplicationService, class com.almasb.fxgl.app.services.FXGLDialogService, class com.almasb.fxgl.app.services.IOTaskExecutorService, class com.almasb.fxgl.io.FileSystemService, class com.almasb.fxgl.localization.LocalizationService, class com.almasb.fxgl.app.services.SystemBundleService, class com.almasb.fxgl.profile.SaveLoadService, class com.almasb.fxgl.ui.FXGLUIFactoryServiceProvider, class com.almasb.fxgl.ui.FXGLDialogFactoryServiceProvider, class com.almasb.fxgl.audio.AudioPlayer, class com.almasb.fxgl.notification.impl.NotificationServiceProvider, class com.almasb.fxgl.achievement.AchievementService, class com.almasb.fxgl.cutscene.CutsceneService, class com.almasb.fxgl.minigames.MiniGameService, class com.almasb.fxgl.net.NetService, class com.almasb.fxgl.app.services.UpdaterService, class com.almasb.fxgl.dev.DevService]
18:25:12.706 [FXGL Background Thread 3 ] DEBUG Engine               - fontGame: Abel-Regular.ttf
18:25:12.706 [FXGL Background Thread 3 ] DEBUG Engine               - fontMono: TerminalLandMono-Regular.otf
18:25:12.707 [FXGL Background Thread 3 ] DEBUG Engine               - fontSizeScaleUI: 1.0
18:25:12.707 [FXGL Background Thread 3 ] DEBUG Engine               - fontText: Courier-Prime.ttf
18:25:12.707 [FXGL Background Thread 3 ] DEBUG Engine               - fontUI: VarelaRound-Regular.ttf
18:25:12.707 [FXGL Background Thread 3 ] DEBUG Engine               - fullScreen: BooleanProperty [value: true]
18:25:12.708 [FXGL Background Thread 3 ] DEBUG Engine               - gameDifficulty: MEDIUM
18:25:12.708 [FXGL Background Thread 3 ] DEBUG Engine               - gameDifficultyProperty: ObjectProperty [value: MEDIUM]
18:25:12.708 [FXGL Background Thread 3 ] DEBUG Engine               - globalMusicVolume: 0.5
18:25:12.709 [FXGL Background Thread 3 ] DEBUG Engine               - globalMusicVolumeProperty: DoubleProperty [value: 0.5]
18:25:12.709 [FXGL Background Thread 3 ] DEBUG Engine               - globalSoundVolume: 0.5
18:25:12.709 [FXGL Background Thread 3 ] DEBUG Engine               - globalSoundVolumeProperty: DoubleProperty [value: 0.5]
18:25:12.709 [FXGL Background Thread 3 ] DEBUG Engine               - height: 640
18:25:12.710 [FXGL Background Thread 3 ] DEBUG Engine               - is3D: false
18:25:12.710 [FXGL Background Thread 3 ] DEBUG Engine               - isAndroid: false
18:25:12.710 [FXGL Background Thread 3 ] DEBUG Engine               - isBrowser: false
18:25:12.710 [FXGL Background Thread 3 ] DEBUG Engine               - isClickFeedbackEnabled: false
18:25:12.712 [FXGL Background Thread 3 ] DEBUG Engine               - isCloseConfirmation: false
18:25:12.712 [FXGL Background Thread 3 ] DEBUG Engine               - isDesktop: true
18:25:12.713 [FXGL Background Thread 3 ] DEBUG Engine               - isDeveloperMenuEnabled: true
18:25:12.714 [FXGL Background Thread 3 ] DEBUG Engine               - isEmbedded: false
18:25:12.714 [FXGL Background Thread 3 ] DEBUG Engine               - isEntityPreloadEnabled: true
18:25:12.714 [FXGL Background Thread 3 ] DEBUG Engine               - isExperimentalTiledLargeMap: false
18:25:12.715 [FXGL Background Thread 3 ] DEBUG Engine               - isFileSystemWriteAllowed: true
18:25:12.715 [FXGL Background Thread 3 ] DEBUG Engine               - isFullScreenAllowed: true
18:25:12.715 [FXGL Background Thread 3 ] DEBUG Engine               - isFullScreenFromStart: true
18:25:12.716 [FXGL Background Thread 3 ] DEBUG Engine               - isGameMenuEnabled: true
18:25:12.716 [FXGL Background Thread 3 ] DEBUG Engine               - isIOS: false
18:25:12.716 [FXGL Background Thread 3 ] DEBUG Engine               - isIntroEnabled: false
18:25:12.717 [FXGL Background Thread 3 ] DEBUG Engine               - isLinux: false
18:25:12.717 [FXGL Background Thread 3 ] DEBUG Engine               - isMac: false
18:25:12.717 [FXGL Background Thread 3 ] DEBUG Engine               - isMainMenuEnabled: false
18:25:12.718 [FXGL Background Thread 3 ] DEBUG Engine               - isManualResizeEnabled: false
18:25:12.718 [FXGL Background Thread 3 ] DEBUG Engine               - isMobile: false
18:25:12.718 [FXGL Background Thread 3 ] DEBUG Engine               - isNative: false
18:25:12.719 [FXGL Background Thread 3 ] DEBUG Engine               - isPauseMusicWhenMinimized: true
18:25:12.719 [FXGL Background Thread 3 ] DEBUG Engine               - isPreserveResizeRatio: true
18:25:12.719 [FXGL Background Thread 3 ] DEBUG Engine               - isProfilingEnabled: false
18:25:12.719 [FXGL Background Thread 3 ] DEBUG Engine               - isScaleAffectedOnResize: true
18:25:12.720 [FXGL Background Thread 3 ] DEBUG Engine               - isSingleStep: false
18:25:12.720 [FXGL Background Thread 3 ] DEBUG Engine               - isUserProfileEnabled: false
18:25:12.720 [FXGL Background Thread 3 ] DEBUG Engine               - isWindows: true
18:25:12.721 [FXGL Background Thread 3 ] DEBUG Engine               - language: ObjectProperty [value: ENGLISH]
18:25:12.721 [FXGL Background Thread 3 ] DEBUG Engine               - menuKey: ESCAPE
18:25:12.721 [FXGL Background Thread 3 ] DEBUG Engine               - mouseSensitivity: 0.2
18:25:12.721 [FXGL Background Thread 3 ] DEBUG Engine               - notificationViewClass: class com.almasb.fxgl.notification.view.XboxNotificationView
18:25:12.722 [FXGL Background Thread 3 ] DEBUG Engine               - pixelsPerMeter: 50.0
18:25:12.722 [FXGL Background Thread 3 ] DEBUG Engine               - platform: WINDOWS
18:25:12.722 [FXGL Background Thread 3 ] DEBUG Engine               - prefHeightProperty: ReadOnlyDoubleProperty [value: 640.0]
18:25:12.722 [FXGL Background Thread 3 ] DEBUG Engine               - prefWidthProperty: ReadOnlyDoubleProperty [value: 1200.0]
18:25:12.722 [FXGL Background Thread 3 ] DEBUG Engine               - profileDir: profiles/
18:25:12.723 [FXGL Background Thread 3 ] DEBUG Engine               - profileName: StringProperty [value: DEFAULT]
18:25:12.723 [FXGL Background Thread 3 ] DEBUG Engine               - randomSeed: -1
18:25:12.724 [FXGL Background Thread 3 ] DEBUG Engine               - runtimeInfo: RuntimeInfo(platform=WINDOWS, version=17.3, build=30.03.2023 11.49)
18:25:12.724 [FXGL Background Thread 3 ] DEBUG Engine               - saveFileExt: sav
18:25:12.724 [FXGL Background Thread 3 ] DEBUG Engine               - scaledHeightProp$fxgl: DoubleProperty [bound, value: 864.0]
18:25:12.725 [FXGL Background Thread 3 ] DEBUG Engine               - scaledWidthProp$fxgl: DoubleProperty [bound, value: 1536.0]
18:25:12.725 [FXGL Background Thread 3 ] DEBUG Engine               - sceneFactory: com.almasb.fxgl.app.scene.SceneFactory@2491b6d0
18:25:12.725 [FXGL Background Thread 3 ] DEBUG Engine               - secondsIn24h: 60
18:25:12.725 [FXGL Background Thread 3 ] DEBUG Engine               - soundMenuBack: menu/back.wav
18:25:12.726 [FXGL Background Thread 3 ] DEBUG Engine               - soundMenuPress: menu/press.wav
18:25:12.726 [FXGL Background Thread 3 ] DEBUG Engine               - soundMenuSelect: menu/select.wav
18:25:12.726 [FXGL Background Thread 3 ] DEBUG Engine               - soundNotification: core/notification.wav
18:25:12.727 [FXGL Background Thread 3 ] DEBUG Engine               - stageStyle: DECORATED
18:25:12.727 [FXGL Background Thread 3 ] DEBUG Engine               - supportedLanguages: [ENGLISH, FRENCH, GERMAN, HUNGARIAN, RUSSIAN]
18:25:12.727 [FXGL Background Thread 3 ] DEBUG Engine               - ticksPerSecond: -1
18:25:12.727 [FXGL Background Thread 3 ] DEBUG Engine               - title: Teacher Tower Defense
18:25:12.728 [FXGL Background Thread 3 ] DEBUG Engine               - urlGithub: https://github.com/AlmasB/FXGL
18:25:12.728 [FXGL Background Thread 3 ] DEBUG Engine               - urlLeaderboard: http://fxgl-top.herokuapp.com/
18:25:12.728 [FXGL Background Thread 3 ] DEBUG Engine               - urlPOM: https://raw.githubusercontent.com/AlmasB/FXGL/release/README.md
18:25:12.728 [FXGL Background Thread 3 ] DEBUG Engine               - userAppClass: class at.htl.teachertowerdefense.TeacherTowerDefenseApp
18:25:12.728 [FXGL Background Thread 3 ] DEBUG Engine               - version: 0.1
18:25:12.729 [FXGL Background Thread 3 ] DEBUG Engine               - versionCheckDays: 7
18:25:12.729 [FXGL Background Thread 3 ] DEBUG Engine               - width: 1200
18:25:12.729 [FXGL Background Thread 3 ] DEBUG Engine               - Logging services
18:25:12.729 [FXGL Background Thread 3 ] DEBUG Engine               - class com.almasb.fxgl.app.services.FXGLAssetLoaderService
18:25:12.730 [FXGL Background Thread 3 ] DEBUG Engine               - class com.almasb.fxgl.app.FXGLApplication$GameApplicationService
18:25:12.730 [FXGL Background Thread 3 ] DEBUG Engine               - class com.almasb.fxgl.app.services.FXGLDialogService
18:25:12.730 [FXGL Background Thread 3 ] DEBUG Engine               - class com.almasb.fxgl.app.services.IOTaskExecutorService
18:25:12.730 [FXGL Background Thread 3 ] DEBUG Engine               - class com.almasb.fxgl.io.FileSystemService
18:25:12.730 [FXGL Background Thread 3 ] DEBUG Engine               - class com.almasb.fxgl.localization.LocalizationService
18:25:12.730 [FXGL Background Thread 3 ] DEBUG Engine               - class com.almasb.fxgl.app.services.SystemBundleService
18:25:12.731 [FXGL Background Thread 3 ] DEBUG Engine               - class com.almasb.fxgl.profile.SaveLoadService
18:25:12.731 [FXGL Background Thread 3 ] DEBUG Engine               - class com.almasb.fxgl.ui.FXGLUIFactoryServiceProvider
18:25:12.731 [FXGL Background Thread 3 ] DEBUG Engine               - class com.almasb.fxgl.ui.FXGLDialogFactoryServiceProvider
18:25:12.731 [FXGL Background Thread 3 ] DEBUG Engine               - class com.almasb.fxgl.audio.AudioPlayer
18:25:12.731 [FXGL Background Thread 3 ] DEBUG Engine               - class com.almasb.fxgl.notification.impl.NotificationServiceProvider
18:25:12.732 [FXGL Background Thread 3 ] DEBUG Engine               - class com.almasb.fxgl.achievement.AchievementService
18:25:12.732 [FXGL Background Thread 3 ] DEBUG Engine               - class com.almasb.fxgl.cutscene.CutsceneService
18:25:12.732 [FXGL Background Thread 3 ] DEBUG Engine               - class com.almasb.fxgl.minigames.MiniGameService
18:25:12.732 [FXGL Background Thread 3 ] DEBUG Engine               - class com.almasb.fxgl.net.NetService
18:25:12.732 [FXGL Background Thread 3 ] DEBUG Engine               - class com.almasb.fxgl.app.services.UpdaterService
18:25:12.732 [FXGL Background Thread 3 ] DEBUG Engine               - class com.almasb.fxgl.dev.DevService
19:13:00.154 [JavaFX Application Thread] DEBUG PrimaryStageWindow   - Push state: FXGLDefaultMenu
19:13:00.172 [JavaFX Application Thread] DEBUG Input                - Clearing active input actions
19:13:00.174 [JavaFX Application Thread] DEBUG GameApplicationServi - Removing overlay from GameScene and adding to FXGLDefaultMenu
19:13:00.176 [JavaFX Application Thread] DEBUG PrimaryStageWindow   - GameScene -> FXGLDefaultMenu
19:13:00.414 [JavaFX Application Thread] DEBUG PrimaryStageWindow   - Pop state: FXGLDefaultMenu
19:13:00.414 [JavaFX Application Thread] DEBUG Input                - Clearing active input actions
19:13:00.415 [JavaFX Application Thread] DEBUG GameApplicationServi - Removing overlay from FXGLDefaultMenu and adding to GameScene
19:13:00.416 [JavaFX Application Thread] DEBUG PrimaryStageWindow   - GameScene <- FXGLDefaultMenu
19:13:00.743 [JavaFX Application Thread] DEBUG PrimaryStageWindow   - Push state: FXGLDefaultMenu
19:13:00.743 [JavaFX Application Thread] DEBUG Input                - Clearing active input actions
19:13:00.743 [JavaFX Application Thread] DEBUG GameApplicationServi - Removing overlay from GameScene and adding to FXGLDefaultMenu
19:13:00.744 [JavaFX Application Thread] DEBUG PrimaryStageWindow   - GameScene -> FXGLDefaultMenu
19:13:01.570 [JavaFX Application Thread] DEBUG Menu                 - fireExit()
19:13:01.573 [JavaFX Application Thread] DEBUG PrimaryStageWindow   - Push state: DialogSubScene
19:13:01.573 [JavaFX Application Thread] DEBUG Input                - Clearing active input actions
19:13:01.574 [JavaFX Application Thread] DEBUG GameApplicationServi - Removing overlay from FXGLDefaultMenu and adding to DialogSubScene
19:13:01.574 [JavaFX Application Thread] DEBUG PrimaryStageWindow   - FXGLDefaultMenu -> DialogSubScene
19:13:02.258 [JavaFX Application Thread] DEBUG PrimaryStageWindow   - Pop state: DialogSubScene
19:13:02.258 [JavaFX Application Thread] DEBUG Input                - Clearing active input actions
19:13:02.259 [JavaFX Application Thread] DEBUG GameApplicationServi - Removing overlay from DialogSubScene and adding to FXGLDefaultMenu
19:13:02.260 [JavaFX Application Thread] DEBUG PrimaryStageWindow   - FXGLDefaultMenu <- DialogSubScene
19:13:02.260 [JavaFX Application Thread] DEBUG FXGLApplication      - Exiting FXGL
19:13:02.260 [JavaFX Application Thread] DEBUG LoopRunner           - Stopping loop
19:13:02.261 [JavaFX Application Thread] DEBUG SystemBundleService  - Saving FXGL system data
19:13:02.267 [JavaFX Application Thread] DEBUG FileSystemAccess     - Writing to: C:\Users\lucaa\OneDrive - HTL Saalfelden\POS\Workspace\IntelliJ\FXGL\TeacherTowerDefense\system\fxgl.bundle
19:13:02.273 [JavaFX Application Thread] DEBUG Async                - Shutting down background threads
19:13:02.274 [JavaFX Application Thread] DEBUG PrimaryStageWindow   - Closing main window
19:13:02.338 [JavaFX Application Thread] DEBUG Logger               - Closing Logger
