11:23:14.504 [main                     ] DEBUG Logger               - Configured Logger
11:23:14.509 [main                     ] DEBUG GameApplication      - Logging settings
Title: Teacher Tower Defense
Version: 0.1
Width: 1200
Height: 640
Fullscreen: true
Intro: false
Profiling: false
Single step:false
App Mode: DEVELOPER
Menu Key: ESCAPE
Stage Style: DECORATED
Scene Factory: class com.almasb.fxgl.app.scene.SceneFactory

11:23:15.131 [JavaFX Application Thread] DEBUG FXGLApplication      - Initializing FXGL
11:23:15.134 [JavaFX Application Thread] INFO  Engine               - FXGL-17.3 (30.03.2023 11.49) on WINDOWS (J:25.0.2 FX:21.0.6)
11:23:15.134 [JavaFX Application Thread] DEBUG Engine               - JRE Vendor Name: Oracle Corporation
11:23:15.134 [JavaFX Application Thread] DEBUG Engine               - Running on OS: Windows 11 version 10.0
11:23:15.134 [JavaFX Application Thread] DEBUG Engine               - Architecture: amd64
11:23:15.134 [JavaFX Application Thread] INFO  Engine               - Source code and latest versions at: https://github.com/AlmasB/FXGL
11:23:15.134 [JavaFX Application Thread] INFO  Engine               -       Ask questions and discuss at: https://github.com/AlmasB/FXGL/discussions
11:23:15.134 [JavaFX Application Thread] INFO  Engine               -              Join the FXGL chat at: https://gitter.im/AlmasB/FXGL
11:23:15.256 [JavaFX Application Thread] DEBUG PrimaryStageWindow   - Creating a JavaFX scene
11:23:15.315 [JavaFX Application Thread] DEBUG PrimaryStageWindow   - Target settings size: 1200.0 x 640.0
11:23:15.315 [JavaFX Application Thread] DEBUG PrimaryStageWindow   - Scaled scene size:    1200.0 x 640.0
11:23:15.315 [JavaFX Application Thread] DEBUG PrimaryStageWindow   - Scaled ratio: (1.0, 1.0)
11:23:15.316 [JavaFX Application Thread] DEBUG PrimaryStageWindow   - Set initial scene to FXGLStartupScene
11:23:15.321 [JavaFX Application Thread] DEBUG PrimaryStageWindow   - Opening main window
11:23:15.431 [JavaFX Application Thread] DEBUG PrimaryStageWindow   - Window border size: (14.4000244140625, 37.5999755859375)
11:23:15.432 [JavaFX Application Thread] DEBUG PrimaryStageWindow   - Scaled size: 1200.0 x 640.0
11:23:15.432 [JavaFX Application Thread] DEBUG PrimaryStageWindow   - Scaled ratio: (1.0, 1.0)
11:23:15.432 [JavaFX Application Thread] DEBUG PrimaryStageWindow   - Scene size: 1200.0 x 640.0
11:23:15.432 [JavaFX Application Thread] DEBUG PrimaryStageWindow   - Stage size: 1214.4000244140625 x 677.5999755859375
11:23:15.504 [JavaFX Application Thread] DEBUG PrimaryStageWindow   - Going fullscreen
11:23:15.512 [FXGL Background Thread 1 ] DEBUG Engine               - Initializing environment variables
11:23:15.560 [FXGL Background Thread 1 ] DEBUG FXGLAssetLoaderServi - User app class for loading assets: class at.htl.teachertowerdefense.TeacherTowerDefenseApp
11:23:15.560 [FXGL Background Thread 1 ] DEBUG GameApplicationServi - Applying CSS: fxgl_dark.css
11:23:15.561 [FXGL Background Thread 1 ] DEBUG FXGLAssetLoaderServi - Loading from file system: jar:file:/C:/Users/lucaa/.m2/repository/com/github/almasb/fxgl/17.3/fxgl-17.3.jar!/fxglassets/ui/css/fxgl_dark.css
11:23:15.595 [FXGL Background Thread 1 ] DEBUG GameApplicationServi - Initializing application scenes
11:23:15.636 [FXGL Background Thread 1 ] DEBUG GameWorld            - Game world initialized
11:23:15.678 [FXGL Background Thread 1 ] DEBUG PhysicsWorld         - Physics world initialized: appHeight=640, physics.ppm=50,0
11:23:15.678 [FXGL Background Thread 1 ] DEBUG PhysicsWorld         - Using strategy: BRUTE_FORCE
11:23:15.683 [FXGL Background Thread 1 ] DEBUG GameScene            - Game scene initialized: 1200x640
11:23:15.695 [FXGL Background Thread 1 ] DEBUG FXGL.DefaultMenu     - createMenuBodyGameMenu()
11:23:15.715 [FXGL Background Thread 1 ] DEBUG FXGL.DefaultMenu     - createOptionsMenu()
11:23:15.726 [FXGL Background Thread 1 ] DEBUG FXGLAssetLoaderServi - Loading from file system: jar:file:/C:/Users/lucaa/.m2/repository/com/github/almasb/fxgl/17.3/fxgl-17.3.jar!/fxglassets/textures/particles/smoke.png
11:23:15.800 [FXGL Background Thread 1 ] DEBUG FXGLAssetLoaderServi - Loading from file system: jar:file:/C:/Users/lucaa/.m2/repository/com/github/almasb/fxgl/17.3/fxgl-17.3.jar!/fxglassets/textures/particles/trace_horizontal.png
11:23:15.829 [FXGL Background Thread 1 ] DEBUG GameApplicationServi - Application scenes initialized
11:23:15.840 [FXGL Background Thread 1 ] DEBUG SystemBundleService  - Loading FXGL system data
11:23:15.841 [FXGL Background Thread 1 ] DEBUG FileSystemAccess     - Reading from: C:\Users\lucaa\OneDrive - HTL Saalfelden\POS\Workspace\IntelliJ\FXGL\TeacherTowerDefense\system\fxgl.bundle
11:23:15.844 [FXGL Background Thread 1 ] DEBUG SystemBundleService  - Bundle FXGL: {}
11:23:15.844 [FXGL Background Thread 1 ] DEBUG UpdaterService       - Checking for updates
11:23:15.847 [FXGL Background Thread 4 ] DEBUG FXGLApplication      - Loading fonts
11:23:15.848 [FXGL Background Thread 4 ] DEBUG FXGLAssetLoaderServi - Loading from file system: jar:file:/C:/Users/lucaa/.m2/repository/com/github/almasb/fxgl/17.3/fxgl-17.3.jar!/fxglassets/ui/fonts/VarelaRound-Regular.ttf
11:23:15.848 [FXGL Background Thread 1 ] DEBUG FXGLApplication      - Loading default localization
11:23:15.848 [FXGL Background Thread 1 ] DEBUG FXGLAssetLoaderServi - Loading from file system: jar:file:/C:/Users/lucaa/.m2/repository/com/github/almasb/fxgl/17.3/fxgl-17.3.jar!/fxglassets/languages/english.lang
11:23:15.866 [FXGL Background Thread 1 ] INFO  FXGLApplication      - FXGL initialization took: 0,354 sec
11:23:15.867 [JavaFX Application Thread] DEBUG FXGLAssetLoaderServi - Loading from file system: jar:file:/C:/Users/lucaa/.m2/repository/com/github/almasb/fxgl/17.3/fxgl-17.3.jar!/fxglassets/textures/fxgl_icon.png
11:23:15.868 [FXGL Background Thread 4 ] DEBUG FXGLAssetLoaderServi - Loading from file system: jar:file:/C:/Users/lucaa/.m2/repository/com/github/almasb/fxgl/17.3/fxgl-17.3.jar!/fxglassets/ui/fonts/Abel-Regular.ttf
11:23:15.886 [FXGL Background Thread 4 ] DEBUG FXGLAssetLoaderServi - Loading from file system: jar:file:/C:/Users/lucaa/.m2/repository/com/github/almasb/fxgl/17.3/fxgl-17.3.jar!/fxglassets/ui/fonts/TerminalLandMono-Regular.otf
11:23:15.895 [JavaFX Application Thread] DEBUG FXGLAssetLoaderServi - Loading from file system: jar:file:/C:/Users/lucaa/.m2/repository/com/github/almasb/fxgl/17.3/fxgl-17.3.jar!/fxglassets/textures/fxgl_default_cursor.png
11:23:15.901 [FXGL Background Thread 4 ] DEBUG FXGLAssetLoaderServi - Loading from file system: jar:file:/C:/Users/lucaa/.m2/repository/com/github/almasb/fxgl/17.3/fxgl-17.3.jar!/fxglassets/ui/fonts/Courier-Prime.ttf
11:23:15.907 [JavaFX Application Thread] DEBUG Input                - Registered new binding: Screenshot - CTRL+8
11:23:15.908 [JavaFX Application Thread] DEBUG Input                - Registered new binding: System info dump - CTRL+9
11:23:15.909 [JavaFX Application Thread] DEBUG Input                - Registered new binding: Restart - CTRL+R
11:23:15.910 [JavaFX Application Thread] DEBUG Input                - Registered new binding: Toggle Debug Camera - CTRL+7
11:23:15.913 [JavaFX Application Thread] DEBUG LoopRunner           - Starting loop
11:23:15.913 [JavaFX Application Thread] DEBUG LoopRunner           - Initializing JavaFX AnimationTimerLoop
11:23:15.914 [JavaFX Application Thread] DEBUG GameApplicationServi - Starting new game
11:23:15.915 [JavaFX Application Thread] DEBUG Input                - Clearing active input actions
11:23:15.926 [JavaFX Application Thread] DEBUG GameApplicationServi - Removing overlay from FXGLStartupScene and adding to FXGLLoadingScene
11:23:15.926 [JavaFX Application Thread] DEBUG PrimaryStageWindow   - FXGLStartupScene -> FXGLLoadingScene
11:23:15.927 [JavaFX Application Thread] DEBUG GameApplicationServi - Clearing previous game
11:23:15.927 [JavaFX Application Thread] DEBUG GameScene            - Clearing game scene
11:23:15.927 [JavaFX Application Thread] DEBUG GameWorld            - Clearing game world
11:23:15.927 [JavaFX Application Thread] DEBUG PhysicsWorld         - Clearing physics world
11:23:15.928 [FXGL Background Thread 4 ] DEBUG FXGLApplication      - Initializing game
11:23:15.964 [FXGL Background Thread 4 ] WARN  TMXLevelLoader       - TiledMap generated from 1.11.2. Supported version: 1.9.0. Some features may not be parsed fully.
11:23:15.973 [JavaFX Application Thread] DEBUG FXGLApplication      - Registering font factories with UI factory
11:23:15.984 [FXGL Background Thread 4 ] DEBUG TMXLevelLoader       - Parsed TiledMap: file:/C:/Users/lucaa/OneDrive%20-%20HTL%20Saalfelden/POS/Workspace/IntelliJ/FXGL/TeacherTowerDefense/target/classes/assets/levels/Map1.tmx
11:23:15.985 [FXGL Background Thread 4 ] DEBUG TMXLevelLoader       - Creating tile layer entities
11:23:15.987 [FXGL Background Thread 4 ] DEBUG TilesetLoader        - Loading view for layer Kachelebene 0
11:23:15.988 [FXGL Background Thread 4 ] DEBUG TilesetLoader        - Created buffer with size 960.0x640.0
11:23:16.021 [FXGL Background Thread 4 ] DEBUG TilesetLoader        - Loading view for layer Kachelebene 1
11:23:16.022 [FXGL Background Thread 4 ] DEBUG TilesetLoader        - Created buffer with size 960.0x640.0
11:23:16.028 [FXGL Background Thread 4 ] DEBUG TilesetLoader        - Loading view for layer Kachelebene 2
11:23:16.029 [FXGL Background Thread 4 ] DEBUG TilesetLoader        - Created buffer with size 960.0x640.0
11:23:16.034 [FXGL Background Thread 4 ] DEBUG TilesetLoader        - Loading view for layer Kachelebene 4
11:23:16.035 [FXGL Background Thread 4 ] DEBUG TilesetLoader        - Created buffer with size 960.0x640.0
11:23:16.037 [FXGL Background Thread 4 ] DEBUG TMXLevelLoader       - Creating object layer entities
11:23:16.065 [FXGL Background Thread 4 ] DEBUG GameWorld            - Clearing removable entities
11:23:16.066 [FXGL Background Thread 4 ] DEBUG GameWorld            - Setting level: com.almasb.fxgl.entity.level.Level@1b82ce32
11:23:16.074 [FXGL Background Thread 4 ] INFO  FXGLApplication      - Game initialization took: 0,146 sec
11:23:16.081 [JavaFX Application Thread] DEBUG Input                - Clearing active input actions
11:23:16.094 [JavaFX Application Thread] DEBUG GameApplicationServi - Removing overlay from FXGLLoadingScene and adding to GameScene
11:23:16.095 [JavaFX Application Thread] DEBUG PrimaryStageWindow   - FXGLLoadingScene -> GameScene
11:23:16.235 [FXGL Background Thread 2 ] INFO  UpdaterService       - Your current version:  17.3
11:23:16.236 [FXGL Background Thread 2 ] INFO  UpdaterService       - Latest stable version: 25
11:23:18.846 [FXGL Background Thread 3 ] DEBUG Engine               - Logging environment variables
11:23:18.846 [FXGL Background Thread 3 ] DEBUG Engine               - achievements: []
11:23:18.846 [FXGL Background Thread 3 ] DEBUG Engine               - actualHeight: 864.0
11:23:18.846 [FXGL Background Thread 3 ] DEBUG Engine               - actualHeightProperty: ReadOnlyDoubleProperty [value: 864.0]
11:23:18.846 [FXGL Background Thread 3 ] DEBUG Engine               - actualWidth: 1536.0
11:23:18.846 [FXGL Background Thread 3 ] DEBUG Engine               - actualWidthProperty: ReadOnlyDoubleProperty [value: 1536.0]
11:23:18.846 [FXGL Background Thread 3 ] DEBUG Engine               - appIcon: fxgl_icon.png
11:23:18.847 [FXGL Background Thread 3 ] DEBUG Engine               - applicationMode: DEVELOPER
11:23:18.847 [FXGL Background Thread 3 ] DEBUG Engine               - cSSList: [fxgl_dark.css]
11:23:18.847 [FXGL Background Thread 3 ] DEBUG Engine               - collisionDetectionStrategy: BRUTE_FORCE
11:23:18.847 [FXGL Background Thread 3 ] DEBUG Engine               - configClass: Optional.empty
11:23:18.847 [FXGL Background Thread 3 ] DEBUG Engine               - credits: []
11:23:18.848 [FXGL Background Thread 3 ] DEBUG Engine               - defaultCursor: CursorInfo(imageName=fxgl_default_cursor.png, hotspotX=7.0, hotspotY=6.0)
11:23:18.849 [FXGL Background Thread 3 ] DEBUG Engine               - devBBoxColorProperty: ObjectProperty [value: 0xff0000ff]
11:23:18.850 [FXGL Background Thread 3 ] DEBUG Engine               - devEnableDebugCameraProperty: BooleanProperty [value: false]
11:23:18.850 [FXGL Background Thread 3 ] DEBUG Engine               - devSensorColorProperty: ObjectProperty [value: 0xffff00ff]
11:23:18.850 [FXGL Background Thread 3 ] DEBUG Engine               - devShowBBoxProperty: BooleanProperty [value: false]
11:23:18.851 [FXGL Background Thread 3 ] DEBUG Engine               - devShowPositionProperty: BooleanProperty [value: false]
11:23:18.851 [FXGL Background Thread 3 ] DEBUG Engine               - enabledMenuItems: []
11:23:18.851 [FXGL Background Thread 3 ] DEBUG Engine               - engineServices: [class com.almasb.fxgl.app.services.FXGLAssetLoaderService, class com.almasb.fxgl.app.FXGLApplication$GameApplicationService, class com.almasb.fxgl.app.services.FXGLDialogService, class com.almasb.fxgl.app.services.IOTaskExecutorService, class com.almasb.fxgl.io.FileSystemService, class com.almasb.fxgl.localization.LocalizationService, class com.almasb.fxgl.app.services.SystemBundleService, class com.almasb.fxgl.profile.SaveLoadService, class com.almasb.fxgl.ui.FXGLUIFactoryServiceProvider, class com.almasb.fxgl.ui.FXGLDialogFactoryServiceProvider, class com.almasb.fxgl.audio.AudioPlayer, class com.almasb.fxgl.notification.impl.NotificationServiceProvider, class com.almasb.fxgl.achievement.AchievementService, class com.almasb.fxgl.cutscene.CutsceneService, class com.almasb.fxgl.minigames.MiniGameService, class com.almasb.fxgl.net.NetService, class com.almasb.fxgl.app.services.UpdaterService, class com.almasb.fxgl.dev.DevService]
11:23:18.852 [FXGL Background Thread 3 ] DEBUG Engine               - fontGame: Abel-Regular.ttf
11:23:18.852 [FXGL Background Thread 3 ] DEBUG Engine               - fontMono: TerminalLandMono-Regular.otf
11:23:18.852 [FXGL Background Thread 3 ] DEBUG Engine               - fontSizeScaleUI: 1.0
11:23:18.852 [FXGL Background Thread 3 ] DEBUG Engine               - fontText: Courier-Prime.ttf
11:23:18.852 [FXGL Background Thread 3 ] DEBUG Engine               - fontUI: VarelaRound-Regular.ttf
11:23:18.853 [FXGL Background Thread 3 ] DEBUG Engine               - fullScreen: BooleanProperty [value: true]
11:23:18.853 [FXGL Background Thread 3 ] DEBUG Engine               - gameDifficulty: MEDIUM
11:23:18.853 [FXGL Background Thread 3 ] DEBUG Engine               - gameDifficultyProperty: ObjectProperty [value: MEDIUM]
11:23:18.854 [FXGL Background Thread 3 ] DEBUG Engine               - globalMusicVolume: 0.5
11:23:18.854 [FXGL Background Thread 3 ] DEBUG Engine               - globalMusicVolumeProperty: DoubleProperty [value: 0.5]
11:23:18.854 [FXGL Background Thread 3 ] DEBUG Engine               - globalSoundVolume: 0.5
11:23:18.854 [FXGL Background Thread 3 ] DEBUG Engine               - globalSoundVolumeProperty: DoubleProperty [value: 0.5]
11:23:18.854 [FXGL Background Thread 3 ] DEBUG Engine               - height: 640
11:23:18.854 [FXGL Background Thread 3 ] DEBUG Engine               - is3D: false
11:23:18.854 [FXGL Background Thread 3 ] DEBUG Engine               - isAndroid: false
11:23:18.854 [FXGL Background Thread 3 ] DEBUG Engine               - isBrowser: false
11:23:18.854 [FXGL Background Thread 3 ] DEBUG Engine               - isClickFeedbackEnabled: false
11:23:18.854 [FXGL Background Thread 3 ] DEBUG Engine               - isCloseConfirmation: false
11:23:18.854 [FXGL Background Thread 3 ] DEBUG Engine               - isDesktop: true
11:23:18.854 [FXGL Background Thread 3 ] DEBUG Engine               - isDeveloperMenuEnabled: false
11:23:18.855 [FXGL Background Thread 3 ] DEBUG Engine               - isEmbedded: false
11:23:18.855 [FXGL Background Thread 3 ] DEBUG Engine               - isEntityPreloadEnabled: true
11:23:18.855 [FXGL Background Thread 3 ] DEBUG Engine               - isExperimentalTiledLargeMap: false
11:23:18.855 [FXGL Background Thread 3 ] DEBUG Engine               - isFileSystemWriteAllowed: true
11:23:18.855 [FXGL Background Thread 3 ] DEBUG Engine               - isFullScreenAllowed: true
11:23:18.855 [FXGL Background Thread 3 ] DEBUG Engine               - isFullScreenFromStart: true
11:23:18.855 [FXGL Background Thread 3 ] DEBUG Engine               - isGameMenuEnabled: true
11:23:18.855 [FXGL Background Thread 3 ] DEBUG Engine               - isIOS: false
11:23:18.855 [FXGL Background Thread 3 ] DEBUG Engine               - isIntroEnabled: false
11:23:18.855 [FXGL Background Thread 3 ] DEBUG Engine               - isLinux: false
11:23:18.855 [FXGL Background Thread 3 ] DEBUG Engine               - isMac: false
11:23:18.855 [FXGL Background Thread 3 ] DEBUG Engine               - isMainMenuEnabled: false
11:23:18.855 [FXGL Background Thread 3 ] DEBUG Engine               - isManualResizeEnabled: false
11:23:18.855 [FXGL Background Thread 3 ] DEBUG Engine               - isMobile: false
11:23:18.855 [FXGL Background Thread 3 ] DEBUG Engine               - isNative: false
11:23:18.855 [FXGL Background Thread 3 ] DEBUG Engine               - isPauseMusicWhenMinimized: true
11:23:18.855 [FXGL Background Thread 3 ] DEBUG Engine               - isPreserveResizeRatio: true
11:23:18.855 [FXGL Background Thread 3 ] DEBUG Engine               - isProfilingEnabled: false
11:23:18.855 [FXGL Background Thread 3 ] DEBUG Engine               - isScaleAffectedOnResize: true
11:23:18.856 [FXGL Background Thread 3 ] DEBUG Engine               - isSingleStep: false
11:23:18.856 [FXGL Background Thread 3 ] DEBUG Engine               - isUserProfileEnabled: false
11:23:18.856 [FXGL Background Thread 3 ] DEBUG Engine               - isWindows: true
11:23:18.856 [FXGL Background Thread 3 ] DEBUG Engine               - language: ObjectProperty [value: ENGLISH]
11:23:18.856 [FXGL Background Thread 3 ] DEBUG Engine               - menuKey: ESCAPE
11:23:18.856 [FXGL Background Thread 3 ] DEBUG Engine               - mouseSensitivity: 0.2
11:23:18.856 [FXGL Background Thread 3 ] DEBUG Engine               - notificationViewClass: class com.almasb.fxgl.notification.view.XboxNotificationView
11:23:18.856 [FXGL Background Thread 3 ] DEBUG Engine               - pixelsPerMeter: 50.0
11:23:18.856 [FXGL Background Thread 3 ] DEBUG Engine               - platform: WINDOWS
11:23:18.856 [FXGL Background Thread 3 ] DEBUG Engine               - prefHeightProperty: ReadOnlyDoubleProperty [value: 640.0]
11:23:18.856 [FXGL Background Thread 3 ] DEBUG Engine               - prefWidthProperty: ReadOnlyDoubleProperty [value: 1200.0]
11:23:18.856 [FXGL Background Thread 3 ] DEBUG Engine               - profileDir: profiles/
11:23:18.856 [FXGL Background Thread 3 ] DEBUG Engine               - profileName: StringProperty [value: DEFAULT]
11:23:18.856 [FXGL Background Thread 3 ] DEBUG Engine               - randomSeed: -1
11:23:18.856 [FXGL Background Thread 3 ] DEBUG Engine               - runtimeInfo: RuntimeInfo(platform=WINDOWS, version=17.3, build=30.03.2023 11.49)
11:23:18.856 [FXGL Background Thread 3 ] DEBUG Engine               - saveFileExt: sav
11:23:18.856 [FXGL Background Thread 3 ] DEBUG Engine               - scaledHeightProp$fxgl: DoubleProperty [bound, value: 864.0]
11:23:18.856 [FXGL Background Thread 3 ] DEBUG Engine               - scaledWidthProp$fxgl: DoubleProperty [bound, value: 1536.0]
11:23:18.856 [FXGL Background Thread 3 ] DEBUG Engine               - sceneFactory: com.almasb.fxgl.app.scene.SceneFactory@7300e65e
11:23:18.856 [FXGL Background Thread 3 ] DEBUG Engine               - secondsIn24h: 60
11:23:18.857 [FXGL Background Thread 3 ] DEBUG Engine               - soundMenuBack: menu/back.wav
11:23:18.857 [FXGL Background Thread 3 ] DEBUG Engine               - soundMenuPress: menu/press.wav
11:23:18.857 [FXGL Background Thread 3 ] DEBUG Engine               - soundMenuSelect: menu/select.wav
11:23:18.857 [FXGL Background Thread 3 ] DEBUG Engine               - soundNotification: core/notification.wav
11:23:18.857 [FXGL Background Thread 3 ] DEBUG Engine               - stageStyle: DECORATED
11:23:18.857 [FXGL Background Thread 3 ] DEBUG Engine               - supportedLanguages: [ENGLISH, FRENCH, GERMAN, HUNGARIAN, RUSSIAN]
11:23:18.857 [FXGL Background Thread 3 ] DEBUG Engine               - ticksPerSecond: -1
11:23:18.857 [FXGL Background Thread 3 ] DEBUG Engine               - title: Teacher Tower Defense
11:23:18.857 [FXGL Background Thread 3 ] DEBUG Engine               - urlGithub: https://github.com/AlmasB/FXGL
11:23:18.857 [FXGL Background Thread 3 ] DEBUG Engine               - urlLeaderboard: http://fxgl-top.herokuapp.com/
11:23:18.857 [FXGL Background Thread 3 ] DEBUG Engine               - urlPOM: https://raw.githubusercontent.com/AlmasB/FXGL/release/README.md
11:23:18.857 [FXGL Background Thread 3 ] DEBUG Engine               - userAppClass: class at.htl.teachertowerdefense.TeacherTowerDefenseApp
11:23:18.857 [FXGL Background Thread 3 ] DEBUG Engine               - version: 0.1
11:23:18.857 [FXGL Background Thread 3 ] DEBUG Engine               - versionCheckDays: 7
11:23:18.857 [FXGL Background Thread 3 ] DEBUG Engine               - width: 1200
11:23:18.857 [FXGL Background Thread 3 ] DEBUG Engine               - Logging services
11:23:18.857 [FXGL Background Thread 3 ] DEBUG Engine               - class com.almasb.fxgl.app.services.FXGLAssetLoaderService
11:23:18.857 [FXGL Background Thread 3 ] DEBUG Engine               - class com.almasb.fxgl.app.FXGLApplication$GameApplicationService
11:23:18.857 [FXGL Background Thread 3 ] DEBUG Engine               - class com.almasb.fxgl.app.services.FXGLDialogService
11:23:18.857 [FXGL Background Thread 3 ] DEBUG Engine               - class com.almasb.fxgl.app.services.IOTaskExecutorService
11:23:18.857 [FXGL Background Thread 3 ] DEBUG Engine               - class com.almasb.fxgl.io.FileSystemService
11:23:18.857 [FXGL Background Thread 3 ] DEBUG Engine               - class com.almasb.fxgl.localization.LocalizationService
11:23:18.857 [FXGL Background Thread 3 ] DEBUG Engine               - class com.almasb.fxgl.app.services.SystemBundleService
11:23:18.857 [FXGL Background Thread 3 ] DEBUG Engine               - class com.almasb.fxgl.profile.SaveLoadService
11:23:18.857 [FXGL Background Thread 3 ] DEBUG Engine               - class com.almasb.fxgl.ui.FXGLUIFactoryServiceProvider
11:23:18.857 [FXGL Background Thread 3 ] DEBUG Engine               - class com.almasb.fxgl.ui.FXGLDialogFactoryServiceProvider
11:23:18.857 [FXGL Background Thread 3 ] DEBUG Engine               - class com.almasb.fxgl.audio.AudioPlayer
11:23:18.857 [FXGL Background Thread 3 ] DEBUG Engine               - class com.almasb.fxgl.notification.impl.NotificationServiceProvider
11:23:18.857 [FXGL Background Thread 3 ] DEBUG Engine               - class com.almasb.fxgl.achievement.AchievementService
11:23:18.857 [FXGL Background Thread 3 ] DEBUG Engine               - class com.almasb.fxgl.cutscene.CutsceneService
11:23:18.857 [FXGL Background Thread 3 ] DEBUG Engine               - class com.almasb.fxgl.minigames.MiniGameService
11:23:18.857 [FXGL Background Thread 3 ] DEBUG Engine               - class com.almasb.fxgl.net.NetService
11:23:18.857 [FXGL Background Thread 3 ] DEBUG Engine               - class com.almasb.fxgl.app.services.UpdaterService
11:23:18.857 [FXGL Background Thread 3 ] DEBUG Engine               - class com.almasb.fxgl.dev.DevService
11:23:29.351 [JavaFX Application Thread] DEBUG FXGLApplication      - Exiting FXGL
11:23:29.352 [JavaFX Application Thread] DEBUG LoopRunner           - Stopping loop
11:23:29.352 [JavaFX Application Thread] DEBUG SystemBundleService  - Saving FXGL system data
11:23:29.355 [JavaFX Application Thread] DEBUG FileSystemAccess     - Writing to: C:\Users\lucaa\OneDrive - HTL Saalfelden\POS\Workspace\IntelliJ\FXGL\TeacherTowerDefense\system\fxgl.bundle
11:23:29.357 [JavaFX Application Thread] DEBUG Async                - Shutting down background threads
11:23:29.359 [JavaFX Application Thread] DEBUG PrimaryStageWindow   - Closing main window
11:23:29.410 [JavaFX Application Thread] DEBUG Logger               - Closing Logger
