12:09:36.722 [main                     ] DEBUG Logger               - Configured Logger
12:09:36.730 [main                     ] DEBUG GameApplication      - Logging settings
Title: Teacher Tower Defense
Version: 0.1
Width: 1200
Height: 640
Fullscreen: true
Intro: false
Profiling: false
Single step:false
App Mode: DEVELOPER
Menu Key: ESCAPE
Stage Style: DECORATED
Scene Factory: class at.htl.teachertowerdefense.CustomSceneFactory

12:09:37.263 [JavaFX Application Thread] DEBUG FXGLApplication      - Initializing FXGL
12:09:37.266 [JavaFX Application Thread] INFO  Engine               - FXGL-17.3 (30.03.2023 11.49) on WINDOWS (J:25.0.2 FX:21.0.6)
12:09:37.266 [JavaFX Application Thread] DEBUG Engine               - JRE Vendor Name: Oracle Corporation
12:09:37.266 [JavaFX Application Thread] DEBUG Engine               - Running on OS: Windows 11 version 10.0
12:09:37.266 [JavaFX Application Thread] DEBUG Engine               - Architecture: amd64
12:09:37.266 [JavaFX Application Thread] INFO  Engine               - Source code and latest versions at: https://github.com/AlmasB/FXGL
12:09:37.267 [JavaFX Application Thread] INFO  Engine               -       Ask questions and discuss at: https://github.com/AlmasB/FXGL/discussions
12:09:37.267 [JavaFX Application Thread] INFO  Engine               -              Join the FXGL chat at: https://gitter.im/AlmasB/FXGL
12:09:37.383 [JavaFX Application Thread] DEBUG PrimaryStageWindow   - Creating a JavaFX scene
12:09:37.438 [JavaFX Application Thread] DEBUG PrimaryStageWindow   - Target settings size: 1200.0 x 640.0
12:09:37.439 [JavaFX Application Thread] DEBUG PrimaryStageWindow   - Scaled scene size:    1200.0 x 640.0
12:09:37.439 [JavaFX Application Thread] DEBUG PrimaryStageWindow   - Scaled ratio: (1.0, 1.0)
12:09:37.440 [JavaFX Application Thread] DEBUG PrimaryStageWindow   - Set initial scene to FXGLStartupScene
12:09:37.444 [JavaFX Application Thread] DEBUG PrimaryStageWindow   - Opening main window
12:09:37.567 [JavaFX Application Thread] DEBUG PrimaryStageWindow   - Window border size: (14.4000244140625, 37.5999755859375)
12:09:37.567 [JavaFX Application Thread] DEBUG PrimaryStageWindow   - Scaled size: 1200.0 x 640.0
12:09:37.568 [JavaFX Application Thread] DEBUG PrimaryStageWindow   - Scaled ratio: (1.0, 1.0)
12:09:37.568 [JavaFX Application Thread] DEBUG PrimaryStageWindow   - Scene size: 1200.0 x 640.0
12:09:37.568 [JavaFX Application Thread] DEBUG PrimaryStageWindow   - Stage size: 1214.4000244140625 x 677.5999755859375
12:09:37.628 [JavaFX Application Thread] DEBUG PrimaryStageWindow   - Going fullscreen
12:09:37.637 [FXGL Background Thread 1 ] DEBUG Engine               - Initializing environment variables
12:09:37.676 [FXGL Background Thread 1 ] DEBUG FXGLAssetLoaderServi - User app class for loading assets: class at.htl.teachertowerdefense.TeacherTowerDefenseApp
12:09:37.677 [FXGL Background Thread 1 ] DEBUG GameApplicationServi - Applying CSS: fxgl_dark.css
12:09:37.678 [FXGL Background Thread 1 ] DEBUG FXGLAssetLoaderServi - Loading from file system: jar:file:/C:/Users/lucaa/.m2/repository/com/github/almasb/fxgl/17.3/fxgl-17.3.jar!/fxglassets/ui/css/fxgl_dark.css
12:09:37.714 [FXGL Background Thread 1 ] DEBUG GameApplicationServi - Initializing application scenes
12:09:37.754 [FXGL Background Thread 1 ] DEBUG GameWorld            - Game world initialized
12:09:37.802 [FXGL Background Thread 1 ] DEBUG PhysicsWorld         - Physics world initialized: appHeight=640, physics.ppm=50,0
12:09:37.802 [FXGL Background Thread 1 ] DEBUG PhysicsWorld         - Using strategy: BRUTE_FORCE
12:09:37.805 [FXGL Background Thread 1 ] DEBUG GameScene            - Game scene initialized: 1200x640
12:09:37.817 [FXGL Background Thread 1 ] DEBUG FXGLAssetLoaderServi - Loading from file system: file:/C:/Users/lucaa/OneDrive%20-%20HTL%20Saalfelden/POS/Workspace/IntelliJ/FXGL/TeacherTowerDefense/target/classes/assets/textures/menu_bg.png
12:09:37.899 [FXGL Background Thread 1 ] DEBUG GameApplicationServi - Application scenes initialized
12:09:37.908 [FXGL Background Thread 1 ] DEBUG SystemBundleService  - Loading FXGL system data
12:09:37.909 [FXGL Background Thread 1 ] DEBUG FileSystemAccess     - Reading from: C:\Users\lucaa\OneDrive - HTL Saalfelden\POS\Workspace\IntelliJ\FXGL\TeacherTowerDefense\system\fxgl.bundle
12:09:37.912 [FXGL Background Thread 1 ] DEBUG SystemBundleService  - Bundle FXGL: {}
12:09:37.912 [FXGL Background Thread 1 ] DEBUG UpdaterService       - Checking for updates
12:09:37.916 [FXGL Background Thread 4 ] DEBUG FXGLApplication      - Loading fonts
12:09:37.917 [FXGL Background Thread 4 ] DEBUG FXGLAssetLoaderServi - Loading from file system: jar:file:/C:/Users/lucaa/.m2/repository/com/github/almasb/fxgl/17.3/fxgl-17.3.jar!/fxglassets/ui/fonts/VarelaRound-Regular.ttf
12:09:37.917 [FXGL Background Thread 1 ] DEBUG FXGLApplication      - Loading default localization
12:09:37.918 [FXGL Background Thread 1 ] DEBUG FXGLAssetLoaderServi - Loading from file system: jar:file:/C:/Users/lucaa/.m2/repository/com/github/almasb/fxgl/17.3/fxgl-17.3.jar!/fxglassets/languages/english.lang
12:09:37.938 [FXGL Background Thread 1 ] INFO  FXGLApplication      - FXGL initialization took: 0,302 sec
12:09:37.939 [FXGL Background Thread 4 ] DEBUG FXGLAssetLoaderServi - Loading from file system: jar:file:/C:/Users/lucaa/.m2/repository/com/github/almasb/fxgl/17.3/fxgl-17.3.jar!/fxglassets/ui/fonts/Abel-Regular.ttf
12:09:37.940 [JavaFX Application Thread] DEBUG FXGLAssetLoaderServi - Loading from file system: jar:file:/C:/Users/lucaa/.m2/repository/com/github/almasb/fxgl/17.3/fxgl-17.3.jar!/fxglassets/textures/fxgl_icon.png
12:09:37.951 [FXGL Background Thread 4 ] DEBUG FXGLAssetLoaderServi - Loading from file system: jar:file:/C:/Users/lucaa/.m2/repository/com/github/almasb/fxgl/17.3/fxgl-17.3.jar!/fxglassets/ui/fonts/TerminalLandMono-Regular.otf
12:09:37.964 [JavaFX Application Thread] DEBUG FXGLAssetLoaderServi - Loading from file system: jar:file:/C:/Users/lucaa/.m2/repository/com/github/almasb/fxgl/17.3/fxgl-17.3.jar!/fxglassets/textures/fxgl_default_cursor.png
12:09:37.972 [FXGL Background Thread 4 ] DEBUG FXGLAssetLoaderServi - Loading from file system: jar:file:/C:/Users/lucaa/.m2/repository/com/github/almasb/fxgl/17.3/fxgl-17.3.jar!/fxglassets/ui/fonts/Courier-Prime.ttf
12:09:37.985 [JavaFX Application Thread] DEBUG Input                - Registered new binding: Screenshot - CTRL+8
12:09:37.985 [JavaFX Application Thread] DEBUG Input                - Registered new binding: System info dump - CTRL+9
12:09:37.986 [JavaFX Application Thread] DEBUG Input                - Registered new binding: Restart - CTRL+R
12:09:37.987 [JavaFX Application Thread] DEBUG Input                - Registered new binding: Toggle Debug Camera - CTRL+7
12:09:37.990 [JavaFX Application Thread] DEBUG LoopRunner           - Starting loop
12:09:37.991 [JavaFX Application Thread] DEBUG LoopRunner           - Initializing JavaFX AnimationTimerLoop
12:09:37.995 [JavaFX Application Thread] DEBUG Input                - Clearing active input actions
12:09:38.005 [JavaFX Application Thread] DEBUG GameApplicationServi - Removing overlay from FXGLStartupScene and adding to FXGLMainMenuDummyScene
12:09:38.006 [JavaFX Application Thread] DEBUG PrimaryStageWindow   - FXGLStartupScene -> FXGLMainMenuDummyScene
12:09:38.006 [JavaFX Application Thread] DEBUG PrimaryStageWindow   - Push state: CustomMainMenu
12:09:38.006 [JavaFX Application Thread] DEBUG Input                - Clearing active input actions
12:09:38.011 [JavaFX Application Thread] DEBUG GameApplicationServi - Removing overlay from FXGLMainMenuDummyScene and adding to CustomMainMenu
12:09:38.012 [JavaFX Application Thread] DEBUG PrimaryStageWindow   - FXGLMainMenuDummyScene -> CustomMainMenu
12:09:38.012 [JavaFX Application Thread] DEBUG FXGLApplication      - Registering font factories with UI factory
12:09:38.239 [FXGL Background Thread 2 ] INFO  UpdaterService       - Your current version:  17.3
12:09:38.239 [FXGL Background Thread 2 ] INFO  UpdaterService       - Latest stable version: 25
12:09:40.183 [JavaFX Application Thread] DEBUG Menu                 - fireNewGame()
12:09:40.183 [JavaFX Application Thread] DEBUG GameApplicationServi - Starting new game
12:09:40.184 [JavaFX Application Thread] DEBUG PrimaryStageWindow   - Pop state: CustomMainMenu
12:09:40.184 [JavaFX Application Thread] DEBUG Input                - Clearing active input actions
12:09:40.184 [JavaFX Application Thread] DEBUG GameApplicationServi - Removing overlay from CustomMainMenu and adding to FXGLMainMenuDummyScene
12:09:40.185 [JavaFX Application Thread] DEBUG PrimaryStageWindow   - FXGLMainMenuDummyScene <- CustomMainMenu
12:09:40.185 [JavaFX Application Thread] DEBUG Input                - Clearing active input actions
12:09:40.194 [JavaFX Application Thread] DEBUG GameApplicationServi - Removing overlay from FXGLMainMenuDummyScene and adding to FXGLLoadingScene
12:09:40.195 [JavaFX Application Thread] DEBUG PrimaryStageWindow   - FXGLMainMenuDummyScene -> FXGLLoadingScene
12:09:40.195 [JavaFX Application Thread] DEBUG GameApplicationServi - Clearing previous game
12:09:40.195 [JavaFX Application Thread] DEBUG GameScene            - Clearing game scene
12:09:40.195 [JavaFX Application Thread] DEBUG GameWorld            - Clearing game world
12:09:40.195 [JavaFX Application Thread] DEBUG PhysicsWorld         - Clearing physics world
12:09:40.197 [FXGL Background Thread 2 ] DEBUG FXGLApplication      - Initializing game
12:09:40.270 [FXGL Background Thread 2 ] WARN  TMXLevelLoader       - TiledMap generated from 1.11.2. Supported version: 1.9.0. Some features may not be parsed fully.
12:09:40.297 [FXGL Background Thread 2 ] DEBUG TMXLevelLoader       - Parsed TiledMap: file:/C:/Users/lucaa/OneDrive%20-%20HTL%20Saalfelden/POS/Workspace/IntelliJ/FXGL/TeacherTowerDefense/target/classes/assets/levels/City.tmx
12:09:40.298 [FXGL Background Thread 2 ] DEBUG TMXLevelLoader       - Creating tile layer entities
12:09:40.301 [FXGL Background Thread 2 ] DEBUG TilesetLoader        - Loading view for layer Kachelebene 1
12:09:40.304 [FXGL Background Thread 2 ] DEBUG TilesetLoader        - Created buffer with size 960.0x640.0
12:09:40.321 [FXGL Background Thread 2 ] DEBUG TilesetLoader        - Loading view for layer Kachelebene 2
12:09:40.322 [FXGL Background Thread 2 ] DEBUG TilesetLoader        - Created buffer with size 960.0x640.0
12:09:40.336 [FXGL Background Thread 2 ] DEBUG TilesetLoader        - Loading view for layer Kachelebene 3
12:09:40.336 [FXGL Background Thread 2 ] DEBUG TilesetLoader        - Created buffer with size 960.0x640.0
12:09:40.339 [FXGL Background Thread 2 ] DEBUG TilesetLoader        - Loading view for layer Kachelebene 4
12:09:40.340 [FXGL Background Thread 2 ] DEBUG TilesetLoader        - Created buffer with size 960.0x640.0
12:09:40.340 [FXGL Background Thread 2 ] DEBUG TMXLevelLoader       - Creating object layer entities
12:09:40.365 [FXGL Background Thread 2 ] WARN  TMXLevelLoader       - Parse error
java.lang.IllegalArgumentException: No EntityFactory has a method annotated @Spawns(Hausfront)
	at com.almasb.fxgl.entity.GameWorld.create(GameWorld.kt:413)
	at com.almasb.fxgl.entity.level.tiled.TMXLevelLoader.createObjectLayerEntities(TMXLevelLoader.kt:155)
	at com.almasb.fxgl.entity.level.tiled.TMXLevelLoader.load(TMXLevelLoader.kt:60)
	at com.almasb.fxgl.app.services.FXGLAssetLoaderService.loadLevel(FXGLAssetLoaderService.kt:430)
	at com.almasb.fxgl.dsl.FXGL$Companion.setLevelFromMap(FXGL.kt:634)
	at com.almasb.fxgl.dsl.FXGL.setLevelFromMap(FXGL.kt)
	at at.htl.teachertowerdefense.TeacherTowerDefenseApp.initGame(TeacherTowerDefenseApp.java:81)
	at com.almasb.fxgl.app.FXGLApplication$InitAppTask.initGame(FXGLApplication.kt:339)
	at com.almasb.fxgl.app.FXGLApplication$InitAppTask.call(FXGLApplication.kt:319)
	at com.almasb.fxgl.app.FXGLApplication$InitAppTask.call(FXGLApplication.kt:311)
	at javafx.concurrent.Task$TaskCallable.call(Task.java:1399)
	at java.base/java.util.concurrent.FutureTask.run(FutureTask.java:328)
	at java.base/java.util.concurrent.Executors$RunnableAdapter.call(Executors.java:545)
	at java.base/java.util.concurrent.FutureTask.run(FutureTask.java:328)
	at java.base/java.util.concurrent.ThreadPoolExecutor.runWorker(ThreadPoolExecutor.java:1090)
	at java.base/java.util.concurrent.ThreadPoolExecutor$Worker.run(ThreadPoolExecutor.java:614)
	at java.base/java.lang.Thread.run(Thread.java:1474)

12:09:40.367 [JavaFX Application Thread] DEBUG LoopRunner           - Stopping loop
12:09:40.367 [JavaFX Application Thread] FATAL FXGLApplication      - Uncaught Exception:
java.lang.RuntimeException: Initialization failed
	at com.almasb.fxgl.app.FXGLApplication$InitAppTask.failed(FXGLApplication.kt:343)
	at javafx.concurrent.Task.setState(Task.java:710)
	at javafx.concurrent.Task$TaskCallable.lambda$call$2(Task.java:1429)
	at com.sun.javafx.application.PlatformImpl.lambda$runLater$10(PlatformImpl.java:456)
	at java.base/java.security.AccessController.doPrivileged(AccessController.java:138)
	at com.sun.javafx.application.PlatformImpl.lambda$runLater$11(PlatformImpl.java:455)
	at com.sun.glass.ui.InvokeLaterDispatcher$Future.run(InvokeLaterDispatcher.java:95)
	at com.sun.glass.ui.win.WinApplication._runLoop(Native Method)
	at com.sun.glass.ui.win.WinApplication.lambda$runLoop$3(WinApplication.java:185)
	at java.base/java.lang.Thread.run(Thread.java:1474)
Caused by: com.almasb.fxgl.entity.level.LevelLoadingException: No EntityFactory has a method annotated @Spawns(Hausfront)
	at com.almasb.fxgl.entity.level.tiled.TMXLevelLoader.load(TMXLevelLoader.kt:78)
	at com.almasb.fxgl.app.services.FXGLAssetLoaderService.loadLevel(FXGLAssetLoaderService.kt:430)
	at com.almasb.fxgl.dsl.FXGL$Companion.setLevelFromMap(FXGL.kt:634)
	at com.almasb.fxgl.dsl.FXGL.setLevelFromMap(FXGL.kt)
	at at.htl.teachertowerdefense.TeacherTowerDefenseApp.initGame(TeacherTowerDefenseApp.java:81)
	at com.almasb.fxgl.app.FXGLApplication$InitAppTask.initGame(FXGLApplication.kt:339)
	at com.almasb.fxgl.app.FXGLApplication$InitAppTask.call(FXGLApplication.kt:319)
	at com.almasb.fxgl.app.FXGLApplication$InitAppTask.call(FXGLApplication.kt:311)
	at javafx.concurrent.Task$TaskCallable.call(Task.java:1399)
	at java.base/java.util.concurrent.FutureTask.run(FutureTask.java:328)
	at java.base/java.util.concurrent.Executors$RunnableAdapter.call(Executors.java:545)
	at java.base/java.util.concurrent.FutureTask.run(FutureTask.java:328)
	at java.base/java.util.concurrent.ThreadPoolExecutor.runWorker(ThreadPoolExecutor.java:1090)
	at java.base/java.util.concurrent.ThreadPoolExecutor$Worker.run(ThreadPoolExecutor.java:614)
	... 1 more
Caused by: java.lang.IllegalArgumentException: No EntityFactory has a method annotated @Spawns(Hausfront)
	at com.almasb.fxgl.entity.GameWorld.create(GameWorld.kt:413)
	at com.almasb.fxgl.entity.level.tiled.TMXLevelLoader.createObjectLayerEntities(TMXLevelLoader.kt:155)
	at com.almasb.fxgl.entity.level.tiled.TMXLevelLoader.load(TMXLevelLoader.kt:60)
	... 14 more

12:09:40.367 [JavaFX Application Thread] FATAL FXGLApplication      - Application will now exit
12:09:40.398 [JavaFX Application Thread] DEBUG PrimaryStageWindow   - Push state: ErrorSubScene
12:09:40.398 [JavaFX Application Thread] DEBUG Input                - Clearing active input actions
12:09:40.402 [JavaFX Application Thread] DEBUG GameApplicationServi - Removing overlay from FXGLLoadingScene and adding to ErrorSubScene
12:09:40.403 [JavaFX Application Thread] DEBUG PrimaryStageWindow   - FXGLLoadingScene -> ErrorSubScene
12:09:40.916 [FXGL Background Thread 3 ] DEBUG Engine               - Logging environment variables
12:09:40.917 [FXGL Background Thread 3 ] DEBUG Engine               - achievements: []
12:09:40.917 [FXGL Background Thread 3 ] DEBUG Engine               - actualHeight: 864.0
12:09:40.917 [FXGL Background Thread 3 ] DEBUG Engine               - actualHeightProperty: ReadOnlyDoubleProperty [value: 864.0]
12:09:40.917 [FXGL Background Thread 3 ] DEBUG Engine               - actualWidth: 1536.0
12:09:40.917 [FXGL Background Thread 3 ] DEBUG Engine               - actualWidthProperty: ReadOnlyDoubleProperty [value: 1536.0]
12:09:40.918 [FXGL Background Thread 3 ] DEBUG Engine               - appIcon: fxgl_icon.png
12:09:40.918 [FXGL Background Thread 3 ] DEBUG Engine               - applicationMode: DEVELOPER
12:09:40.918 [FXGL Background Thread 3 ] DEBUG Engine               - cSSList: [fxgl_dark.css]
12:09:40.918 [FXGL Background Thread 3 ] DEBUG Engine               - collisionDetectionStrategy: BRUTE_FORCE
12:09:40.918 [FXGL Background Thread 3 ] DEBUG Engine               - configClass: Optional.empty
12:09:40.918 [FXGL Background Thread 3 ] DEBUG Engine               - credits: []
12:09:40.921 [FXGL Background Thread 3 ] DEBUG Engine               - defaultCursor: CursorInfo(imageName=fxgl_default_cursor.png, hotspotX=7.0, hotspotY=6.0)
12:09:40.922 [FXGL Background Thread 3 ] DEBUG Engine               - devBBoxColorProperty: ObjectProperty [value: 0xff0000ff]
12:09:40.922 [FXGL Background Thread 3 ] DEBUG Engine               - devEnableDebugCameraProperty: BooleanProperty [value: false]
12:09:40.922 [FXGL Background Thread 3 ] DEBUG Engine               - devSensorColorProperty: ObjectProperty [value: 0xffff00ff]
12:09:40.922 [FXGL Background Thread 3 ] DEBUG Engine               - devShowBBoxProperty: BooleanProperty [value: false]
12:09:40.922 [FXGL Background Thread 3 ] DEBUG Engine               - devShowPositionProperty: BooleanProperty [value: false]
12:09:40.923 [FXGL Background Thread 3 ] DEBUG Engine               - enabledMenuItems: []
12:09:40.923 [FXGL Background Thread 3 ] DEBUG Engine               - engineServices: [class com.almasb.fxgl.app.services.FXGLAssetLoaderService, class com.almasb.fxgl.app.FXGLApplication$GameApplicationService, class com.almasb.fxgl.app.services.FXGLDialogService, class com.almasb.fxgl.app.services.IOTaskExecutorService, class com.almasb.fxgl.io.FileSystemService, class com.almasb.fxgl.localization.LocalizationService, class com.almasb.fxgl.app.services.SystemBundleService, class com.almasb.fxgl.profile.SaveLoadService, class com.almasb.fxgl.ui.FXGLUIFactoryServiceProvider, class com.almasb.fxgl.ui.FXGLDialogFactoryServiceProvider, class com.almasb.fxgl.audio.AudioPlayer, class com.almasb.fxgl.notification.impl.NotificationServiceProvider, class com.almasb.fxgl.achievement.AchievementService, class com.almasb.fxgl.cutscene.CutsceneService, class com.almasb.fxgl.minigames.MiniGameService, class com.almasb.fxgl.net.NetService, class com.almasb.fxgl.app.services.UpdaterService, class com.almasb.fxgl.dev.DevService]
12:09:40.923 [FXGL Background Thread 3 ] DEBUG Engine               - fontGame: Abel-Regular.ttf
12:09:40.923 [FXGL Background Thread 3 ] DEBUG Engine               - fontMono: TerminalLandMono-Regular.otf
12:09:40.923 [FXGL Background Thread 3 ] DEBUG Engine               - fontSizeScaleUI: 1.0
12:09:40.923 [FXGL Background Thread 3 ] DEBUG Engine               - fontText: Courier-Prime.ttf
12:09:40.923 [FXGL Background Thread 3 ] DEBUG Engine               - fontUI: VarelaRound-Regular.ttf
12:09:40.923 [FXGL Background Thread 3 ] DEBUG Engine               - fullScreen: BooleanProperty [value: true]
12:09:40.923 [FXGL Background Thread 3 ] DEBUG Engine               - gameDifficulty: MEDIUM
12:09:40.923 [FXGL Background Thread 3 ] DEBUG Engine               - gameDifficultyProperty: ObjectProperty [value: MEDIUM]
12:09:40.923 [FXGL Background Thread 3 ] DEBUG Engine               - globalMusicVolume: 0.5
12:09:40.924 [FXGL Background Thread 3 ] DEBUG Engine               - globalMusicVolumeProperty: DoubleProperty [value: 0.5]
12:09:40.924 [FXGL Background Thread 3 ] DEBUG Engine               - globalSoundVolume: 0.5
12:09:40.924 [FXGL Background Thread 3 ] DEBUG Engine               - globalSoundVolumeProperty: DoubleProperty [value: 0.5]
12:09:40.924 [FXGL Background Thread 3 ] DEBUG Engine               - height: 640
12:09:40.924 [FXGL Background Thread 3 ] DEBUG Engine               - is3D: false
12:09:40.924 [FXGL Background Thread 3 ] DEBUG Engine               - isAndroid: false
12:09:40.924 [FXGL Background Thread 3 ] DEBUG Engine               - isBrowser: false
12:09:40.924 [FXGL Background Thread 3 ] DEBUG Engine               - isClickFeedbackEnabled: false
12:09:40.924 [FXGL Background Thread 3 ] DEBUG Engine               - isCloseConfirmation: false
12:09:40.925 [FXGL Background Thread 3 ] DEBUG Engine               - isDesktop: true
12:09:40.925 [FXGL Background Thread 3 ] DEBUG Engine               - isDeveloperMenuEnabled: false
12:09:40.925 [FXGL Background Thread 3 ] DEBUG Engine               - isEmbedded: false
12:09:40.925 [FXGL Background Thread 3 ] DEBUG Engine               - isEntityPreloadEnabled: true
12:09:40.925 [FXGL Background Thread 3 ] DEBUG Engine               - isExperimentalTiledLargeMap: false
12:09:40.925 [FXGL Background Thread 3 ] DEBUG Engine               - isFileSystemWriteAllowed: true
12:09:40.925 [FXGL Background Thread 3 ] DEBUG Engine               - isFullScreenAllowed: true
12:09:40.925 [FXGL Background Thread 3 ] DEBUG Engine               - isFullScreenFromStart: true
12:09:40.925 [FXGL Background Thread 3 ] DEBUG Engine               - isGameMenuEnabled: true
12:09:40.925 [FXGL Background Thread 3 ] DEBUG Engine               - isIOS: false
12:09:40.925 [FXGL Background Thread 3 ] DEBUG Engine               - isIntroEnabled: false
12:09:40.925 [FXGL Background Thread 3 ] DEBUG Engine               - isLinux: false
12:09:40.925 [FXGL Background Thread 3 ] DEBUG Engine               - isMac: false
12:09:40.925 [FXGL Background Thread 3 ] DEBUG Engine               - isMainMenuEnabled: true
12:09:40.925 [FXGL Background Thread 3 ] DEBUG Engine               - isManualResizeEnabled: false
12:09:40.925 [FXGL Background Thread 3 ] DEBUG Engine               - isMobile: false
12:09:40.925 [FXGL Background Thread 3 ] DEBUG Engine               - isNative: false
12:09:40.925 [FXGL Background Thread 3 ] DEBUG Engine               - isPauseMusicWhenMinimized: true
12:09:40.926 [FXGL Background Thread 3 ] DEBUG Engine               - isPreserveResizeRatio: true
12:09:40.926 [FXGL Background Thread 3 ] DEBUG Engine               - isProfilingEnabled: false
12:09:40.926 [FXGL Background Thread 3 ] DEBUG Engine               - isScaleAffectedOnResize: true
12:09:40.926 [FXGL Background Thread 3 ] DEBUG Engine               - isSingleStep: false
12:09:40.926 [FXGL Background Thread 3 ] DEBUG Engine               - isUserProfileEnabled: false
12:09:40.926 [FXGL Background Thread 3 ] DEBUG Engine               - isWindows: true
12:09:40.926 [FXGL Background Thread 3 ] DEBUG Engine               - language: ObjectProperty [value: ENGLISH]
12:09:40.926 [FXGL Background Thread 3 ] DEBUG Engine               - menuKey: ESCAPE
12:09:40.926 [FXGL Background Thread 3 ] DEBUG Engine               - mouseSensitivity: 0.2
12:09:40.927 [FXGL Background Thread 3 ] DEBUG Engine               - notificationViewClass: class com.almasb.fxgl.notification.view.XboxNotificationView
12:09:40.927 [FXGL Background Thread 3 ] DEBUG Engine               - pixelsPerMeter: 50.0
12:09:40.927 [FXGL Background Thread 3 ] DEBUG Engine               - platform: WINDOWS
12:09:40.927 [FXGL Background Thread 3 ] DEBUG Engine               - prefHeightProperty: ReadOnlyDoubleProperty [value: 640.0]
12:09:40.928 [FXGL Background Thread 3 ] DEBUG Engine               - prefWidthProperty: ReadOnlyDoubleProperty [value: 1200.0]
12:09:40.928 [FXGL Background Thread 3 ] DEBUG Engine               - profileDir: profiles/
12:09:40.930 [FXGL Background Thread 3 ] DEBUG Engine               - profileName: StringProperty [value: DEFAULT]
12:09:40.930 [FXGL Background Thread 3 ] DEBUG Engine               - randomSeed: -1
12:09:40.930 [FXGL Background Thread 3 ] DEBUG Engine               - runtimeInfo: RuntimeInfo(platform=WINDOWS, version=17.3, build=30.03.2023 11.49)
12:09:40.931 [FXGL Background Thread 3 ] DEBUG Engine               - saveFileExt: sav
12:09:40.932 [FXGL Background Thread 3 ] DEBUG Engine               - scaledHeightProp$fxgl: DoubleProperty [bound, value: 864.0]
12:09:40.932 [FXGL Background Thread 3 ] DEBUG Engine               - scaledWidthProp$fxgl: DoubleProperty [bound, value: 1536.0]
12:09:40.932 [FXGL Background Thread 3 ] DEBUG Engine               - sceneFactory: at.htl.teachertowerdefense.CustomSceneFactory@2a6ec8a1
12:09:40.933 [FXGL Background Thread 3 ] DEBUG Engine               - secondsIn24h: 60
12:09:40.933 [FXGL Background Thread 3 ] DEBUG Engine               - soundMenuBack: menu/back.wav
12:09:40.933 [FXGL Background Thread 3 ] DEBUG Engine               - soundMenuPress: menu/press.wav
12:09:40.933 [FXGL Background Thread 3 ] DEBUG Engine               - soundMenuSelect: menu/select.wav
12:09:40.933 [FXGL Background Thread 3 ] DEBUG Engine               - soundNotification: core/notification.wav
12:09:40.934 [FXGL Background Thread 3 ] DEBUG Engine               - stageStyle: DECORATED
12:09:40.934 [FXGL Background Thread 3 ] DEBUG Engine               - supportedLanguages: [ENGLISH, FRENCH, GERMAN, HUNGARIAN, RUSSIAN]
12:09:40.934 [FXGL Background Thread 3 ] DEBUG Engine               - ticksPerSecond: -1
12:09:40.934 [FXGL Background Thread 3 ] DEBUG Engine               - title: Teacher Tower Defense
12:09:40.934 [FXGL Background Thread 3 ] DEBUG Engine               - urlGithub: https://github.com/AlmasB/FXGL
12:09:40.934 [FXGL Background Thread 3 ] DEBUG Engine               - urlLeaderboard: http://fxgl-top.herokuapp.com/
12:09:40.934 [FXGL Background Thread 3 ] DEBUG Engine               - urlPOM: https://raw.githubusercontent.com/AlmasB/FXGL/release/README.md
12:09:40.934 [FXGL Background Thread 3 ] DEBUG Engine               - userAppClass: class at.htl.teachertowerdefense.TeacherTowerDefenseApp
12:09:40.935 [FXGL Background Thread 3 ] DEBUG Engine               - version: 0.1
12:09:40.935 [FXGL Background Thread 3 ] DEBUG Engine               - versionCheckDays: 7
12:09:40.935 [FXGL Background Thread 3 ] DEBUG Engine               - width: 1200
12:09:40.935 [FXGL Background Thread 3 ] DEBUG Engine               - Logging services
12:09:40.935 [FXGL Background Thread 3 ] DEBUG Engine               - class com.almasb.fxgl.app.services.FXGLAssetLoaderService
12:09:40.935 [FXGL Background Thread 3 ] DEBUG Engine               - class com.almasb.fxgl.app.FXGLApplication$GameApplicationService
12:09:40.935 [FXGL Background Thread 3 ] DEBUG Engine               - class com.almasb.fxgl.app.services.FXGLDialogService
12:09:40.935 [FXGL Background Thread 3 ] DEBUG Engine               - class com.almasb.fxgl.app.services.IOTaskExecutorService
12:09:40.935 [FXGL Background Thread 3 ] DEBUG Engine               - class com.almasb.fxgl.io.FileSystemService
12:09:40.935 [FXGL Background Thread 3 ] DEBUG Engine               - class com.almasb.fxgl.localization.LocalizationService
12:09:40.935 [FXGL Background Thread 3 ] DEBUG Engine               - class com.almasb.fxgl.app.services.SystemBundleService
12:09:40.935 [FXGL Background Thread 3 ] DEBUG Engine               - class com.almasb.fxgl.profile.SaveLoadService
12:09:40.935 [FXGL Background Thread 3 ] DEBUG Engine               - class com.almasb.fxgl.ui.FXGLUIFactoryServiceProvider
12:09:40.935 [FXGL Background Thread 3 ] DEBUG Engine               - class com.almasb.fxgl.ui.FXGLDialogFactoryServiceProvider
12:09:40.935 [FXGL Background Thread 3 ] DEBUG Engine               - class com.almasb.fxgl.audio.AudioPlayer
12:09:40.935 [FXGL Background Thread 3 ] DEBUG Engine               - class com.almasb.fxgl.notification.impl.NotificationServiceProvider
12:09:40.935 [FXGL Background Thread 3 ] DEBUG Engine               - class com.almasb.fxgl.achievement.AchievementService
12:09:40.935 [FXGL Background Thread 3 ] DEBUG Engine               - class com.almasb.fxgl.cutscene.CutsceneService
12:09:40.935 [FXGL Background Thread 3 ] DEBUG Engine               - class com.almasb.fxgl.minigames.MiniGameService
12:09:40.935 [FXGL Background Thread 3 ] DEBUG Engine               - class com.almasb.fxgl.net.NetService
12:09:40.935 [FXGL Background Thread 3 ] DEBUG Engine               - class com.almasb.fxgl.app.services.UpdaterService
12:09:40.935 [FXGL Background Thread 3 ] DEBUG Engine               - class com.almasb.fxgl.dev.DevService
12:09:44.472 [JavaFX Application Thread] DEBUG FXGLApplication      - Exiting FXGL
12:09:44.472 [JavaFX Application Thread] DEBUG Async                - Shutting down background threads
12:09:44.472 [JavaFX Application Thread] DEBUG PrimaryStageWindow   - Closing main window
12:09:44.564 [JavaFX Application Thread] DEBUG Logger               - Closing Logger
