17:55:32.734 [main                     ] DEBUG Logger               - Configured Logger
17:55:32.741 [main                     ] DEBUG GameApplication      - Logging settings
Title: Teacher Tower Defense
Version: 0.1
Width: 1200
Height: 640
Fullscreen: true
Intro: false
Profiling: false
Single step:false
App Mode: DEVELOPER
Menu Key: ESCAPE
Stage Style: DECORATED
Scene Factory: class com.almasb.fxgl.app.scene.SceneFactory

17:55:33.326 [JavaFX Application Thread] DEBUG FXGLApplication      - Initializing FXGL
17:55:33.329 [JavaFX Application Thread] INFO  Engine               - FXGL-17.3 (30.03.2023 11.49) on WINDOWS (J:25.0.2 FX:21.0.6)
17:55:33.330 [JavaFX Application Thread] DEBUG Engine               - JRE Vendor Name: Oracle Corporation
17:55:33.330 [JavaFX Application Thread] DEBUG Engine               - Running on OS: Windows 11 version 10.0
17:55:33.330 [JavaFX Application Thread] DEBUG Engine               - Architecture: amd64
17:55:33.330 [JavaFX Application Thread] INFO  Engine               - Source code and latest versions at: https://github.com/AlmasB/FXGL
17:55:33.330 [JavaFX Application Thread] INFO  Engine               -       Ask questions and discuss at: https://github.com/AlmasB/FXGL/discussions
17:55:33.330 [JavaFX Application Thread] INFO  Engine               -              Join the FXGL chat at: https://gitter.im/AlmasB/FXGL
17:55:33.502 [JavaFX Application Thread] DEBUG PrimaryStageWindow   - Creating a JavaFX scene
17:55:33.572 [JavaFX Application Thread] DEBUG PrimaryStageWindow   - Target settings size: 1200.0 x 640.0
17:55:33.573 [JavaFX Application Thread] DEBUG PrimaryStageWindow   - Scaled scene size:    1200.0 x 640.0
17:55:33.573 [JavaFX Application Thread] DEBUG PrimaryStageWindow   - Scaled ratio: (1.0, 1.0)
17:55:33.575 [JavaFX Application Thread] DEBUG PrimaryStageWindow   - Set initial scene to FXGLStartupScene
17:55:33.585 [JavaFX Application Thread] DEBUG PrimaryStageWindow   - Opening main window
17:55:33.735 [JavaFX Application Thread] DEBUG PrimaryStageWindow   - Window border size: (14.4000244140625, 37.5999755859375)
17:55:33.736 [JavaFX Application Thread] DEBUG PrimaryStageWindow   - Scaled size: 1200.0 x 640.0
17:55:33.736 [JavaFX Application Thread] DEBUG PrimaryStageWindow   - Scaled ratio: (1.0, 1.0)
17:55:33.736 [JavaFX Application Thread] DEBUG PrimaryStageWindow   - Scene size: 1200.0 x 640.0
17:55:33.736 [JavaFX Application Thread] DEBUG PrimaryStageWindow   - Stage size: 1214.4000244140625 x 677.5999755859375
17:55:33.812 [JavaFX Application Thread] DEBUG PrimaryStageWindow   - Going fullscreen
17:55:33.822 [FXGL Background Thread 1 ] DEBUG Engine               - Initializing environment variables
17:55:33.871 [FXGL Background Thread 1 ] DEBUG FXGLAssetLoaderServi - User app class for loading assets: class at.htl.teachertowerdefense.TeacherTowerDefenseApp
17:55:33.871 [FXGL Background Thread 1 ] DEBUG GameApplicationServi - Applying CSS: fxgl_dark.css
17:55:33.873 [FXGL Background Thread 1 ] DEBUG FXGLAssetLoaderServi - Loading from file system: jar:file:/C:/Users/lucaa/.m2/repository/com/github/almasb/fxgl/17.3/fxgl-17.3.jar!/fxglassets/ui/css/fxgl_dark.css
17:55:33.914 [FXGL Background Thread 1 ] DEBUG GameApplicationServi - Initializing application scenes
17:55:33.959 [FXGL Background Thread 1 ] DEBUG GameWorld            - Game world initialized
17:55:34.019 [FXGL Background Thread 1 ] DEBUG PhysicsWorld         - Physics world initialized: appHeight=640, physics.ppm=50,0
17:55:34.019 [FXGL Background Thread 1 ] DEBUG PhysicsWorld         - Using strategy: BRUTE_FORCE
17:55:34.023 [FXGL Background Thread 1 ] DEBUG GameScene            - Game scene initialized: 1200x640
17:55:34.039 [FXGL Background Thread 1 ] DEBUG FXGL.DefaultMenu     - createMenuBodyGameMenu()
17:55:34.053 [FXGL Background Thread 1 ] DEBUG FXGL.DefaultMenu     - createOptionsMenu()
17:55:34.063 [FXGL Background Thread 1 ] DEBUG FXGLAssetLoaderServi - Loading from file system: jar:file:/C:/Users/lucaa/.m2/repository/com/github/almasb/fxgl/17.3/fxgl-17.3.jar!/fxglassets/textures/particles/smoke.png
17:55:34.142 [FXGL Background Thread 1 ] DEBUG FXGLAssetLoaderServi - Loading from file system: jar:file:/C:/Users/lucaa/.m2/repository/com/github/almasb/fxgl/17.3/fxgl-17.3.jar!/fxglassets/textures/particles/trace_horizontal.png
17:55:34.166 [FXGL Background Thread 1 ] DEBUG GameApplicationServi - Application scenes initialized
17:55:34.177 [FXGL Background Thread 1 ] DEBUG SystemBundleService  - Loading FXGL system data
17:55:34.179 [FXGL Background Thread 1 ] DEBUG FileSystemAccess     - Reading from: C:\Users\lucaa\OneDrive - HTL Saalfelden\POS\Workspace\IntelliJ\FXGL\TeacherTowerDefense\system\fxgl.bundle
17:55:34.181 [FXGL Background Thread 1 ] DEBUG SystemBundleService  - Bundle FXGL: {}
17:55:34.181 [FXGL Background Thread 1 ] DEBUG UpdaterService       - Checking for updates
17:55:34.207 [FXGL Background Thread 4 ] DEBUG FXGLApplication      - Loading fonts
17:55:34.207 [FXGL Background Thread 4 ] DEBUG FXGLAssetLoaderServi - Loading from file system: jar:file:/C:/Users/lucaa/.m2/repository/com/github/almasb/fxgl/17.3/fxgl-17.3.jar!/fxglassets/ui/fonts/VarelaRound-Regular.ttf
17:55:34.207 [FXGL Background Thread 1 ] DEBUG FXGLApplication      - Loading default localization
17:55:34.208 [FXGL Background Thread 1 ] DEBUG FXGLAssetLoaderServi - Loading from file system: jar:file:/C:/Users/lucaa/.m2/repository/com/github/almasb/fxgl/17.3/fxgl-17.3.jar!/fxglassets/languages/english.lang
17:55:34.232 [FXGL Background Thread 4 ] DEBUG FXGLAssetLoaderServi - Loading from file system: jar:file:/C:/Users/lucaa/.m2/repository/com/github/almasb/fxgl/17.3/fxgl-17.3.jar!/fxglassets/ui/fonts/Abel-Regular.ttf
17:55:34.235 [FXGL Background Thread 1 ] INFO  FXGLApplication      - FXGL initialization took: 0,414 sec
17:55:34.237 [JavaFX Application Thread] DEBUG FXGLAssetLoaderServi - Loading from file system: jar:file:/C:/Users/lucaa/.m2/repository/com/github/almasb/fxgl/17.3/fxgl-17.3.jar!/fxglassets/textures/fxgl_icon.png
17:55:34.246 [FXGL Background Thread 4 ] DEBUG FXGLAssetLoaderServi - Loading from file system: jar:file:/C:/Users/lucaa/.m2/repository/com/github/almasb/fxgl/17.3/fxgl-17.3.jar!/fxglassets/ui/fonts/TerminalLandMono-Regular.otf
17:55:34.256 [JavaFX Application Thread] DEBUG FXGLAssetLoaderServi - Loading from file system: jar:file:/C:/Users/lucaa/.m2/repository/com/github/almasb/fxgl/17.3/fxgl-17.3.jar!/fxglassets/textures/fxgl_default_cursor.png
17:55:34.260 [FXGL Background Thread 4 ] DEBUG FXGLAssetLoaderServi - Loading from file system: jar:file:/C:/Users/lucaa/.m2/repository/com/github/almasb/fxgl/17.3/fxgl-17.3.jar!/fxglassets/ui/fonts/Courier-Prime.ttf
17:55:34.269 [JavaFX Application Thread] DEBUG Input                - Registered new binding: Screenshot - CTRL+8
17:55:34.269 [JavaFX Application Thread] DEBUG Input                - Registered new binding: Dev Options - 1
17:55:34.270 [JavaFX Application Thread] DEBUG Input                - Registered new binding: Dev Console - 2
17:55:34.271 [JavaFX Application Thread] DEBUG Input                - Registered new binding: System info dump - CTRL+9
17:55:34.271 [JavaFX Application Thread] DEBUG Input                - Registered new binding: Restart - CTRL+R
17:55:34.272 [JavaFX Application Thread] DEBUG Input                - Registered new binding: Toggle Debug Camera - CTRL+7
17:55:34.276 [JavaFX Application Thread] DEBUG LoopRunner           - Starting loop
17:55:34.289 [JavaFX Application Thread] DEBUG LoopRunner           - Initializing JavaFX AnimationTimerLoop
17:55:34.290 [JavaFX Application Thread] DEBUG GameApplicationServi - Starting new game
17:55:34.290 [JavaFX Application Thread] DEBUG Input                - Clearing active input actions
17:55:34.299 [JavaFX Application Thread] DEBUG GameApplicationServi - Removing overlay from FXGLStartupScene and adding to FXGLLoadingScene
17:55:34.302 [JavaFX Application Thread] DEBUG PrimaryStageWindow   - FXGLStartupScene -> FXGLLoadingScene
17:55:34.302 [JavaFX Application Thread] DEBUG GameApplicationServi - Clearing previous game
17:55:34.302 [JavaFX Application Thread] DEBUG GameScene            - Clearing game scene
17:55:34.302 [JavaFX Application Thread] DEBUG GameWorld            - Clearing game world
17:55:34.302 [JavaFX Application Thread] DEBUG PhysicsWorld         - Clearing physics world
17:55:34.304 [FXGL Background Thread 4 ] DEBUG FXGLApplication      - Initializing game
17:55:34.304 [JavaFX Application Thread] DEBUG FXGLApplication      - Registering font factories with UI factory
17:55:34.330 [FXGL Background Thread 4 ] WARN  TMXLevelLoader       - TiledMap generated from 1.11.2. Supported version: 1.9.0. Some features may not be parsed fully.
17:55:34.356 [FXGL Background Thread 4 ] DEBUG TMXLevelLoader       - Parsed TiledMap: file:/C:/Users/lucaa/OneDrive%20-%20HTL%20Saalfelden/POS/Workspace/IntelliJ/FXGL/TeacherTowerDefense/target/classes/assets/levels/Map1.tmx
17:55:34.358 [FXGL Background Thread 4 ] DEBUG TMXLevelLoader       - Creating tile layer entities
17:55:34.361 [FXGL Background Thread 4 ] DEBUG TilesetLoader        - Loading view for layer Kachelebene 0
17:55:34.362 [FXGL Background Thread 4 ] DEBUG TilesetLoader        - Created buffer with size 960.0x640.0
17:55:34.398 [FXGL Background Thread 4 ] DEBUG TilesetLoader        - Loading view for layer Kachelebene 1
17:55:34.399 [FXGL Background Thread 4 ] DEBUG TilesetLoader        - Created buffer with size 960.0x640.0
17:55:34.404 [FXGL Background Thread 4 ] DEBUG TilesetLoader        - Loading view for layer Kachelebene 2
17:55:34.405 [FXGL Background Thread 4 ] DEBUG TilesetLoader        - Created buffer with size 960.0x640.0
17:55:34.407 [FXGL Background Thread 4 ] DEBUG TilesetLoader        - Loading view for layer Kachelebene 4
17:55:34.409 [FXGL Background Thread 4 ] DEBUG TilesetLoader        - Created buffer with size 960.0x640.0
17:55:34.409 [FXGL Background Thread 4 ] DEBUG TMXLevelLoader       - Creating object layer entities
17:55:34.451 [FXGL Background Thread 4 ] DEBUG GameWorld            - Clearing removable entities
17:55:34.452 [FXGL Background Thread 4 ] DEBUG GameWorld            - Setting level: com.almasb.fxgl.entity.level.Level@76c1e648
17:55:34.467 [FXGL Background Thread 4 ] INFO  FXGLApplication      - Game initialization took: 0,163 sec
17:55:34.565 [JavaFX Application Thread] DEBUG Input                - Clearing active input actions
17:55:34.583 [JavaFX Application Thread] DEBUG GameApplicationServi - Removing overlay from FXGLLoadingScene and adding to GameScene
17:55:34.588 [JavaFX Application Thread] DEBUG PrimaryStageWindow   - FXGLLoadingScene -> GameScene
17:55:34.738 [FXGL Background Thread 2 ] INFO  UpdaterService       - Your current version:  17.3
17:55:34.739 [FXGL Background Thread 2 ] INFO  UpdaterService       - Latest stable version: 25
17:55:37.224 [FXGL Background Thread 3 ] DEBUG Engine               - Logging environment variables
17:55:37.227 [FXGL Background Thread 3 ] DEBUG Engine               - achievements: []
17:55:37.227 [FXGL Background Thread 3 ] DEBUG Engine               - actualHeight: 864.0
17:55:37.229 [FXGL Background Thread 3 ] DEBUG Engine               - actualHeightProperty: ReadOnlyDoubleProperty [value: 864.0]
17:55:37.229 [FXGL Background Thread 3 ] DEBUG Engine               - actualWidth: 1536.0
17:55:37.229 [FXGL Background Thread 3 ] DEBUG Engine               - actualWidthProperty: ReadOnlyDoubleProperty [value: 1536.0]
17:55:37.230 [FXGL Background Thread 3 ] DEBUG Engine               - appIcon: fxgl_icon.png
17:55:37.230 [FXGL Background Thread 3 ] DEBUG Engine               - applicationMode: DEVELOPER
17:55:37.230 [FXGL Background Thread 3 ] DEBUG Engine               - cSSList: [fxgl_dark.css]
17:55:37.231 [FXGL Background Thread 3 ] DEBUG Engine               - collisionDetectionStrategy: BRUTE_FORCE
17:55:37.231 [FXGL Background Thread 3 ] DEBUG Engine               - configClass: Optional.empty
17:55:37.231 [FXGL Background Thread 3 ] DEBUG Engine               - credits: []
17:55:37.233 [FXGL Background Thread 3 ] DEBUG Engine               - defaultCursor: CursorInfo(imageName=fxgl_default_cursor.png, hotspotX=7.0, hotspotY=6.0)
17:55:37.233 [FXGL Background Thread 3 ] DEBUG Engine               - devBBoxColorProperty: ObjectProperty [value: 0xff0000ff]
17:55:37.234 [FXGL Background Thread 3 ] DEBUG Engine               - devEnableDebugCameraProperty: BooleanProperty [value: false]
17:55:37.234 [FXGL Background Thread 3 ] DEBUG Engine               - devSensorColorProperty: ObjectProperty [value: 0xffff00ff]
17:55:37.235 [FXGL Background Thread 3 ] DEBUG Engine               - devShowBBoxProperty: BooleanProperty [value: false]
17:55:37.235 [FXGL Background Thread 3 ] DEBUG Engine               - devShowPositionProperty: BooleanProperty [value: false]
17:55:37.235 [FXGL Background Thread 3 ] DEBUG Engine               - enabledMenuItems: []
17:55:37.236 [FXGL Background Thread 3 ] DEBUG Engine               - engineServices: [class com.almasb.fxgl.app.services.FXGLAssetLoaderService, class com.almasb.fxgl.app.FXGLApplication$GameApplicationService, class com.almasb.fxgl.app.services.FXGLDialogService, class com.almasb.fxgl.app.services.IOTaskExecutorService, class com.almasb.fxgl.io.FileSystemService, class com.almasb.fxgl.localization.LocalizationService, class com.almasb.fxgl.app.services.SystemBundleService, class com.almasb.fxgl.profile.SaveLoadService, class com.almasb.fxgl.ui.FXGLUIFactoryServiceProvider, class com.almasb.fxgl.ui.FXGLDialogFactoryServiceProvider, class com.almasb.fxgl.audio.AudioPlayer, class com.almasb.fxgl.notification.impl.NotificationServiceProvider, class com.almasb.fxgl.achievement.AchievementService, class com.almasb.fxgl.cutscene.CutsceneService, class com.almasb.fxgl.minigames.MiniGameService, class com.almasb.fxgl.net.NetService, class com.almasb.fxgl.app.services.UpdaterService, class com.almasb.fxgl.dev.DevService]
17:55:37.236 [FXGL Background Thread 3 ] DEBUG Engine               - fontGame: Abel-Regular.ttf
17:55:37.236 [FXGL Background Thread 3 ] DEBUG Engine               - fontMono: TerminalLandMono-Regular.otf
17:55:37.236 [FXGL Background Thread 3 ] DEBUG Engine               - fontSizeScaleUI: 1.0
17:55:37.236 [FXGL Background Thread 3 ] DEBUG Engine               - fontText: Courier-Prime.ttf
17:55:37.237 [FXGL Background Thread 3 ] DEBUG Engine               - fontUI: VarelaRound-Regular.ttf
17:55:37.237 [FXGL Background Thread 3 ] DEBUG Engine               - fullScreen: BooleanProperty [value: true]
17:55:37.237 [FXGL Background Thread 3 ] DEBUG Engine               - gameDifficulty: MEDIUM
17:55:37.238 [FXGL Background Thread 3 ] DEBUG Engine               - gameDifficultyProperty: ObjectProperty [value: MEDIUM]
17:55:37.238 [FXGL Background Thread 3 ] DEBUG Engine               - globalMusicVolume: 0.5
17:55:37.238 [FXGL Background Thread 3 ] DEBUG Engine               - globalMusicVolumeProperty: DoubleProperty [value: 0.5]
17:55:37.239 [FXGL Background Thread 3 ] DEBUG Engine               - globalSoundVolume: 0.5
17:55:37.240 [FXGL Background Thread 3 ] DEBUG Engine               - globalSoundVolumeProperty: DoubleProperty [value: 0.5]
17:55:37.240 [FXGL Background Thread 3 ] DEBUG Engine               - height: 640
17:55:37.241 [FXGL Background Thread 3 ] DEBUG Engine               - is3D: false
17:55:37.242 [FXGL Background Thread 3 ] DEBUG Engine               - isAndroid: false
17:55:37.242 [FXGL Background Thread 3 ] DEBUG Engine               - isBrowser: false
17:55:37.242 [FXGL Background Thread 3 ] DEBUG Engine               - isClickFeedbackEnabled: false
17:55:37.243 [FXGL Background Thread 3 ] DEBUG Engine               - isCloseConfirmation: false
17:55:37.243 [FXGL Background Thread 3 ] DEBUG Engine               - isDesktop: true
17:55:37.244 [FXGL Background Thread 3 ] DEBUG Engine               - isDeveloperMenuEnabled: true
17:55:37.245 [FXGL Background Thread 3 ] DEBUG Engine               - isEmbedded: false
17:55:37.245 [FXGL Background Thread 3 ] DEBUG Engine               - isEntityPreloadEnabled: true
17:55:37.245 [FXGL Background Thread 3 ] DEBUG Engine               - isExperimentalTiledLargeMap: false
17:55:37.245 [FXGL Background Thread 3 ] DEBUG Engine               - isFileSystemWriteAllowed: true
17:55:37.246 [FXGL Background Thread 3 ] DEBUG Engine               - isFullScreenAllowed: true
17:55:37.246 [FXGL Background Thread 3 ] DEBUG Engine               - isFullScreenFromStart: true
17:55:37.246 [FXGL Background Thread 3 ] DEBUG Engine               - isGameMenuEnabled: true
17:55:37.246 [FXGL Background Thread 3 ] DEBUG Engine               - isIOS: false
17:55:37.247 [FXGL Background Thread 3 ] DEBUG Engine               - isIntroEnabled: false
17:55:37.247 [FXGL Background Thread 3 ] DEBUG Engine               - isLinux: false
17:55:37.247 [FXGL Background Thread 3 ] DEBUG Engine               - isMac: false
17:55:37.247 [FXGL Background Thread 3 ] DEBUG Engine               - isMainMenuEnabled: false
17:55:37.247 [FXGL Background Thread 3 ] DEBUG Engine               - isManualResizeEnabled: false
17:55:37.248 [FXGL Background Thread 3 ] DEBUG Engine               - isMobile: false
17:55:37.248 [FXGL Background Thread 3 ] DEBUG Engine               - isNative: false
17:55:37.248 [FXGL Background Thread 3 ] DEBUG Engine               - isPauseMusicWhenMinimized: true
17:55:37.248 [FXGL Background Thread 3 ] DEBUG Engine               - isPreserveResizeRatio: true
17:55:37.249 [FXGL Background Thread 3 ] DEBUG Engine               - isProfilingEnabled: false
17:55:37.249 [FXGL Background Thread 3 ] DEBUG Engine               - isScaleAffectedOnResize: true
17:55:37.249 [FXGL Background Thread 3 ] DEBUG Engine               - isSingleStep: false
17:55:37.249 [FXGL Background Thread 3 ] DEBUG Engine               - isUserProfileEnabled: false
17:55:37.249 [FXGL Background Thread 3 ] DEBUG Engine               - isWindows: true
17:55:37.250 [FXGL Background Thread 3 ] DEBUG Engine               - language: ObjectProperty [value: ENGLISH]
17:55:37.250 [FXGL Background Thread 3 ] DEBUG Engine               - menuKey: ESCAPE
17:55:37.250 [FXGL Background Thread 3 ] DEBUG Engine               - mouseSensitivity: 0.2
17:55:37.250 [FXGL Background Thread 3 ] DEBUG Engine               - notificationViewClass: class com.almasb.fxgl.notification.view.XboxNotificationView
17:55:37.251 [FXGL Background Thread 3 ] DEBUG Engine               - pixelsPerMeter: 50.0
17:55:37.251 [FXGL Background Thread 3 ] DEBUG Engine               - platform: WINDOWS
17:55:37.251 [FXGL Background Thread 3 ] DEBUG Engine               - prefHeightProperty: ReadOnlyDoubleProperty [value: 640.0]
17:55:37.251 [FXGL Background Thread 3 ] DEBUG Engine               - prefWidthProperty: ReadOnlyDoubleProperty [value: 1200.0]
17:55:37.252 [FXGL Background Thread 3 ] DEBUG Engine               - profileDir: profiles/
17:55:37.252 [FXGL Background Thread 3 ] DEBUG Engine               - profileName: StringProperty [value: DEFAULT]
17:55:37.252 [FXGL Background Thread 3 ] DEBUG Engine               - randomSeed: -1
17:55:37.253 [FXGL Background Thread 3 ] DEBUG Engine               - runtimeInfo: RuntimeInfo(platform=WINDOWS, version=17.3, build=30.03.2023 11.49)
17:55:37.253 [FXGL Background Thread 3 ] DEBUG Engine               - saveFileExt: sav
17:55:37.254 [FXGL Background Thread 3 ] DEBUG Engine               - scaledHeightProp$fxgl: DoubleProperty [bound, value: 864.0]
17:55:37.254 [FXGL Background Thread 3 ] DEBUG Engine               - scaledWidthProp$fxgl: DoubleProperty [bound, value: 1536.0]
17:55:37.254 [FXGL Background Thread 3 ] DEBUG Engine               - sceneFactory: com.almasb.fxgl.app.scene.SceneFactory@47b4052a
17:55:37.255 [FXGL Background Thread 3 ] DEBUG Engine               - secondsIn24h: 60
17:55:37.255 [FXGL Background Thread 3 ] DEBUG Engine               - soundMenuBack: menu/back.wav
17:55:37.256 [FXGL Background Thread 3 ] DEBUG Engine               - soundMenuPress: menu/press.wav
17:55:37.256 [FXGL Background Thread 3 ] DEBUG Engine               - soundMenuSelect: menu/select.wav
17:55:37.257 [FXGL Background Thread 3 ] DEBUG Engine               - soundNotification: core/notification.wav
17:55:37.257 [FXGL Background Thread 3 ] DEBUG Engine               - stageStyle: DECORATED
17:55:37.257 [FXGL Background Thread 3 ] DEBUG Engine               - supportedLanguages: [ENGLISH, FRENCH, GERMAN, HUNGARIAN, RUSSIAN]
17:55:37.257 [FXGL Background Thread 3 ] DEBUG Engine               - ticksPerSecond: -1
17:55:37.258 [FXGL Background Thread 3 ] DEBUG Engine               - title: Teacher Tower Defense
17:55:37.258 [FXGL Background Thread 3 ] DEBUG Engine               - urlGithub: https://github.com/AlmasB/FXGL
17:55:37.258 [FXGL Background Thread 3 ] DEBUG Engine               - urlLeaderboard: http://fxgl-top.herokuapp.com/
17:55:37.258 [FXGL Background Thread 3 ] DEBUG Engine               - urlPOM: https://raw.githubusercontent.com/AlmasB/FXGL/release/README.md
17:55:37.259 [FXGL Background Thread 3 ] DEBUG Engine               - userAppClass: class at.htl.teachertowerdefense.TeacherTowerDefenseApp
17:55:37.259 [FXGL Background Thread 3 ] DEBUG Engine               - version: 0.1
17:55:37.259 [FXGL Background Thread 3 ] DEBUG Engine               - versionCheckDays: 7
17:55:37.259 [FXGL Background Thread 3 ] DEBUG Engine               - width: 1200
17:55:37.259 [FXGL Background Thread 3 ] DEBUG Engine               - Logging services
17:55:37.260 [FXGL Background Thread 3 ] DEBUG Engine               - class com.almasb.fxgl.app.services.FXGLAssetLoaderService
17:55:37.260 [FXGL Background Thread 3 ] DEBUG Engine               - class com.almasb.fxgl.app.FXGLApplication$GameApplicationService
17:55:37.260 [FXGL Background Thread 3 ] DEBUG Engine               - class com.almasb.fxgl.app.services.FXGLDialogService
17:55:37.260 [FXGL Background Thread 3 ] DEBUG Engine               - class com.almasb.fxgl.app.services.IOTaskExecutorService
17:55:37.260 [FXGL Background Thread 3 ] DEBUG Engine               - class com.almasb.fxgl.io.FileSystemService
17:55:37.261 [FXGL Background Thread 3 ] DEBUG Engine               - class com.almasb.fxgl.localization.LocalizationService
17:55:37.261 [FXGL Background Thread 3 ] DEBUG Engine               - class com.almasb.fxgl.app.services.SystemBundleService
17:55:37.261 [FXGL Background Thread 3 ] DEBUG Engine               - class com.almasb.fxgl.profile.SaveLoadService
17:55:37.261 [FXGL Background Thread 3 ] DEBUG Engine               - class com.almasb.fxgl.ui.FXGLUIFactoryServiceProvider
17:55:37.261 [FXGL Background Thread 3 ] DEBUG Engine               - class com.almasb.fxgl.ui.FXGLDialogFactoryServiceProvider
17:55:37.261 [FXGL Background Thread 3 ] DEBUG Engine               - class com.almasb.fxgl.audio.AudioPlayer
17:55:37.262 [FXGL Background Thread 3 ] DEBUG Engine               - class com.almasb.fxgl.notification.impl.NotificationServiceProvider
17:55:37.262 [FXGL Background Thread 3 ] DEBUG Engine               - class com.almasb.fxgl.achievement.AchievementService
17:55:37.262 [FXGL Background Thread 3 ] DEBUG Engine               - class com.almasb.fxgl.cutscene.CutsceneService
17:55:37.262 [FXGL Background Thread 3 ] DEBUG Engine               - class com.almasb.fxgl.minigames.MiniGameService
17:55:37.262 [FXGL Background Thread 3 ] DEBUG Engine               - class com.almasb.fxgl.net.NetService
17:55:37.262 [FXGL Background Thread 3 ] DEBUG Engine               - class com.almasb.fxgl.app.services.UpdaterService
17:55:37.263 [FXGL Background Thread 3 ] DEBUG Engine               - class com.almasb.fxgl.dev.DevService
17:55:47.645 [JavaFX Application Thread] DEBUG PrimaryStageWindow   - Push state: FXGLDefaultMenu
17:55:47.649 [JavaFX Application Thread] DEBUG Input                - Clearing active input actions
17:55:47.651 [JavaFX Application Thread] DEBUG GameApplicationServi - Removing overlay from GameScene and adding to FXGLDefaultMenu
17:55:47.652 [JavaFX Application Thread] DEBUG PrimaryStageWindow   - GameScene -> FXGLDefaultMenu
17:55:48.405 [JavaFX Application Thread] DEBUG Menu                 - fireExit()
17:55:48.408 [JavaFX Application Thread] DEBUG PrimaryStageWindow   - Push state: DialogSubScene
17:55:48.408 [JavaFX Application Thread] DEBUG Input                - Clearing active input actions
17:55:48.408 [JavaFX Application Thread] DEBUG GameApplicationServi - Removing overlay from FXGLDefaultMenu and adding to DialogSubScene
17:55:48.409 [JavaFX Application Thread] DEBUG PrimaryStageWindow   - FXGLDefaultMenu -> DialogSubScene
17:55:49.125 [JavaFX Application Thread] DEBUG PrimaryStageWindow   - Pop state: DialogSubScene
17:55:49.125 [JavaFX Application Thread] DEBUG Input                - Clearing active input actions
17:55:49.127 [JavaFX Application Thread] DEBUG GameApplicationServi - Removing overlay from DialogSubScene and adding to FXGLDefaultMenu
17:55:49.129 [JavaFX Application Thread] DEBUG PrimaryStageWindow   - FXGLDefaultMenu <- DialogSubScene
17:55:49.129 [JavaFX Application Thread] DEBUG FXGLApplication      - Exiting FXGL
17:55:49.129 [JavaFX Application Thread] DEBUG LoopRunner           - Stopping loop
17:55:49.129 [JavaFX Application Thread] DEBUG SystemBundleService  - Saving FXGL system data
17:55:49.133 [JavaFX Application Thread] DEBUG FileSystemAccess     - Writing to: C:\Users\lucaa\OneDrive - HTL Saalfelden\POS\Workspace\IntelliJ\FXGL\TeacherTowerDefense\system\fxgl.bundle
17:55:49.135 [JavaFX Application Thread] DEBUG Async                - Shutting down background threads
17:55:49.135 [JavaFX Application Thread] DEBUG PrimaryStageWindow   - Closing main window
17:55:49.213 [JavaFX Application Thread] DEBUG Logger               - Closing Logger
