11:14:53.858 [main                     ] DEBUG Logger               - Configured Logger
11:14:53.865 [main                     ] DEBUG GameApplication      - Logging settings
Title: Teacher Tower Defense
Version: 0.1
Width: 960
Height: 640
Fullscreen: false
Intro: false
Profiling: false
Single step:false
App Mode: DEVELOPER
Menu Key: ESCAPE
Stage Style: DECORATED
Scene Factory: class com.almasb.fxgl.app.scene.SceneFactory

11:14:54.518 [JavaFX Application Thread] DEBUG FXGLApplication      - Initializing FXGL
11:14:54.522 [JavaFX Application Thread] INFO  Engine               - FXGL-17.3 (30.03.2023 11.49) on WINDOWS (J:25.0.2 FX:21.0.6)
11:14:54.522 [JavaFX Application Thread] DEBUG Engine               - JRE Vendor Name: Oracle Corporation
11:14:54.522 [JavaFX Application Thread] DEBUG Engine               - Running on OS: Windows 11 version 10.0
11:14:54.522 [JavaFX Application Thread] DEBUG Engine               - Architecture: amd64
11:14:54.522 [JavaFX Application Thread] INFO  Engine               - Source code and latest versions at: https://github.com/AlmasB/FXGL
11:14:54.522 [JavaFX Application Thread] INFO  Engine               -       Ask questions and discuss at: https://github.com/AlmasB/FXGL/discussions
11:14:54.522 [JavaFX Application Thread] INFO  Engine               -              Join the FXGL chat at: https://gitter.im/AlmasB/FXGL
11:14:54.639 [JavaFX Application Thread] DEBUG PrimaryStageWindow   - Creating a JavaFX scene
11:14:54.701 [JavaFX Application Thread] DEBUG PrimaryStageWindow   - Target settings size: 960.0 x 640.0
11:14:54.701 [JavaFX Application Thread] DEBUG PrimaryStageWindow   - Scaled scene size:    960.0 x 640.0
11:14:54.702 [JavaFX Application Thread] DEBUG PrimaryStageWindow   - Scaled ratio: (1.0, 1.0)
11:14:54.703 [JavaFX Application Thread] DEBUG PrimaryStageWindow   - Set initial scene to FXGLStartupScene
11:14:54.707 [JavaFX Application Thread] DEBUG PrimaryStageWindow   - Opening main window
11:14:54.854 [JavaFX Application Thread] DEBUG PrimaryStageWindow   - Window border size: (14.4000244140625, 37.5999755859375)
11:14:54.855 [JavaFX Application Thread] DEBUG PrimaryStageWindow   - Scaled size: 960.0 x 640.0
11:14:54.855 [JavaFX Application Thread] DEBUG PrimaryStageWindow   - Scaled ratio: (1.0, 1.0)
11:14:54.855 [JavaFX Application Thread] DEBUG PrimaryStageWindow   - Scene size: 960.0 x 640.0
11:14:54.855 [JavaFX Application Thread] DEBUG PrimaryStageWindow   - Stage size: 974.4000244140625 x 677.5999755859375
11:14:54.865 [FXGL Background Thread 1 ] DEBUG Engine               - Initializing environment variables
11:14:54.932 [FXGL Background Thread 1 ] DEBUG FXGLAssetLoaderServi - User app class for loading assets: class at.htl.teachertowerdefense.TeacherTowerDefenseApp
11:14:54.932 [FXGL Background Thread 1 ] DEBUG GameApplicationServi - Applying CSS: fxgl_dark.css
11:14:54.934 [FXGL Background Thread 1 ] DEBUG FXGLAssetLoaderServi - Loading from file system: jar:file:/C:/Users/lucaa/.m2/repository/com/github/almasb/fxgl/17.3/fxgl-17.3.jar!/fxglassets/ui/css/fxgl_dark.css
11:14:54.990 [FXGL Background Thread 1 ] DEBUG GameApplicationServi - Initializing application scenes
11:14:55.039 [FXGL Background Thread 1 ] DEBUG GameWorld            - Game world initialized
11:14:55.091 [FXGL Background Thread 1 ] DEBUG PhysicsWorld         - Physics world initialized: appHeight=640, physics.ppm=50,0
11:14:55.092 [FXGL Background Thread 1 ] DEBUG PhysicsWorld         - Using strategy: BRUTE_FORCE
11:14:55.096 [FXGL Background Thread 1 ] DEBUG GameScene            - Game scene initialized: 960x640
11:14:55.108 [FXGL Background Thread 1 ] DEBUG FXGL.DefaultMenu     - createMenuBodyGameMenu()
11:14:55.128 [FXGL Background Thread 1 ] DEBUG FXGL.DefaultMenu     - createOptionsMenu()
11:14:55.144 [FXGL Background Thread 1 ] DEBUG FXGLAssetLoaderServi - Loading from file system: jar:file:/C:/Users/lucaa/.m2/repository/com/github/almasb/fxgl/17.3/fxgl-17.3.jar!/fxglassets/textures/particles/smoke.png
11:14:55.238 [FXGL Background Thread 1 ] DEBUG FXGLAssetLoaderServi - Loading from file system: jar:file:/C:/Users/lucaa/.m2/repository/com/github/almasb/fxgl/17.3/fxgl-17.3.jar!/fxglassets/textures/particles/trace_horizontal.png
11:14:55.265 [FXGL Background Thread 1 ] DEBUG GameApplicationServi - Application scenes initialized
11:14:55.280 [FXGL Background Thread 1 ] DEBUG SystemBundleService  - Loading FXGL system data
11:14:55.281 [FXGL Background Thread 1 ] DEBUG FileSystemAccess     - Reading from: C:\Users\lucaa\OneDrive - HTL Saalfelden\POS\Workspace\IntelliJ\FXGL\TeacherTowerDefense\system\fxgl.bundle
11:14:55.283 [FXGL Background Thread 1 ] DEBUG SystemBundleService  - Bundle FXGL: {}
11:14:55.283 [FXGL Background Thread 1 ] DEBUG UpdaterService       - Checking for updates
11:14:55.287 [FXGL Background Thread 4 ] DEBUG FXGLApplication      - Loading fonts
11:14:55.288 [FXGL Background Thread 4 ] DEBUG FXGLAssetLoaderServi - Loading from file system: jar:file:/C:/Users/lucaa/.m2/repository/com/github/almasb/fxgl/17.3/fxgl-17.3.jar!/fxglassets/ui/fonts/VarelaRound-Regular.ttf
11:14:55.288 [FXGL Background Thread 1 ] DEBUG FXGLApplication      - Loading default localization
11:14:55.289 [FXGL Background Thread 1 ] DEBUG FXGLAssetLoaderServi - Loading from file system: jar:file:/C:/Users/lucaa/.m2/repository/com/github/almasb/fxgl/17.3/fxgl-17.3.jar!/fxglassets/languages/english.lang
11:14:55.310 [FXGL Background Thread 4 ] DEBUG FXGLAssetLoaderServi - Loading from file system: jar:file:/C:/Users/lucaa/.m2/repository/com/github/almasb/fxgl/17.3/fxgl-17.3.jar!/fxglassets/ui/fonts/Abel-Regular.ttf
11:14:55.313 [FXGL Background Thread 1 ] INFO  FXGLApplication      - FXGL initialization took: 0,448 sec
11:14:55.314 [JavaFX Application Thread] DEBUG FXGLAssetLoaderServi - Loading from file system: jar:file:/C:/Users/lucaa/.m2/repository/com/github/almasb/fxgl/17.3/fxgl-17.3.jar!/fxglassets/textures/fxgl_icon.png
11:14:55.327 [FXGL Background Thread 4 ] DEBUG FXGLAssetLoaderServi - Loading from file system: jar:file:/C:/Users/lucaa/.m2/repository/com/github/almasb/fxgl/17.3/fxgl-17.3.jar!/fxglassets/ui/fonts/TerminalLandMono-Regular.otf
11:14:55.344 [JavaFX Application Thread] DEBUG FXGLAssetLoaderServi - Loading from file system: jar:file:/C:/Users/lucaa/.m2/repository/com/github/almasb/fxgl/17.3/fxgl-17.3.jar!/fxglassets/textures/fxgl_default_cursor.png
11:14:55.347 [FXGL Background Thread 4 ] DEBUG FXGLAssetLoaderServi - Loading from file system: jar:file:/C:/Users/lucaa/.m2/repository/com/github/almasb/fxgl/17.3/fxgl-17.3.jar!/fxglassets/ui/fonts/Courier-Prime.ttf
11:14:55.359 [JavaFX Application Thread] DEBUG Input                - Registered new binding: Screenshot - CTRL+8
11:14:55.360 [JavaFX Application Thread] DEBUG Input                - Registered new binding: System info dump - CTRL+9
11:14:55.361 [JavaFX Application Thread] DEBUG Input                - Registered new binding: Restart - CTRL+R
11:14:55.362 [JavaFX Application Thread] DEBUG Input                - Registered new binding: Toggle Debug Camera - CTRL+7
11:14:55.366 [JavaFX Application Thread] DEBUG LoopRunner           - Starting loop
11:14:55.366 [JavaFX Application Thread] DEBUG LoopRunner           - Initializing JavaFX AnimationTimerLoop
11:14:55.368 [JavaFX Application Thread] DEBUG GameApplicationServi - Starting new game
11:14:55.368 [JavaFX Application Thread] DEBUG Input                - Clearing active input actions
11:14:55.378 [JavaFX Application Thread] DEBUG GameApplicationServi - Removing overlay from FXGLStartupScene and adding to FXGLLoadingScene
11:14:55.379 [JavaFX Application Thread] DEBUG PrimaryStageWindow   - FXGLStartupScene -> FXGLLoadingScene
11:14:55.379 [JavaFX Application Thread] DEBUG GameApplicationServi - Clearing previous game
11:14:55.379 [JavaFX Application Thread] DEBUG GameScene            - Clearing game scene
11:14:55.379 [JavaFX Application Thread] DEBUG GameWorld            - Clearing game world
11:14:55.379 [JavaFX Application Thread] DEBUG PhysicsWorld         - Clearing physics world
11:14:55.381 [FXGL Background Thread 4 ] DEBUG FXGLApplication      - Initializing game
11:14:55.383 [JavaFX Application Thread] DEBUG FXGLApplication      - Registering font factories with UI factory
11:14:55.412 [FXGL Background Thread 4 ] WARN  TMXLevelLoader       - TiledMap generated from 1.11.2. Supported version: 1.9.0. Some features may not be parsed fully.
11:14:55.437 [FXGL Background Thread 4 ] DEBUG TMXLevelLoader       - Parsed TiledMap: file:/C:/Users/lucaa/OneDrive%20-%20HTL%20Saalfelden/POS/Workspace/IntelliJ/FXGL/TeacherTowerDefense/target/classes/assets/levels/Map1.tmx
11:14:55.438 [FXGL Background Thread 4 ] DEBUG TMXLevelLoader       - Creating tile layer entities
11:14:55.440 [FXGL Background Thread 4 ] DEBUG TilesetLoader        - Loading view for layer Kachelebene 0
11:14:55.441 [FXGL Background Thread 4 ] DEBUG TilesetLoader        - Created buffer with size 960.0x640.0
11:14:55.481 [FXGL Background Thread 4 ] DEBUG TilesetLoader        - Loading view for layer Kachelebene 1
11:14:55.482 [FXGL Background Thread 4 ] DEBUG TilesetLoader        - Created buffer with size 960.0x640.0
11:14:55.489 [FXGL Background Thread 4 ] DEBUG TilesetLoader        - Loading view for layer Kachelebene 2
11:14:55.491 [FXGL Background Thread 4 ] DEBUG TilesetLoader        - Created buffer with size 960.0x640.0
11:14:55.497 [FXGL Background Thread 4 ] DEBUG TilesetLoader        - Loading view for layer Kachelebene 4
11:14:55.498 [FXGL Background Thread 4 ] DEBUG TilesetLoader        - Created buffer with size 960.0x640.0
11:14:55.499 [FXGL Background Thread 4 ] DEBUG TMXLevelLoader       - Creating object layer entities
11:14:55.520 [FXGL Background Thread 4 ] DEBUG GameWorld            - Clearing removable entities
11:14:55.521 [FXGL Background Thread 4 ] DEBUG GameWorld            - Setting level: com.almasb.fxgl.entity.level.Level@771692a5
11:14:55.534 [FXGL Background Thread 4 ] INFO  FXGLApplication      - Game initialization took: 0,153 sec
11:14:55.679 [JavaFX Application Thread] DEBUG Input                - Clearing active input actions
11:14:55.687 [JavaFX Application Thread] DEBUG GameApplicationServi - Removing overlay from FXGLLoadingScene and adding to GameScene
11:14:55.687 [JavaFX Application Thread] DEBUG PrimaryStageWindow   - FXGLLoadingScene -> GameScene
11:14:55.743 [FXGL Background Thread 2 ] INFO  UpdaterService       - Your current version:  17.3
11:14:55.744 [FXGL Background Thread 2 ] INFO  UpdaterService       - Latest stable version: 25
11:14:58.286 [FXGL Background Thread 3 ] DEBUG Engine               - Logging environment variables
11:14:58.287 [FXGL Background Thread 3 ] DEBUG Engine               - achievements: []
11:14:58.287 [FXGL Background Thread 3 ] DEBUG Engine               - actualHeight: 640.0
11:14:58.288 [FXGL Background Thread 3 ] DEBUG Engine               - actualHeightProperty: ReadOnlyDoubleProperty [value: 792.800048828125]
11:14:58.288 [FXGL Background Thread 3 ] DEBUG Engine               - actualWidth: 960.0
11:14:58.288 [FXGL Background Thread 3 ] DEBUG Engine               - actualWidthProperty: ReadOnlyDoubleProperty [value: 1536.0]
11:14:58.288 [FXGL Background Thread 3 ] DEBUG Engine               - appIcon: fxgl_icon.png
11:14:58.288 [FXGL Background Thread 3 ] DEBUG Engine               - applicationMode: DEVELOPER
11:14:58.288 [FXGL Background Thread 3 ] DEBUG Engine               - cSSList: [fxgl_dark.css]
11:14:58.288 [FXGL Background Thread 3 ] DEBUG Engine               - collisionDetectionStrategy: BRUTE_FORCE
11:14:58.288 [FXGL Background Thread 3 ] DEBUG Engine               - configClass: Optional.empty
11:14:58.289 [FXGL Background Thread 3 ] DEBUG Engine               - credits: []
11:14:58.290 [FXGL Background Thread 3 ] DEBUG Engine               - defaultCursor: CursorInfo(imageName=fxgl_default_cursor.png, hotspotX=7.0, hotspotY=6.0)
11:14:58.291 [FXGL Background Thread 3 ] DEBUG Engine               - devBBoxColorProperty: ObjectProperty [value: 0xff0000ff]
11:14:58.293 [FXGL Background Thread 3 ] DEBUG Engine               - devEnableDebugCameraProperty: BooleanProperty [value: false]
11:14:58.293 [FXGL Background Thread 3 ] DEBUG Engine               - devSensorColorProperty: ObjectProperty [value: 0xffff00ff]
11:14:58.293 [FXGL Background Thread 3 ] DEBUG Engine               - devShowBBoxProperty: BooleanProperty [value: false]
11:14:58.293 [FXGL Background Thread 3 ] DEBUG Engine               - devShowPositionProperty: BooleanProperty [value: false]
11:14:58.294 [FXGL Background Thread 3 ] DEBUG Engine               - enabledMenuItems: []
11:14:58.294 [FXGL Background Thread 3 ] DEBUG Engine               - engineServices: [class com.almasb.fxgl.app.services.FXGLAssetLoaderService, class com.almasb.fxgl.app.FXGLApplication$GameApplicationService, class com.almasb.fxgl.app.services.FXGLDialogService, class com.almasb.fxgl.app.services.IOTaskExecutorService, class com.almasb.fxgl.io.FileSystemService, class com.almasb.fxgl.localization.LocalizationService, class com.almasb.fxgl.app.services.SystemBundleService, class com.almasb.fxgl.profile.SaveLoadService, class com.almasb.fxgl.ui.FXGLUIFactoryServiceProvider, class com.almasb.fxgl.ui.FXGLDialogFactoryServiceProvider, class com.almasb.fxgl.audio.AudioPlayer, class com.almasb.fxgl.notification.impl.NotificationServiceProvider, class com.almasb.fxgl.achievement.AchievementService, class com.almasb.fxgl.cutscene.CutsceneService, class com.almasb.fxgl.minigames.MiniGameService, class com.almasb.fxgl.net.NetService, class com.almasb.fxgl.app.services.UpdaterService, class com.almasb.fxgl.dev.DevService]
11:14:58.294 [FXGL Background Thread 3 ] DEBUG Engine               - fontGame: Abel-Regular.ttf
11:14:58.295 [FXGL Background Thread 3 ] DEBUG Engine               - fontMono: TerminalLandMono-Regular.otf
11:14:58.295 [FXGL Background Thread 3 ] DEBUG Engine               - fontSizeScaleUI: 1.0
11:14:58.295 [FXGL Background Thread 3 ] DEBUG Engine               - fontText: Courier-Prime.ttf
11:14:58.296 [FXGL Background Thread 3 ] DEBUG Engine               - fontUI: VarelaRound-Regular.ttf
11:14:58.296 [FXGL Background Thread 3 ] DEBUG Engine               - fullScreen: BooleanProperty [value: false]
11:14:58.296 [FXGL Background Thread 3 ] DEBUG Engine               - gameDifficulty: MEDIUM
11:14:58.296 [FXGL Background Thread 3 ] DEBUG Engine               - gameDifficultyProperty: ObjectProperty [value: MEDIUM]
11:14:58.297 [FXGL Background Thread 3 ] DEBUG Engine               - globalMusicVolume: 0.5
11:14:58.297 [FXGL Background Thread 3 ] DEBUG Engine               - globalMusicVolumeProperty: DoubleProperty [value: 0.5]
11:14:58.297 [FXGL Background Thread 3 ] DEBUG Engine               - globalSoundVolume: 0.5
11:14:58.298 [FXGL Background Thread 3 ] DEBUG Engine               - globalSoundVolumeProperty: DoubleProperty [value: 0.5]
11:14:58.298 [FXGL Background Thread 3 ] DEBUG Engine               - height: 640
11:14:58.298 [FXGL Background Thread 3 ] DEBUG Engine               - is3D: false
11:14:58.299 [FXGL Background Thread 3 ] DEBUG Engine               - isAndroid: false
11:14:58.299 [FXGL Background Thread 3 ] DEBUG Engine               - isBrowser: false
11:14:58.299 [FXGL Background Thread 3 ] DEBUG Engine               - isClickFeedbackEnabled: false
11:14:58.299 [FXGL Background Thread 3 ] DEBUG Engine               - isCloseConfirmation: false
11:14:58.299 [FXGL Background Thread 3 ] DEBUG Engine               - isDesktop: true
11:14:58.299 [FXGL Background Thread 3 ] DEBUG Engine               - isDeveloperMenuEnabled: false
11:14:58.299 [FXGL Background Thread 3 ] DEBUG Engine               - isEmbedded: false
11:14:58.299 [FXGL Background Thread 3 ] DEBUG Engine               - isEntityPreloadEnabled: true
11:14:58.301 [FXGL Background Thread 3 ] DEBUG Engine               - isExperimentalTiledLargeMap: false
11:14:58.301 [FXGL Background Thread 3 ] DEBUG Engine               - isFileSystemWriteAllowed: true
11:14:58.301 [FXGL Background Thread 3 ] DEBUG Engine               - isFullScreenAllowed: false
11:14:58.301 [FXGL Background Thread 3 ] DEBUG Engine               - isFullScreenFromStart: false
11:14:58.302 [FXGL Background Thread 3 ] DEBUG Engine               - isGameMenuEnabled: true
11:14:58.302 [FXGL Background Thread 3 ] DEBUG Engine               - isIOS: false
11:14:58.302 [FXGL Background Thread 3 ] DEBUG Engine               - isIntroEnabled: false
11:14:58.302 [FXGL Background Thread 3 ] DEBUG Engine               - isLinux: false
11:14:58.302 [FXGL Background Thread 3 ] DEBUG Engine               - isMac: false
11:14:58.303 [FXGL Background Thread 3 ] DEBUG Engine               - isMainMenuEnabled: false
11:14:58.303 [FXGL Background Thread 3 ] DEBUG Engine               - isManualResizeEnabled: true
11:14:58.303 [FXGL Background Thread 3 ] DEBUG Engine               - isMobile: false
11:14:58.303 [FXGL Background Thread 3 ] DEBUG Engine               - isNative: false
11:14:58.303 [FXGL Background Thread 3 ] DEBUG Engine               - isPauseMusicWhenMinimized: true
11:14:58.303 [FXGL Background Thread 3 ] DEBUG Engine               - isPreserveResizeRatio: true
11:14:58.303 [FXGL Background Thread 3 ] DEBUG Engine               - isProfilingEnabled: false
11:14:58.303 [FXGL Background Thread 3 ] DEBUG Engine               - isScaleAffectedOnResize: true
11:14:58.303 [FXGL Background Thread 3 ] DEBUG Engine               - isSingleStep: false
11:14:58.303 [FXGL Background Thread 3 ] DEBUG Engine               - isUserProfileEnabled: false
11:14:58.303 [FXGL Background Thread 3 ] DEBUG Engine               - isWindows: true
11:14:58.303 [FXGL Background Thread 3 ] DEBUG Engine               - language: ObjectProperty [value: ENGLISH]
11:14:58.303 [FXGL Background Thread 3 ] DEBUG Engine               - menuKey: ESCAPE
11:14:58.303 [FXGL Background Thread 3 ] DEBUG Engine               - mouseSensitivity: 0.2
11:14:58.303 [FXGL Background Thread 3 ] DEBUG Engine               - notificationViewClass: class com.almasb.fxgl.notification.view.XboxNotificationView
11:14:58.303 [FXGL Background Thread 3 ] DEBUG Engine               - pixelsPerMeter: 50.0
11:14:58.303 [FXGL Background Thread 3 ] DEBUG Engine               - platform: WINDOWS
11:14:58.304 [FXGL Background Thread 3 ] DEBUG Engine               - prefHeightProperty: ReadOnlyDoubleProperty [value: 640.0]
11:14:58.304 [FXGL Background Thread 3 ] DEBUG Engine               - prefWidthProperty: ReadOnlyDoubleProperty [value: 960.0]
11:14:58.304 [FXGL Background Thread 3 ] DEBUG Engine               - profileDir: profiles/
11:14:58.305 [FXGL Background Thread 3 ] DEBUG Engine               - profileName: StringProperty [value: DEFAULT]
11:14:58.305 [FXGL Background Thread 3 ] DEBUG Engine               - randomSeed: -1
11:14:58.306 [FXGL Background Thread 3 ] DEBUG Engine               - runtimeInfo: RuntimeInfo(platform=WINDOWS, version=17.3, build=30.03.2023 11.49)
11:14:58.306 [FXGL Background Thread 3 ] DEBUG Engine               - saveFileExt: sav
11:14:58.307 [FXGL Background Thread 3 ] DEBUG Engine               - scaledHeightProp$fxgl: DoubleProperty [bound, value: 792.800048828125]
11:14:58.307 [FXGL Background Thread 3 ] DEBUG Engine               - scaledWidthProp$fxgl: DoubleProperty [bound, value: 1536.0]
11:14:58.307 [FXGL Background Thread 3 ] DEBUG Engine               - sceneFactory: com.almasb.fxgl.app.scene.SceneFactory@3eced8ba
11:14:58.307 [FXGL Background Thread 3 ] DEBUG Engine               - secondsIn24h: 60
11:14:58.307 [FXGL Background Thread 3 ] DEBUG Engine               - soundMenuBack: menu/back.wav
11:14:58.308 [FXGL Background Thread 3 ] DEBUG Engine               - soundMenuPress: menu/press.wav
11:14:58.308 [FXGL Background Thread 3 ] DEBUG Engine               - soundMenuSelect: menu/select.wav
11:14:58.308 [FXGL Background Thread 3 ] DEBUG Engine               - soundNotification: core/notification.wav
11:14:58.308 [FXGL Background Thread 3 ] DEBUG Engine               - stageStyle: DECORATED
11:14:58.309 [FXGL Background Thread 3 ] DEBUG Engine               - supportedLanguages: [ENGLISH, FRENCH, GERMAN, HUNGARIAN, RUSSIAN]
11:14:58.309 [FXGL Background Thread 3 ] DEBUG Engine               - ticksPerSecond: -1
11:14:58.309 [FXGL Background Thread 3 ] DEBUG Engine               - title: Teacher Tower Defense
11:14:58.309 [FXGL Background Thread 3 ] DEBUG Engine               - urlGithub: https://github.com/AlmasB/FXGL
11:14:58.309 [FXGL Background Thread 3 ] DEBUG Engine               - urlLeaderboard: http://fxgl-top.herokuapp.com/
11:14:58.309 [FXGL Background Thread 3 ] DEBUG Engine               - urlPOM: https://raw.githubusercontent.com/AlmasB/FXGL/release/README.md
11:14:58.309 [FXGL Background Thread 3 ] DEBUG Engine               - userAppClass: class at.htl.teachertowerdefense.TeacherTowerDefenseApp
11:14:58.309 [FXGL Background Thread 3 ] DEBUG Engine               - version: 0.1
11:14:58.311 [FXGL Background Thread 3 ] DEBUG Engine               - versionCheckDays: 7
11:14:58.311 [FXGL Background Thread 3 ] DEBUG Engine               - width: 960
11:14:58.311 [FXGL Background Thread 3 ] DEBUG Engine               - Logging services
11:14:58.311 [FXGL Background Thread 3 ] DEBUG Engine               - class com.almasb.fxgl.app.services.FXGLAssetLoaderService
11:14:58.311 [FXGL Background Thread 3 ] DEBUG Engine               - class com.almasb.fxgl.app.FXGLApplication$GameApplicationService
11:14:58.311 [FXGL Background Thread 3 ] DEBUG Engine               - class com.almasb.fxgl.app.services.FXGLDialogService
11:14:58.312 [FXGL Background Thread 3 ] DEBUG Engine               - class com.almasb.fxgl.app.services.IOTaskExecutorService
11:14:58.312 [FXGL Background Thread 3 ] DEBUG Engine               - class com.almasb.fxgl.io.FileSystemService
11:14:58.312 [FXGL Background Thread 3 ] DEBUG Engine               - class com.almasb.fxgl.localization.LocalizationService
11:14:58.312 [FXGL Background Thread 3 ] DEBUG Engine               - class com.almasb.fxgl.app.services.SystemBundleService
11:14:58.312 [FXGL Background Thread 3 ] DEBUG Engine               - class com.almasb.fxgl.profile.SaveLoadService
11:14:58.312 [FXGL Background Thread 3 ] DEBUG Engine               - class com.almasb.fxgl.ui.FXGLUIFactoryServiceProvider
11:14:58.312 [FXGL Background Thread 3 ] DEBUG Engine               - class com.almasb.fxgl.ui.FXGLDialogFactoryServiceProvider
11:14:58.312 [FXGL Background Thread 3 ] DEBUG Engine               - class com.almasb.fxgl.audio.AudioPlayer
11:14:58.312 [FXGL Background Thread 3 ] DEBUG Engine               - class com.almasb.fxgl.notification.impl.NotificationServiceProvider
11:14:58.312 [FXGL Background Thread 3 ] DEBUG Engine               - class com.almasb.fxgl.achievement.AchievementService
11:14:58.312 [FXGL Background Thread 3 ] DEBUG Engine               - class com.almasb.fxgl.cutscene.CutsceneService
11:14:58.312 [FXGL Background Thread 3 ] DEBUG Engine               - class com.almasb.fxgl.minigames.MiniGameService
11:14:58.312 [FXGL Background Thread 3 ] DEBUG Engine               - class com.almasb.fxgl.net.NetService
11:14:58.312 [FXGL Background Thread 3 ] DEBUG Engine               - class com.almasb.fxgl.app.services.UpdaterService
11:14:58.313 [FXGL Background Thread 3 ] DEBUG Engine               - class com.almasb.fxgl.dev.DevService
11:18:25.052 [JavaFX Application Thread] DEBUG FXGLApplication      - Exiting FXGL
11:18:25.053 [JavaFX Application Thread] DEBUG LoopRunner           - Stopping loop
11:18:25.053 [JavaFX Application Thread] DEBUG SystemBundleService  - Saving FXGL system data
11:18:25.055 [JavaFX Application Thread] DEBUG FileSystemAccess     - Writing to: C:\Users\lucaa\OneDrive - HTL Saalfelden\POS\Workspace\IntelliJ\FXGL\TeacherTowerDefense\system\fxgl.bundle
11:18:25.056 [JavaFX Application Thread] DEBUG Async                - Shutting down background threads
11:18:25.057 [JavaFX Application Thread] DEBUG PrimaryStageWindow   - Closing main window
11:18:25.089 [JavaFX Application Thread] DEBUG Logger               - Closing Logger
