12:10:58.874 [main                     ] DEBUG Logger               - Configured Logger
12:10:58.882 [main                     ] DEBUG GameApplication      - Logging settings
Title: Teacher Tower Defense
Version: 0.1
Width: 1200
Height: 640
Fullscreen: true
Intro: false
Profiling: false
Single step:false
App Mode: DEVELOPER
Menu Key: ESCAPE
Stage Style: DECORATED
Scene Factory: class at.htl.teachertowerdefense.CustomSceneFactory

12:10:59.420 [JavaFX Application Thread] DEBUG FXGLApplication      - Initializing FXGL
12:10:59.423 [JavaFX Application Thread] INFO  Engine               - FXGL-17.3 (30.03.2023 11.49) on WINDOWS (J:25.0.2 FX:21.0.6)
12:10:59.423 [JavaFX Application Thread] DEBUG Engine               - JRE Vendor Name: Oracle Corporation
12:10:59.423 [JavaFX Application Thread] DEBUG Engine               - Running on OS: Windows 11 version 10.0
12:10:59.424 [JavaFX Application Thread] DEBUG Engine               - Architecture: amd64
12:10:59.424 [JavaFX Application Thread] INFO  Engine               - Source code and latest versions at: https://github.com/AlmasB/FXGL
12:10:59.424 [JavaFX Application Thread] INFO  Engine               -       Ask questions and discuss at: https://github.com/AlmasB/FXGL/discussions
12:10:59.424 [JavaFX Application Thread] INFO  Engine               -              Join the FXGL chat at: https://gitter.im/AlmasB/FXGL
12:10:59.540 [JavaFX Application Thread] DEBUG PrimaryStageWindow   - Creating a JavaFX scene
12:10:59.594 [JavaFX Application Thread] DEBUG PrimaryStageWindow   - Target settings size: 1200.0 x 640.0
12:10:59.594 [JavaFX Application Thread] DEBUG PrimaryStageWindow   - Scaled scene size:    1200.0 x 640.0
12:10:59.594 [JavaFX Application Thread] DEBUG PrimaryStageWindow   - Scaled ratio: (1.0, 1.0)
12:10:59.595 [JavaFX Application Thread] DEBUG PrimaryStageWindow   - Set initial scene to FXGLStartupScene
12:10:59.600 [JavaFX Application Thread] DEBUG PrimaryStageWindow   - Opening main window
12:10:59.740 [JavaFX Application Thread] DEBUG PrimaryStageWindow   - Window border size: (14.4000244140625, 37.5999755859375)
12:10:59.740 [JavaFX Application Thread] DEBUG PrimaryStageWindow   - Scaled size: 1200.0 x 640.0
12:10:59.741 [JavaFX Application Thread] DEBUG PrimaryStageWindow   - Scaled ratio: (1.0, 1.0)
12:10:59.741 [JavaFX Application Thread] DEBUG PrimaryStageWindow   - Scene size: 1200.0 x 640.0
12:10:59.741 [JavaFX Application Thread] DEBUG PrimaryStageWindow   - Stage size: 1214.4000244140625 x 677.5999755859375
12:10:59.816 [JavaFX Application Thread] DEBUG PrimaryStageWindow   - Going fullscreen
12:10:59.823 [FXGL Background Thread 1 ] DEBUG Engine               - Initializing environment variables
12:10:59.866 [FXGL Background Thread 1 ] DEBUG FXGLAssetLoaderServi - User app class for loading assets: class at.htl.teachertowerdefense.TeacherTowerDefenseApp
12:10:59.866 [FXGL Background Thread 1 ] DEBUG GameApplicationServi - Applying CSS: fxgl_dark.css
12:10:59.867 [FXGL Background Thread 1 ] DEBUG FXGLAssetLoaderServi - Loading from file system: jar:file:/C:/Users/lucaa/.m2/repository/com/github/almasb/fxgl/17.3/fxgl-17.3.jar!/fxglassets/ui/css/fxgl_dark.css
12:10:59.902 [FXGL Background Thread 1 ] DEBUG GameApplicationServi - Initializing application scenes
12:10:59.937 [FXGL Background Thread 1 ] DEBUG GameWorld            - Game world initialized
12:10:59.983 [FXGL Background Thread 1 ] DEBUG PhysicsWorld         - Physics world initialized: appHeight=640, physics.ppm=50,0
12:10:59.983 [FXGL Background Thread 1 ] DEBUG PhysicsWorld         - Using strategy: BRUTE_FORCE
12:10:59.986 [FXGL Background Thread 1 ] DEBUG GameScene            - Game scene initialized: 1200x640
12:11:00.003 [FXGL Background Thread 1 ] DEBUG FXGLAssetLoaderServi - Loading from file system: file:/C:/Users/lucaa/OneDrive%20-%20HTL%20Saalfelden/POS/Workspace/IntelliJ/FXGL/TeacherTowerDefense/target/classes/assets/textures/menu_bg.png
12:11:00.088 [FXGL Background Thread 1 ] DEBUG GameApplicationServi - Application scenes initialized
12:11:00.096 [FXGL Background Thread 1 ] DEBUG SystemBundleService  - Loading FXGL system data
12:11:00.097 [FXGL Background Thread 1 ] DEBUG FileSystemAccess     - Reading from: C:\Users\lucaa\OneDrive - HTL Saalfelden\POS\Workspace\IntelliJ\FXGL\TeacherTowerDefense\system\fxgl.bundle
12:11:00.099 [FXGL Background Thread 1 ] DEBUG SystemBundleService  - Bundle FXGL: {}
12:11:00.099 [FXGL Background Thread 1 ] DEBUG UpdaterService       - Checking for updates
12:11:00.104 [FXGL Background Thread 4 ] DEBUG FXGLApplication      - Loading fonts
12:11:00.104 [FXGL Background Thread 4 ] DEBUG FXGLAssetLoaderServi - Loading from file system: jar:file:/C:/Users/lucaa/.m2/repository/com/github/almasb/fxgl/17.3/fxgl-17.3.jar!/fxglassets/ui/fonts/VarelaRound-Regular.ttf
12:11:00.104 [FXGL Background Thread 1 ] DEBUG FXGLApplication      - Loading default localization
12:11:00.105 [FXGL Background Thread 1 ] DEBUG FXGLAssetLoaderServi - Loading from file system: jar:file:/C:/Users/lucaa/.m2/repository/com/github/almasb/fxgl/17.3/fxgl-17.3.jar!/fxglassets/languages/english.lang
12:11:00.120 [FXGL Background Thread 1 ] INFO  FXGLApplication      - FXGL initialization took: 0,297 sec
12:11:00.122 [JavaFX Application Thread] DEBUG FXGLAssetLoaderServi - Loading from file system: jar:file:/C:/Users/lucaa/.m2/repository/com/github/almasb/fxgl/17.3/fxgl-17.3.jar!/fxglassets/textures/fxgl_icon.png
12:11:00.122 [FXGL Background Thread 4 ] DEBUG FXGLAssetLoaderServi - Loading from file system: jar:file:/C:/Users/lucaa/.m2/repository/com/github/almasb/fxgl/17.3/fxgl-17.3.jar!/fxglassets/ui/fonts/Abel-Regular.ttf
12:11:00.133 [FXGL Background Thread 4 ] DEBUG FXGLAssetLoaderServi - Loading from file system: jar:file:/C:/Users/lucaa/.m2/repository/com/github/almasb/fxgl/17.3/fxgl-17.3.jar!/fxglassets/ui/fonts/TerminalLandMono-Regular.otf
12:11:00.156 [FXGL Background Thread 4 ] DEBUG FXGLAssetLoaderServi - Loading from file system: jar:file:/C:/Users/lucaa/.m2/repository/com/github/almasb/fxgl/17.3/fxgl-17.3.jar!/fxglassets/ui/fonts/Courier-Prime.ttf
12:11:00.163 [JavaFX Application Thread] DEBUG FXGLAssetLoaderServi - Loading from file system: jar:file:/C:/Users/lucaa/.m2/repository/com/github/almasb/fxgl/17.3/fxgl-17.3.jar!/fxglassets/textures/fxgl_default_cursor.png
12:11:00.173 [JavaFX Application Thread] DEBUG Input                - Registered new binding: Screenshot - CTRL+8
12:11:00.174 [JavaFX Application Thread] DEBUG Input                - Registered new binding: System info dump - CTRL+9
12:11:00.174 [JavaFX Application Thread] DEBUG Input                - Registered new binding: Restart - CTRL+R
12:11:00.175 [JavaFX Application Thread] DEBUG Input                - Registered new binding: Toggle Debug Camera - CTRL+7
12:11:00.177 [JavaFX Application Thread] DEBUG LoopRunner           - Starting loop
12:11:00.177 [JavaFX Application Thread] DEBUG LoopRunner           - Initializing JavaFX AnimationTimerLoop
12:11:00.180 [JavaFX Application Thread] DEBUG Input                - Clearing active input actions
12:11:00.184 [JavaFX Application Thread] DEBUG GameApplicationServi - Removing overlay from FXGLStartupScene and adding to FXGLMainMenuDummyScene
12:11:00.185 [JavaFX Application Thread] DEBUG PrimaryStageWindow   - FXGLStartupScene -> FXGLMainMenuDummyScene
12:11:00.185 [JavaFX Application Thread] DEBUG PrimaryStageWindow   - Push state: CustomMainMenu
12:11:00.185 [JavaFX Application Thread] DEBUG Input                - Clearing active input actions
12:11:00.192 [JavaFX Application Thread] DEBUG GameApplicationServi - Removing overlay from FXGLMainMenuDummyScene and adding to CustomMainMenu
12:11:00.192 [JavaFX Application Thread] DEBUG PrimaryStageWindow   - FXGLMainMenuDummyScene -> CustomMainMenu
12:11:00.193 [JavaFX Application Thread] DEBUG FXGLApplication      - Registering font factories with UI factory
12:11:00.543 [FXGL Background Thread 2 ] INFO  UpdaterService       - Your current version:  17.3
12:11:00.544 [FXGL Background Thread 2 ] INFO  UpdaterService       - Latest stable version: 25
12:11:03.102 [FXGL Background Thread 3 ] DEBUG Engine               - Logging environment variables
12:11:03.106 [FXGL Background Thread 3 ] DEBUG Engine               - achievements: []
12:11:03.106 [FXGL Background Thread 3 ] DEBUG Engine               - actualHeight: 864.0
12:11:03.107 [FXGL Background Thread 3 ] DEBUG Engine               - actualHeightProperty: ReadOnlyDoubleProperty [value: 864.0]
12:11:03.107 [FXGL Background Thread 3 ] DEBUG Engine               - actualWidth: 1536.0
12:11:03.107 [FXGL Background Thread 3 ] DEBUG Engine               - actualWidthProperty: ReadOnlyDoubleProperty [value: 1536.0]
12:11:03.107 [FXGL Background Thread 3 ] DEBUG Engine               - appIcon: fxgl_icon.png
12:11:03.107 [FXGL Background Thread 3 ] DEBUG Engine               - applicationMode: DEVELOPER
12:11:03.107 [FXGL Background Thread 3 ] DEBUG Engine               - cSSList: [fxgl_dark.css]
12:11:03.107 [FXGL Background Thread 3 ] DEBUG Engine               - collisionDetectionStrategy: BRUTE_FORCE
12:11:03.107 [FXGL Background Thread 3 ] DEBUG Engine               - configClass: Optional.empty
12:11:03.107 [FXGL Background Thread 3 ] DEBUG Engine               - credits: []
12:11:03.114 [FXGL Background Thread 3 ] DEBUG Engine               - defaultCursor: CursorInfo(imageName=fxgl_default_cursor.png, hotspotX=7.0, hotspotY=6.0)
12:11:03.114 [FXGL Background Thread 3 ] DEBUG Engine               - devBBoxColorProperty: ObjectProperty [value: 0xff0000ff]
12:11:03.115 [FXGL Background Thread 3 ] DEBUG Engine               - devEnableDebugCameraProperty: BooleanProperty [value: false]
12:11:03.116 [FXGL Background Thread 3 ] DEBUG Engine               - devSensorColorProperty: ObjectProperty [value: 0xffff00ff]
12:11:03.116 [FXGL Background Thread 3 ] DEBUG Engine               - devShowBBoxProperty: BooleanProperty [value: false]
12:11:03.116 [FXGL Background Thread 3 ] DEBUG Engine               - devShowPositionProperty: BooleanProperty [value: false]
12:11:03.116 [FXGL Background Thread 3 ] DEBUG Engine               - enabledMenuItems: []
12:11:03.117 [FXGL Background Thread 3 ] DEBUG Engine               - engineServices: [class com.almasb.fxgl.app.services.FXGLAssetLoaderService, class com.almasb.fxgl.app.FXGLApplication$GameApplicationService, class com.almasb.fxgl.app.services.FXGLDialogService, class com.almasb.fxgl.app.services.IOTaskExecutorService, class com.almasb.fxgl.io.FileSystemService, class com.almasb.fxgl.localization.LocalizationService, class com.almasb.fxgl.app.services.SystemBundleService, class com.almasb.fxgl.profile.SaveLoadService, class com.almasb.fxgl.ui.FXGLUIFactoryServiceProvider, class com.almasb.fxgl.ui.FXGLDialogFactoryServiceProvider, class com.almasb.fxgl.audio.AudioPlayer, class com.almasb.fxgl.notification.impl.NotificationServiceProvider, class com.almasb.fxgl.achievement.AchievementService, class com.almasb.fxgl.cutscene.CutsceneService, class com.almasb.fxgl.minigames.MiniGameService, class com.almasb.fxgl.net.NetService, class com.almasb.fxgl.app.services.UpdaterService, class com.almasb.fxgl.dev.DevService]
12:11:03.117 [FXGL Background Thread 3 ] DEBUG Engine               - fontGame: Abel-Regular.ttf
12:11:03.117 [FXGL Background Thread 3 ] DEBUG Engine               - fontMono: TerminalLandMono-Regular.otf
12:11:03.117 [FXGL Background Thread 3 ] DEBUG Engine               - fontSizeScaleUI: 1.0
12:11:03.117 [FXGL Background Thread 3 ] DEBUG Engine               - fontText: Courier-Prime.ttf
12:11:03.118 [FXGL Background Thread 3 ] DEBUG Engine               - fontUI: VarelaRound-Regular.ttf
12:11:03.118 [FXGL Background Thread 3 ] DEBUG Engine               - fullScreen: BooleanProperty [value: true]
12:11:03.118 [FXGL Background Thread 3 ] DEBUG Engine               - gameDifficulty: MEDIUM
12:11:03.118 [FXGL Background Thread 3 ] DEBUG Engine               - gameDifficultyProperty: ObjectProperty [value: MEDIUM]
12:11:03.119 [FXGL Background Thread 3 ] DEBUG Engine               - globalMusicVolume: 0.5
12:11:03.119 [FXGL Background Thread 3 ] DEBUG Engine               - globalMusicVolumeProperty: DoubleProperty [value: 0.5]
12:11:03.119 [FXGL Background Thread 3 ] DEBUG Engine               - globalSoundVolume: 0.5
12:11:03.120 [FXGL Background Thread 3 ] DEBUG Engine               - globalSoundVolumeProperty: DoubleProperty [value: 0.5]
12:11:03.120 [FXGL Background Thread 3 ] DEBUG Engine               - height: 640
12:11:03.120 [FXGL Background Thread 3 ] DEBUG Engine               - is3D: false
12:11:03.121 [FXGL Background Thread 3 ] DEBUG Engine               - isAndroid: false
12:11:03.121 [FXGL Background Thread 3 ] DEBUG Engine               - isBrowser: false
12:11:03.121 [FXGL Background Thread 3 ] DEBUG Engine               - isClickFeedbackEnabled: false
12:11:03.121 [FXGL Background Thread 3 ] DEBUG Engine               - isCloseConfirmation: false
12:11:03.122 [FXGL Background Thread 3 ] DEBUG Engine               - isDesktop: true
12:11:03.122 [FXGL Background Thread 3 ] DEBUG Engine               - isDeveloperMenuEnabled: false
12:11:03.122 [FXGL Background Thread 3 ] DEBUG Engine               - isEmbedded: false
12:11:03.122 [FXGL Background Thread 3 ] DEBUG Engine               - isEntityPreloadEnabled: true
12:11:03.122 [FXGL Background Thread 3 ] DEBUG Engine               - isExperimentalTiledLargeMap: false
12:11:03.123 [FXGL Background Thread 3 ] DEBUG Engine               - isFileSystemWriteAllowed: true
12:11:03.123 [FXGL Background Thread 3 ] DEBUG Engine               - isFullScreenAllowed: true
12:11:03.123 [FXGL Background Thread 3 ] DEBUG Engine               - isFullScreenFromStart: true
12:11:03.123 [FXGL Background Thread 3 ] DEBUG Engine               - isGameMenuEnabled: true
12:11:03.124 [FXGL Background Thread 3 ] DEBUG Engine               - isIOS: false
12:11:03.124 [FXGL Background Thread 3 ] DEBUG Engine               - isIntroEnabled: false
12:11:03.124 [FXGL Background Thread 3 ] DEBUG Engine               - isLinux: false
12:11:03.125 [FXGL Background Thread 3 ] DEBUG Engine               - isMac: false
12:11:03.125 [FXGL Background Thread 3 ] DEBUG Engine               - isMainMenuEnabled: true
12:11:03.125 [FXGL Background Thread 3 ] DEBUG Engine               - isManualResizeEnabled: false
12:11:03.125 [FXGL Background Thread 3 ] DEBUG Engine               - isMobile: false
12:11:03.126 [FXGL Background Thread 3 ] DEBUG Engine               - isNative: false
12:11:03.126 [FXGL Background Thread 3 ] DEBUG Engine               - isPauseMusicWhenMinimized: true
12:11:03.126 [FXGL Background Thread 3 ] DEBUG Engine               - isPreserveResizeRatio: true
12:11:03.126 [FXGL Background Thread 3 ] DEBUG Engine               - isProfilingEnabled: false
12:11:03.127 [FXGL Background Thread 3 ] DEBUG Engine               - isScaleAffectedOnResize: true
12:11:03.127 [FXGL Background Thread 3 ] DEBUG Engine               - isSingleStep: false
12:11:03.127 [FXGL Background Thread 3 ] DEBUG Engine               - isUserProfileEnabled: false
12:11:03.128 [FXGL Background Thread 3 ] DEBUG Engine               - isWindows: true
12:11:03.128 [FXGL Background Thread 3 ] DEBUG Engine               - language: ObjectProperty [value: ENGLISH]
12:11:03.128 [FXGL Background Thread 3 ] DEBUG Engine               - menuKey: ESCAPE
12:11:03.129 [FXGL Background Thread 3 ] DEBUG Engine               - mouseSensitivity: 0.2
12:11:03.129 [FXGL Background Thread 3 ] DEBUG Engine               - notificationViewClass: class com.almasb.fxgl.notification.view.XboxNotificationView
12:11:03.129 [FXGL Background Thread 3 ] DEBUG Engine               - pixelsPerMeter: 50.0
12:11:03.130 [FXGL Background Thread 3 ] DEBUG Engine               - platform: WINDOWS
12:11:03.130 [FXGL Background Thread 3 ] DEBUG Engine               - prefHeightProperty: ReadOnlyDoubleProperty [value: 640.0]
12:11:03.130 [FXGL Background Thread 3 ] DEBUG Engine               - prefWidthProperty: ReadOnlyDoubleProperty [value: 1200.0]
12:11:03.131 [FXGL Background Thread 3 ] DEBUG Engine               - profileDir: profiles/
12:11:03.131 [FXGL Background Thread 3 ] DEBUG Engine               - profileName: StringProperty [value: DEFAULT]
12:11:03.131 [FXGL Background Thread 3 ] DEBUG Engine               - randomSeed: -1
12:11:03.132 [FXGL Background Thread 3 ] DEBUG Engine               - runtimeInfo: RuntimeInfo(platform=WINDOWS, version=17.3, build=30.03.2023 11.49)
12:11:03.133 [FXGL Background Thread 3 ] DEBUG Engine               - saveFileExt: sav
12:11:03.133 [FXGL Background Thread 3 ] DEBUG Engine               - scaledHeightProp$fxgl: DoubleProperty [bound, value: 864.0]
12:11:03.133 [FXGL Background Thread 3 ] DEBUG Engine               - scaledWidthProp$fxgl: DoubleProperty [bound, value: 1536.0]
12:11:03.134 [FXGL Background Thread 3 ] DEBUG Engine               - sceneFactory: at.htl.teachertowerdefense.CustomSceneFactory@7442ab39
12:11:03.134 [FXGL Background Thread 3 ] DEBUG Engine               - secondsIn24h: 60
12:11:03.134 [FXGL Background Thread 3 ] DEBUG Engine               - soundMenuBack: menu/back.wav
12:11:03.134 [FXGL Background Thread 3 ] DEBUG Engine               - soundMenuPress: menu/press.wav
12:11:03.134 [FXGL Background Thread 3 ] DEBUG Engine               - soundMenuSelect: menu/select.wav
12:11:03.135 [FXGL Background Thread 3 ] DEBUG Engine               - soundNotification: core/notification.wav
12:11:03.135 [FXGL Background Thread 3 ] DEBUG Engine               - stageStyle: DECORATED
12:11:03.135 [FXGL Background Thread 3 ] DEBUG Engine               - supportedLanguages: [ENGLISH, FRENCH, GERMAN, HUNGARIAN, RUSSIAN]
12:11:03.135 [FXGL Background Thread 3 ] DEBUG Engine               - ticksPerSecond: -1
12:11:03.136 [FXGL Background Thread 3 ] DEBUG Engine               - title: Teacher Tower Defense
12:11:03.136 [FXGL Background Thread 3 ] DEBUG Engine               - urlGithub: https://github.com/AlmasB/FXGL
12:11:03.136 [FXGL Background Thread 3 ] DEBUG Engine               - urlLeaderboard: http://fxgl-top.herokuapp.com/
12:11:03.136 [FXGL Background Thread 3 ] DEBUG Engine               - urlPOM: https://raw.githubusercontent.com/AlmasB/FXGL/release/README.md
12:11:03.136 [FXGL Background Thread 3 ] DEBUG Engine               - userAppClass: class at.htl.teachertowerdefense.TeacherTowerDefenseApp
12:11:03.137 [FXGL Background Thread 3 ] DEBUG Engine               - version: 0.1
12:11:03.137 [FXGL Background Thread 3 ] DEBUG Engine               - versionCheckDays: 7
12:11:03.137 [FXGL Background Thread 3 ] DEBUG Engine               - width: 1200
12:11:03.137 [FXGL Background Thread 3 ] DEBUG Engine               - Logging services
12:11:03.137 [FXGL Background Thread 3 ] DEBUG Engine               - class com.almasb.fxgl.app.services.FXGLAssetLoaderService
12:11:03.137 [FXGL Background Thread 3 ] DEBUG Engine               - class com.almasb.fxgl.app.FXGLApplication$GameApplicationService
12:11:03.138 [FXGL Background Thread 3 ] DEBUG Engine               - class com.almasb.fxgl.app.services.FXGLDialogService
12:11:03.138 [FXGL Background Thread 3 ] DEBUG Engine               - class com.almasb.fxgl.app.services.IOTaskExecutorService
12:11:03.138 [FXGL Background Thread 3 ] DEBUG Engine               - class com.almasb.fxgl.io.FileSystemService
12:11:03.138 [FXGL Background Thread 3 ] DEBUG Engine               - class com.almasb.fxgl.localization.LocalizationService
12:11:03.138 [FXGL Background Thread 3 ] DEBUG Engine               - class com.almasb.fxgl.app.services.SystemBundleService
12:11:03.139 [FXGL Background Thread 3 ] DEBUG Engine               - class com.almasb.fxgl.profile.SaveLoadService
12:11:03.139 [FXGL Background Thread 3 ] DEBUG Engine               - class com.almasb.fxgl.ui.FXGLUIFactoryServiceProvider
12:11:03.139 [FXGL Background Thread 3 ] DEBUG Engine               - class com.almasb.fxgl.ui.FXGLDialogFactoryServiceProvider
12:11:03.139 [FXGL Background Thread 3 ] DEBUG Engine               - class com.almasb.fxgl.audio.AudioPlayer
12:11:03.139 [FXGL Background Thread 3 ] DEBUG Engine               - class com.almasb.fxgl.notification.impl.NotificationServiceProvider
12:11:03.140 [FXGL Background Thread 3 ] DEBUG Engine               - class com.almasb.fxgl.achievement.AchievementService
12:11:03.140 [FXGL Background Thread 3 ] DEBUG Engine               - class com.almasb.fxgl.cutscene.CutsceneService
12:11:03.140 [FXGL Background Thread 3 ] DEBUG Engine               - class com.almasb.fxgl.minigames.MiniGameService
12:11:03.140 [FXGL Background Thread 3 ] DEBUG Engine               - class com.almasb.fxgl.net.NetService
12:11:03.140 [FXGL Background Thread 3 ] DEBUG Engine               - class com.almasb.fxgl.app.services.UpdaterService
12:11:03.140 [FXGL Background Thread 3 ] DEBUG Engine               - class com.almasb.fxgl.dev.DevService
12:11:37.948 [JavaFX Application Thread] DEBUG Menu                 - fireNewGame()
12:11:37.948 [JavaFX Application Thread] DEBUG GameApplicationServi - Starting new game
12:11:37.948 [JavaFX Application Thread] DEBUG PrimaryStageWindow   - Pop state: CustomMainMenu
12:11:37.948 [JavaFX Application Thread] DEBUG Input                - Clearing active input actions
12:11:37.949 [JavaFX Application Thread] DEBUG GameApplicationServi - Removing overlay from CustomMainMenu and adding to FXGLMainMenuDummyScene
12:11:37.949 [JavaFX Application Thread] DEBUG PrimaryStageWindow   - FXGLMainMenuDummyScene <- CustomMainMenu
12:11:37.950 [JavaFX Application Thread] DEBUG Input                - Clearing active input actions
12:11:37.958 [JavaFX Application Thread] DEBUG GameApplicationServi - Removing overlay from FXGLMainMenuDummyScene and adding to FXGLLoadingScene
12:11:37.958 [JavaFX Application Thread] DEBUG PrimaryStageWindow   - FXGLMainMenuDummyScene -> FXGLLoadingScene
12:11:37.958 [JavaFX Application Thread] DEBUG GameApplicationServi - Clearing previous game
12:11:37.958 [JavaFX Application Thread] DEBUG GameScene            - Clearing game scene
12:11:37.958 [JavaFX Application Thread] DEBUG GameWorld            - Clearing game world
12:11:37.959 [JavaFX Application Thread] DEBUG PhysicsWorld         - Clearing physics world
12:11:37.961 [FXGL Background Thread 2 ] DEBUG FXGLApplication      - Initializing game
12:11:38.028 [FXGL Background Thread 2 ] WARN  TMXLevelLoader       - TiledMap generated from 1.11.2. Supported version: 1.9.0. Some features may not be parsed fully.
12:11:38.057 [FXGL Background Thread 2 ] DEBUG TMXLevelLoader       - Parsed TiledMap: file:/C:/Users/lucaa/OneDrive%20-%20HTL%20Saalfelden/POS/Workspace/IntelliJ/FXGL/TeacherTowerDefense/target/classes/assets/levels/City.tmx
12:11:38.058 [FXGL Background Thread 2 ] DEBUG TMXLevelLoader       - Creating tile layer entities
12:11:38.060 [FXGL Background Thread 2 ] DEBUG TilesetLoader        - Loading view for layer Kachelebene 1
12:11:38.063 [FXGL Background Thread 2 ] DEBUG TilesetLoader        - Created buffer with size 960.0x640.0
12:11:38.085 [FXGL Background Thread 2 ] DEBUG TilesetLoader        - Loading view for layer Kachelebene 2
12:11:38.086 [FXGL Background Thread 2 ] DEBUG TilesetLoader        - Created buffer with size 960.0x640.0
12:11:38.093 [FXGL Background Thread 2 ] DEBUG TilesetLoader        - Loading view for layer Kachelebene 3
12:11:38.094 [FXGL Background Thread 2 ] DEBUG TilesetLoader        - Created buffer with size 960.0x640.0
12:11:38.098 [FXGL Background Thread 2 ] DEBUG TilesetLoader        - Loading view for layer Kachelebene 4
12:11:38.098 [FXGL Background Thread 2 ] DEBUG TilesetLoader        - Created buffer with size 960.0x640.0
12:11:38.099 [FXGL Background Thread 2 ] DEBUG TMXLevelLoader       - Creating object layer entities
12:11:38.144 [FXGL Background Thread 2 ] DEBUG GameWorld            - Clearing removable entities
12:11:38.145 [FXGL Background Thread 2 ] DEBUG GameWorld            - Setting level: com.almasb.fxgl.entity.level.Level@32444577
12:11:38.154 [FXGL Background Thread 2 ] DEBUG FXGLAssetLoaderServi - Loading from file system: file:/C:/Users/lucaa/OneDrive%20-%20HTL%20Saalfelden/POS/Workspace/IntelliJ/FXGL/TeacherTowerDefense/target/classes/assets/textures/Groebl.png
12:11:38.156 [FXGL Background Thread 2 ] DEBUG FXGLAssetLoaderServi - Loading from file system: file:/C:/Users/lucaa/OneDrive%20-%20HTL%20Saalfelden/POS/Workspace/IntelliJ/FXGL/TeacherTowerDefense/target/classes/assets/textures/Feichtner.png
12:11:38.158 [FXGL Background Thread 2 ] DEBUG FXGLAssetLoaderServi - Loading from file system: file:/C:/Users/lucaa/OneDrive%20-%20HTL%20Saalfelden/POS/Workspace/IntelliJ/FXGL/TeacherTowerDefense/target/classes/assets/textures/Winkler.png
12:11:38.168 [FXGL Background Thread 2 ] INFO  FXGLApplication      - Game initialization took: 0,206 sec
12:11:38.169 [JavaFX Application Thread] DEBUG Input                - Clearing active input actions
12:11:38.176 [JavaFX Application Thread] DEBUG GameApplicationServi - Removing overlay from FXGLLoadingScene and adding to GameScene
12:11:38.176 [JavaFX Application Thread] DEBUG PrimaryStageWindow   - FXGLLoadingScene -> GameScene
12:11:52.368 [JavaFX Application Thread] DEBUG PrimaryStageWindow   - Push state: CustomGameMenu
12:11:52.369 [JavaFX Application Thread] DEBUG Input                - Clearing active input actions
12:11:52.373 [JavaFX Application Thread] DEBUG GameApplicationServi - Removing overlay from GameScene and adding to CustomGameMenu
12:11:52.375 [JavaFX Application Thread] DEBUG PrimaryStageWindow   - GameScene -> CustomGameMenu
12:11:53.874 [JavaFX Application Thread] DEBUG Menu                 - fireExitToMainMenu()
12:11:53.890 [JavaFX Application Thread] DEBUG PrimaryStageWindow   - Push state: DialogSubScene
12:11:53.890 [JavaFX Application Thread] DEBUG Input                - Clearing active input actions
12:11:53.894 [JavaFX Application Thread] DEBUG GameApplicationServi - Removing overlay from CustomGameMenu and adding to DialogSubScene
12:11:53.895 [JavaFX Application Thread] DEBUG PrimaryStageWindow   - CustomGameMenu -> DialogSubScene
12:11:54.405 [JavaFX Application Thread] DEBUG PrimaryStageWindow   - Pop state: DialogSubScene
12:11:54.405 [JavaFX Application Thread] DEBUG Input                - Clearing active input actions
12:11:54.405 [JavaFX Application Thread] DEBUG GameApplicationServi - Removing overlay from DialogSubScene and adding to CustomGameMenu
12:11:54.406 [JavaFX Application Thread] DEBUG PrimaryStageWindow   - CustomGameMenu <- DialogSubScene
12:11:54.406 [JavaFX Application Thread] DEBUG PrimaryStageWindow   - Pop state: CustomGameMenu
12:11:54.406 [JavaFX Application Thread] DEBUG Input                - Clearing active input actions
12:11:54.406 [JavaFX Application Thread] DEBUG GameApplicationServi - Removing overlay from CustomGameMenu and adding to GameScene
12:11:54.406 [JavaFX Application Thread] DEBUG PrimaryStageWindow   - GameScene <- CustomGameMenu
12:11:54.406 [JavaFX Application Thread] DEBUG Input                - Clearing active input actions
12:11:54.410 [JavaFX Application Thread] DEBUG GameApplicationServi - Removing overlay from GameScene and adding to FXGLMainMenuDummyScene
12:11:54.410 [JavaFX Application Thread] DEBUG PrimaryStageWindow   - GameScene -> FXGLMainMenuDummyScene
12:11:54.410 [JavaFX Application Thread] DEBUG PrimaryStageWindow   - Push state: CustomMainMenu
12:11:54.410 [JavaFX Application Thread] DEBUG Input                - Clearing active input actions
12:11:54.411 [JavaFX Application Thread] DEBUG GameApplicationServi - Removing overlay from FXGLMainMenuDummyScene and adding to CustomMainMenu
12:11:54.413 [JavaFX Application Thread] DEBUG PrimaryStageWindow   - FXGLMainMenuDummyScene -> CustomMainMenu
12:11:55.438 [JavaFX Application Thread] DEBUG Menu                 - fireNewGame()
12:11:55.438 [JavaFX Application Thread] DEBUG GameApplicationServi - Starting new game
12:11:55.438 [JavaFX Application Thread] DEBUG PrimaryStageWindow   - Pop state: CustomMainMenu
12:11:55.438 [JavaFX Application Thread] DEBUG Input                - Clearing active input actions
12:11:55.439 [JavaFX Application Thread] DEBUG GameApplicationServi - Removing overlay from CustomMainMenu and adding to FXGLMainMenuDummyScene
12:11:55.439 [JavaFX Application Thread] DEBUG PrimaryStageWindow   - FXGLMainMenuDummyScene <- CustomMainMenu
12:11:55.439 [JavaFX Application Thread] DEBUG Input                - Clearing active input actions
12:11:55.444 [JavaFX Application Thread] DEBUG GameApplicationServi - Removing overlay from FXGLMainMenuDummyScene and adding to FXGLLoadingScene
12:11:55.444 [JavaFX Application Thread] DEBUG PrimaryStageWindow   - FXGLMainMenuDummyScene -> FXGLLoadingScene
12:11:55.444 [JavaFX Application Thread] DEBUG GameApplicationServi - Clearing previous game
12:11:55.444 [JavaFX Application Thread] DEBUG GameScene            - Clearing game scene
12:11:55.444 [JavaFX Application Thread] DEBUG GameWorld            - Clearing game world
12:11:55.451 [JavaFX Application Thread] DEBUG PhysicsWorld         - Clearing physics world
12:11:55.451 [FXGL Background Thread 2 ] DEBUG FXGLApplication      - Initializing game
12:11:55.459 [FXGL Background Thread 2 ] WARN  TMXLevelLoader       - TiledMap generated from 1.11.2. Supported version: 1.9.0. Some features may not be parsed fully.
12:11:55.474 [FXGL Background Thread 2 ] DEBUG TMXLevelLoader       - Parsed TiledMap: file:/C:/Users/lucaa/OneDrive%20-%20HTL%20Saalfelden/POS/Workspace/IntelliJ/FXGL/TeacherTowerDefense/target/classes/assets/levels/City.tmx
12:11:55.474 [FXGL Background Thread 2 ] DEBUG TMXLevelLoader       - Creating tile layer entities
12:11:55.475 [FXGL Background Thread 2 ] DEBUG TilesetLoader        - Loading view for layer Kachelebene 1
12:11:55.478 [FXGL Background Thread 2 ] DEBUG TilesetLoader        - Created buffer with size 960.0x640.0
12:11:55.503 [FXGL Background Thread 2 ] DEBUG TilesetLoader        - Loading view for layer Kachelebene 2
12:11:55.504 [FXGL Background Thread 2 ] DEBUG TilesetLoader        - Created buffer with size 960.0x640.0
12:11:55.519 [FXGL Background Thread 2 ] DEBUG TilesetLoader        - Loading view for layer Kachelebene 3
12:11:55.519 [FXGL Background Thread 2 ] DEBUG TilesetLoader        - Created buffer with size 960.0x640.0
12:11:55.522 [FXGL Background Thread 2 ] DEBUG TilesetLoader        - Loading view for layer Kachelebene 4
12:11:55.522 [FXGL Background Thread 2 ] DEBUG TilesetLoader        - Created buffer with size 960.0x640.0
12:11:55.523 [FXGL Background Thread 2 ] DEBUG TMXLevelLoader       - Creating object layer entities
12:11:55.534 [FXGL Background Thread 2 ] DEBUG GameWorld            - Clearing removable entities
12:11:55.534 [FXGL Background Thread 2 ] DEBUG GameWorld            - Setting level: com.almasb.fxgl.entity.level.Level@3bcc0d61
12:11:55.537 [FXGL Background Thread 2 ] INFO  FXGLApplication      - Game initialization took: 0,085 sec
12:11:55.542 [JavaFX Application Thread] DEBUG Input                - Clearing active input actions
12:11:55.546 [JavaFX Application Thread] DEBUG GameApplicationServi - Removing overlay from FXGLLoadingScene and adding to GameScene
12:11:55.547 [JavaFX Application Thread] DEBUG PrimaryStageWindow   - FXGLLoadingScene -> GameScene
12:12:40.217 [JavaFX Application Thread] DEBUG FXGLAssetLoaderServi - Loading from file system: file:/C:/Users/lucaa/OneDrive%20-%20HTL%20Saalfelden/POS/Workspace/IntelliJ/FXGL/TeacherTowerDefense/target/classes/assets/textures/Jonathan.png
12:12:44.774 [JavaFX Application Thread] DEBUG FXGLAssetLoaderServi - Loading from file system: file:/C:/Users/lucaa/OneDrive%20-%20HTL%20Saalfelden/POS/Workspace/IntelliJ/FXGL/TeacherTowerDefense/target/classes/assets/textures/projektil_fisch.png
12:13:02.119 [JavaFX Application Thread] DEBUG PrimaryStageWindow   - Push state: CustomGameMenu
12:13:02.119 [JavaFX Application Thread] DEBUG Input                - Clearing active input actions
12:13:02.121 [JavaFX Application Thread] DEBUG GameApplicationServi - Removing overlay from GameScene and adding to CustomGameMenu
12:13:02.121 [JavaFX Application Thread] DEBUG PrimaryStageWindow   - GameScene -> CustomGameMenu
12:13:04.470 [JavaFX Application Thread] DEBUG Menu                 - fireResume()
12:13:04.470 [JavaFX Application Thread] DEBUG PrimaryStageWindow   - Pop state: CustomGameMenu
12:13:04.470 [JavaFX Application Thread] DEBUG Input                - Clearing active input actions
12:13:04.470 [JavaFX Application Thread] DEBUG GameApplicationServi - Removing overlay from CustomGameMenu and adding to GameScene
12:13:04.470 [JavaFX Application Thread] DEBUG PrimaryStageWindow   - GameScene <- CustomGameMenu
12:13:08.098 [JavaFX Application Thread] DEBUG FXGLAssetLoaderServi - Loading from file system: file:/C:/Users/lucaa/OneDrive%20-%20HTL%20Saalfelden/POS/Workspace/IntelliJ/FXGL/TeacherTowerDefense/target/classes/assets/textures/Gutmann.png
12:13:37.898 [JavaFX Application Thread] DEBUG FXGLAssetLoaderServi - Loading from file system: file:/C:/Users/lucaa/OneDrive%20-%20HTL%20Saalfelden/POS/Workspace/IntelliJ/FXGL/TeacherTowerDefense/target/classes/assets/textures/Wojciech.png
12:14:14.311 [JavaFX Application Thread] DEBUG FXGLAssetLoaderServi - Loading from file system: file:/C:/Users/lucaa/OneDrive%20-%20HTL%20Saalfelden/POS/Workspace/IntelliJ/FXGL/TeacherTowerDefense/target/classes/assets/textures/Maxi.png
12:14:41.690 [JavaFX Application Thread] DEBUG FXGLAssetLoaderServi - Loading from file system: file:/C:/Users/lucaa/OneDrive%20-%20HTL%20Saalfelden/POS/Workspace/IntelliJ/FXGL/TeacherTowerDefense/target/classes/assets/textures/Toni.png
12:14:52.548 [JavaFX Application Thread] DEBUG PrimaryStageWindow   - Push state: CustomGameMenu
12:14:52.549 [JavaFX Application Thread] DEBUG Input                - Clearing active input actions
12:14:52.550 [JavaFX Application Thread] DEBUG GameApplicationServi - Removing overlay from GameScene and adding to CustomGameMenu
12:14:52.550 [JavaFX Application Thread] DEBUG PrimaryStageWindow   - GameScene -> CustomGameMenu
12:14:53.269 [JavaFX Application Thread] DEBUG Menu                 - fireExit()
12:14:53.271 [JavaFX Application Thread] DEBUG PrimaryStageWindow   - Push state: DialogSubScene
12:14:53.271 [JavaFX Application Thread] DEBUG Input                - Clearing active input actions
12:14:53.272 [JavaFX Application Thread] DEBUG GameApplicationServi - Removing overlay from CustomGameMenu and adding to DialogSubScene
12:14:53.272 [JavaFX Application Thread] DEBUG PrimaryStageWindow   - CustomGameMenu -> DialogSubScene
12:14:53.760 [JavaFX Application Thread] DEBUG PrimaryStageWindow   - Pop state: DialogSubScene
12:14:53.760 [JavaFX Application Thread] DEBUG Input                - Clearing active input actions
12:14:53.760 [JavaFX Application Thread] DEBUG GameApplicationServi - Removing overlay from DialogSubScene and adding to CustomGameMenu
12:14:53.760 [JavaFX Application Thread] DEBUG PrimaryStageWindow   - CustomGameMenu <- DialogSubScene
12:14:53.760 [JavaFX Application Thread] DEBUG FXGLApplication      - Exiting FXGL
12:14:53.760 [JavaFX Application Thread] DEBUG LoopRunner           - Stopping loop
12:14:53.760 [JavaFX Application Thread] DEBUG SystemBundleService  - Saving FXGL system data
12:14:53.762 [JavaFX Application Thread] DEBUG FileSystemAccess     - Writing to: C:\Users\lucaa\OneDrive - HTL Saalfelden\POS\Workspace\IntelliJ\FXGL\TeacherTowerDefense\system\fxgl.bundle
12:14:53.764 [JavaFX Application Thread] DEBUG Async                - Shutting down background threads
12:14:53.764 [JavaFX Application Thread] DEBUG PrimaryStageWindow   - Closing main window
12:14:53.812 [JavaFX Application Thread] DEBUG Logger               - Closing Logger
