11:27:13.887 [main                     ] DEBUG Logger               - Configured Logger
11:27:13.894 [main                     ] DEBUG GameApplication      - Logging settings
Title: Teacher Tower Defense
Version: 0.1
Width: 960
Height: 640
Fullscreen: true
Intro: false
Profiling: false
Single step:false
App Mode: DEVELOPER
Menu Key: ESCAPE
Stage Style: DECORATED
Scene Factory: class com.almasb.fxgl.app.scene.SceneFactory

11:27:14.395 [JavaFX Application Thread] DEBUG FXGLApplication      - Initializing FXGL
11:27:14.398 [JavaFX Application Thread] INFO  Engine               - FXGL-17.3 (30.03.2023 11.49) on WINDOWS (J:25 FX:21.0.6)
11:27:14.399 [JavaFX Application Thread] DEBUG Engine               - JRE Vendor Name: Oracle Corporation
11:27:14.399 [JavaFX Application Thread] DEBUG Engine               - Running on OS: Windows 11 version 10.0
11:27:14.399 [JavaFX Application Thread] DEBUG Engine               - Architecture: amd64
11:27:14.399 [JavaFX Application Thread] INFO  Engine               - Source code and latest versions at: https://github.com/AlmasB/FXGL
11:27:14.399 [JavaFX Application Thread] INFO  Engine               -       Ask questions and discuss at: https://github.com/AlmasB/FXGL/discussions
11:27:14.399 [JavaFX Application Thread] INFO  Engine               -              Join the FXGL chat at: https://gitter.im/AlmasB/FXGL
11:27:14.516 [JavaFX Application Thread] DEBUG PrimaryStageWindow   - Creating a JavaFX scene
11:27:14.568 [JavaFX Application Thread] DEBUG PrimaryStageWindow   - Target settings size: 960.0 x 640.0
11:27:14.568 [JavaFX Application Thread] DEBUG PrimaryStageWindow   - Scaled scene size:    960.0 x 640.0
11:27:14.568 [JavaFX Application Thread] DEBUG PrimaryStageWindow   - Scaled ratio: (1.0, 1.0)
11:27:14.569 [JavaFX Application Thread] DEBUG PrimaryStageWindow   - Set initial scene to FXGLStartupScene
11:27:14.574 [JavaFX Application Thread] DEBUG PrimaryStageWindow   - Opening main window
11:27:14.693 [JavaFX Application Thread] DEBUG PrimaryStageWindow   - Window border size: (14.4000244140625, 37.5999755859375)
11:27:14.693 [JavaFX Application Thread] DEBUG PrimaryStageWindow   - Scaled size: 960.0 x 640.0
11:27:14.693 [JavaFX Application Thread] DEBUG PrimaryStageWindow   - Scaled ratio: (1.0, 1.0)
11:27:14.693 [JavaFX Application Thread] DEBUG PrimaryStageWindow   - Scene size: 960.0 x 640.0
11:27:14.693 [JavaFX Application Thread] DEBUG PrimaryStageWindow   - Stage size: 974.4000244140625 x 677.5999755859375
11:27:14.702 [FXGL Background Thread 1 ] DEBUG Engine               - Initializing environment variables
11:27:14.769 [FXGL Background Thread 1 ] DEBUG FXGLAssetLoaderServi - User app class for loading assets: class at.htl.teachertowerdefense.TeacherTowerDefenseApp
11:27:14.769 [FXGL Background Thread 1 ] DEBUG GameApplicationServi - Applying CSS: fxgl_dark.css
11:27:14.770 [FXGL Background Thread 1 ] DEBUG FXGLAssetLoaderServi - Loading from file system: jar:file:/C:/Users/lucaa/.m2/repository/com/github/almasb/fxgl/17.3/fxgl-17.3.jar!/fxglassets/ui/css/fxgl_dark.css
11:27:14.814 [FXGL Background Thread 1 ] DEBUG GameApplicationServi - Initializing application scenes
11:27:14.854 [FXGL Background Thread 1 ] DEBUG GameWorld            - Game world initialized
11:27:14.911 [FXGL Background Thread 1 ] DEBUG PhysicsWorld         - Physics world initialized: appHeight=640, physics.ppm=50,0
11:27:14.911 [FXGL Background Thread 1 ] DEBUG PhysicsWorld         - Using strategy: BRUTE_FORCE
11:27:14.915 [FXGL Background Thread 1 ] DEBUG GameScene            - Game scene initialized: 960x640
11:27:14.929 [FXGL Background Thread 1 ] DEBUG FXGL.DefaultMenu     - createMenuBodyGameMenu()
11:27:14.945 [FXGL Background Thread 1 ] DEBUG FXGL.DefaultMenu     - createOptionsMenu()
11:27:14.957 [FXGL Background Thread 1 ] DEBUG FXGLAssetLoaderServi - Loading from file system: jar:file:/C:/Users/lucaa/.m2/repository/com/github/almasb/fxgl/17.3/fxgl-17.3.jar!/fxglassets/textures/particles/smoke.png
11:27:15.051 [FXGL Background Thread 1 ] DEBUG FXGLAssetLoaderServi - Loading from file system: jar:file:/C:/Users/lucaa/.m2/repository/com/github/almasb/fxgl/17.3/fxgl-17.3.jar!/fxglassets/textures/particles/trace_horizontal.png
11:27:15.080 [FXGL Background Thread 1 ] DEBUG GameApplicationServi - Application scenes initialized
11:27:15.094 [FXGL Background Thread 1 ] DEBUG SystemBundleService  - Loading FXGL system data
11:27:15.098 [FXGL Background Thread 1 ] DEBUG FileSystemAccess     - Reading from: C:\Users\lucaa\OneDrive - HTL Saalfelden\POS\Workspace\IntelliJ\FXGL\TeacherTowerDefense\system\fxgl.bundle
11:27:15.106 [FXGL Background Thread 1 ] DEBUG SystemBundleService  - Bundle FXGL: {}
11:27:15.106 [FXGL Background Thread 1 ] DEBUG UpdaterService       - Checking for updates
11:27:15.111 [FXGL Background Thread 4 ] DEBUG FXGLApplication      - Loading fonts
11:27:15.112 [FXGL Background Thread 4 ] DEBUG FXGLAssetLoaderServi - Loading from file system: jar:file:/C:/Users/lucaa/.m2/repository/com/github/almasb/fxgl/17.3/fxgl-17.3.jar!/fxglassets/ui/fonts/VarelaRound-Regular.ttf
11:27:15.112 [FXGL Background Thread 1 ] DEBUG FXGLApplication      - Loading default localization
11:27:15.112 [FXGL Background Thread 1 ] DEBUG FXGLAssetLoaderServi - Loading from file system: jar:file:/C:/Users/lucaa/.m2/repository/com/github/almasb/fxgl/17.3/fxgl-17.3.jar!/fxglassets/languages/english.lang
11:27:15.129 [FXGL Background Thread 1 ] INFO  FXGLApplication      - FXGL initialization took: 0,427 sec
11:27:15.131 [JavaFX Application Thread] DEBUG FXGLAssetLoaderServi - Loading from file system: jar:file:/C:/Users/lucaa/.m2/repository/com/github/almasb/fxgl/17.3/fxgl-17.3.jar!/fxglassets/textures/fxgl_icon.png
11:27:15.156 [JavaFX Application Thread] DEBUG FXGLAssetLoaderServi - Loading from file system: jar:file:/C:/Users/lucaa/.m2/repository/com/github/almasb/fxgl/17.3/fxgl-17.3.jar!/fxglassets/textures/fxgl_default_cursor.png
11:27:15.168 [JavaFX Application Thread] DEBUG Input                - Registered new binding: Screenshot - CTRL+8
11:27:15.169 [JavaFX Application Thread] DEBUG Input                - Registered new binding: System info dump - CTRL+9
11:27:15.170 [JavaFX Application Thread] DEBUG Input                - Registered new binding: Restart - CTRL+R
11:27:15.171 [JavaFX Application Thread] DEBUG Input                - Registered new binding: Toggle Debug Camera - CTRL+7
11:27:15.173 [FXGL Background Thread 4 ] DEBUG FXGLAssetLoaderServi - Loading from file system: jar:file:/C:/Users/lucaa/.m2/repository/com/github/almasb/fxgl/17.3/fxgl-17.3.jar!/fxglassets/ui/fonts/Abel-Regular.ttf
11:27:15.175 [JavaFX Application Thread] DEBUG LoopRunner           - Starting loop
11:27:15.175 [JavaFX Application Thread] DEBUG LoopRunner           - Initializing JavaFX AnimationTimerLoop
11:27:15.178 [JavaFX Application Thread] DEBUG GameApplicationServi - Starting new game
11:27:15.178 [JavaFX Application Thread] DEBUG Input                - Clearing active input actions
11:27:15.185 [FXGL Background Thread 4 ] DEBUG FXGLAssetLoaderServi - Loading from file system: jar:file:/C:/Users/lucaa/.m2/repository/com/github/almasb/fxgl/17.3/fxgl-17.3.jar!/fxglassets/ui/fonts/TerminalLandMono-Regular.otf
11:27:15.191 [JavaFX Application Thread] DEBUG GameApplicationServi - Removing overlay from FXGLStartupScene and adding to FXGLLoadingScene
11:27:15.191 [JavaFX Application Thread] DEBUG PrimaryStageWindow   - FXGLStartupScene -> FXGLLoadingScene
11:27:15.191 [JavaFX Application Thread] DEBUG GameApplicationServi - Clearing previous game
11:27:15.192 [JavaFX Application Thread] DEBUG GameScene            - Clearing game scene
11:27:15.192 [JavaFX Application Thread] DEBUG GameWorld            - Clearing game world
11:27:15.192 [JavaFX Application Thread] DEBUG PhysicsWorld         - Clearing physics world
11:27:15.193 [FXGL Background Thread 1 ] DEBUG FXGLApplication      - Initializing game
11:27:15.197 [FXGL Background Thread 4 ] DEBUG FXGLAssetLoaderServi - Loading from file system: jar:file:/C:/Users/lucaa/.m2/repository/com/github/almasb/fxgl/17.3/fxgl-17.3.jar!/fxglassets/ui/fonts/Courier-Prime.ttf
11:27:15.250 [FXGL Background Thread 1 ] WARN  TMXLevelLoader       - TiledMap generated from 1.11.2. Supported version: 1.9.0. Some features may not be parsed fully.
11:27:15.265 [JavaFX Application Thread] DEBUG FXGLApplication      - Registering font factories with UI factory
11:27:15.275 [FXGL Background Thread 1 ] DEBUG TMXLevelLoader       - Parsed TiledMap: file:/C:/Users/lucaa/OneDrive%20-%20HTL%20Saalfelden/POS/Workspace/IntelliJ/FXGL/TeacherTowerDefense/target/classes/assets/levels/Map1.tmx
11:27:15.276 [FXGL Background Thread 1 ] DEBUG TMXLevelLoader       - Creating tile layer entities
11:27:15.278 [FXGL Background Thread 1 ] DEBUG TilesetLoader        - Loading view for layer Kachelebene 0
11:27:15.279 [FXGL Background Thread 1 ] DEBUG TilesetLoader        - Created buffer with size 960.0x640.0
11:27:15.316 [FXGL Background Thread 1 ] DEBUG TilesetLoader        - Loading view for layer Kachelebene 1
11:27:15.317 [FXGL Background Thread 1 ] DEBUG TilesetLoader        - Created buffer with size 960.0x640.0
11:27:15.340 [FXGL Background Thread 1 ] DEBUG TilesetLoader        - Loading view for layer Kachelebene 2
11:27:15.341 [FXGL Background Thread 1 ] DEBUG TilesetLoader        - Created buffer with size 960.0x640.0
11:27:15.343 [FXGL Background Thread 1 ] WARN  TilesetLoader        - Diagonally flipped tiles are not currently supported
11:27:15.343 [FXGL Background Thread 1 ] WARN  TilesetLoader        - Diagonally flipped tiles are not currently supported
11:27:15.344 [FXGL Background Thread 1 ] DEBUG TilesetLoader        - Loading view for layer Kachelebene 4
11:27:15.346 [FXGL Background Thread 1 ] DEBUG TilesetLoader        - Created buffer with size 960.0x640.0
11:27:15.347 [FXGL Background Thread 1 ] DEBUG TMXLevelLoader       - Creating object layer entities
11:27:15.373 [FXGL Background Thread 1 ] DEBUG GameWorld            - Clearing removable entities
11:27:15.378 [FXGL Background Thread 1 ] DEBUG GameWorld            - Setting level: com.almasb.fxgl.entity.level.Level@60a71e97
11:27:15.380 [FXGL Background Thread 1 ] INFO  FXGLApplication      - Game initialization took: 0,187 sec
11:27:15.381 [JavaFX Application Thread] DEBUG Input                - Clearing active input actions
11:27:15.389 [JavaFX Application Thread] DEBUG GameApplicationServi - Removing overlay from FXGLLoadingScene and adding to GameScene
11:27:15.389 [JavaFX Application Thread] DEBUG PrimaryStageWindow   - FXGLLoadingScene -> GameScene
11:27:15.524 [FXGL Background Thread 2 ] INFO  UpdaterService       - Your current version:  17.3
11:27:15.524 [FXGL Background Thread 2 ] INFO  UpdaterService       - Latest stable version: 25
11:27:18.109 [FXGL Background Thread 3 ] DEBUG Engine               - Logging environment variables
11:27:18.111 [FXGL Background Thread 3 ] DEBUG Engine               - achievements: []
11:27:18.112 [FXGL Background Thread 3 ] DEBUG Engine               - actualHeight: 640.0
11:27:18.112 [FXGL Background Thread 3 ] DEBUG Engine               - actualHeightProperty: ReadOnlyDoubleProperty [value: 640.0]
11:27:18.112 [FXGL Background Thread 3 ] DEBUG Engine               - actualWidth: 960.0
11:27:18.113 [FXGL Background Thread 3 ] DEBUG Engine               - actualWidthProperty: ReadOnlyDoubleProperty [value: 960.0]
11:27:18.113 [FXGL Background Thread 3 ] DEBUG Engine               - appIcon: fxgl_icon.png
11:27:18.113 [FXGL Background Thread 3 ] DEBUG Engine               - applicationMode: DEVELOPER
11:27:18.113 [FXGL Background Thread 3 ] DEBUG Engine               - cSSList: [fxgl_dark.css]
11:27:18.113 [FXGL Background Thread 3 ] DEBUG Engine               - collisionDetectionStrategy: BRUTE_FORCE
11:27:18.113 [FXGL Background Thread 3 ] DEBUG Engine               - configClass: Optional.empty
11:27:18.113 [FXGL Background Thread 3 ] DEBUG Engine               - credits: []
11:27:18.113 [FXGL Background Thread 3 ] DEBUG Engine               - defaultCursor: CursorInfo(imageName=fxgl_default_cursor.png, hotspotX=7.0, hotspotY=6.0)
11:27:18.113 [FXGL Background Thread 3 ] DEBUG Engine               - devBBoxColorProperty: ObjectProperty [value: 0xff0000ff]
11:27:18.113 [FXGL Background Thread 3 ] DEBUG Engine               - devEnableDebugCameraProperty: BooleanProperty [value: false]
11:27:18.113 [FXGL Background Thread 3 ] DEBUG Engine               - devSensorColorProperty: ObjectProperty [value: 0xffff00ff]
11:27:18.114 [FXGL Background Thread 3 ] DEBUG Engine               - devShowBBoxProperty: BooleanProperty [value: false]
11:27:18.114 [FXGL Background Thread 3 ] DEBUG Engine               - devShowPositionProperty: BooleanProperty [value: false]
11:27:18.114 [FXGL Background Thread 3 ] DEBUG Engine               - enabledMenuItems: []
11:27:18.114 [FXGL Background Thread 3 ] DEBUG Engine               - engineServices: [class com.almasb.fxgl.app.services.FXGLAssetLoaderService, class com.almasb.fxgl.app.FXGLApplication$GameApplicationService, class com.almasb.fxgl.app.services.FXGLDialogService, class com.almasb.fxgl.app.services.IOTaskExecutorService, class com.almasb.fxgl.io.FileSystemService, class com.almasb.fxgl.localization.LocalizationService, class com.almasb.fxgl.app.services.SystemBundleService, class com.almasb.fxgl.profile.SaveLoadService, class com.almasb.fxgl.ui.FXGLUIFactoryServiceProvider, class com.almasb.fxgl.ui.FXGLDialogFactoryServiceProvider, class com.almasb.fxgl.audio.AudioPlayer, class com.almasb.fxgl.notification.impl.NotificationServiceProvider, class com.almasb.fxgl.achievement.AchievementService, class com.almasb.fxgl.cutscene.CutsceneService, class com.almasb.fxgl.minigames.MiniGameService, class com.almasb.fxgl.net.NetService, class com.almasb.fxgl.app.services.UpdaterService, class com.almasb.fxgl.dev.DevService]
11:27:18.114 [FXGL Background Thread 3 ] DEBUG Engine               - fontGame: Abel-Regular.ttf
11:27:18.114 [FXGL Background Thread 3 ] DEBUG Engine               - fontMono: TerminalLandMono-Regular.otf
11:27:18.114 [FXGL Background Thread 3 ] DEBUG Engine               - fontSizeScaleUI: 1.0
11:27:18.114 [FXGL Background Thread 3 ] DEBUG Engine               - fontText: Courier-Prime.ttf
11:27:18.114 [FXGL Background Thread 3 ] DEBUG Engine               - fontUI: VarelaRound-Regular.ttf
11:27:18.114 [FXGL Background Thread 3 ] DEBUG Engine               - fullScreen: BooleanProperty [value: false]
11:27:18.114 [FXGL Background Thread 3 ] DEBUG Engine               - gameDifficulty: MEDIUM
11:27:18.114 [FXGL Background Thread 3 ] DEBUG Engine               - gameDifficultyProperty: ObjectProperty [value: MEDIUM]
11:27:18.114 [FXGL Background Thread 3 ] DEBUG Engine               - globalMusicVolume: 0.5
11:27:18.114 [FXGL Background Thread 3 ] DEBUG Engine               - globalMusicVolumeProperty: DoubleProperty [value: 0.5]
11:27:18.114 [FXGL Background Thread 3 ] DEBUG Engine               - globalSoundVolume: 0.5
11:27:18.114 [FXGL Background Thread 3 ] DEBUG Engine               - globalSoundVolumeProperty: DoubleProperty [value: 0.5]
11:27:18.114 [FXGL Background Thread 3 ] DEBUG Engine               - height: 640
11:27:18.114 [FXGL Background Thread 3 ] DEBUG Engine               - is3D: false
11:27:18.114 [FXGL Background Thread 3 ] DEBUG Engine               - isAndroid: false
11:27:18.114 [FXGL Background Thread 3 ] DEBUG Engine               - isBrowser: false
11:27:18.114 [FXGL Background Thread 3 ] DEBUG Engine               - isClickFeedbackEnabled: false
11:27:18.114 [FXGL Background Thread 3 ] DEBUG Engine               - isCloseConfirmation: false
11:27:18.114 [FXGL Background Thread 3 ] DEBUG Engine               - isDesktop: true
11:27:18.114 [FXGL Background Thread 3 ] DEBUG Engine               - isDeveloperMenuEnabled: false
11:27:18.114 [FXGL Background Thread 3 ] DEBUG Engine               - isEmbedded: false
11:27:18.114 [FXGL Background Thread 3 ] DEBUG Engine               - isEntityPreloadEnabled: true
11:27:18.114 [FXGL Background Thread 3 ] DEBUG Engine               - isExperimentalTiledLargeMap: false
11:27:18.114 [FXGL Background Thread 3 ] DEBUG Engine               - isFileSystemWriteAllowed: true
11:27:18.115 [FXGL Background Thread 3 ] DEBUG Engine               - isFullScreenAllowed: true
11:27:18.115 [FXGL Background Thread 3 ] DEBUG Engine               - isFullScreenFromStart: false
11:27:18.115 [FXGL Background Thread 3 ] DEBUG Engine               - isGameMenuEnabled: true
11:27:18.115 [FXGL Background Thread 3 ] DEBUG Engine               - isIOS: false
11:27:18.115 [FXGL Background Thread 3 ] DEBUG Engine               - isIntroEnabled: false
11:27:18.115 [FXGL Background Thread 3 ] DEBUG Engine               - isLinux: false
11:27:18.115 [FXGL Background Thread 3 ] DEBUG Engine               - isMac: false
11:27:18.115 [FXGL Background Thread 3 ] DEBUG Engine               - isMainMenuEnabled: false
11:27:18.115 [FXGL Background Thread 3 ] DEBUG Engine               - isManualResizeEnabled: false
11:27:18.115 [FXGL Background Thread 3 ] DEBUG Engine               - isMobile: false
11:27:18.115 [FXGL Background Thread 3 ] DEBUG Engine               - isNative: false
11:27:18.115 [FXGL Background Thread 3 ] DEBUG Engine               - isPauseMusicWhenMinimized: true
11:27:18.115 [FXGL Background Thread 3 ] DEBUG Engine               - isPreserveResizeRatio: false
11:27:18.115 [FXGL Background Thread 3 ] DEBUG Engine               - isProfilingEnabled: false
11:27:18.115 [FXGL Background Thread 3 ] DEBUG Engine               - isScaleAffectedOnResize: true
11:27:18.115 [FXGL Background Thread 3 ] DEBUG Engine               - isSingleStep: false
11:27:18.116 [FXGL Background Thread 3 ] DEBUG Engine               - isUserProfileEnabled: false
11:27:18.116 [FXGL Background Thread 3 ] DEBUG Engine               - isWindows: true
11:27:18.116 [FXGL Background Thread 3 ] DEBUG Engine               - language: ObjectProperty [value: ENGLISH]
11:27:18.116 [FXGL Background Thread 3 ] DEBUG Engine               - menuKey: ESCAPE
11:27:18.116 [FXGL Background Thread 3 ] DEBUG Engine               - mouseSensitivity: 0.2
11:27:18.117 [FXGL Background Thread 3 ] DEBUG Engine               - notificationViewClass: class com.almasb.fxgl.notification.view.XboxNotificationView
11:27:18.117 [FXGL Background Thread 3 ] DEBUG Engine               - pixelsPerMeter: 50.0
11:27:18.117 [FXGL Background Thread 3 ] DEBUG Engine               - platform: WINDOWS
11:27:18.117 [FXGL Background Thread 3 ] DEBUG Engine               - prefHeightProperty: ReadOnlyDoubleProperty [value: 640.0]
11:27:18.117 [FXGL Background Thread 3 ] DEBUG Engine               - prefWidthProperty: ReadOnlyDoubleProperty [value: 960.0]
11:27:18.118 [FXGL Background Thread 3 ] DEBUG Engine               - profileDir: profiles/
11:27:18.118 [FXGL Background Thread 3 ] DEBUG Engine               - profileName: StringProperty [value: DEFAULT]
11:27:18.118 [FXGL Background Thread 3 ] DEBUG Engine               - randomSeed: -1
11:27:18.119 [FXGL Background Thread 3 ] DEBUG Engine               - runtimeInfo: RuntimeInfo(platform=WINDOWS, version=17.3, build=30.03.2023 11.49)
11:27:18.120 [FXGL Background Thread 3 ] DEBUG Engine               - saveFileExt: sav
11:27:18.120 [FXGL Background Thread 3 ] DEBUG Engine               - scaledHeightProp$fxgl: DoubleProperty [bound, value: 640.0]
11:27:18.120 [FXGL Background Thread 3 ] DEBUG Engine               - scaledWidthProp$fxgl: DoubleProperty [bound, value: 960.0]
11:27:18.120 [FXGL Background Thread 3 ] DEBUG Engine               - sceneFactory: com.almasb.fxgl.app.scene.SceneFactory@43605405
11:27:18.121 [FXGL Background Thread 3 ] DEBUG Engine               - secondsIn24h: 60
11:27:18.121 [FXGL Background Thread 3 ] DEBUG Engine               - soundMenuBack: menu/back.wav
11:27:18.122 [FXGL Background Thread 3 ] DEBUG Engine               - soundMenuPress: menu/press.wav
11:27:18.122 [FXGL Background Thread 3 ] DEBUG Engine               - soundMenuSelect: menu/select.wav
11:27:18.122 [FXGL Background Thread 3 ] DEBUG Engine               - soundNotification: core/notification.wav
11:27:18.122 [FXGL Background Thread 3 ] DEBUG Engine               - stageStyle: DECORATED
11:27:18.122 [FXGL Background Thread 3 ] DEBUG Engine               - supportedLanguages: [ENGLISH, FRENCH, GERMAN, HUNGARIAN, RUSSIAN]
11:27:18.123 [FXGL Background Thread 3 ] DEBUG Engine               - ticksPerSecond: -1
11:27:18.123 [FXGL Background Thread 3 ] DEBUG Engine               - title: Teacher Tower Defense
11:27:18.123 [FXGL Background Thread 3 ] DEBUG Engine               - urlGithub: https://github.com/AlmasB/FXGL
11:27:18.123 [FXGL Background Thread 3 ] DEBUG Engine               - urlLeaderboard: http://fxgl-top.herokuapp.com/
11:27:18.124 [FXGL Background Thread 3 ] DEBUG Engine               - urlPOM: https://raw.githubusercontent.com/AlmasB/FXGL/release/README.md
11:27:18.124 [FXGL Background Thread 3 ] DEBUG Engine               - userAppClass: class at.htl.teachertowerdefense.TeacherTowerDefenseApp
11:27:18.124 [FXGL Background Thread 3 ] DEBUG Engine               - version: 0.1
11:27:18.124 [FXGL Background Thread 3 ] DEBUG Engine               - versionCheckDays: 7
11:27:18.124 [FXGL Background Thread 3 ] DEBUG Engine               - width: 960
11:27:18.124 [FXGL Background Thread 3 ] DEBUG Engine               - Logging services
11:27:18.124 [FXGL Background Thread 3 ] DEBUG Engine               - class com.almasb.fxgl.app.services.FXGLAssetLoaderService
11:27:18.124 [FXGL Background Thread 3 ] DEBUG Engine               - class com.almasb.fxgl.app.FXGLApplication$GameApplicationService
11:27:18.125 [FXGL Background Thread 3 ] DEBUG Engine               - class com.almasb.fxgl.app.services.FXGLDialogService
11:27:18.125 [FXGL Background Thread 3 ] DEBUG Engine               - class com.almasb.fxgl.app.services.IOTaskExecutorService
11:27:18.125 [FXGL Background Thread 3 ] DEBUG Engine               - class com.almasb.fxgl.io.FileSystemService
11:27:18.125 [FXGL Background Thread 3 ] DEBUG Engine               - class com.almasb.fxgl.localization.LocalizationService
11:27:18.125 [FXGL Background Thread 3 ] DEBUG Engine               - class com.almasb.fxgl.app.services.SystemBundleService
11:27:18.125 [FXGL Background Thread 3 ] DEBUG Engine               - class com.almasb.fxgl.profile.SaveLoadService
11:27:18.125 [FXGL Background Thread 3 ] DEBUG Engine               - class com.almasb.fxgl.ui.FXGLUIFactoryServiceProvider
11:27:18.125 [FXGL Background Thread 3 ] DEBUG Engine               - class com.almasb.fxgl.ui.FXGLDialogFactoryServiceProvider
11:27:18.125 [FXGL Background Thread 3 ] DEBUG Engine               - class com.almasb.fxgl.audio.AudioPlayer
11:27:18.125 [FXGL Background Thread 3 ] DEBUG Engine               - class com.almasb.fxgl.notification.impl.NotificationServiceProvider
11:27:18.125 [FXGL Background Thread 3 ] DEBUG Engine               - class com.almasb.fxgl.achievement.AchievementService
11:27:18.125 [FXGL Background Thread 3 ] DEBUG Engine               - class com.almasb.fxgl.cutscene.CutsceneService
11:27:18.125 [FXGL Background Thread 3 ] DEBUG Engine               - class com.almasb.fxgl.minigames.MiniGameService
11:27:18.125 [FXGL Background Thread 3 ] DEBUG Engine               - class com.almasb.fxgl.net.NetService
11:27:18.125 [FXGL Background Thread 3 ] DEBUG Engine               - class com.almasb.fxgl.app.services.UpdaterService
11:27:18.125 [FXGL Background Thread 3 ] DEBUG Engine               - class com.almasb.fxgl.dev.DevService
11:27:34.077 [JavaFX Application Thread] DEBUG FXGLApplication      - Exiting FXGL
11:27:34.078 [JavaFX Application Thread] DEBUG LoopRunner           - Stopping loop
11:27:34.078 [JavaFX Application Thread] DEBUG SystemBundleService  - Saving FXGL system data
11:27:34.080 [JavaFX Application Thread] DEBUG FileSystemAccess     - Writing to: C:\Users\lucaa\OneDrive - HTL Saalfelden\POS\Workspace\IntelliJ\FXGL\TeacherTowerDefense\system\fxgl.bundle
11:27:34.084 [JavaFX Application Thread] DEBUG Async                - Shutting down background threads
11:27:34.084 [JavaFX Application Thread] DEBUG PrimaryStageWindow   - Closing main window
11:27:34.113 [JavaFX Application Thread] DEBUG Logger               - Closing Logger
