11:45:20.415 [main                     ] DEBUG Logger               - Configured Logger
11:45:20.423 [main                     ] DEBUG GameApplication      - Logging settings
Title: Teacher Tower Defense
Version: 0.1
Width: 960
Height: 640
Fullscreen: false
Intro: false
Profiling: false
Single step:false
App Mode: DEVELOPER
Menu Key: ESCAPE
Stage Style: DECORATED
Scene Factory: class com.almasb.fxgl.app.scene.SceneFactory

11:45:20.974 [JavaFX Application Thread] DEBUG FXGLApplication      - Initializing FXGL
11:45:20.977 [JavaFX Application Thread] INFO  Engine               - FXGL-17.3 (30.03.2023 11.49) on WINDOWS (J:25 FX:21.0.6)
11:45:20.978 [JavaFX Application Thread] DEBUG Engine               - JRE Vendor Name: Oracle Corporation
11:45:20.978 [JavaFX Application Thread] DEBUG Engine               - Running on OS: Windows 11 version 10.0
11:45:20.978 [JavaFX Application Thread] DEBUG Engine               - Architecture: amd64
11:45:20.978 [JavaFX Application Thread] INFO  Engine               - Source code and latest versions at: https://github.com/AlmasB/FXGL
11:45:20.978 [JavaFX Application Thread] INFO  Engine               -       Ask questions and discuss at: https://github.com/AlmasB/FXGL/discussions
11:45:20.978 [JavaFX Application Thread] INFO  Engine               -              Join the FXGL chat at: https://gitter.im/AlmasB/FXGL
11:45:21.110 [JavaFX Application Thread] DEBUG PrimaryStageWindow   - Creating a JavaFX scene
11:45:21.160 [JavaFX Application Thread] DEBUG PrimaryStageWindow   - Target settings size: 960.0 x 640.0
11:45:21.161 [JavaFX Application Thread] DEBUG PrimaryStageWindow   - Scaled scene size:    960.0 x 640.0
11:45:21.161 [JavaFX Application Thread] DEBUG PrimaryStageWindow   - Scaled ratio: (1.0, 1.0)
11:45:21.162 [JavaFX Application Thread] DEBUG PrimaryStageWindow   - Set initial scene to FXGLStartupScene
11:45:21.165 [JavaFX Application Thread] DEBUG PrimaryStageWindow   - Opening main window
11:45:21.279 [JavaFX Application Thread] DEBUG PrimaryStageWindow   - Window border size: (14.4000244140625, 37.5999755859375)
11:45:21.280 [JavaFX Application Thread] DEBUG PrimaryStageWindow   - Scaled size: 960.0 x 640.0
11:45:21.280 [JavaFX Application Thread] DEBUG PrimaryStageWindow   - Scaled ratio: (1.0, 1.0)
11:45:21.280 [JavaFX Application Thread] DEBUG PrimaryStageWindow   - Scene size: 960.0 x 640.0
11:45:21.280 [JavaFX Application Thread] DEBUG PrimaryStageWindow   - Stage size: 974.4000244140625 x 677.5999755859375
11:45:21.288 [FXGL Background Thread 1 ] DEBUG Engine               - Initializing environment variables
11:45:21.365 [FXGL Background Thread 1 ] DEBUG FXGLAssetLoaderServi - User app class for loading assets: class at.htl.teachertowerdefense.TeacherTowerDefenseApp
11:45:21.365 [FXGL Background Thread 1 ] DEBUG GameApplicationServi - Applying CSS: fxgl_dark.css
11:45:21.366 [FXGL Background Thread 1 ] DEBUG FXGLAssetLoaderServi - Loading from file system: jar:file:/C:/Users/lucaa/.m2/repository/com/github/almasb/fxgl/17.3/fxgl-17.3.jar!/fxglassets/ui/css/fxgl_dark.css
11:45:21.411 [FXGL Background Thread 1 ] DEBUG GameApplicationServi - Initializing application scenes
11:45:21.449 [FXGL Background Thread 1 ] DEBUG GameWorld            - Game world initialized
11:45:21.500 [FXGL Background Thread 1 ] DEBUG PhysicsWorld         - Physics world initialized: appHeight=640, physics.ppm=50,0
11:45:21.500 [FXGL Background Thread 1 ] DEBUG PhysicsWorld         - Using strategy: BRUTE_FORCE
11:45:21.504 [FXGL Background Thread 1 ] DEBUG GameScene            - Game scene initialized: 960x640
11:45:21.516 [FXGL Background Thread 1 ] DEBUG FXGL.DefaultMenu     - createMenuBodyGameMenu()
11:45:21.531 [FXGL Background Thread 1 ] DEBUG FXGL.DefaultMenu     - createOptionsMenu()
11:45:21.545 [FXGL Background Thread 1 ] DEBUG FXGLAssetLoaderServi - Loading from file system: jar:file:/C:/Users/lucaa/.m2/repository/com/github/almasb/fxgl/17.3/fxgl-17.3.jar!/fxglassets/textures/particles/smoke.png
11:45:21.642 [FXGL Background Thread 1 ] DEBUG FXGLAssetLoaderServi - Loading from file system: jar:file:/C:/Users/lucaa/.m2/repository/com/github/almasb/fxgl/17.3/fxgl-17.3.jar!/fxglassets/textures/particles/trace_horizontal.png
11:45:21.664 [FXGL Background Thread 1 ] DEBUG GameApplicationServi - Application scenes initialized
11:45:21.676 [FXGL Background Thread 1 ] DEBUG SystemBundleService  - Loading FXGL system data
11:45:21.679 [FXGL Background Thread 1 ] DEBUG FileSystemAccess     - Reading from: C:\Users\lucaa\OneDrive - HTL Saalfelden\POS\Workspace\IntelliJ\FXGL\TeacherTowerDefense\system\fxgl.bundle
11:45:21.685 [FXGL Background Thread 1 ] DEBUG SystemBundleService  - Bundle FXGL: {}
11:45:21.685 [FXGL Background Thread 1 ] DEBUG UpdaterService       - Checking for updates
11:45:21.688 [FXGL Background Thread 4 ] DEBUG FXGLApplication      - Loading fonts
11:45:21.689 [FXGL Background Thread 4 ] DEBUG FXGLAssetLoaderServi - Loading from file system: jar:file:/C:/Users/lucaa/.m2/repository/com/github/almasb/fxgl/17.3/fxgl-17.3.jar!/fxglassets/ui/fonts/VarelaRound-Regular.ttf
11:45:21.689 [FXGL Background Thread 1 ] DEBUG FXGLApplication      - Loading default localization
11:45:21.690 [FXGL Background Thread 1 ] DEBUG FXGLAssetLoaderServi - Loading from file system: jar:file:/C:/Users/lucaa/.m2/repository/com/github/almasb/fxgl/17.3/fxgl-17.3.jar!/fxglassets/languages/english.lang
11:45:21.708 [FXGL Background Thread 1 ] INFO  FXGLApplication      - FXGL initialization took: 0,419 sec
11:45:21.709 [JavaFX Application Thread] DEBUG FXGLAssetLoaderServi - Loading from file system: jar:file:/C:/Users/lucaa/.m2/repository/com/github/almasb/fxgl/17.3/fxgl-17.3.jar!/fxglassets/textures/fxgl_icon.png
11:45:21.725 [JavaFX Application Thread] DEBUG FXGLAssetLoaderServi - Loading from file system: jar:file:/C:/Users/lucaa/.m2/repository/com/github/almasb/fxgl/17.3/fxgl-17.3.jar!/fxglassets/textures/fxgl_default_cursor.png
11:45:21.737 [JavaFX Application Thread] DEBUG Input                - Registered new binding: Screenshot - CTRL+8
11:45:21.737 [JavaFX Application Thread] DEBUG Input                - Registered new binding: System info dump - CTRL+9
11:45:21.738 [JavaFX Application Thread] DEBUG Input                - Registered new binding: Restart - CTRL+R
11:45:21.739 [JavaFX Application Thread] DEBUG Input                - Registered new binding: Toggle Debug Camera - CTRL+7
11:45:21.743 [JavaFX Application Thread] DEBUG LoopRunner           - Starting loop
11:45:21.743 [JavaFX Application Thread] DEBUG LoopRunner           - Initializing JavaFX AnimationTimerLoop
11:45:21.745 [JavaFX Application Thread] DEBUG GameApplicationServi - Starting new game
11:45:21.745 [FXGL Background Thread 4 ] DEBUG FXGLAssetLoaderServi - Loading from file system: jar:file:/C:/Users/lucaa/.m2/repository/com/github/almasb/fxgl/17.3/fxgl-17.3.jar!/fxglassets/ui/fonts/Abel-Regular.ttf
11:45:21.745 [JavaFX Application Thread] DEBUG Input                - Clearing active input actions
11:45:21.757 [JavaFX Application Thread] DEBUG GameApplicationServi - Removing overlay from FXGLStartupScene and adding to FXGLLoadingScene
11:45:21.758 [JavaFX Application Thread] DEBUG PrimaryStageWindow   - FXGLStartupScene -> FXGLLoadingScene
11:45:21.758 [FXGL Background Thread 4 ] DEBUG FXGLAssetLoaderServi - Loading from file system: jar:file:/C:/Users/lucaa/.m2/repository/com/github/almasb/fxgl/17.3/fxgl-17.3.jar!/fxglassets/ui/fonts/TerminalLandMono-Regular.otf
11:45:21.758 [JavaFX Application Thread] DEBUG GameApplicationServi - Clearing previous game
11:45:21.758 [JavaFX Application Thread] DEBUG GameScene            - Clearing game scene
11:45:21.758 [JavaFX Application Thread] DEBUG GameWorld            - Clearing game world
11:45:21.758 [JavaFX Application Thread] DEBUG PhysicsWorld         - Clearing physics world
11:45:21.761 [FXGL Background Thread 1 ] DEBUG FXGLApplication      - Initializing game
11:45:21.771 [FXGL Background Thread 4 ] DEBUG FXGLAssetLoaderServi - Loading from file system: jar:file:/C:/Users/lucaa/.m2/repository/com/github/almasb/fxgl/17.3/fxgl-17.3.jar!/fxglassets/ui/fonts/Courier-Prime.ttf
11:45:21.798 [FXGL Background Thread 1 ] WARN  TMXLevelLoader       - TiledMap generated from 1.11.2. Supported version: 1.9.0. Some features may not be parsed fully.
11:45:21.818 [JavaFX Application Thread] DEBUG FXGLApplication      - Registering font factories with UI factory
11:45:21.826 [FXGL Background Thread 1 ] DEBUG TMXLevelLoader       - Parsed TiledMap: file:/C:/Users/lucaa/OneDrive%20-%20HTL%20Saalfelden/POS/Workspace/IntelliJ/FXGL/TeacherTowerDefense/target/classes/assets/levels/Map1.tmx
11:45:21.827 [FXGL Background Thread 1 ] DEBUG TMXLevelLoader       - Creating tile layer entities
11:45:21.830 [FXGL Background Thread 1 ] DEBUG TilesetLoader        - Loading view for layer Kachelebene 0
11:45:21.831 [FXGL Background Thread 1 ] DEBUG TilesetLoader        - Created buffer with size 960.0x640.0
11:45:21.864 [FXGL Background Thread 1 ] DEBUG TilesetLoader        - Loading view for layer Kachelebene 1
11:45:21.865 [FXGL Background Thread 1 ] DEBUG TilesetLoader        - Created buffer with size 960.0x640.0
11:45:21.897 [FXGL Background Thread 1 ] DEBUG TilesetLoader        - Loading view for layer Kachelebene 2
11:45:21.899 [FXGL Background Thread 1 ] DEBUG TilesetLoader        - Created buffer with size 960.0x640.0
11:45:21.900 [FXGL Background Thread 1 ] WARN  TilesetLoader        - Diagonally flipped tiles are not currently supported
11:45:21.901 [FXGL Background Thread 1 ] WARN  TilesetLoader        - Diagonally flipped tiles are not currently supported
11:45:21.902 [FXGL Background Thread 1 ] DEBUG TilesetLoader        - Loading view for layer Kachelebene 4
11:45:21.903 [FXGL Background Thread 1 ] DEBUG TilesetLoader        - Created buffer with size 960.0x640.0
11:45:21.904 [FXGL Background Thread 1 ] DEBUG TMXLevelLoader       - Creating object layer entities
11:45:21.929 [FXGL Background Thread 1 ] DEBUG GameWorld            - Clearing removable entities
11:45:21.929 [FXGL Background Thread 1 ] DEBUG GameWorld            - Setting level: com.almasb.fxgl.entity.level.Level@1b116a0c
11:45:21.936 [FXGL Background Thread 1 ] INFO  FXGLApplication      - Game initialization took: 0,176 sec
11:45:21.990 [JavaFX Application Thread] DEBUG Input                - Clearing active input actions
11:45:22.000 [JavaFX Application Thread] DEBUG GameApplicationServi - Removing overlay from FXGLLoadingScene and adding to GameScene
11:45:22.000 [JavaFX Application Thread] DEBUG PrimaryStageWindow   - FXGLLoadingScene -> GameScene
11:45:22.104 [FXGL Background Thread 2 ] INFO  UpdaterService       - Your current version:  17.3
11:45:22.104 [FXGL Background Thread 2 ] INFO  UpdaterService       - Latest stable version: 25
11:45:23.334 [JavaFX Application Thread] DEBUG FXGLApplication      - Exiting FXGL
11:45:23.334 [JavaFX Application Thread] DEBUG LoopRunner           - Stopping loop
11:45:23.334 [JavaFX Application Thread] DEBUG SystemBundleService  - Saving FXGL system data
11:45:23.337 [JavaFX Application Thread] DEBUG FileSystemAccess     - Writing to: C:\Users\lucaa\OneDrive - HTL Saalfelden\POS\Workspace\IntelliJ\FXGL\TeacherTowerDefense\system\fxgl.bundle
11:45:23.340 [JavaFX Application Thread] DEBUG Async                - Shutting down background threads
11:45:23.341 [JavaFX Application Thread] DEBUG PrimaryStageWindow   - Closing main window
11:45:23.372 [JavaFX Application Thread] DEBUG Logger               - Closing Logger
