10:51:33.828 [main                     ] DEBUG Logger               - Configured Logger
10:51:33.832 [main                     ] DEBUG GameApplication      - Logging settings
Title: Teacher Tower Defense
Version: 0.1
Width: 960
Height: 640
Fullscreen: false
Intro: false
Profiling: false
Single step:false
App Mode: DEVELOPER
Menu Key: ESCAPE
Stage Style: DECORATED
Scene Factory: class com.almasb.fxgl.app.scene.SceneFactory

10:51:34.428 [JavaFX Application Thread] DEBUG FXGLApplication      - Initializing FXGL
10:51:34.431 [JavaFX Application Thread] INFO  Engine               - FXGL-17.3 (30.03.2023 11.49) on WINDOWS (J:25.0.2 FX:21.0.6)
10:51:34.431 [JavaFX Application Thread] DEBUG Engine               - JRE Vendor Name: Oracle Corporation
10:51:34.431 [JavaFX Application Thread] DEBUG Engine               - Running on OS: Windows 11 version 10.0
10:51:34.431 [JavaFX Application Thread] DEBUG Engine               - Architecture: amd64
10:51:34.431 [JavaFX Application Thread] INFO  Engine               - Source code and latest versions at: https://github.com/AlmasB/FXGL
10:51:34.431 [JavaFX Application Thread] INFO  Engine               -       Ask questions and discuss at: https://github.com/AlmasB/FXGL/discussions
10:51:34.432 [JavaFX Application Thread] INFO  Engine               -              Join the FXGL chat at: https://gitter.im/AlmasB/FXGL
10:51:34.551 [JavaFX Application Thread] DEBUG PrimaryStageWindow   - Creating a JavaFX scene
10:51:34.606 [JavaFX Application Thread] DEBUG PrimaryStageWindow   - Target settings size: 960.0 x 640.0
10:51:34.606 [JavaFX Application Thread] DEBUG PrimaryStageWindow   - Scaled scene size:    960.0 x 640.0
10:51:34.606 [JavaFX Application Thread] DEBUG PrimaryStageWindow   - Scaled ratio: (1.0, 1.0)
10:51:34.607 [JavaFX Application Thread] DEBUG PrimaryStageWindow   - Set initial scene to FXGLStartupScene
10:51:34.611 [JavaFX Application Thread] DEBUG PrimaryStageWindow   - Opening main window
10:51:34.747 [JavaFX Application Thread] DEBUG PrimaryStageWindow   - Window border size: (14.4000244140625, 37.5999755859375)
10:51:34.747 [JavaFX Application Thread] DEBUG PrimaryStageWindow   - Scaled size: 960.0 x 640.0
10:51:34.747 [JavaFX Application Thread] DEBUG PrimaryStageWindow   - Scaled ratio: (1.0, 1.0)
10:51:34.747 [JavaFX Application Thread] DEBUG PrimaryStageWindow   - Scene size: 960.0 x 640.0
10:51:34.748 [JavaFX Application Thread] DEBUG PrimaryStageWindow   - Stage size: 974.4000244140625 x 677.5999755859375
10:51:34.755 [FXGL Background Thread 1 ] DEBUG Engine               - Initializing environment variables
10:51:34.807 [FXGL Background Thread 1 ] DEBUG FXGLAssetLoaderServi - User app class for loading assets: class at.htl.teachertowerdefense.TeacherTowerDefenseApp
10:51:34.807 [FXGL Background Thread 1 ] DEBUG GameApplicationServi - Applying CSS: fxgl_dark.css
10:51:34.809 [FXGL Background Thread 1 ] DEBUG FXGLAssetLoaderServi - Loading from file system: jar:file:/C:/Users/lucaa/.m2/repository/com/github/almasb/fxgl/17.3/fxgl-17.3.jar!/fxglassets/ui/css/fxgl_dark.css
10:51:34.852 [FXGL Background Thread 1 ] DEBUG GameApplicationServi - Initializing application scenes
10:51:34.898 [FXGL Background Thread 1 ] DEBUG GameWorld            - Game world initialized
10:51:34.962 [FXGL Background Thread 1 ] DEBUG PhysicsWorld         - Physics world initialized: appHeight=640, physics.ppm=50,0
10:51:34.962 [FXGL Background Thread 1 ] DEBUG PhysicsWorld         - Using strategy: BRUTE_FORCE
10:51:34.966 [FXGL Background Thread 1 ] DEBUG GameScene            - Game scene initialized: 960x640
10:51:34.982 [FXGL Background Thread 1 ] DEBUG FXGL.DefaultMenu     - createMenuBodyGameMenu()
10:51:34.999 [FXGL Background Thread 1 ] DEBUG FXGL.DefaultMenu     - createOptionsMenu()
10:51:35.011 [FXGL Background Thread 1 ] DEBUG FXGLAssetLoaderServi - Loading from file system: jar:file:/C:/Users/lucaa/.m2/repository/com/github/almasb/fxgl/17.3/fxgl-17.3.jar!/fxglassets/textures/particles/smoke.png
10:51:35.108 [FXGL Background Thread 1 ] DEBUG FXGLAssetLoaderServi - Loading from file system: jar:file:/C:/Users/lucaa/.m2/repository/com/github/almasb/fxgl/17.3/fxgl-17.3.jar!/fxglassets/textures/particles/trace_horizontal.png
10:51:35.137 [FXGL Background Thread 1 ] DEBUG GameApplicationServi - Application scenes initialized
10:51:35.153 [FXGL Background Thread 1 ] DEBUG SystemBundleService  - Loading FXGL system data
10:51:35.156 [FXGL Background Thread 1 ] DEBUG FileSystemAccess     - Reading from: C:\Users\lucaa\OneDrive - HTL Saalfelden\POS\Workspace\IntelliJ\FXGL\TeacherTowerDefense\system\fxgl.bundle
10:51:35.159 [FXGL Background Thread 1 ] DEBUG SystemBundleService  - Bundle FXGL: {}
10:51:35.159 [FXGL Background Thread 1 ] DEBUG UpdaterService       - Checking for updates
10:51:35.163 [FXGL Background Thread 4 ] DEBUG FXGLApplication      - Loading fonts
10:51:35.163 [FXGL Background Thread 4 ] DEBUG FXGLAssetLoaderServi - Loading from file system: jar:file:/C:/Users/lucaa/.m2/repository/com/github/almasb/fxgl/17.3/fxgl-17.3.jar!/fxglassets/ui/fonts/VarelaRound-Regular.ttf
10:51:35.163 [FXGL Background Thread 1 ] DEBUG FXGLApplication      - Loading default localization
10:51:35.164 [FXGL Background Thread 1 ] DEBUG FXGLAssetLoaderServi - Loading from file system: jar:file:/C:/Users/lucaa/.m2/repository/com/github/almasb/fxgl/17.3/fxgl-17.3.jar!/fxglassets/languages/english.lang
10:51:35.182 [FXGL Background Thread 1 ] INFO  FXGLApplication      - FXGL initialization took: 0,427 sec
10:51:35.183 [FXGL Background Thread 4 ] DEBUG FXGLAssetLoaderServi - Loading from file system: jar:file:/C:/Users/lucaa/.m2/repository/com/github/almasb/fxgl/17.3/fxgl-17.3.jar!/fxglassets/ui/fonts/Abel-Regular.ttf
10:51:35.183 [JavaFX Application Thread] DEBUG FXGLAssetLoaderServi - Loading from file system: jar:file:/C:/Users/lucaa/.m2/repository/com/github/almasb/fxgl/17.3/fxgl-17.3.jar!/fxglassets/textures/fxgl_icon.png
10:51:35.197 [FXGL Background Thread 4 ] DEBUG FXGLAssetLoaderServi - Loading from file system: jar:file:/C:/Users/lucaa/.m2/repository/com/github/almasb/fxgl/17.3/fxgl-17.3.jar!/fxglassets/ui/fonts/TerminalLandMono-Regular.otf
10:51:35.211 [FXGL Background Thread 4 ] DEBUG FXGLAssetLoaderServi - Loading from file system: jar:file:/C:/Users/lucaa/.m2/repository/com/github/almasb/fxgl/17.3/fxgl-17.3.jar!/fxglassets/ui/fonts/Courier-Prime.ttf
10:51:35.214 [JavaFX Application Thread] DEBUG FXGLAssetLoaderServi - Loading from file system: jar:file:/C:/Users/lucaa/.m2/repository/com/github/almasb/fxgl/17.3/fxgl-17.3.jar!/fxglassets/textures/fxgl_default_cursor.png
10:51:35.226 [JavaFX Application Thread] DEBUG Input                - Registered new binding: Screenshot - CTRL+8
10:51:35.227 [JavaFX Application Thread] DEBUG Input                - Registered new binding: System info dump - CTRL+9
10:51:35.227 [JavaFX Application Thread] DEBUG Input                - Registered new binding: Restart - CTRL+R
10:51:35.228 [JavaFX Application Thread] DEBUG Input                - Registered new binding: Toggle Debug Camera - CTRL+7
10:51:35.231 [JavaFX Application Thread] DEBUG LoopRunner           - Starting loop
10:51:35.231 [JavaFX Application Thread] DEBUG LoopRunner           - Initializing JavaFX AnimationTimerLoop
10:51:35.232 [JavaFX Application Thread] DEBUG GameApplicationServi - Starting new game
10:51:35.233 [JavaFX Application Thread] DEBUG Input                - Clearing active input actions
10:51:35.245 [JavaFX Application Thread] DEBUG GameApplicationServi - Removing overlay from FXGLStartupScene and adding to FXGLLoadingScene
10:51:35.245 [JavaFX Application Thread] DEBUG PrimaryStageWindow   - FXGLStartupScene -> FXGLLoadingScene
10:51:35.245 [JavaFX Application Thread] DEBUG GameApplicationServi - Clearing previous game
10:51:35.246 [JavaFX Application Thread] DEBUG GameScene            - Clearing game scene
10:51:35.246 [JavaFX Application Thread] DEBUG GameWorld            - Clearing game world
10:51:35.246 [JavaFX Application Thread] DEBUG PhysicsWorld         - Clearing physics world
10:51:35.248 [FXGL Background Thread 4 ] DEBUG FXGLApplication      - Initializing game
10:51:35.248 [JavaFX Application Thread] DEBUG FXGLApplication      - Registering font factories with UI factory
10:51:35.290 [FXGL Background Thread 4 ] WARN  TMXLevelLoader       - TiledMap generated from 1.11.2. Supported version: 1.9.0. Some features may not be parsed fully.
10:51:35.317 [FXGL Background Thread 4 ] DEBUG TMXLevelLoader       - Parsed TiledMap: file:/C:/Users/lucaa/OneDrive%20-%20HTL%20Saalfelden/POS/Workspace/IntelliJ/FXGL/TeacherTowerDefense/target/classes/assets/levels/Map1.tmx
10:51:35.319 [FXGL Background Thread 4 ] DEBUG TMXLevelLoader       - Creating tile layer entities
10:51:35.321 [FXGL Background Thread 4 ] DEBUG TilesetLoader        - Loading view for layer Kachelebene 0
10:51:35.322 [FXGL Background Thread 4 ] DEBUG TilesetLoader        - Created buffer with size 960.0x640.0
10:51:35.365 [FXGL Background Thread 4 ] DEBUG TilesetLoader        - Loading view for layer Kachelebene 1
10:51:35.368 [FXGL Background Thread 4 ] DEBUG TilesetLoader        - Created buffer with size 960.0x640.0
10:51:35.374 [FXGL Background Thread 4 ] DEBUG TilesetLoader        - Loading view for layer Kachelebene 2
10:51:35.376 [FXGL Background Thread 4 ] DEBUG TilesetLoader        - Created buffer with size 960.0x640.0
10:51:35.381 [FXGL Background Thread 4 ] DEBUG TilesetLoader        - Loading view for layer Kachelebene 4
10:51:35.383 [FXGL Background Thread 4 ] DEBUG TilesetLoader        - Created buffer with size 960.0x640.0
10:51:35.384 [FXGL Background Thread 4 ] DEBUG TMXLevelLoader       - Creating object layer entities
10:51:35.425 [FXGL Background Thread 4 ] DEBUG GameWorld            - Clearing removable entities
10:51:35.427 [FXGL Background Thread 4 ] DEBUG GameWorld            - Setting level: com.almasb.fxgl.entity.level.Level@41b009b7
10:51:35.448 [FXGL Background Thread 4 ] INFO  FXGLApplication      - Game initialization took: 0,200 sec
10:51:35.506 [JavaFX Application Thread] DEBUG Input                - Clearing active input actions
10:51:35.516 [JavaFX Application Thread] DEBUG GameApplicationServi - Removing overlay from FXGLLoadingScene and adding to GameScene
10:51:35.516 [JavaFX Application Thread] DEBUG PrimaryStageWindow   - FXGLLoadingScene -> GameScene
10:51:35.785 [FXGL Background Thread 2 ] INFO  UpdaterService       - Your current version:  17.3
10:51:35.786 [FXGL Background Thread 2 ] INFO  UpdaterService       - Latest stable version: 25
10:51:38.162 [FXGL Background Thread 3 ] DEBUG Engine               - Logging environment variables
10:51:38.163 [FXGL Background Thread 3 ] DEBUG Engine               - achievements: []
10:51:38.163 [FXGL Background Thread 3 ] DEBUG Engine               - actualHeight: 640.0
10:51:38.163 [FXGL Background Thread 3 ] DEBUG Engine               - actualHeightProperty: ReadOnlyDoubleProperty [value: 640.0]
10:51:38.163 [FXGL Background Thread 3 ] DEBUG Engine               - actualWidth: 960.0
10:51:38.163 [FXGL Background Thread 3 ] DEBUG Engine               - actualWidthProperty: ReadOnlyDoubleProperty [value: 960.0]
10:51:38.163 [FXGL Background Thread 3 ] DEBUG Engine               - appIcon: fxgl_icon.png
10:51:38.164 [FXGL Background Thread 3 ] DEBUG Engine               - applicationMode: DEVELOPER
10:51:38.164 [FXGL Background Thread 3 ] DEBUG Engine               - cSSList: [fxgl_dark.css]
10:51:38.164 [FXGL Background Thread 3 ] DEBUG Engine               - collisionDetectionStrategy: BRUTE_FORCE
10:51:38.164 [FXGL Background Thread 3 ] DEBUG Engine               - configClass: Optional.empty
10:51:38.164 [FXGL Background Thread 3 ] DEBUG Engine               - credits: []
10:51:38.165 [FXGL Background Thread 3 ] DEBUG Engine               - defaultCursor: CursorInfo(imageName=fxgl_default_cursor.png, hotspotX=7.0, hotspotY=6.0)
10:51:38.165 [FXGL Background Thread 3 ] DEBUG Engine               - devBBoxColorProperty: ObjectProperty [value: 0xff0000ff]
10:51:38.166 [FXGL Background Thread 3 ] DEBUG Engine               - devEnableDebugCameraProperty: BooleanProperty [value: false]
10:51:38.166 [FXGL Background Thread 3 ] DEBUG Engine               - devSensorColorProperty: ObjectProperty [value: 0xffff00ff]
10:51:38.166 [FXGL Background Thread 3 ] DEBUG Engine               - devShowBBoxProperty: BooleanProperty [value: false]
10:51:38.166 [FXGL Background Thread 3 ] DEBUG Engine               - devShowPositionProperty: BooleanProperty [value: false]
10:51:38.166 [FXGL Background Thread 3 ] DEBUG Engine               - enabledMenuItems: []
10:51:38.167 [FXGL Background Thread 3 ] DEBUG Engine               - engineServices: [class com.almasb.fxgl.app.services.FXGLAssetLoaderService, class com.almasb.fxgl.app.FXGLApplication$GameApplicationService, class com.almasb.fxgl.app.services.FXGLDialogService, class com.almasb.fxgl.app.services.IOTaskExecutorService, class com.almasb.fxgl.io.FileSystemService, class com.almasb.fxgl.localization.LocalizationService, class com.almasb.fxgl.app.services.SystemBundleService, class com.almasb.fxgl.profile.SaveLoadService, class com.almasb.fxgl.ui.FXGLUIFactoryServiceProvider, class com.almasb.fxgl.ui.FXGLDialogFactoryServiceProvider, class com.almasb.fxgl.audio.AudioPlayer, class com.almasb.fxgl.notification.impl.NotificationServiceProvider, class com.almasb.fxgl.achievement.AchievementService, class com.almasb.fxgl.cutscene.CutsceneService, class com.almasb.fxgl.minigames.MiniGameService, class com.almasb.fxgl.net.NetService, class com.almasb.fxgl.app.services.UpdaterService, class com.almasb.fxgl.dev.DevService]
10:51:38.167 [FXGL Background Thread 3 ] DEBUG Engine               - fontGame: Abel-Regular.ttf
10:51:38.167 [FXGL Background Thread 3 ] DEBUG Engine               - fontMono: TerminalLandMono-Regular.otf
10:51:38.167 [FXGL Background Thread 3 ] DEBUG Engine               - fontSizeScaleUI: 1.0
10:51:38.167 [FXGL Background Thread 3 ] DEBUG Engine               - fontText: Courier-Prime.ttf
10:51:38.167 [FXGL Background Thread 3 ] DEBUG Engine               - fontUI: VarelaRound-Regular.ttf
10:51:38.167 [FXGL Background Thread 3 ] DEBUG Engine               - fullScreen: BooleanProperty [value: false]
10:51:38.168 [FXGL Background Thread 3 ] DEBUG Engine               - gameDifficulty: MEDIUM
10:51:38.168 [FXGL Background Thread 3 ] DEBUG Engine               - gameDifficultyProperty: ObjectProperty [value: MEDIUM]
10:51:38.168 [FXGL Background Thread 3 ] DEBUG Engine               - globalMusicVolume: 0.5
10:51:38.168 [FXGL Background Thread 3 ] DEBUG Engine               - globalMusicVolumeProperty: DoubleProperty [value: 0.5]
10:51:38.169 [FXGL Background Thread 3 ] DEBUG Engine               - globalSoundVolume: 0.5
10:51:38.169 [FXGL Background Thread 3 ] DEBUG Engine               - globalSoundVolumeProperty: DoubleProperty [value: 0.5]
10:51:38.169 [FXGL Background Thread 3 ] DEBUG Engine               - height: 640
10:51:38.170 [FXGL Background Thread 3 ] DEBUG Engine               - is3D: false
10:51:38.170 [FXGL Background Thread 3 ] DEBUG Engine               - isAndroid: false
10:51:38.170 [FXGL Background Thread 3 ] DEBUG Engine               - isBrowser: false
10:51:38.170 [FXGL Background Thread 3 ] DEBUG Engine               - isClickFeedbackEnabled: false
10:51:38.170 [FXGL Background Thread 3 ] DEBUG Engine               - isCloseConfirmation: false
10:51:38.170 [FXGL Background Thread 3 ] DEBUG Engine               - isDesktop: true
10:51:38.170 [FXGL Background Thread 3 ] DEBUG Engine               - isDeveloperMenuEnabled: false
10:51:38.170 [FXGL Background Thread 3 ] DEBUG Engine               - isEmbedded: false
10:51:38.170 [FXGL Background Thread 3 ] DEBUG Engine               - isEntityPreloadEnabled: true
10:51:38.170 [FXGL Background Thread 3 ] DEBUG Engine               - isExperimentalTiledLargeMap: false
10:51:38.170 [FXGL Background Thread 3 ] DEBUG Engine               - isFileSystemWriteAllowed: true
10:51:38.170 [FXGL Background Thread 3 ] DEBUG Engine               - isFullScreenAllowed: false
10:51:38.170 [FXGL Background Thread 3 ] DEBUG Engine               - isFullScreenFromStart: false
10:51:38.170 [FXGL Background Thread 3 ] DEBUG Engine               - isGameMenuEnabled: true
10:51:38.170 [FXGL Background Thread 3 ] DEBUG Engine               - isIOS: false
10:51:38.170 [FXGL Background Thread 3 ] DEBUG Engine               - isIntroEnabled: false
10:51:38.170 [FXGL Background Thread 3 ] DEBUG Engine               - isLinux: false
10:51:38.170 [FXGL Background Thread 3 ] DEBUG Engine               - isMac: false
10:51:38.170 [FXGL Background Thread 3 ] DEBUG Engine               - isMainMenuEnabled: false
10:51:38.171 [FXGL Background Thread 3 ] DEBUG Engine               - isManualResizeEnabled: true
10:51:38.171 [FXGL Background Thread 3 ] DEBUG Engine               - isMobile: false
10:51:38.171 [FXGL Background Thread 3 ] DEBUG Engine               - isNative: false
10:51:38.171 [FXGL Background Thread 3 ] DEBUG Engine               - isPauseMusicWhenMinimized: true
10:51:38.171 [FXGL Background Thread 3 ] DEBUG Engine               - isPreserveResizeRatio: false
10:51:38.171 [FXGL Background Thread 3 ] DEBUG Engine               - isProfilingEnabled: false
10:51:38.171 [FXGL Background Thread 3 ] DEBUG Engine               - isScaleAffectedOnResize: true
10:51:38.171 [FXGL Background Thread 3 ] DEBUG Engine               - isSingleStep: false
10:51:38.171 [FXGL Background Thread 3 ] DEBUG Engine               - isUserProfileEnabled: false
10:51:38.171 [FXGL Background Thread 3 ] DEBUG Engine               - isWindows: true
10:51:38.171 [FXGL Background Thread 3 ] DEBUG Engine               - language: ObjectProperty [value: ENGLISH]
10:51:38.171 [FXGL Background Thread 3 ] DEBUG Engine               - menuKey: ESCAPE
10:51:38.171 [FXGL Background Thread 3 ] DEBUG Engine               - mouseSensitivity: 0.2
10:51:38.171 [FXGL Background Thread 3 ] DEBUG Engine               - notificationViewClass: class com.almasb.fxgl.notification.view.XboxNotificationView
10:51:38.171 [FXGL Background Thread 3 ] DEBUG Engine               - pixelsPerMeter: 50.0
10:51:38.171 [FXGL Background Thread 3 ] DEBUG Engine               - platform: WINDOWS
10:51:38.172 [FXGL Background Thread 3 ] DEBUG Engine               - prefHeightProperty: ReadOnlyDoubleProperty [value: 640.0]
10:51:38.172 [FXGL Background Thread 3 ] DEBUG Engine               - prefWidthProperty: ReadOnlyDoubleProperty [value: 960.0]
10:51:38.172 [FXGL Background Thread 3 ] DEBUG Engine               - profileDir: profiles/
10:51:38.172 [FXGL Background Thread 3 ] DEBUG Engine               - profileName: StringProperty [value: DEFAULT]
10:51:38.172 [FXGL Background Thread 3 ] DEBUG Engine               - randomSeed: -1
10:51:38.172 [FXGL Background Thread 3 ] DEBUG Engine               - runtimeInfo: RuntimeInfo(platform=WINDOWS, version=17.3, build=30.03.2023 11.49)
10:51:38.172 [FXGL Background Thread 3 ] DEBUG Engine               - saveFileExt: sav
10:51:38.172 [FXGL Background Thread 3 ] DEBUG Engine               - scaledHeightProp$fxgl: DoubleProperty [bound, value: 640.0]
10:51:38.172 [FXGL Background Thread 3 ] DEBUG Engine               - scaledWidthProp$fxgl: DoubleProperty [bound, value: 960.0]
10:51:38.172 [FXGL Background Thread 3 ] DEBUG Engine               - sceneFactory: com.almasb.fxgl.app.scene.SceneFactory@7419dde8
10:51:38.172 [FXGL Background Thread 3 ] DEBUG Engine               - secondsIn24h: 60
10:51:38.172 [FXGL Background Thread 3 ] DEBUG Engine               - soundMenuBack: menu/back.wav
10:51:38.172 [FXGL Background Thread 3 ] DEBUG Engine               - soundMenuPress: menu/press.wav
10:51:38.172 [FXGL Background Thread 3 ] DEBUG Engine               - soundMenuSelect: menu/select.wav
10:51:38.172 [FXGL Background Thread 3 ] DEBUG Engine               - soundNotification: core/notification.wav
10:51:38.172 [FXGL Background Thread 3 ] DEBUG Engine               - stageStyle: DECORATED
10:51:38.172 [FXGL Background Thread 3 ] DEBUG Engine               - supportedLanguages: [ENGLISH, FRENCH, GERMAN, HUNGARIAN, RUSSIAN]
10:51:38.172 [FXGL Background Thread 3 ] DEBUG Engine               - ticksPerSecond: -1
10:51:38.172 [FXGL Background Thread 3 ] DEBUG Engine               - title: Teacher Tower Defense
10:51:38.172 [FXGL Background Thread 3 ] DEBUG Engine               - urlGithub: https://github.com/AlmasB/FXGL
10:51:38.172 [FXGL Background Thread 3 ] DEBUG Engine               - urlLeaderboard: http://fxgl-top.herokuapp.com/
10:51:38.172 [FXGL Background Thread 3 ] DEBUG Engine               - urlPOM: https://raw.githubusercontent.com/AlmasB/FXGL/release/README.md
10:51:38.172 [FXGL Background Thread 3 ] DEBUG Engine               - userAppClass: class at.htl.teachertowerdefense.TeacherTowerDefenseApp
10:51:38.172 [FXGL Background Thread 3 ] DEBUG Engine               - version: 0.1
10:51:38.172 [FXGL Background Thread 3 ] DEBUG Engine               - versionCheckDays: 7
10:51:38.172 [FXGL Background Thread 3 ] DEBUG Engine               - width: 960
10:51:38.172 [FXGL Background Thread 3 ] DEBUG Engine               - Logging services
10:51:38.172 [FXGL Background Thread 3 ] DEBUG Engine               - class com.almasb.fxgl.app.services.FXGLAssetLoaderService
10:51:38.172 [FXGL Background Thread 3 ] DEBUG Engine               - class com.almasb.fxgl.app.FXGLApplication$GameApplicationService
10:51:38.174 [FXGL Background Thread 3 ] DEBUG Engine               - class com.almasb.fxgl.app.services.FXGLDialogService
10:51:38.174 [FXGL Background Thread 3 ] DEBUG Engine               - class com.almasb.fxgl.app.services.IOTaskExecutorService
10:51:38.174 [FXGL Background Thread 3 ] DEBUG Engine               - class com.almasb.fxgl.io.FileSystemService
10:51:38.174 [FXGL Background Thread 3 ] DEBUG Engine               - class com.almasb.fxgl.localization.LocalizationService
10:51:38.174 [FXGL Background Thread 3 ] DEBUG Engine               - class com.almasb.fxgl.app.services.SystemBundleService
10:51:38.174 [FXGL Background Thread 3 ] DEBUG Engine               - class com.almasb.fxgl.profile.SaveLoadService
10:51:38.174 [FXGL Background Thread 3 ] DEBUG Engine               - class com.almasb.fxgl.ui.FXGLUIFactoryServiceProvider
10:51:38.174 [FXGL Background Thread 3 ] DEBUG Engine               - class com.almasb.fxgl.ui.FXGLDialogFactoryServiceProvider
10:51:38.174 [FXGL Background Thread 3 ] DEBUG Engine               - class com.almasb.fxgl.audio.AudioPlayer
10:51:38.174 [FXGL Background Thread 3 ] DEBUG Engine               - class com.almasb.fxgl.notification.impl.NotificationServiceProvider
10:51:38.174 [FXGL Background Thread 3 ] DEBUG Engine               - class com.almasb.fxgl.achievement.AchievementService
10:51:38.174 [FXGL Background Thread 3 ] DEBUG Engine               - class com.almasb.fxgl.cutscene.CutsceneService
10:51:38.174 [FXGL Background Thread 3 ] DEBUG Engine               - class com.almasb.fxgl.minigames.MiniGameService
10:51:38.174 [FXGL Background Thread 3 ] DEBUG Engine               - class com.almasb.fxgl.net.NetService
10:51:38.174 [FXGL Background Thread 3 ] DEBUG Engine               - class com.almasb.fxgl.app.services.UpdaterService
10:51:38.174 [FXGL Background Thread 3 ] DEBUG Engine               - class com.almasb.fxgl.dev.DevService
10:51:42.560 [JavaFX Application Thread] DEBUG FXGLApplication      - Exiting FXGL
10:51:42.561 [JavaFX Application Thread] DEBUG LoopRunner           - Stopping loop
10:51:42.561 [JavaFX Application Thread] DEBUG SystemBundleService  - Saving FXGL system data
10:51:42.562 [JavaFX Application Thread] DEBUG FileSystemAccess     - Writing to: C:\Users\lucaa\OneDrive - HTL Saalfelden\POS\Workspace\IntelliJ\FXGL\TeacherTowerDefense\system\fxgl.bundle
10:51:42.564 [JavaFX Application Thread] DEBUG Async                - Shutting down background threads
10:51:42.564 [JavaFX Application Thread] DEBUG PrimaryStageWindow   - Closing main window
10:51:42.590 [JavaFX Application Thread] DEBUG Logger               - Closing Logger
